# gmm-latgen-faster --max-active=7000 --beam=13.0 --lattice-beam=6.0 --acoustic-scale=0.083333 --allow-partial=true --word-symbol-table=exp/tri2/graph/words.txt exp/tri2/final.mdl exp/tri2/graph/HCLG.fst "ark,s,cs:apply-cmvn  --utt2spk=ark:data/test/split14/1/utt2spk scp:data/test/split14/1/cmvn.scp scp:data/test/split14/1/feats.scp ark:- | splice-feats --left-context=3 --right-context=3 ark:- ark:- | transform-feats exp/tri2/final.mat ark:- ark:- |" "ark:|gzip -c > exp/tri2/decode/lat.1.gz" 
# Started at Sat Apr 22 00:30:23 UTC 2017
#
gmm-latgen-faster --max-active=7000 --beam=13.0 --lattice-beam=6.0 --acoustic-scale=0.083333 --allow-partial=true --word-symbol-table=exp/tri2/graph/words.txt exp/tri2/final.mdl exp/tri2/graph/HCLG.fst 'ark,s,cs:apply-cmvn  --utt2spk=ark:data/test/split14/1/utt2spk scp:data/test/split14/1/cmvn.scp scp:data/test/split14/1/feats.scp ark:- | splice-feats --left-context=3 --right-context=3 ark:- ark:- | transform-feats exp/tri2/final.mat ark:- ark:- |' 'ark:|gzip -c > exp/tri2/decode/lat.1.gz' 
apply-cmvn --utt2spk=ark:data/test/split14/1/utt2spk scp:data/test/split14/1/cmvn.scp scp:data/test/split14/1/feats.scp ark:- 
splice-feats --left-context=3 --right-context=3 ark:- ark:- 
transform-feats exp/tri2/final.mat ark:- ark:- 
NC01FBX_0101_0086300_0088370 VERIFY 真 真 的 是 
LOG (gmm-latgen-faster[5.1.60~1-b2d5d]:DecodeUtteranceLatticeFaster():decoder-wrappers.cc:285) Log-like per frame for utterance NC01FBX_0101_0086300_0088370 is -4.0337 over 205 frames.
NC01FBX_0101_0165090_0167860 了 BUT OKAY 现在 还没有 出来 得 出 他们 就会 
LOG (gmm-latgen-faster[5.1.60~1-b2d5d]:DecodeUtteranceLatticeFaster():decoder-wrappers.cc:285) Log-like per frame for utterance NC01FBX_0101_0165090_0167860 is -4.72462 over 275 frames.
NC01FBX_0101_0275720_0281420 ENGINE 我 可以 ME AH BUT 我 们 的 话 因为 你们 都 没有 恐怖 G 有 几 间 没有 到 东 西 
LOG (gmm-latgen-faster[5.1.60~1-b2d5d]:DecodeUtteranceLatticeFaster():decoder-wrappers.cc:285) Log-like per frame for utterance NC01FBX_0101_0275720_0281420 is -4.4322 over 568 frames.
NC01FBX_0101_0532940_0538300 因为 他 I THINK ANY 他 也 可 以 讲 他 在 做 工 DURING THE WEEK 是 他 的 脸 SUNDAY 
LOG (gmm-latgen-faster[5.1.60~1-b2d5d]:DecodeUtteranceLatticeFaster():decoder-wrappers.cc:285) Log-like per frame for utterance NC01FBX_0101_0532940_0538300 is -4.51559 over 534 frames.
NC01FBX_0101_0579040_0580900 做 到 很 迟 THEN 你 他 
LOG (gmm-latgen-faster[5.1.60~1-b2d5d]:DecodeUtteranceLatticeFaster():decoder-wrappers.cc:285) Log-like per frame for utterance NC01FBX_0101_0579040_0580900 is -4.54767 over 184 frames.
NC01FBX_0101_0597330_0606920 讲 什么 话 AUNTIE 其它 的 SAY THAT LINE 去 就 好像 你 只要 有 来 你 的 OWNERS 那种 不会 就 BUT 他 D SEVEN DAYS IN TERMS OF 你 的 PAY 这些 你 是 SEVEN HOURS 
LOG (gmm-latgen-faster[5.1.60~1-b2d5d]:DecodeUtteranceLatticeFaster():decoder-wrappers.cc:285) Log-like per frame for utterance NC01FBX_0101_0597330_0606920 is -4.85093 over 957 frames.
NC01FBX_0101_0615770_0625430 ANY SCHOOL 的 那个 MISS UNIVERSE 那个 多 BUTTER BUTTER 你 现在 的 PASSION 就 都是 慢 慢 出 名 了 THEN 就 他 就会 讲 到 第一 集 是 第一 年 老 了 
LOG (gmm-latgen-faster[5.1.60~1-b2d5d]:DecodeUtteranceLatticeFaster():decoder-wrappers.cc:285) Log-like per frame for utterance NC01FBX_0101_0615770_0625430 is -4.65419 over 964 frames.
NC01FBX_0101_0625650_0627930 她 还在 读 的 对 对 对 他 其实 SIXTEEN 
LOG (gmm-latgen-faster[5.1.60~1-b2d5d]:DecodeUtteranceLatticeFaster():decoder-wrappers.cc:285) Log-like per frame for utterance NC01FBX_0101_0625650_0627930 is -4.62173 over 226 frames.
NC01FBX_0101_0669870_0673820 的 他 他 一 点 点 他 F Y P SCHOOL SIL2 它 拿 B 来 西 啦 
LOG (gmm-latgen-faster[5.1.60~1-b2d5d]:DecodeUtteranceLatticeFaster():decoder-wrappers.cc:285) Log-like per frame for utterance NC01FBX_0101_0669870_0673820 is -4.83948 over 393 frames.
NC01FBX_0101_0706820_0709160 爸 爸 爸 爸 过 
LOG (gmm-latgen-faster[5.1.60~1-b2d5d]:DecodeUtteranceLatticeFaster():decoder-wrappers.cc:285) Log-like per frame for utterance NC01FBX_0101_0706820_0709160 is -4.77844 over 232 frames.
NC01FBX_0101_0743340_0747050 我 就 觉得 很 浪 费 B S M 会 带 THEN 就 去 别 看 之类 的 
LOG (gmm-latgen-faster[5.1.60~1-b2d5d]:DecodeUtteranceLatticeFaster():decoder-wrappers.cc:285) Log-like per frame for utterance NC01FBX_0101_0743340_0747050 is -4.78887 over 369 frames.
NC01FBX_0101_0860180_0864580 我 你 不 对 啊 因为 INDIA 又 要 THE MORE YEAH 你 
LOG (gmm-latgen-faster[5.1.60~1-b2d5d]:DecodeUtteranceLatticeFaster():decoder-wrappers.cc:285) Log-like per frame for utterance NC01FBX_0101_0860180_0864580 is -4.40577 over 438 frames.
NC01FBX_0101_1031580_1036200 去 过 来 TRANSFER COURSE END 我们 两个 啊 其实 我 的 F Y P FRIEND 那个 男 的 
LOG (gmm-latgen-faster[5.1.60~1-b2d5d]:DecodeUtteranceLatticeFaster():decoder-wrappers.cc:285) Log-like per frame for utterance NC01FBX_0101_1031580_1036200 is -4.74484 over 460 frames.
NC01FBX_0101_1036230_1045850 他 是 FOR ENGINE 的 THEN 他 就 就 也是 要 看 了 啦 LIKE 就 会 进 ANY BUT 他 有 OFFER 他 就 CALL LIKE 去 BUY SOMETHING LIKE THAT THEN 他 的 来 THEN 就 换 
LOG (gmm-latgen-faster[5.1.60~1-b2d5d]:DecodeUtteranceLatticeFaster():decoder-wrappers.cc:285) Log-like per frame for utterance NC01FBX_0101_1036230_1045850 is -4.65963 over 960 frames.
NC01FBX_0101_1045860_1051850 还有 ONE SEC TWO 就 LIKE CARDS THEN 他 的 那个 FRIENDS 有一个 女 的 跟 他 是 我 J C 去 了 RIGHT 
LOG (gmm-latgen-faster[5.1.60~1-b2d5d]:DecodeUtteranceLatticeFaster():decoder-wrappers.cc:285) Log-like per frame for utterance NC01FBX_0101_1045860_1051850 is -4.65271 over 597 frames.
NC01FBX_0101_1099510_1105490 我 就 我 是 不可 以 东 西 我 很 开 心 那时 我 就 很 久 没有 去 
LOG (gmm-latgen-faster[5.1.60~1-b2d5d]:DecodeUtteranceLatticeFaster():decoder-wrappers.cc:285) Log-like per frame for utterance NC01FBX_0101_1099510_1105490 is -4.66541 over 596 frames.
NC01FBX_0101_1106560_1115600 因为 我 的 FIRST OF ALL CONVERSATION CHANCES OF COURSE 我 就 没有 TAKE ACCOUNTANCY 因为 那时 考试 INDIAN 我 就 跟 我 的 我 就 HUH 你 
LOG (gmm-latgen-faster[5.1.60~1-b2d5d]:DecodeUtteranceLatticeFaster():decoder-wrappers.cc:285) Log-like per frame for utterance NC01FBX_0101_1106560_1115600 is -4.64024 over 902 frames.
NC01FBX_0101_1115690_1118680 THE INDIAN 就 都 会 看到 他 一起 OPINIONS 
LOG (gmm-latgen-faster[5.1.60~1-b2d5d]:DecodeUtteranceLatticeFaster():decoder-wrappers.cc:285) Log-like per frame for utterance NC01FBX_0101_1115690_1118680 is -4.8656 over 297 frames.
NC01FBX_0101_1124910_1131600 我 觉得 去 ASSESS 好像 一个 PROFESSIONAL 叫 我 就 觉得 I MEAN BUT WHY THAT'S WHY I THINK THAT 啊 
LOG (gmm-latgen-faster[5.1.60~1-b2d5d]:DecodeUtteranceLatticeFaster():decoder-wrappers.cc:285) Log-like per frame for utterance NC01FBX_0101_1124910_1131600 is -4.51945 over 667 frames.
NC01FBX_0101_1330860_1335250 I THINK 那种 BUSINESS 的 应该 没有 很 SHY SIL2 那种 你 觉得 PROJECT 
LOG (gmm-latgen-faster[5.1.60~1-b2d5d]:DecodeUtteranceLatticeFaster():decoder-wrappers.cc:285) Log-like per frame for utterance NC01FBX_0101_1330860_1335250 is -4.48581 over 437 frames.
NC01FBX_0101_1470440_1480000 SO 一 到 那个 的 BUT R T STATION 我 就 COVER 让 他 的 那个 老师 就 讲 THEN 我 SUNDAY DIFFERENTIATE 什么 有 啦 CAUSE HE MIGHT CAUSE THE 什么 DAY 要 买 什么 东 西 
LOG (gmm-latgen-faster[5.1.60~1-b2d5d]:DecodeUtteranceLatticeFaster():decoder-wrappers.cc:285) Log-like per frame for utterance NC01FBX_0101_1470440_1480000 is -4.73768 over 954 frames.
NC01FBX_0101_1556330_1560860 SO 因为 他们 AMO 就 拿 到 就 一个 TOUCH BUSES 
LOG (gmm-latgen-faster[5.1.60~1-b2d5d]:DecodeUtteranceLatticeFaster():decoder-wrappers.cc:285) Log-like per frame for utterance NC01FBX_0101_1556330_1560860 is -4.79103 over 451 frames.
NC01FBX_0101_1869620_1878690 SO SAD THEN 我 跟 我 FRIEND JACQUELINE 都 去 看 他 没有 那个 是 很 小 很 小 FILES SIL2 VERIFIED 
LOG (gmm-latgen-faster[5.1.60~1-b2d5d]:DecodeUtteranceLatticeFaster():decoder-wrappers.cc:285) Log-like per frame for utterance NC01FBX_0101_1869620_1878690 is -4.68113 over 905 frames.
NC01FBX_0101_1898810_1906880 因为 LIKE OH HALL SIX 你 SIX HUNDRED THOUSAND 我 就 SIL2 他 的 MAIN 一个 FINISH 你 你 
LOG (gmm-latgen-faster[5.1.60~1-b2d5d]:DecodeUtteranceLatticeFaster():decoder-wrappers.cc:285) Log-like per frame for utterance NC01FBX_0101_1898810_1906880 is -4.42337 over 805 frames.
NC01FBX_0101_2053180_2055030 跟 我 一样 TABLE 有 想 天 
LOG (gmm-latgen-faster[5.1.60~1-b2d5d]:DecodeUtteranceLatticeFaster():decoder-wrappers.cc:285) Log-like per frame for utterance NC01FBX_0101_2053180_2055030 is -4.46711 over 183 frames.
NC01FBX_0101_2057450_2060380 我 还没有 是 ER 的 我 要 的 
LOG (gmm-latgen-faster[5.1.60~1-b2d5d]:DecodeUtteranceLatticeFaster():decoder-wrappers.cc:285) Log-like per frame for utterance NC01FBX_0101_2057450_2060380 is -4.96768 over 291 frames.
NC01FBX_0101_2091460_2100920 你 觉得 我 们 是 SUNNY DAY 他 的 女儿 TYPES OF 所以 他们 不要 有 还 给 了 FIRST BUT 就 一年 一年 哪 一些 MODULE 还有 一个 还是 比较 好 
LOG (gmm-latgen-faster[5.1.60~1-b2d5d]:DecodeUtteranceLatticeFaster():decoder-wrappers.cc:285) Log-like per frame for utterance NC01FBX_0101_2091460_2100920 is -4.78703 over 944 frames.
NC01FBX_0101_2124760_2134290 就 到了 他 的 SUCCESSFUL SINGERS ONE 所以 IMAGINE LIKE 他 觉得 LIKE 要 就 LOR 真 的 是 要 PLAN 好 好 
LOG (gmm-latgen-faster[5.1.60~1-b2d5d]:DecodeUtteranceLatticeFaster():decoder-wrappers.cc:285) Log-like per frame for utterance NC01FBX_0101_2124760_2134290 is -4.95539 over 951 frames.
NC01FBX_0101_2417070_2420780 比较 I THINK THAT GOOD QUESTION THEY WILL COME IN THEN I THINK 起来 
LOG (gmm-latgen-faster[5.1.60~1-b2d5d]:DecodeUtteranceLatticeFaster():decoder-wrappers.cc:285) Log-like per frame for utterance NC01FBX_0101_2417070_2420780 is -4.72619 over 369 frames.
NC01FBX_0101_2721830_2727730 SO 就 放 掉 那个 那个 五十 了 他 不 可 能 再 拿 回 的 吗 
LOG (gmm-latgen-faster[5.1.60~1-b2d5d]:DecodeUtteranceLatticeFaster():decoder-wrappers.cc:285) Log-like per frame for utterance NC01FBX_0101_2721830_2727730 is -5.00826 over 588 frames.
NC01FBX_0101_2731560_2736120 每 次 还是 他 那个 女 的 名 字 
LOG (gmm-latgen-faster[5.1.60~1-b2d5d]:DecodeUtteranceLatticeFaster():decoder-wrappers.cc:285) Log-like per frame for utterance NC01FBX_0101_2731560_2736120 is -5.19622 over 454 frames.
NC01FBX_0101_2767670_2770580 THEN 可以 SIL2 THEN 有 位 给 RIGHT 
LOG (gmm-latgen-faster[5.1.60~1-b2d5d]:DecodeUtteranceLatticeFaster():decoder-wrappers.cc:285) Log-like per frame for utterance NC01FBX_0101_2767670_2770580 is -4.13906 over 289 frames.
NC01FBX_0101_2787260_2790330 就 已经 这个 BUILDING 都 需要 的 样子 的 做 里面 
LOG (gmm-latgen-faster[5.1.60~1-b2d5d]:DecodeUtteranceLatticeFaster():decoder-wrappers.cc:285) Log-like per frame for utterance NC01FBX_0101_2787260_2790330 is -4.91359 over 305 frames.
NC01FBX_0101_2914870_2921650 I 有 那个 跟 你们 可以 做 去 去 做 FRIEND 是 因为 AT THAT TIME 你们 真 的 没有 很 在一起 那种 感觉 
LOG (gmm-latgen-faster[5.1.60~1-b2d5d]:DecodeUtteranceLatticeFaster():decoder-wrappers.cc:285) Log-like per frame for utterance NC01FBX_0101_2914870_2921650 is -4.81156 over 676 frames.
NC01FBX_0101_2923010_2926880 就 因为 他们 真 的 很 在一起 有 PACKET 就是 不肯 做 朋友 的 
LOG (gmm-latgen-faster[5.1.60~1-b2d5d]:DecodeUtteranceLatticeFaster():decoder-wrappers.cc:285) Log-like per frame for utterance NC01FBX_0101_2923010_2926880 is -5.02978 over 385 frames.
NC01FBX_0101_3096910_3103230 对 因为 你 就 很 I THINK 他们 就 有 SUB COM G 你 的 是 很 AGGRESSIVE 那种 是 LAW ABIDING 人 
LOG (gmm-latgen-faster[5.1.60~1-b2d5d]:DecodeUtteranceLatticeFaster():decoder-wrappers.cc:285) Log-like per frame for utterance NC01FBX_0101_3096910_3103230 is -4.69386 over 630 frames.
NC01FBX_0101_3613330_3615780 没有 PUBLISH 是 
LOG (gmm-latgen-faster[5.1.60~1-b2d5d]:DecodeUtteranceLatticeFaster():decoder-wrappers.cc:285) Log-like per frame for utterance NC01FBX_0101_3613330_3615780 is -4.66637 over 243 frames.
NC01FBX_0101_3631780_3633720 CHECK 就 可 以 去 找 
LOG (gmm-latgen-faster[5.1.60~1-b2d5d]:DecodeUtteranceLatticeFaster():decoder-wrappers.cc:285) Log-like per frame for utterance NC01FBX_0101_3631780_3633720 is -4.63757 over 192 frames.
NC01FBX_0101_3661020_3662920 如果 要 
LOG (gmm-latgen-faster[5.1.60~1-b2d5d]:DecodeUtteranceLatticeFaster():decoder-wrappers.cc:285) Log-like per frame for utterance NC01FBX_0101_3661020_3662920 is -5.01843 over 188 frames.
NC01FBX_0101_4158530_4161030 SIL2 你 做 所以 的 那个 BAH 
LOG (gmm-latgen-faster[5.1.60~1-b2d5d]:DecodeUtteranceLatticeFaster():decoder-wrappers.cc:285) Log-like per frame for utterance NC01FBX_0101_4158530_4161030 is -3.98825 over 248 frames.
NC01FBX_0101_4355270_4358900 有些 DON'T KNOW RELATIONS 就是 他 一起 
LOG (gmm-latgen-faster[5.1.60~1-b2d5d]:DecodeUtteranceLatticeFaster():decoder-wrappers.cc:285) Log-like per frame for utterance NC01FBX_0101_4355270_4358900 is -4.23222 over 361 frames.
NC01FBX_0101_4813230_4817650 啊 可能 可能 他 就 C S 你 的 他 是 本来 DISTINCTION 了 
LOG (gmm-latgen-faster[5.1.60~1-b2d5d]:DecodeUtteranceLatticeFaster():decoder-wrappers.cc:285) Log-like per frame for utterance NC01FBX_0101_4813230_4817650 is -4.51278 over 440 frames.
NC01FBX_0101_4861110_4863370 我们 就 看 也是 一天 一个 西 要 啦 
LOG (gmm-latgen-faster[5.1.60~1-b2d5d]:DecodeUtteranceLatticeFaster():decoder-wrappers.cc:285) Log-like per frame for utterance NC01FBX_0101_4861110_4863370 is -4.48851 over 224 frames.
NC01FBX_0101_4867080_4869870 OH 所以 我 觉得 他们 会 LAST DAY 
LOG (gmm-latgen-faster[5.1.60~1-b2d5d]:DecodeUtteranceLatticeFaster():decoder-wrappers.cc:285) Log-like per frame for utterance NC01FBX_0101_4867080_4869870 is -4.38186 over 277 frames.
NC01FBX_0101_4902210_4909170 LIKE IT'S 这样 THINK 少 我 继续 要 给 我 什么 THEN LIKE 已经 有 很多 都 讲 话 
LOG (gmm-latgen-faster[5.1.60~1-b2d5d]:DecodeUtteranceLatticeFaster():decoder-wrappers.cc:285) Log-like per frame for utterance NC01FBX_0101_4902210_4909170 is -4.73885 over 694 frames.
NC01FBX_0101_4920260_4922060 第二 MORE MONEY FOR THE FUTURE 
LOG (gmm-latgen-faster[5.1.60~1-b2d5d]:DecodeUtteranceLatticeFaster():decoder-wrappers.cc:285) Log-like per frame for utterance NC01FBX_0101_4920260_4922060 is -4.54959 over 178 frames.
NC01FBX_0101_4954080_4957200 那 到 很 大 后 以 吃 啊 
LOG (gmm-latgen-faster[5.1.60~1-b2d5d]:DecodeUtteranceLatticeFaster():decoder-wrappers.cc:285) Log-like per frame for utterance NC01FBX_0101_4954080_4957200 is -4.45535 over 310 frames.
NC01FBX_0101_5115360_5117390 他 会 去 走 SIX EH 
LOG (gmm-latgen-faster[5.1.60~1-b2d5d]:DecodeUtteranceLatticeFaster():decoder-wrappers.cc:285) Log-like per frame for utterance NC01FBX_0101_5115360_5117390 is -4.7926 over 201 frames.
NC01FBX_0101_5182600_5185060 他 是 TIME 要 OH JIAN WHY 有 
LOG (gmm-latgen-faster[5.1.60~1-b2d5d]:DecodeUtteranceLatticeFaster():decoder-wrappers.cc:285) Log-like per frame for utterance NC01FBX_0101_5182600_5185060 is -4.50618 over 244 frames.
NC01FBX_0101_5193570_5196100 不是 不是 到 MEAN CHINESE 你 MIND 
LOG (gmm-latgen-faster[5.1.60~1-b2d5d]:DecodeUtteranceLatticeFaster():decoder-wrappers.cc:285) Log-like per frame for utterance NC01FBX_0101_5193570_5196100 is -4.294 over 251 frames.
NC01FBX_0101_5309870_5314960 我 LOST OUR FOUR THOUSAND 妈妈 AFTER THAT SAY SOME CHANCE LEI 
LOG (gmm-latgen-faster[5.1.60~1-b2d5d]:DecodeUtteranceLatticeFaster():decoder-wrappers.cc:285) Log-like per frame for utterance NC01FBX_0101_5309870_5314960 is -4.11787 over 507 frames.
NC01FBX_0101_5330280_5334890 就 那个 D J 他 突然 间 有一个 ER 是 是 AND 孩子 
LOG (gmm-latgen-faster[5.1.60~1-b2d5d]:DecodeUtteranceLatticeFaster():decoder-wrappers.cc:285) Log-like per frame for utterance NC01FBX_0101_5330280_5334890 is -4.40835 over 459 frames.
NC01FBX_0101_5337080_5343090 SIL2 FRIDAY THEY SAY 这个 MOVIE 是 来 ONE OF THE 比 那个 MEMORABLE MAYBE 还 好 小 的 
LOG (gmm-latgen-faster[5.1.60~1-b2d5d]:DecodeUtteranceLatticeFaster():decoder-wrappers.cc:285) Log-like per frame for utterance NC01FBX_0101_5337080_5343090 is -4.0799 over 599 frames.
NC01FBX_0101_5979530_5982910 他们 好像 MISSION ANYWAY MALAYSIA 的 INTERVIEW 
LOG (gmm-latgen-faster[5.1.60~1-b2d5d]:DecodeUtteranceLatticeFaster():decoder-wrappers.cc:285) Log-like per frame for utterance NC01FBX_0101_5979530_5982910 is -4.38498 over 336 frames.
NC01FBX_0101_6120210_6123720 BUT HE DID HE THEN 就 OKAY 了 就 BUT 你 不 多 他 会 
LOG (gmm-latgen-faster[5.1.60~1-b2d5d]:DecodeUtteranceLatticeFaster():decoder-wrappers.cc:285) Log-like per frame for utterance NC01FBX_0101_6120210_6123720 is -4.98573 over 349 frames.
NC01FBX_0101_6281500_6286500 YAH THEN 就 好像 CHECK FOR SEC FOUR 是 这个 
LOG (gmm-latgen-faster[5.1.60~1-b2d5d]:DecodeUtteranceLatticeFaster():decoder-wrappers.cc:285) Log-like per frame for utterance NC01FBX_0101_6281500_6286500 is -5.24189 over 498 frames.
NC01FBX_0101_6335862_6339122 还 好 因为 他 他 
LOG (gmm-latgen-faster[5.1.60~1-b2d5d]:DecodeUtteranceLatticeFaster():decoder-wrappers.cc:285) Log-like per frame for utterance NC01FBX_0101_6335862_6339122 is -5.00897 over 324 frames.
NC01FBX_0101_6369020_6376740 SPECIAL 学 那种 BUT COMPETITION THEN I FEEL WHAT DO YOU LIKE ONE SPECIALIZE RAFTING 
LOG (gmm-latgen-faster[5.1.60~1-b2d5d]:DecodeUtteranceLatticeFaster():decoder-wrappers.cc:285) Log-like per frame for utterance NC01FBX_0101_6369020_6376740 is -4.64407 over 770 frames.
NC01FBX_0101_6379520_6383810 就 SIX OK SO RIGHT BUT 他们 都是 GRADUATE THEN PITCHING 
LOG (gmm-latgen-faster[5.1.60~1-b2d5d]:DecodeUtteranceLatticeFaster():decoder-wrappers.cc:285) Log-like per frame for utterance NC01FBX_0101_6379520_6383810 is -4.88542 over 427 frames.
NC01FBX_0101_6497680_6510120 总 会 他们 帮 你 全部 的 没有 THEN DURING LUNCH 他 就会 有 那种 LIKE QUITE FUN IS NOT USED TO BE SPECIAL 有 FREE FLOW THREE ICE CREAM ALL OUR 他 SPANISH FLU 什么 都 有 
LOG (gmm-latgen-faster[5.1.60~1-b2d5d]:DecodeUtteranceLatticeFaster():decoder-wrappers.cc:285) Log-like per frame for utterance NC01FBX_0101_6497680_6510120 is -4.67507 over 1242 frames.
NC01FBX_0101_6557781_6564251 应该 是 STEPHANIE 也是 没有 弄 坏 的 TIMING MUST TAKE TIMING FOR 你 的 
LOG (gmm-latgen-faster[5.1.60~1-b2d5d]:DecodeUtteranceLatticeFaster():decoder-wrappers.cc:285) Log-like per frame for utterance NC01FBX_0101_6557781_6564251 is -4.59446 over 645 frames.
NC01FBX_0101_6706310_6710080 TWO ONE 都 PROGRESS IN WELL MEI 
LOG (gmm-latgen-faster[5.1.60~1-b2d5d]:DecodeUtteranceLatticeFaster():decoder-wrappers.cc:285) Log-like per frame for utterance NC01FBX_0101_6706310_6710080 is -4.39029 over 375 frames.
NC01FBX_0101_6728160_6731490 就 O K 啦 他们 在 你 I FEEL RIGHT 
LOG (gmm-latgen-faster[5.1.60~1-b2d5d]:DecodeUtteranceLatticeFaster():decoder-wrappers.cc:285) Log-like per frame for utterance NC01FBX_0101_6728160_6731490 is -4.50528 over 331 frames.
NC01FBX_0101_6834750_6843840 我 大大 BUT 他 就 好像 LAST TIME 那个 BEACH 的 YAH THEN 就 AS IN 有 他 可以 CHECK FOR ME 啊 了 你 还 的 了 我 才 
LOG (gmm-latgen-faster[5.1.60~1-b2d5d]:DecodeUtteranceLatticeFaster():decoder-wrappers.cc:285) Log-like per frame for utterance NC01FBX_0101_6834750_6843840 is -4.62159 over 907 frames.
LOG (apply-cmvn[5.1.60~1-b2d5d]:main():apply-cmvn.cc:146) Applied cepstral mean normalization to 70 utterances, errors on 0
NC01FBX_0101_6903070_6911560 他 因为 他 一起 APPLY FOR 我 跟 我 的 PROJECT 去 BUT 就 以前 我 SECONDARY SCHOOL 我 现在 就 还要 他 刚刚 去 
LOG (gmm-latgen-faster[5.1.60~1-b2d5d]:DecodeUtteranceLatticeFaster():decoder-wrappers.cc:285) Log-like per frame for utterance NC01FBX_0101_6903070_6911560 is -4.30787 over 847 frames.
NC01FBX_0101_6938910_6942080 ACTUALLY 不见 掉 那个 我 看到 很多 年 那个 
LOG (gmm-latgen-faster[5.1.60~1-b2d5d]:DecodeUtteranceLatticeFaster():decoder-wrappers.cc:285) Log-like per frame for utterance NC01FBX_0101_6938910_6942080 is -5.01357 over 315 frames.
NC01FBX_0101_6977600_6984410 LIKE 我 爸 OK WHAT MY FAMILY ALLOWANCE 对 我 去 H D B CATHETER 就 去 了 一年 多 
LOG (gmm-latgen-faster[5.1.60~1-b2d5d]:DecodeUtteranceLatticeFaster():decoder-wrappers.cc:285) Log-like per frame for utterance NC01FBX_0101_6977600_6984410 is -4.86489 over 679 frames.
NC01FBX_0101_7013420_7020870 THEN 他 有 一 EXERCISE 一个 STARTING AH BUT FRIDAY 他 就 跟 那些 讲 他 也 怕 不可 以 INSTALL 所以 他 CHANCE LEI 
LOG (gmm-latgen-faster[5.1.60~1-b2d5d]:DecodeUtteranceLatticeFaster():decoder-wrappers.cc:285) Log-like per frame for utterance NC01FBX_0101_7013420_7020870 is -4.80416 over 743 frames.
NC01FBX_0101_7109350_7112840 BECAUSE AH 样 子 啦 BUT THEN 他 就 人 了 你 就 
LOG (gmm-latgen-faster[5.1.60~1-b2d5d]:DecodeUtteranceLatticeFaster():decoder-wrappers.cc:285) Log-like per frame for utterance NC01FBX_0101_7109350_7112840 is -4.58831 over 347 frames.
LOG (transform-feats[5.1.60~1-b2d5d]:main():transform-feats.cc:158) Overall average [pseudo-]logdet is -92.5633 over 34616 frames.
LOG (transform-feats[5.1.60~1-b2d5d]:main():transform-feats.cc:161) Applied transform to 70 utterances; 0 had errors.
NC01FBX_0101_7125160_7129420 AH 他 他 看到 都 会 买 什么 我 就会 这样 子 
LOG (gmm-latgen-faster[5.1.60~1-b2d5d]:DecodeUtteranceLatticeFaster():decoder-wrappers.cc:285) Log-like per frame for utterance NC01FBX_0101_7125160_7129420 is -4.66028 over 424 frames.
LOG (gmm-latgen-faster[5.1.60~1-b2d5d]:main():gmm-latgen-faster.cc:176) Time taken 819.602s: real-time factor assuming 100 frames/sec is 2.3677
LOG (gmm-latgen-faster[5.1.60~1-b2d5d]:main():gmm-latgen-faster.cc:179) Done 70 utterances, failed for 0
LOG (gmm-latgen-faster[5.1.60~1-b2d5d]:main():gmm-latgen-faster.cc:181) Overall log-likelihood per frame is -4.65667 over 34616 frames.
# Accounting: time=821 threads=1
# Ended (code 0) at Sat Apr 22 00:44:04 UTC 2017, elapsed time 821 seconds
