# gmm-latgen-faster --max-active=7000 --beam=13.0 --lattice-beam=6.0 --acoustic-scale=0.083333 --allow-partial=true --word-symbol-table=exp/tri2/graph/words.txt exp/tri2/final.mdl exp/tri2/graph/HCLG.fst "ark,s,cs:apply-cmvn  --utt2spk=ark:data/test/split14/10/utt2spk scp:data/test/split14/10/cmvn.scp scp:data/test/split14/10/feats.scp ark:- | splice-feats --left-context=3 --right-context=3 ark:- ark:- | transform-feats exp/tri2/final.mat ark:- ark:- |" "ark:|gzip -c > exp/tri2/decode/lat.10.gz" 
# Started at Sat Apr 22 00:30:23 UTC 2017
#
gmm-latgen-faster --max-active=7000 --beam=13.0 --lattice-beam=6.0 --acoustic-scale=0.083333 --allow-partial=true --word-symbol-table=exp/tri2/graph/words.txt exp/tri2/final.mdl exp/tri2/graph/HCLG.fst 'ark,s,cs:apply-cmvn  --utt2spk=ark:data/test/split14/10/utt2spk scp:data/test/split14/10/cmvn.scp scp:data/test/split14/10/feats.scp ark:- | splice-feats --left-context=3 --right-context=3 ark:- ark:- | transform-feats exp/tri2/final.mat ark:- ark:- |' 'ark:|gzip -c > exp/tri2/decode/lat.10.gz' 
splice-feats --left-context=3 --right-context=3 ark:- ark:- 
transform-feats exp/tri2/final.mat ark:- ark:- 
apply-cmvn --utt2spk=ark:data/test/split14/10/utt2spk scp:data/test/split14/10/cmvn.scp scp:data/test/split14/10/feats.scp ark:- 
NI55FBP_0101_0089980_0092130 THEN I WAS DAMN NICE AND THEN 
LOG (gmm-latgen-faster[5.1.60~1-b2d5d]:DecodeUtteranceLatticeFaster():decoder-wrappers.cc:285) Log-like per frame for utterance NI55FBP_0101_0089980_0092130 is -4.45735 over 213 frames.
NI55FBP_0101_0113180_0116600 一 两天 ELEVEN ELEVEN 妈妈 可是 因为 你们 在 哪里 去 
LOG (gmm-latgen-faster[5.1.60~1-b2d5d]:DecodeUtteranceLatticeFaster():decoder-wrappers.cc:285) Log-like per frame for utterance NI55FBP_0101_0113180_0116600 is -4.78797 over 340 frames.
NI55FBP_0101_0118520_0120170 啊 还在 吃 那些 
LOG (gmm-latgen-faster[5.1.60~1-b2d5d]:DecodeUtteranceLatticeFaster():decoder-wrappers.cc:285) Log-like per frame for utterance NI55FBP_0101_0118520_0120170 is -5.03059 over 163 frames.
NI55FBP_0101_0120310_0123150 因为 是 啊 也是 在 N S D 好像 SHE WAS LIKE SAYING 
LOG (gmm-latgen-faster[5.1.60~1-b2d5d]:DecodeUtteranceLatticeFaster():decoder-wrappers.cc:285) Log-like per frame for utterance NI55FBP_0101_0120310_0123150 is -5.05574 over 282 frames.
NI55FBP_0101_0133180_0135510 THEN MY FRIENDS MAINLY 跟 他们 C AH 
LOG (gmm-latgen-faster[5.1.60~1-b2d5d]:DecodeUtteranceLatticeFaster():decoder-wrappers.cc:285) Log-like per frame for utterance NI55FBP_0101_0133180_0135510 is -4.87378 over 231 frames.
NI55FBP_0101_0153170_0155330 因为 他 因为 他 有 MINUS IS BECAUSE 
LOG (gmm-latgen-faster[5.1.60~1-b2d5d]:DecodeUtteranceLatticeFaster():decoder-wrappers.cc:285) Log-like per frame for utterance NI55FBP_0101_0153170_0155330 is -4.94612 over 214 frames.
NI55FBP_0101_0173581_0177701 INVITE 是 因为 SHOWS THAT SHE STILL 因为 我 是 THEN 因为 
LOG (gmm-latgen-faster[5.1.60~1-b2d5d]:DecodeUtteranceLatticeFaster():decoder-wrappers.cc:285) Log-like per frame for utterance NI55FBP_0101_0173581_0177701 is -5.24085 over 410 frames.
NI55FBP_0101_0246461_0248081 I HEARD FROM 开 心 THAT RIGHT 
LOG (gmm-latgen-faster[5.1.60~1-b2d5d]:DecodeUtteranceLatticeFaster():decoder-wrappers.cc:285) Log-like per frame for utterance NI55FBP_0101_0246461_0248081 is -4.61929 over 160 frames.
NI55FBP_0101_0264691_0267681 LET'S GO AS IN K BOX THEN 的 你 看 就 讲 
LOG (gmm-latgen-faster[5.1.60~1-b2d5d]:DecodeUtteranceLatticeFaster():decoder-wrappers.cc:285) Log-like per frame for utterance NI55FBP_0101_0264691_0267681 is -4.87279 over 297 frames.
NI55FBP_0101_0271491_0275101 SINCE 我 觉得 过后 CANNOT BE FRIENDS ONE IS TALKING WHY 
LOG (gmm-latgen-faster[5.1.60~1-b2d5d]:DecodeUtteranceLatticeFaster():decoder-wrappers.cc:285) Log-like per frame for utterance NI55FBP_0101_0271491_0275101 is -4.91663 over 359 frames.
NI55FBP_0101_0275321_0278331 THEN 他 因为 他 又 SCHOOL NEVER REALLY THEN YOU CAN 
LOG (gmm-latgen-faster[5.1.60~1-b2d5d]:DecodeUtteranceLatticeFaster():decoder-wrappers.cc:285) Log-like per frame for utterance NI55FBP_0101_0275321_0278331 is -4.68061 over 299 frames.
NI55FBP_0101_0281521_0283791 他 要 的 是 没有 当中 已经 有 不好 的 
LOG (gmm-latgen-faster[5.1.60~1-b2d5d]:DecodeUtteranceLatticeFaster():decoder-wrappers.cc:285) Log-like per frame for utterance NI55FBP_0101_0281521_0283791 is -4.97478 over 225 frames.
NI55FBP_0101_0286651_0290561 THEN ALL THIS IS DAMN STUPID IS JUST FOR HER TO 法 P C 啦 
LOG (gmm-latgen-faster[5.1.60~1-b2d5d]:DecodeUtteranceLatticeFaster():decoder-wrappers.cc:285) Log-like per frame for utterance NI55FBP_0101_0286651_0290561 is -4.6283 over 389 frames.
NI55FBP_0101_0356081_0358791 I WAS LIKE THINKING P ALSO GO TOILET 
LOG (gmm-latgen-faster[5.1.60~1-b2d5d]:DecodeUtteranceLatticeFaster():decoder-wrappers.cc:285) Log-like per frame for utterance NI55FBP_0101_0356081_0358791 is -5.3227 over 269 frames.
NI55FBP_0101_0532088_0535188 WHEN I'M SURE ABOUT THAT IS VERY WEAK AH BECAUSE 
LOG (gmm-latgen-faster[5.1.60~1-b2d5d]:DecodeUtteranceLatticeFaster():decoder-wrappers.cc:285) Log-like per frame for utterance NI55FBP_0101_0532088_0535188 is -5.07391 over 308 frames.
NI55FBP_0101_0627088_0631948 NO 当天 THEY DON'T APPLY LIKE 是 DEPENDS ON HOW TO PRESENT 他 的 SURROUNDING 
LOG (gmm-latgen-faster[5.1.60~1-b2d5d]:DecodeUtteranceLatticeFaster():decoder-wrappers.cc:285) Log-like per frame for utterance NI55FBP_0101_0627088_0631948 is -5.03873 over 484 frames.
NI55FBP_0101_0663078_0665228 EH HOW LONG 的 人 家 TRY TO 
LOG (gmm-latgen-faster[5.1.60~1-b2d5d]:DecodeUtteranceLatticeFaster():decoder-wrappers.cc:285) Log-like per frame for utterance NI55FBP_0101_0663078_0665228 is -4.45065 over 213 frames.
NI55FBP_0101_0696318_0697868 THEN 明 年 就 讲 什么 
LOG (gmm-latgen-faster[5.1.60~1-b2d5d]:DecodeUtteranceLatticeFaster():decoder-wrappers.cc:285) Log-like per frame for utterance NI55FBP_0101_0696318_0697868 is -4.44072 over 153 frames.
NI55FBP_0101_0699008_0701288 MOST PEOPLE CANNOT GET TO 那个 
LOG (gmm-latgen-faster[5.1.60~1-b2d5d]:DecodeUtteranceLatticeFaster():decoder-wrappers.cc:285) Log-like per frame for utterance NI55FBP_0101_0699008_0701288 is -4.80256 over 226 frames.
NI55FBP_0101_0701388_0704238 PERFORMING GROUP 他们 会 把 它 有 去 那个 跑 快 的 
LOG (gmm-latgen-faster[5.1.60~1-b2d5d]:DecodeUtteranceLatticeFaster():decoder-wrappers.cc:285) Log-like per frame for utterance NI55FBP_0101_0701388_0704238 is -4.83133 over 283 frames.
NI55FBP_0101_0799008_0801028 SOMETHING QUITE 生 气 质 料 THEN 
LOG (gmm-latgen-faster[5.1.60~1-b2d5d]:DecodeUtteranceLatticeFaster():decoder-wrappers.cc:285) Log-like per frame for utterance NI55FBP_0101_0799008_0801028 is -4.84139 over 200 frames.
NI55FBP_0101_0801368_0804368 他 没有 POINT OF COURSE I I STARTED RUNNING 讲 什么 
LOG (gmm-latgen-faster[5.1.60~1-b2d5d]:DecodeUtteranceLatticeFaster():decoder-wrappers.cc:285) Log-like per frame for utterance NI55FBP_0101_0801368_0804368 is -4.88214 over 298 frames.
NI55FBP_0101_0804468_0806358 我 S M S 年 LEADING REPLY 
LOG (gmm-latgen-faster[5.1.60~1-b2d5d]:DecodeUtteranceLatticeFaster():decoder-wrappers.cc:285) Log-like per frame for utterance NI55FBP_0101_0804468_0806358 is -4.44277 over 187 frames.
NI55FBP_0101_0817108_0819908 我 们 的 GO MEETINGS BUT 没有 回去 你 他 
LOG (gmm-latgen-faster[5.1.60~1-b2d5d]:DecodeUtteranceLatticeFaster():decoder-wrappers.cc:285) Log-like per frame for utterance NI55FBP_0101_0817108_0819908 is -4.40921 over 278 frames.
NI55FBP_0101_0854218_0856678 BUT WHEN I THINK SIL2 你 讲 HUSBAND 
LOG (gmm-latgen-faster[5.1.60~1-b2d5d]:DecodeUtteranceLatticeFaster():decoder-wrappers.cc:285) Log-like per frame for utterance NI55FBP_0101_0854218_0856678 is -5.2406 over 244 frames.
NI55FBP_0101_0886748_0888198 我 要 看 有 这些 RIGHT 
LOG (gmm-latgen-faster[5.1.60~1-b2d5d]:DecodeUtteranceLatticeFaster():decoder-wrappers.cc:285) Log-like per frame for utterance NI55FBP_0101_0886748_0888198 is -4.79371 over 143 frames.
NI55FBP_0101_0931218_0935218 I 啊 看见 那个 那 TO ONE WHICH WHICH SIL2 EXCUSE MORE TO COME 
LOG (gmm-latgen-faster[5.1.60~1-b2d5d]:DecodeUtteranceLatticeFaster():decoder-wrappers.cc:285) Log-like per frame for utterance NI55FBP_0101_0931218_0935218 is -5.09838 over 398 frames.
NI55FBP_0101_1078728_1081498 我 在 想 我 三 年 ASKING ME THIS 
LOG (gmm-latgen-faster[5.1.60~1-b2d5d]:DecodeUtteranceLatticeFaster():decoder-wrappers.cc:285) Log-like per frame for utterance NI55FBP_0101_1078728_1081498 is -5.32815 over 275 frames.
NI55FBP_0101_1091468_1095738 THEN THEN 我 就 问 他 他 的 YOU MAKE ME HE MUST THE MOST IMPORTANT THING RIGHT IS IT 
LOG (gmm-latgen-faster[5.1.60~1-b2d5d]:DecodeUtteranceLatticeFaster():decoder-wrappers.cc:285) Log-like per frame for utterance NI55FBP_0101_1091468_1095738 is -4.91623 over 425 frames.
NI55FBP_0101_1114848_1117568 然后 就 问 他 SINCE YA 啦 AS IN 
LOG (gmm-latgen-faster[5.1.60~1-b2d5d]:DecodeUtteranceLatticeFaster():decoder-wrappers.cc:285) Log-like per frame for utterance NI55FBP_0101_1114848_1117568 is -4.40198 over 270 frames.
NI55FBP_0101_1295988_1299408 BECAUSE THEY HAVE MANY MANY YEARS OF THIS THING THAT MEANS IS THINK 缩小 了 
LOG (gmm-latgen-faster[5.1.60~1-b2d5d]:DecodeUtteranceLatticeFaster():decoder-wrappers.cc:285) Log-like per frame for utterance NI55FBP_0101_1295988_1299408 is -4.86847 over 340 frames.
NI55FBP_0101_1343508_1347238 OH MY GOD I PLAY THE MUSIC LIVE A BIKE JUST ANY 十年 这个 
LOG (gmm-latgen-faster[5.1.60~1-b2d5d]:DecodeUtteranceLatticeFaster():decoder-wrappers.cc:285) Log-like per frame for utterance NI55FBP_0101_1343508_1347238 is -4.68176 over 371 frames.
NI55FBP_0101_1366148_1369238 I ALSO CANNOT SIT ON TIME AS IN APPLY 一直 对 
LOG (gmm-latgen-faster[5.1.60~1-b2d5d]:DecodeUtteranceLatticeFaster():decoder-wrappers.cc:285) Log-like per frame for utterance NI55FBP_0101_1366148_1369238 is -4.90925 over 307 frames.
NI55FBP_0101_1374068_1376918 THEN 那 FUNDING DANCING RIGHT SO 二十二 十 岁 
LOG (gmm-latgen-faster[5.1.60~1-b2d5d]:DecodeUtteranceLatticeFaster():decoder-wrappers.cc:285) Log-like per frame for utterance NI55FBP_0101_1374068_1376918 is -4.71013 over 283 frames.
NI55FBP_0101_1378978_1381988 THEN I REALISE THAT 我 IS 不知道 I'M NOT 台湾 
LOG (gmm-latgen-faster[5.1.60~1-b2d5d]:DecodeUtteranceLatticeFaster():decoder-wrappers.cc:285) Log-like per frame for utterance NI55FBP_0101_1378978_1381988 is -5.11566 over 299 frames.
NI55FBP_0101_1395878_1399798 一 二 三 四 五 YOU KEEP 啊 I REALISE I DON'T GO AND EAT AT ALL 
LOG (gmm-latgen-faster[5.1.60~1-b2d5d]:DecodeUtteranceLatticeFaster():decoder-wrappers.cc:285) Log-like per frame for utterance NI55FBP_0101_1395878_1399798 is -4.52683 over 390 frames.
NI55FBP_0101_1429378_1433038 SHY TALK ABOUT THEN I WAS THINKING 他们 其实 MAHATHIR 从 I DON'T THINK 
LOG (gmm-latgen-faster[5.1.60~1-b2d5d]:DecodeUtteranceLatticeFaster():decoder-wrappers.cc:285) Log-like per frame for utterance NI55FBP_0101_1429378_1433038 is -5.23489 over 364 frames.
NI55FBP_0101_1490508_1494398 THE 买 共同 我 讲 了 ALREADY WHICH GO SOMEWHERE 
LOG (gmm-latgen-faster[5.1.60~1-b2d5d]:DecodeUtteranceLatticeFaster():decoder-wrappers.cc:285) Log-like per frame for utterance NI55FBP_0101_1490508_1494398 is -4.28966 over 387 frames.
NI55FBP_0101_1765215_1767685 N S 我 SEC TWO CORE FOR THEM TO COME WHAT 
LOG (gmm-latgen-faster[5.1.60~1-b2d5d]:DecodeUtteranceLatticeFaster():decoder-wrappers.cc:285) Log-like per frame for utterance NI55FBP_0101_1765215_1767685 is -5.00693 over 245 frames.
NI55FBP_0101_1767945_1771155 ANYTHING THAT SO GOOD FRIENDS TESTING 那些 我 就 PICK UP 啊 
LOG (gmm-latgen-faster[5.1.60~1-b2d5d]:DecodeUtteranceLatticeFaster():decoder-wrappers.cc:285) Log-like per frame for utterance NI55FBP_0101_1767945_1771155 is -5.13654 over 319 frames.
NI55FBP_0101_1882108_1884018 我们 一个 SENIOR 讲 我 IN 啊 
LOG (gmm-latgen-faster[5.1.60~1-b2d5d]:DecodeUtteranceLatticeFaster():decoder-wrappers.cc:285) Log-like per frame for utterance NI55FBP_0101_1882108_1884018 is -4.81332 over 189 frames.
NI55FBP_0101_1884178_1888018 他 最 SLACK 的 我 喜欢 是 他 如果 是 P A 开 银行 里面 那个 
LOG (gmm-latgen-faster[5.1.60~1-b2d5d]:DecodeUtteranceLatticeFaster():decoder-wrappers.cc:285) Log-like per frame for utterance NI55FBP_0101_1884178_1888018 is -4.99532 over 382 frames.
NI55FBP_0101_1941168_1945708 只是 你 MINOR 舞 蹈 团 的 PARTY 啊 那 边 HER THEN SHE OWES THEM PRETTY 然后 SITE 
LOG (gmm-latgen-faster[5.1.60~1-b2d5d]:DecodeUtteranceLatticeFaster():decoder-wrappers.cc:285) Log-like per frame for utterance NI55FBP_0101_1941168_1945708 is -4.83756 over 452 frames.
NI55FBP_0101_1945948_1950118 我 买 GOT A TEACHER CALL BY THE TIME ONCE WE CAN IMAGINE 她 EFFECT 
LOG (gmm-latgen-faster[5.1.60~1-b2d5d]:DecodeUtteranceLatticeFaster():decoder-wrappers.cc:285) Log-like per frame for utterance NI55FBP_0101_1945948_1950118 is -4.86676 over 415 frames.
NI55FBP_0101_1963778_1967208 ANYWAY MAYBE CAUSE 禁止 性质 上 MY JAPANESE NAME 
LOG (gmm-latgen-faster[5.1.60~1-b2d5d]:DecodeUtteranceLatticeFaster():decoder-wrappers.cc:285) Log-like per frame for utterance NI55FBP_0101_1963778_1967208 is -4.86388 over 341 frames.
LOG (apply-cmvn[5.1.60~1-b2d5d]:main():apply-cmvn.cc:146) Applied cepstral mean normalization to 52 utterances, errors on 0
NI55FBP_0101_2046314_2051084 气 THEN 她 MEETING RETURN 他 老 IS 要 买 SELECTIVELY 他们 SOMETHING VERY SHOCKING 
LOG (gmm-latgen-faster[5.1.60~1-b2d5d]:DecodeUtteranceLatticeFaster():decoder-wrappers.cc:285) Log-like per frame for utterance NI55FBP_0101_2046314_2051084 is -4.84155 over 475 frames.
NI55FBP_0101_2183741_2188591 那么 什么 THEN THING IS MASTER 之 前 面 前 是 们 的 好像 两 SIL2 
LOG (gmm-latgen-faster[5.1.60~1-b2d5d]:DecodeUtteranceLatticeFaster():decoder-wrappers.cc:285) Log-like per frame for utterance NI55FBP_0101_2183741_2188591 is -4.767 over 483 frames.
NI55FBP_0101_2270363_2274053 我 去 过 ALL AT SEVEN COUNTRIES BUT MY FAVOURITE 
LOG (gmm-latgen-faster[5.1.60~1-b2d5d]:DecodeUtteranceLatticeFaster():decoder-wrappers.cc:285) Log-like per frame for utterance NI55FBP_0101_2270363_2274053 is -4.46583 over 367 frames.
NI55FBP_0101_2321703_2323853 THAT 这个 是 PARIS 啦 
LOG (gmm-latgen-faster[5.1.60~1-b2d5d]:DecodeUtteranceLatticeFaster():decoder-wrappers.cc:285) Log-like per frame for utterance NI55FBP_0101_2321703_2323853 is -4.54991 over 213 frames.
NI55FBP_0101_2361213_2364523 不是 你 他 有些 PAINFUL 的 SLOWLY SLOWLY 啦 
LOG (gmm-latgen-faster[5.1.60~1-b2d5d]:DecodeUtteranceLatticeFaster():decoder-wrappers.cc:285) Log-like per frame for utterance NI55FBP_0101_2361213_2364523 is -5.46863 over 329 frames.
LOG (transform-feats[5.1.60~1-b2d5d]:main():transform-feats.cc:158) Overall average [pseudo-]logdet is -92.5633 over 15764 frames.
LOG (transform-feats[5.1.60~1-b2d5d]:main():transform-feats.cc:161) Applied transform to 52 utterances; 0 had errors.
NI55FBP_0101_2548551_2550331 HI MY 这个 现在 
LOG (gmm-latgen-faster[5.1.60~1-b2d5d]:DecodeUtteranceLatticeFaster():decoder-wrappers.cc:285) Log-like per frame for utterance NI55FBP_0101_2548551_2550331 is -5.43512 over 176 frames.
NI55FBP_0101_2550515_2554545 是 在 HOW MANY THEN WE CAN APPLY SUCH NOT THAT EXPENSIVE 啦 
LOG (gmm-latgen-faster[5.1.60~1-b2d5d]:DecodeUtteranceLatticeFaster():decoder-wrappers.cc:285) Log-like per frame for utterance NI55FBP_0101_2550515_2554545 is -4.92244 over 401 frames.
LOG (gmm-latgen-faster[5.1.60~1-b2d5d]:main():gmm-latgen-faster.cc:176) Time taken 380.405s: real-time factor assuming 100 frames/sec is 2.41312
LOG (gmm-latgen-faster[5.1.60~1-b2d5d]:main():gmm-latgen-faster.cc:179) Done 52 utterances, failed for 0
LOG (gmm-latgen-faster[5.1.60~1-b2d5d]:main():gmm-latgen-faster.cc:181) Overall log-likelihood per frame is -4.86788 over 15764 frames.
# Accounting: time=382 threads=1
# Ended (code 0) at Sat Apr 22 00:36:45 UTC 2017, elapsed time 382 seconds
