# gmm-latgen-faster --max-active=7000 --beam=13.0 --lattice-beam=6.0 --acoustic-scale=0.083333 --allow-partial=true --word-symbol-table=exp/tri2/graph/words.txt exp/tri2/final.mdl exp/tri2/graph/HCLG.fst "ark,s,cs:apply-cmvn  --utt2spk=ark:data/test/split14/6/utt2spk scp:data/test/split14/6/cmvn.scp scp:data/test/split14/6/feats.scp ark:- | splice-feats --left-context=3 --right-context=3 ark:- ark:- | transform-feats exp/tri2/final.mat ark:- ark:- |" "ark:|gzip -c > exp/tri2/decode/lat.6.gz" 
# Started at Sat Apr 22 00:30:23 UTC 2017
#
gmm-latgen-faster --max-active=7000 --beam=13.0 --lattice-beam=6.0 --acoustic-scale=0.083333 --allow-partial=true --word-symbol-table=exp/tri2/graph/words.txt exp/tri2/final.mdl exp/tri2/graph/HCLG.fst 'ark,s,cs:apply-cmvn  --utt2spk=ark:data/test/split14/6/utt2spk scp:data/test/split14/6/cmvn.scp scp:data/test/split14/6/feats.scp ark:- | splice-feats --left-context=3 --right-context=3 ark:- ark:- | transform-feats exp/tri2/final.mat ark:- ark:- |' 'ark:|gzip -c > exp/tri2/decode/lat.6.gz' 
splice-feats --left-context=3 --right-context=3 ark:- ark:- 
apply-cmvn --utt2spk=ark:data/test/split14/6/utt2spk scp:data/test/split14/6/cmvn.scp scp:data/test/split14/6/feats.scp ark:- 
transform-feats exp/tri2/final.mat ark:- ark:- 
NI29MBP_0101_0003290_0006320 我 我 家 RELAX 因为 华 语 叫 进 去 的 
LOG (gmm-latgen-faster[5.1.60~1-b2d5d]:DecodeUtteranceLatticeFaster():decoder-wrappers.cc:285) Log-like per frame for utterance NI29MBP_0101_0003290_0006320 is -4.39927 over 301 frames.
NI29MBP_0101_0007760_0009280 今年 的 是 说 的 
LOG (gmm-latgen-faster[5.1.60~1-b2d5d]:DecodeUtteranceLatticeFaster():decoder-wrappers.cc:285) Log-like per frame for utterance NI29MBP_0101_0007760_0009280 is -3.86604 over 150 frames.
NI29MBP_0101_0014840_0016640 THEY PROVIDE A M D SIL2 
LOG (gmm-latgen-faster[5.1.60~1-b2d5d]:DecodeUtteranceLatticeFaster():decoder-wrappers.cc:285) Log-like per frame for utterance NI29MBP_0101_0014840_0016640 is -4.21294 over 178 frames.
NI29MBP_0101_0018070_0020140 THEN 思想 就是 还 觉得 
LOG (gmm-latgen-faster[5.1.60~1-b2d5d]:DecodeUtteranceLatticeFaster():decoder-wrappers.cc:285) Log-like per frame for utterance NI29MBP_0101_0018070_0020140 is -4.35498 over 205 frames.
NI29MBP_0101_0020980_0022790 ER 华 人 对 
LOG (gmm-latgen-faster[5.1.60~1-b2d5d]:DecodeUtteranceLatticeFaster():decoder-wrappers.cc:285) Log-like per frame for utterance NI29MBP_0101_0020980_0022790 is -3.9391 over 179 frames.
NI29MBP_0101_0028020_0032470 他们 也是 的 TO 好 THEN 我 的 FIRST 
LOG (gmm-latgen-faster[5.1.60~1-b2d5d]:DecodeUtteranceLatticeFaster():decoder-wrappers.cc:285) Log-like per frame for utterance NI29MBP_0101_0028020_0032470 is -3.92523 over 443 frames.
NI29MBP_0101_0043540_0045040 YOU 了 EH 
LOG (gmm-latgen-faster[5.1.60~1-b2d5d]:DecodeUtteranceLatticeFaster():decoder-wrappers.cc:285) Log-like per frame for utterance NI29MBP_0101_0043540_0045040 is -4.57759 over 148 frames.
NI29MBP_0101_0047820_0051070 就 好像 七 天 每 次 讲 了 
LOG (gmm-latgen-faster[5.1.60~1-b2d5d]:DecodeUtteranceLatticeFaster():decoder-wrappers.cc:285) Log-like per frame for utterance NI29MBP_0101_0047820_0051070 is -4.122 over 323 frames.
NI29MBP_0101_0060740_0063850 我 没有 我 没有 的 这个 T TWO 可是 
LOG (gmm-latgen-faster[5.1.60~1-b2d5d]:DecodeUtteranceLatticeFaster():decoder-wrappers.cc:285) Log-like per frame for utterance NI29MBP_0101_0060740_0063850 is -4.25034 over 309 frames.
NI29MBP_0101_0070891_0073431 对 对 对 对 啊 对 我 选 的 
LOG (gmm-latgen-faster[5.1.60~1-b2d5d]:DecodeUtteranceLatticeFaster():decoder-wrappers.cc:285) Log-like per frame for utterance NI29MBP_0101_0070891_0073431 is -4.12425 over 252 frames.
NI29MBP_0101_0074851_0078961 SIL2 觉得 台湾 SIL2 U 掉 TO MY ANSWER 的 
LOG (gmm-latgen-faster[5.1.60~1-b2d5d]:DecodeUtteranceLatticeFaster():decoder-wrappers.cc:285) Log-like per frame for utterance NI29MBP_0101_0074851_0078961 is -3.99696 over 409 frames.
NI29MBP_0101_0079101_0080541 BRUNEI 的 讲 的 
LOG (gmm-latgen-faster[5.1.60~1-b2d5d]:DecodeUtteranceLatticeFaster():decoder-wrappers.cc:285) Log-like per frame for utterance NI29MBP_0101_0079101_0080541 is -4.18858 over 142 frames.
NI29MBP_0101_0083791_0085061 在 里面 
LOG (gmm-latgen-faster[5.1.60~1-b2d5d]:DecodeUtteranceLatticeFaster():decoder-wrappers.cc:285) Log-like per frame for utterance NI29MBP_0101_0083791_0085061 is -3.71039 over 125 frames.
NI29MBP_0101_0088701_0090301 TAIWAN 啊 都 有 SIL2 
LOG (gmm-latgen-faster[5.1.60~1-b2d5d]:DecodeUtteranceLatticeFaster():decoder-wrappers.cc:285) Log-like per frame for utterance NI29MBP_0101_0088701_0090301 is -4.09547 over 158 frames.
NI29MBP_0101_0091211_0095951 TO 我 想 起 了 SIL2 清楚 SIL2 我 想 一下 
LOG (gmm-latgen-faster[5.1.60~1-b2d5d]:DecodeUtteranceLatticeFaster():decoder-wrappers.cc:285) Log-like per frame for utterance NI29MBP_0101_0091211_0095951 is -4.66553 over 472 frames.
NI29MBP_0101_0102651_0104881 你 的 TUTOR SURE N T U 
LOG (gmm-latgen-faster[5.1.60~1-b2d5d]:DecodeUtteranceLatticeFaster():decoder-wrappers.cc:285) Log-like per frame for utterance NI29MBP_0101_0102651_0104881 is -4.08838 over 221 frames.
NI29MBP_0101_0105911_0106641 TESTING AH 
LOG (gmm-latgen-faster[5.1.60~1-b2d5d]:DecodeUtteranceLatticeFaster():decoder-wrappers.cc:285) Log-like per frame for utterance NI29MBP_0101_0105911_0106641 is -4.39346 over 71 frames.
NI29MBP_0101_0109361_0110171 对 啊 对 SIL2 
LOG (gmm-latgen-faster[5.1.60~1-b2d5d]:DecodeUtteranceLatticeFaster():decoder-wrappers.cc:285) Log-like per frame for utterance NI29MBP_0101_0109361_0110171 is -4.26948 over 79 frames.
NI29MBP_0101_0112211_0114751 我 做 我 对 
LOG (gmm-latgen-faster[5.1.60~1-b2d5d]:DecodeUtteranceLatticeFaster():decoder-wrappers.cc:285) Log-like per frame for utterance NI29MBP_0101_0112211_0114751 is -4.03405 over 252 frames.
NI29MBP_0101_0115751_0119151 或者 是 我 的 就是 每天 我 做 的 CHOOSE AH 
LOG (gmm-latgen-faster[5.1.60~1-b2d5d]:DecodeUtteranceLatticeFaster():decoder-wrappers.cc:285) Log-like per frame for utterance NI29MBP_0101_0115751_0119151 is -4.46592 over 338 frames.
NI29MBP_0101_0124181_0126791 ER 其 有 是 STAY 想 BEFORE 
LOG (gmm-latgen-faster[5.1.60~1-b2d5d]:DecodeUtteranceLatticeFaster():decoder-wrappers.cc:285) Log-like per frame for utterance NI29MBP_0101_0124181_0126791 is -4.35411 over 259 frames.
NI29MBP_0101_0133911_0136581 SIL2 我 是 N B S 的 CORE 的 西 
LOG (gmm-latgen-faster[5.1.60~1-b2d5d]:DecodeUtteranceLatticeFaster():decoder-wrappers.cc:285) Log-like per frame for utterance NI29MBP_0101_0133911_0136581 is -3.86179 over 265 frames.
NI29MBP_0101_0140861_0143061 SIL2 课 程 的 都是 在 读 
LOG (gmm-latgen-faster[5.1.60~1-b2d5d]:DecodeUtteranceLatticeFaster():decoder-wrappers.cc:285) Log-like per frame for utterance NI29MBP_0101_0140861_0143061 is -4.11867 over 218 frames.
NI29MBP_0101_0143931_0146051 BUSINESS RELATED COURSE AH 
LOG (gmm-latgen-faster[5.1.60~1-b2d5d]:DecodeUtteranceLatticeFaster():decoder-wrappers.cc:285) Log-like per frame for utterance NI29MBP_0101_0143931_0146051 is -4.15962 over 210 frames.
NI29MBP_0101_0146541_0151661 其实 也 会 不同 种 没有 什么 
LOG (gmm-latgen-faster[5.1.60~1-b2d5d]:DecodeUtteranceLatticeFaster():decoder-wrappers.cc:285) Log-like per frame for utterance NI29MBP_0101_0146541_0151661 is -3.83986 over 510 frames.
NI29MBP_0101_0152181_0153681 UH 所以 的 METHOD 
LOG (gmm-latgen-faster[5.1.60~1-b2d5d]:DecodeUtteranceLatticeFaster():decoder-wrappers.cc:285) Log-like per frame for utterance NI29MBP_0101_0152181_0153681 is -4.69097 over 148 frames.
NI29MBP_0101_0158331_0159261 就 对 对 
LOG (gmm-latgen-faster[5.1.60~1-b2d5d]:DecodeUtteranceLatticeFaster():decoder-wrappers.cc:285) Log-like per frame for utterance NI29MBP_0101_0158331_0159261 is -4.55641 over 91 frames.
NI29MBP_0101_0165311_0169161 OH 我 也 不知道 我 的 朋友 叫 SIL2 我 就 了 
LOG (gmm-latgen-faster[5.1.60~1-b2d5d]:DecodeUtteranceLatticeFaster():decoder-wrappers.cc:285) Log-like per frame for utterance NI29MBP_0101_0165311_0169161 is -4.37006 over 383 frames.
NI29MBP_0101_0176391_0180541 C C A 我 有 参加 WHAT C C CONTRACTOR ACTIVITIES CLUB 
LOG (gmm-latgen-faster[5.1.60~1-b2d5d]:DecodeUtteranceLatticeFaster():decoder-wrappers.cc:285) Log-like per frame for utterance NI29MBP_0101_0176391_0180541 is -4.44272 over 413 frames.
NI29MBP_0101_0181181_0192061 TO GO SIL2 PLAYER 都是 下 就是 我们 SIL2 学校 为什么 CONCERT ER 少 你 问 我 的 家 也 都是 ONE PART 的 是 
LOG (gmm-latgen-faster[5.1.60~1-b2d5d]:DecodeUtteranceLatticeFaster():decoder-wrappers.cc:285) Log-like per frame for utterance NI29MBP_0101_0181181_0192061 is -4.37697 over 1086 frames.
NI29MBP_0101_0192251_0202321 T U CHOIR 比如 COURSES 都是 我们 安排 到 他们 给 他们 一个 SIL2 PERFORM 去 表演 啊 就是 把 MUMBLE COURSE OBAMA MY PART 
LOG (gmm-latgen-faster[5.1.60~1-b2d5d]:DecodeUtteranceLatticeFaster():decoder-wrappers.cc:285) Log-like per frame for utterance NI29MBP_0101_0192251_0202321 is -4.2343 over 1005 frames.
NI29MBP_0101_0208211_0210570 啊 刚刚 过 了 很多 那个 BASIN 他 的 
LOG (gmm-latgen-faster[5.1.60~1-b2d5d]:DecodeUtteranceLatticeFaster():decoder-wrappers.cc:285) Log-like per frame for utterance NI29MBP_0101_0208211_0210570 is -4.42435 over 234 frames.
NI29MBP_0101_0212621_0215531 每天 GO SIL2 你 听 过 就是 的 
LOG (gmm-latgen-faster[5.1.60~1-b2d5d]:DecodeUtteranceLatticeFaster():decoder-wrappers.cc:285) Log-like per frame for utterance NI29MBP_0101_0212621_0215531 is -4.1617 over 289 frames.
NI29MBP_0101_0217111_0219921 SENIOR NATIONWIDE 他 的 SEARCH COMPETITION 啊 
LOG (gmm-latgen-faster[5.1.60~1-b2d5d]:DecodeUtteranceLatticeFaster():decoder-wrappers.cc:285) Log-like per frame for utterance NI29MBP_0101_0217111_0219921 is -4.31511 over 279 frames.
NI29MBP_0101_0221771_0226911 起 新加坡 人 都 可以 参加 这个 各种 THIS 我 刚刚 那个 七十 LEH 
LOG (gmm-latgen-faster[5.1.60~1-b2d5d]:DecodeUtteranceLatticeFaster():decoder-wrappers.cc:285) Log-like per frame for utterance NI29MBP_0101_0221771_0226911 is -4.38361 over 512 frames.
NI29MBP_0101_0228931_0231611 小 小 个 的 
LOG (gmm-latgen-faster[5.1.60~1-b2d5d]:DecodeUtteranceLatticeFaster():decoder-wrappers.cc:285) Log-like per frame for utterance NI29MBP_0101_0228931_0231611 is -4.50692 over 266 frames.
NI29MBP_0101_0238951_0240561 I'M 很多 多 过 
LOG (gmm-latgen-faster[5.1.60~1-b2d5d]:DecodeUtteranceLatticeFaster():decoder-wrappers.cc:285) Log-like per frame for utterance NI29MBP_0101_0238951_0240561 is -3.65071 over 159 frames.
NI29MBP_0101_0242901_0244341 都 有 都 有 不同 的 
LOG (gmm-latgen-faster[5.1.60~1-b2d5d]:DecodeUtteranceLatticeFaster():decoder-wrappers.cc:285) Log-like per frame for utterance NI29MBP_0101_0242901_0244341 is -4.28763 over 142 frames.
NI29MBP_0101_0247081_0250331 SIL2 还有 一些 DOLLARS COURSE 了 只是 
LOG (gmm-latgen-faster[5.1.60~1-b2d5d]:DecodeUtteranceLatticeFaster():decoder-wrappers.cc:285) Log-like per frame for utterance NI29MBP_0101_0247081_0250331 is -3.81507 over 323 frames.
NI29MBP_0101_0256871_0258921 TENNIS CONVERSATION LIMITED 少 
LOG (gmm-latgen-faster[5.1.60~1-b2d5d]:DecodeUtteranceLatticeFaster():decoder-wrappers.cc:285) Log-like per frame for utterance NI29MBP_0101_0256871_0258921 is -4.38132 over 203 frames.
NI29MBP_0101_0264341_0265601 工 钱 了 啦 
LOG (gmm-latgen-faster[5.1.60~1-b2d5d]:DecodeUtteranceLatticeFaster():decoder-wrappers.cc:285) Log-like per frame for utterance NI29MBP_0101_0264341_0265601 is -4.48572 over 124 frames.
NI29MBP_0101_0267861_0270161 只是 TWENTY ARE TAKEN 几个 CELL 
LOG (gmm-latgen-faster[5.1.60~1-b2d5d]:DecodeUtteranceLatticeFaster():decoder-wrappers.cc:285) Log-like per frame for utterance NI29MBP_0101_0267861_0270161 is -4.42616 over 228 frames.
NI29MBP_0101_0278341_0280231 我 去 家 也是 SIL2 
LOG (gmm-latgen-faster[5.1.60~1-b2d5d]:DecodeUtteranceLatticeFaster():decoder-wrappers.cc:285) Log-like per frame for utterance NI29MBP_0101_0278341_0280231 is -4.06753 over 187 frames.
NI29MBP_0101_0295591_0299981 可是 我 都 在 里面 不能 做 观众 我们 都是 做 这个 OK 
LOG (gmm-latgen-faster[5.1.60~1-b2d5d]:DecodeUtteranceLatticeFaster():decoder-wrappers.cc:285) Log-like per frame for utterance NI29MBP_0101_0295591_0299981 is -4.29274 over 437 frames.
NI29MBP_0101_0304771_0310001 那 年 要 FOR ME ALL THE MEANING 可是 
LOG (gmm-latgen-faster[5.1.60~1-b2d5d]:DecodeUtteranceLatticeFaster():decoder-wrappers.cc:285) Log-like per frame for utterance NI29MBP_0101_0304771_0310001 is -4.08678 over 521 frames.
NI29MBP_0101_0318991_0321271 我 的 之 前 我 觉得 这个 ER 
LOG (gmm-latgen-faster[5.1.60~1-b2d5d]:DecodeUtteranceLatticeFaster():decoder-wrappers.cc:285) Log-like per frame for utterance NI29MBP_0101_0318991_0321271 is -4.46403 over 226 frames.
NI29MBP_0101_0321561_0334971 还 不错 就是 可以 看到 MEAN 性 可以 有 那种 PLANNING 今年 啊 我 觉 得 中 了 你 跟 他 SO SO 会 做 工 学院 那种 MANAGEMENT SIL2 今年 的 
LOG (gmm-latgen-faster[5.1.60~1-b2d5d]:DecodeUtteranceLatticeFaster():decoder-wrappers.cc:285) Log-like per frame for utterance NI29MBP_0101_0321561_0334971 is -4.23764 over 1339 frames.
NI29MBP_0101_0341851_0344111 那种 比较 其实 我们 EH 
LOG (gmm-latgen-faster[5.1.60~1-b2d5d]:DecodeUtteranceLatticeFaster():decoder-wrappers.cc:285) Log-like per frame for utterance NI29MBP_0101_0341851_0344111 is -4.08001 over 224 frames.
NI29MBP_0101_0347261_0360031 SIL2 其实 我 只 是 MORE TO WALKIE TALKIE 最 人家 CRITIC 我 是 我 PROJECT 就是 讲 他们 做 是 走 快 点 啊 跟 跟着 TIMELINE 走 掉 
LOG (gmm-latgen-faster[5.1.60~1-b2d5d]:DecodeUtteranceLatticeFaster():decoder-wrappers.cc:285) Log-like per frame for utterance NI29MBP_0101_0347261_0360031 is -4.32153 over 1275 frames.
NI29MBP_0101_0360531_0364571 因为 其实 到 头 我们 还是 TEENAGER 一个 小 时 多 AH 
LOG (gmm-latgen-faster[5.1.60~1-b2d5d]:DecodeUtteranceLatticeFaster():decoder-wrappers.cc:285) Log-like per frame for utterance NI29MBP_0101_0360531_0364571 is -4.18382 over 402 frames.
NI29MBP_0101_0365441_0371041 所以 其实 不是 说 因为 有 很多 THEN 每 个 人 TAKE 一个 TEAM 那些 SPEAKER TO 
LOG (gmm-latgen-faster[5.1.60~1-b2d5d]:DecodeUtteranceLatticeFaster():decoder-wrappers.cc:285) Log-like per frame for utterance NI29MBP_0101_0365441_0371041 is -4.18974 over 558 frames.
NI29MBP_0101_0379081_0384541 今年 SIL2 我 没有 放 很多 组 合 啊 YOU SO 有 Q 的 
LOG (gmm-latgen-faster[5.1.60~1-b2d5d]:DecodeUtteranceLatticeFaster():decoder-wrappers.cc:285) Log-like per frame for utterance NI29MBP_0101_0379081_0384541 is -3.899 over 544 frames.
NI29MBP_0101_0384861_0389061 没有 自己 有 自 己 的 我 觉得 COMPOSITION 只是 自己 去 做 那个 去 
LOG (gmm-latgen-faster[5.1.60~1-b2d5d]:DecodeUtteranceLatticeFaster():decoder-wrappers.cc:285) Log-like per frame for utterance NI29MBP_0101_0384861_0389061 is -4.51833 over 418 frames.
NI29MBP_0101_0389231_0394121 然后 总 共 TOTAL 二十 都 会 SPONSOR 在 打 CHESTNUT 
LOG (gmm-latgen-faster[5.1.60~1-b2d5d]:DecodeUtteranceLatticeFaster():decoder-wrappers.cc:285) Log-like per frame for utterance NI29MBP_0101_0389231_0394121 is -4.3249 over 487 frames.
NI29MBP_0101_0396681_0408021 中学 中学 就是 最 多 可以 参加 的 ER 他们 去 叫 去 HIDING 越来越 我 们 的 I THINK 他们 一起 和 做 所以 有 兴趣 这个 就 去 I THINK 的 我 TEACHER 
LOG (gmm-latgen-faster[5.1.60~1-b2d5d]:DecodeUtteranceLatticeFaster():decoder-wrappers.cc:285) Log-like per frame for utterance NI29MBP_0101_0396681_0408021 is -4.28669 over 1132 frames.
NI29MBP_0101_0417741_0419791 有 有 UP TO YOU 可以 AH THEN 
LOG (gmm-latgen-faster[5.1.60~1-b2d5d]:DecodeUtteranceLatticeFaster():decoder-wrappers.cc:285) Log-like per frame for utterance NI29MBP_0101_0417741_0419791 is -3.9626 over 203 frames.
NI29MBP_0101_0425581_0435301 有 有 应该 是 有 ONE 去 可以 去 那 边 的 WEATHER IS WHAT C C IMPRESARIO 那个 是 SISSY I AM P R S K LA I DON'T TALK COCK 
LOG (gmm-latgen-faster[5.1.60~1-b2d5d]:DecodeUtteranceLatticeFaster():decoder-wrappers.cc:285) Log-like per frame for utterance NI29MBP_0101_0425581_0435301 is -4.0761 over 970 frames.
NI29MBP_0101_0447461_0450411 THEN SIL2 对 SO TEENAGERS 很 这个 
LOG (gmm-latgen-faster[5.1.60~1-b2d5d]:DecodeUtteranceLatticeFaster():decoder-wrappers.cc:285) Log-like per frame for utterance NI29MBP_0101_0447461_0450411 is -4.23328 over 293 frames.
NI29MBP_0101_0451841_0458381 其实 是 朋友 了 我 进 去 SIL2 有 有 SENIOR 在 你 的 SENIOR 就 讲 IN HALL 
LOG (gmm-latgen-faster[5.1.60~1-b2d5d]:DecodeUtteranceLatticeFaster():decoder-wrappers.cc:285) Log-like per frame for utterance NI29MBP_0101_0451841_0458381 is -4.37816 over 652 frames.
NI29MBP_0101_0464781_0468671 有时候 有时候 SIL2 没有 时间 TO SCHOOL 
LOG (gmm-latgen-faster[5.1.60~1-b2d5d]:DecodeUtteranceLatticeFaster():decoder-wrappers.cc:285) Log-like per frame for utterance NI29MBP_0101_0464781_0468671 is -3.88781 over 387 frames.
NI29MBP_0101_0483431_0491041 SIL2 SO 股 市 我 觉得 SIL2 因为 我们 大多数 时间 都 在 做 CO 活动 可是 
LOG (gmm-latgen-faster[5.1.60~1-b2d5d]:DecodeUtteranceLatticeFaster():decoder-wrappers.cc:285) Log-like per frame for utterance NI29MBP_0101_0483431_0491041 is -4.08986 over 759 frames.
NI29MBP_0101_0491631_0494991 只要 成绩 不会 太 吵 我 觉得 很 好 
LOG (gmm-latgen-faster[5.1.60~1-b2d5d]:DecodeUtteranceLatticeFaster():decoder-wrappers.cc:285) Log-like per frame for utterance NI29MBP_0101_0491631_0494991 is -4.12119 over 334 frames.
NI29MBP_0101_0505911_0510361 SIL2 我 在 家里 都是 讲 华 语 可是 ENGLISH AND 
LOG (gmm-latgen-faster[5.1.60~1-b2d5d]:DecodeUtteranceLatticeFaster():decoder-wrappers.cc:285) Log-like per frame for utterance NI29MBP_0101_0505911_0510361 is -3.88406 over 443 frames.
NI29MBP_0101_0511701_0515991 SIL2 不错 SIL2 然后 PROJECT 都是 在 用 ENGLISH 
LOG (gmm-latgen-faster[5.1.60~1-b2d5d]:DecodeUtteranceLatticeFaster():decoder-wrappers.cc:285) Log-like per frame for utterance NI29MBP_0101_0511701_0515991 is -4.26345 over 427 frames.
NI29MBP_0101_0520591_0526481 我 父亲 MENUS 是 TABLE BUT 他们 功 跑 用 英 语 工作 所以 在 讲 一直 讲 话 LEH 
LOG (gmm-latgen-faster[5.1.60~1-b2d5d]:DecodeUtteranceLatticeFaster():decoder-wrappers.cc:285) Log-like per frame for utterance NI29MBP_0101_0520591_0526481 is -4.71524 over 587 frames.
NI29MBP_0101_0539491_0557991 对 对 SIL2 就是 我 们 的 的 时候 COURSES I LOVE CLASS PARTICIPATION SIL2 INTERACT BUSINESS SCHOOL SWIMMER HOSPITAL 了 一个 SPEAKER KNOW COMPENSATION SIL2 WHICH IS BECAUSE YOU TAKE TEN PERCENT FOR FINAL PAPER 所以 我 都 STICK SIL2 
LOG (gmm-latgen-faster[5.1.60~1-b2d5d]:DecodeUtteranceLatticeFaster():decoder-wrappers.cc:285) Log-like per frame for utterance NI29MBP_0101_0539491_0557991 is -4.30192 over 1848 frames.
NI29MBP_0101_0564671_0567401 OK 好 成绩 
LOG (gmm-latgen-faster[5.1.60~1-b2d5d]:DecodeUtteranceLatticeFaster():decoder-wrappers.cc:285) Log-like per frame for utterance NI29MBP_0101_0564671_0567401 is -3.91378 over 271 frames.
NI29MBP_0101_0573781_0577651 AH NEVER 的 你 LEH 有 每 次 
LOG (gmm-latgen-faster[5.1.60~1-b2d5d]:DecodeUtteranceLatticeFaster():decoder-wrappers.cc:285) Log-like per frame for utterance NI29MBP_0101_0573781_0577651 is -4.06182 over 385 frames.
NI29MBP_0101_0581021_0591101 其实 SYSTEM C 我 觉得 SIL2 只是 给 你 过 很多 人 都 没有 我 FOR 给 你 过 不是 的 是 SO COOL 的 SIL2 
LOG (gmm-latgen-faster[5.1.60~1-b2d5d]:DecodeUtteranceLatticeFaster():decoder-wrappers.cc:285) Log-like per frame for utterance NI29MBP_0101_0581021_0591101 is -4.42402 over 1006 frames.
NI29MBP_0101_0603911_0614111 我 真 的 全部 CAMP 的 每 次 SIL2 我们 其实 到了 THEN 到 TAIWAN 去 NEGOTIATE 那 边 的 滩 那 边 的 去年 不是 很 
LOG (gmm-latgen-faster[5.1.60~1-b2d5d]:DecodeUtteranceLatticeFaster():decoder-wrappers.cc:285) Log-like per frame for utterance NI29MBP_0101_0603911_0614111 is -4.55415 over 1018 frames.
NI29MBP_0101_0615161_0625161 他 会 DIFFICULT 是 我们 自己 THE CHALET 过后 去 要 LEAN YOUR 去 BASIC 你 去 买 东 西 吃 东 西 的 
LOG (gmm-latgen-faster[5.1.60~1-b2d5d]:DecodeUtteranceLatticeFaster():decoder-wrappers.cc:285) Log-like per frame for utterance NI29MBP_0101_0615161_0625161 is -4.30418 over 998 frames.
NI29MBP_0101_0636241_0642821 我们 所以 我 人 就是 有 过 HIGH IS 我 SEE MY 就是 我们 去 
LOG (gmm-latgen-faster[5.1.60~1-b2d5d]:DecodeUtteranceLatticeFaster():decoder-wrappers.cc:285) Log-like per frame for utterance NI29MBP_0101_0636241_0642821 is -4.23483 over 656 frames.
NI29MBP_0101_0648761_0652871 还有 其实 MORE 人 不 对 有 分 很多 种 一 种 就是 DETERMINE MILD 的 
LOG (gmm-latgen-faster[5.1.60~1-b2d5d]:DecodeUtteranceLatticeFaster():decoder-wrappers.cc:285) Log-like per frame for utterance NI29MBP_0101_0648761_0652871 is -4.9872 over 409 frames.
NI29MBP_0101_0656471_0657751 SO 很多 东 西 是 
LOG (gmm-latgen-faster[5.1.60~1-b2d5d]:DecodeUtteranceLatticeFaster():decoder-wrappers.cc:285) Log-like per frame for utterance NI29MBP_0101_0656471_0657751 is -4.35773 over 126 frames.
NI29MBP_0101_0661561_0666041 是 突然 间 从 HIGH ON SITE 去 然后 就 SIL2 
LOG (gmm-latgen-faster[5.1.60~1-b2d5d]:DecodeUtteranceLatticeFaster():decoder-wrappers.cc:285) Log-like per frame for utterance NI29MBP_0101_0661561_0666041 is -4.28222 over 446 frames.
NI29MBP_0101_0668061_0672951 的 都是 比较 跟 跟 跟 他 STUDENT SIL2 
LOG (gmm-latgen-faster[5.1.60~1-b2d5d]:DecodeUtteranceLatticeFaster():decoder-wrappers.cc:285) Log-like per frame for utterance NI29MBP_0101_0668061_0672951 is -4.20728 over 487 frames.
NI29MBP_0101_0677461_0678881 变成 的 TRANSPORT 
LOG (gmm-latgen-faster[5.1.60~1-b2d5d]:DecodeUtteranceLatticeFaster():decoder-wrappers.cc:285) Log-like per frame for utterance NI29MBP_0101_0677461_0678881 is -4.62291 over 140 frames.
NI29MBP_0101_0683611_0693171 对 这 都是 在 所以 最终 是 TOSHIBA SIL2 U K C AH 这些 中 到 MARKS SIL2 多个 人 
LOG (gmm-latgen-faster[5.1.60~1-b2d5d]:DecodeUtteranceLatticeFaster():decoder-wrappers.cc:285) Log-like per frame for utterance NI29MBP_0101_0683611_0693171 is -4.18684 over 954 frames.
NI29MBP_0101_0693921_0695391 还有 THEN 我 NATION 的 
LOG (gmm-latgen-faster[5.1.60~1-b2d5d]:DecodeUtteranceLatticeFaster():decoder-wrappers.cc:285) Log-like per frame for utterance NI29MBP_0101_0693921_0695391 is -4.21904 over 145 frames.
NI29MBP_0101_0699311_0703631 主要 OH 就是 CLEAR MY CASINO SIL2 
LOG (gmm-latgen-faster[5.1.60~1-b2d5d]:DecodeUtteranceLatticeFaster():decoder-wrappers.cc:285) Log-like per frame for utterance NI29MBP_0101_0699311_0703631 is -4.20808 over 430 frames.
NI29MBP_0101_0705461_0708251 SIL2 不是 是 是 T J AH 
LOG (gmm-latgen-faster[5.1.60~1-b2d5d]:DecodeUtteranceLatticeFaster():decoder-wrappers.cc:285) Log-like per frame for utterance NI29MBP_0101_0705461_0708251 is -3.95794 over 277 frames.
NI29MBP_0101_0730471_0734241 有 兴趣 的 SIL2 SO SIL2 
LOG (gmm-latgen-faster[5.1.60~1-b2d5d]:DecodeUtteranceLatticeFaster():decoder-wrappers.cc:285) Log-like per frame for utterance NI29MBP_0101_0730471_0734241 is -3.95131 over 375 frames.
NI29MBP_0101_0735591_0739001 可是我 KIND OF COURSE SIL2 
LOG (gmm-latgen-faster[5.1.60~1-b2d5d]:DecodeUtteranceLatticeFaster():decoder-wrappers.cc:285) Log-like per frame for utterance NI29MBP_0101_0735591_0739001 is -3.97104 over 339 frames.
NI29MBP_0101_0741661_0743981 SO 觉得 不错 
LOG (gmm-latgen-faster[5.1.60~1-b2d5d]:DecodeUtteranceLatticeFaster():decoder-wrappers.cc:285) Log-like per frame for utterance NI29MBP_0101_0741661_0743981 is -4.63019 over 230 frames.
NI29MBP_0101_0744741_0748571 为什么 LEH 有 其实 AS IN 去 不错 啊 
LOG (gmm-latgen-faster[5.1.60~1-b2d5d]:DecodeUtteranceLatticeFaster():decoder-wrappers.cc:285) Log-like per frame for utterance NI29MBP_0101_0744741_0748571 is -4.43528 over 381 frames.
NI29MBP_0101_0756601_0758041 对 了 C SIL2 
LOG (gmm-latgen-faster[5.1.60~1-b2d5d]:DecodeUtteranceLatticeFaster():decoder-wrappers.cc:285) Log-like per frame for utterance NI29MBP_0101_0756601_0758041 is -4.098 over 142 frames.
NI29MBP_0101_0758831_0760331 新加坡 都 给 了 
LOG (gmm-latgen-faster[5.1.60~1-b2d5d]:DecodeUtteranceLatticeFaster():decoder-wrappers.cc:285) Log-like per frame for utterance NI29MBP_0101_0758831_0760331 is -4.594 over 148 frames.
NI29MBP_0101_0765011_0769691 有 O K BOX CO K BOX 的 BE FAMOUS 的 
LOG (gmm-latgen-faster[5.1.60~1-b2d5d]:DecodeUtteranceLatticeFaster():decoder-wrappers.cc:285) Log-like per frame for utterance NI29MBP_0101_0765011_0769691 is -4.08303 over 466 frames.
NI29MBP_0101_0771021_0777861 SO FAT 每 次 都 不同 了 大概 经济 EVERYTHING 的 是 SUPPORT SIDE AH 
LOG (gmm-latgen-faster[5.1.60~1-b2d5d]:DecodeUtteranceLatticeFaster():decoder-wrappers.cc:285) Log-like per frame for utterance NI29MBP_0101_0771021_0777861 is -4.32775 over 682 frames.
NI29MBP_0101_0778691_0783991 不是 一直 STUDY SIL2 不是 不是 IS REALLY NOT 就是 一个 这个 SESSION 
LOG (gmm-latgen-faster[5.1.60~1-b2d5d]:DecodeUtteranceLatticeFaster():decoder-wrappers.cc:285) Log-like per frame for utterance NI29MBP_0101_0778691_0783991 is -4.60231 over 528 frames.
NI29MBP_0101_0787981_0793771 还有 不同 的 TIME SLOT IS SO WE ALSO 有时候 球 老师 SIL2 的 
LOG (gmm-latgen-faster[5.1.60~1-b2d5d]:DecodeUtteranceLatticeFaster():decoder-wrappers.cc:285) Log-like per frame for utterance NI29MBP_0101_0787981_0793771 is -4.28463 over 577 frames.
NI29MBP_0101_0795161_0797591 THEN 就是 MARKET 应该 是 AH 
LOG (gmm-latgen-faster[5.1.60~1-b2d5d]:DecodeUtteranceLatticeFaster():decoder-wrappers.cc:285) Log-like per frame for utterance NI29MBP_0101_0795161_0797591 is -4.43619 over 241 frames.
NI29MBP_0101_0797861_0799891 可是 有时候 你 会 很 贵 很 贵 啊 
LOG (gmm-latgen-faster[5.1.60~1-b2d5d]:DecodeUtteranceLatticeFaster():decoder-wrappers.cc:285) Log-like per frame for utterance NI29MBP_0101_0797861_0799891 is -4.56944 over 201 frames.
NI29MBP_0101_0800201_0805081 那种 CHRISTMAS EVE 那种 PUBLIC HOLIDAY BEFORE FOR HOLIDAY 就 可能 多少 是 都 哭 的 
LOG (gmm-latgen-faster[5.1.60~1-b2d5d]:DecodeUtteranceLatticeFaster():decoder-wrappers.cc:285) Log-like per frame for utterance NI29MBP_0101_0800201_0805081 is -4.60705 over 486 frames.
NI29MBP_0101_0807781_0808901 不可 以 不可 以 
LOG (gmm-latgen-faster[5.1.60~1-b2d5d]:DecodeUtteranceLatticeFaster():decoder-wrappers.cc:285) Log-like per frame for utterance NI29MBP_0101_0807781_0808901 is -4.23763 over 110 frames.
NI29MBP_0101_0812501_0814821 那些 A WHILE LIKE STRUCTURE 
LOG (gmm-latgen-faster[5.1.60~1-b2d5d]:DecodeUtteranceLatticeFaster():decoder-wrappers.cc:285) Log-like per frame for utterance NI29MBP_0101_0812501_0814821 is -4.21957 over 230 frames.
NI29MBP_0101_0822861_0824421 THEN 是 SIL2 
LOG (gmm-latgen-faster[5.1.60~1-b2d5d]:DecodeUtteranceLatticeFaster():decoder-wrappers.cc:285) Log-like per frame for utterance NI29MBP_0101_0822861_0824421 is -4.2748 over 154 frames.
NI29MBP_0101_0831951_0835101 我们 都是 合 的 ER 还 A LEVELS 
LOG (gmm-latgen-faster[5.1.60~1-b2d5d]:DecodeUtteranceLatticeFaster():decoder-wrappers.cc:285) Log-like per frame for utterance NI29MBP_0101_0831951_0835101 is -4.24765 over 313 frames.
NI29MBP_0101_0839521_0840771 没有 SIL2 
LOG (gmm-latgen-faster[5.1.60~1-b2d5d]:DecodeUtteranceLatticeFaster():decoder-wrappers.cc:285) Log-like per frame for utterance NI29MBP_0101_0839521_0840771 is -4.03248 over 123 frames.
NI29MBP_0101_0846391_0847521 OFTEN 了 
LOG (gmm-latgen-faster[5.1.60~1-b2d5d]:DecodeUtteranceLatticeFaster():decoder-wrappers.cc:285) Log-like per frame for utterance NI29MBP_0101_0846391_0847521 is -4.13992 over 111 frames.
NI29MBP_0101_0847871_0854231 SIL2 到 DAY SCHOOL TIME AH EH 考虑 过 BUT THE WHOLE DAY 如果 LIKE TWO WEEKS ONCE 
LOG (gmm-latgen-faster[5.1.60~1-b2d5d]:DecodeUtteranceLatticeFaster():decoder-wrappers.cc:285) Log-like per frame for utterance NI29MBP_0101_0847871_0854231 is -4.1197 over 634 frames.
NI29MBP_0101_0854751_0862711 去 DEPENDS ON 没有 松 LA THE SINGLE 我们 就会 很 真 的 SYSTEM IS LOWER 都是 去 餐 就 跟 的 
LOG (gmm-latgen-faster[5.1.60~1-b2d5d]:DecodeUtteranceLatticeFaster():decoder-wrappers.cc:285) Log-like per frame for utterance NI29MBP_0101_0854751_0862711 is -4.31532 over 794 frames.
NI29MBP_0101_0869491_0871741 只是 喜欢 那个 BAH 
LOG (gmm-latgen-faster[5.1.60~1-b2d5d]:DecodeUtteranceLatticeFaster():decoder-wrappers.cc:285) Log-like per frame for utterance NI29MBP_0101_0869491_0871741 is -4.58777 over 223 frames.
NI29MBP_0101_0875631_0878891 新加坡 的 MARKET PLACE AH 很多 SPORTS 的 
LOG (gmm-latgen-faster[5.1.60~1-b2d5d]:DecodeUtteranceLatticeFaster():decoder-wrappers.cc:285) Log-like per frame for utterance NI29MBP_0101_0875631_0878891 is -4.65198 over 324 frames.
NI29MBP_0101_0880351_0886111 AH 那个 是 THEM IN SINGAPORE 不知 不知道 贵 了 所以 
LOG (gmm-latgen-faster[5.1.60~1-b2d5d]:DecodeUtteranceLatticeFaster():decoder-wrappers.cc:285) Log-like per frame for utterance NI29MBP_0101_0880351_0886111 is -4.10426 over 574 frames.
NI29MBP_0101_0886541_0888231 他 的 的 MODULES LO 
LOG (gmm-latgen-faster[5.1.60~1-b2d5d]:DecodeUtteranceLatticeFaster():decoder-wrappers.cc:285) Log-like per frame for utterance NI29MBP_0101_0886541_0888231 is -4.74566 over 167 frames.
NI29MBP_0101_0891361_0893411 IT'S A VERY CLOSE SIL2 
LOG (gmm-latgen-faster[5.1.60~1-b2d5d]:DecodeUtteranceLatticeFaster():decoder-wrappers.cc:285) Log-like per frame for utterance NI29MBP_0101_0891361_0893411 is -4.5357 over 203 frames.
NI29MBP_0101_0901221_0905421 SIL2 四个 一 NATIONWIDE 大家 都 可以 参加 可是 
LOG (gmm-latgen-faster[5.1.60~1-b2d5d]:DecodeUtteranceLatticeFaster():decoder-wrappers.cc:285) Log-like per frame for utterance NI29MBP_0101_0901221_0905421 is -4.17594 over 418 frames.
NI29MBP_0101_0905781_0907951 可能 那个 知 名 都 没有 什么 
LOG (gmm-latgen-faster[5.1.60~1-b2d5d]:DecodeUtteranceLatticeFaster():decoder-wrappers.cc:285) Log-like per frame for utterance NI29MBP_0101_0905781_0907951 is -4.39337 over 215 frames.
NI29MBP_0101_0909341_0913981 有 参加 参加 A MINI COOPER 我们 就是 他 的 个 他 们 的 
LOG (gmm-latgen-faster[5.1.60~1-b2d5d]:DecodeUtteranceLatticeFaster():decoder-wrappers.cc:285) Log-like per frame for utterance NI29MBP_0101_0909341_0913981 is -4.08519 over 462 frames.
NI29MBP_0101_0915931_0920671 那个 给 NEIGHBOUR 你 吃 BAH 是 那个 SINGAPORE 的 这个 
LOG (gmm-latgen-faster[5.1.60~1-b2d5d]:DecodeUtteranceLatticeFaster():decoder-wrappers.cc:285) Log-like per frame for utterance NI29MBP_0101_0915931_0920671 is -4.3309 over 472 frames.
NI29MBP_0101_0924781_0927881 SIL2 NO 有 POINT 是 我 也 不 清楚 其实 
LOG (gmm-latgen-faster[5.1.60~1-b2d5d]:DecodeUtteranceLatticeFaster():decoder-wrappers.cc:285) Log-like per frame for utterance NI29MBP_0101_0924781_0927881 is -4.19046 over 308 frames.
NI29MBP_0101_0934381_0938661 然后 今年 话 那个 是 跌倒 OR EXAMPLE 
LOG (gmm-latgen-faster[5.1.60~1-b2d5d]:DecodeUtteranceLatticeFaster():decoder-wrappers.cc:285) Log-like per frame for utterance NI29MBP_0101_0934381_0938661 is -4.51 over 426 frames.
NI29MBP_0101_0956348_0958628 我 打 篮球 AH BASKETBALL 
LOG (gmm-latgen-faster[5.1.60~1-b2d5d]:DecodeUtteranceLatticeFaster():decoder-wrappers.cc:285) Log-like per frame for utterance NI29MBP_0101_0956348_0958628 is -4.4058 over 226 frames.
NI29MBP_0101_0958948_0963788 我 喜欢 看 足球 可是 我 的 足球 SIL2 THEN SIL2 其实 就 
LOG (gmm-latgen-faster[5.1.60~1-b2d5d]:DecodeUtteranceLatticeFaster():decoder-wrappers.cc:285) Log-like per frame for utterance NI29MBP_0101_0958948_0963788 is -4.30162 over 482 frames.
NI29MBP_0101_0963878_0965838 我 SOCCER SCHOOL 整 场 CONCERT 
LOG (gmm-latgen-faster[5.1.60~1-b2d5d]:DecodeUtteranceLatticeFaster():decoder-wrappers.cc:285) Log-like per frame for utterance NI29MBP_0101_0963878_0965838 is -4.78856 over 194 frames.
NI29MBP_0101_0967128_0973568 是 篮球 足球 这些 叫 我 也 没有 什么 THE SPORTS K 跑 的 有 有 
LOG (gmm-latgen-faster[5.1.60~1-b2d5d]:DecodeUtteranceLatticeFaster():decoder-wrappers.cc:285) Log-like per frame for utterance NI29MBP_0101_0967128_0973568 is -4.29262 over 642 frames.
NI29MBP_0101_0973828_0979548 是 有用 SIL2 其实 我 有 参加 人 会 然 
LOG (gmm-latgen-faster[5.1.60~1-b2d5d]:DecodeUtteranceLatticeFaster():decoder-wrappers.cc:285) Log-like per frame for utterance NI29MBP_0101_0973828_0979548 is -3.84351 over 570 frames.
NI29MBP_0101_0982258_0984328 AH 可以 这样 讲 SIL2 
LOG (gmm-latgen-faster[5.1.60~1-b2d5d]:DecodeUtteranceLatticeFaster():decoder-wrappers.cc:285) Log-like per frame for utterance NI29MBP_0101_0982258_0984328 is -4.599 over 205 frames.
NI29MBP_0101_0994048_0995428 TO ANSWER 吃 的 
LOG (gmm-latgen-faster[5.1.60~1-b2d5d]:DecodeUtteranceLatticeFaster():decoder-wrappers.cc:285) Log-like per frame for utterance NI29MBP_0101_0994048_0995428 is -4.28854 over 136 frames.
NI29MBP_0101_1004548_1008818 去 过 时候 最 去 过 最 远 的 应该 是 TAIWAN BAH 
LOG (gmm-latgen-faster[5.1.60~1-b2d5d]:DecodeUtteranceLatticeFaster():decoder-wrappers.cc:285) Log-like per frame for utterance NI29MBP_0101_1004548_1008818 is -4.52608 over 425 frames.
NI29MBP_0101_1009558_1011568 没有 去 我 一直 想 去 EUROPE 了 
LOG (gmm-latgen-faster[5.1.60~1-b2d5d]:DecodeUtteranceLatticeFaster():decoder-wrappers.cc:285) Log-like per frame for utterance NI29MBP_0101_1009558_1011568 is -4.4128 over 199 frames.
NI29MBP_0101_1012568_1015008 RUNS ER 这种 都 没有 时间 
LOG (gmm-latgen-faster[5.1.60~1-b2d5d]:DecodeUtteranceLatticeFaster():decoder-wrappers.cc:285) Log-like per frame for utterance NI29MBP_0101_1012568_1015008 is -4.20192 over 242 frames.
NI29MBP_0101_1017878_1020478 就是 EXCHANGE PROGRAM SIL2 可是 
LOG (gmm-latgen-faster[5.1.60~1-b2d5d]:DecodeUtteranceLatticeFaster():decoder-wrappers.cc:285) Log-like per frame for utterance NI29MBP_0101_1017878_1020478 is -4.43761 over 258 frames.
NI29MBP_0101_1020618_1030458 我 都 没有 钱 去 SIL2 听说 觉得 没有 话 给 BOARD CUT SCENE ONE SCRIPT C B C D M H 的 对 所以 去 过 最 远 只是 去 台湾 
LOG (gmm-latgen-faster[5.1.60~1-b2d5d]:DecodeUtteranceLatticeFaster():decoder-wrappers.cc:285) Log-like per frame for utterance NI29MBP_0101_1020618_1030458 is -4.36948 over 982 frames.
NI29MBP_0101_1031028_1039488 己 的 兴趣 是 住 住 的 做 的 PLANTING AH 全部 一起 去 就是 自己 想 想 想 去 的 COACH SIL2 是 SIL2 
LOG (gmm-latgen-faster[5.1.60~1-b2d5d]:DecodeUtteranceLatticeFaster():decoder-wrappers.cc:285) Log-like per frame for utterance NI29MBP_0101_1031028_1039488 is -4.27893 over 844 frames.
NI29MBP_0101_1039918_1042238 我 觉得 小 时 我们 去 COACH 动 吗 
LOG (gmm-latgen-faster[5.1.60~1-b2d5d]:DecodeUtteranceLatticeFaster():decoder-wrappers.cc:285) Log-like per frame for utterance NI29MBP_0101_1039918_1042238 is -4.44719 over 230 frames.
NI29MBP_0101_1042778_1049098 我们 离开 CULTURAL 去 台 北 的 MY 天 THE 个 钱 的 MISTAKE 就 过 太 FOCUS SIL2 
LOG (gmm-latgen-faster[5.1.60~1-b2d5d]:DecodeUtteranceLatticeFaster():decoder-wrappers.cc:285) Log-like per frame for utterance NI29MBP_0101_1042778_1049098 is -4.23968 over 630 frames.
NI29MBP_0101_1060608_1061848 SIL2 SIL2 
LOG (gmm-latgen-faster[5.1.60~1-b2d5d]:DecodeUtteranceLatticeFaster():decoder-wrappers.cc:285) Log-like per frame for utterance NI29MBP_0101_1060608_1061848 is -4.11116 over 122 frames.
NI29MBP_0101_1069528_1073508 买 很多 SIL2 每 每 次 了 
LOG (gmm-latgen-faster[5.1.60~1-b2d5d]:DecodeUtteranceLatticeFaster():decoder-wrappers.cc:285) Log-like per frame for utterance NI29MBP_0101_1069528_1073508 is -4.40649 over 396 frames.
NI29MBP_0101_1076318_1086648 看 我 的 REASON 比较 会 找 PART 比较 比较 TOP FOUR BALL 觉得 如果 是 用 做 老师 少 新加坡 的 REASON 都 比较 POSSIBLE 
LOG (gmm-latgen-faster[5.1.60~1-b2d5d]:DecodeUtteranceLatticeFaster():decoder-wrappers.cc:285) Log-like per frame for utterance NI29MBP_0101_1076318_1086648 is -4.51631 over 1031 frames.
NI29MBP_0101_1098738_1100918 AS IN I I DON'T KNOW SO BUT 
LOG (gmm-latgen-faster[5.1.60~1-b2d5d]:DecodeUtteranceLatticeFaster():decoder-wrappers.cc:285) Log-like per frame for utterance NI29MBP_0101_1098738_1100918 is -4.76039 over 216 frames.
NI29MBP_0101_1103828_1113138 IS VERY CAREFUL CAUSE EVERYBODY IS A VERY 都 STRESS RESEARCH AH I THINK MAYBE SCHOOL HOLIDAY PERIOD 那个 WHEN THEY'RE SO 
LOG (gmm-latgen-faster[5.1.60~1-b2d5d]:DecodeUtteranceLatticeFaster():decoder-wrappers.cc:285) Log-like per frame for utterance NI29MBP_0101_1103828_1113138 is -4.04036 over 929 frames.
NI29MBP_0101_1113898_1119968 啊 YA I REALLY DON'T KNOW STRESS 的 FACE TAXI 很多 SIZE DIFFERENCE 都是 ER 
LOG (gmm-latgen-faster[5.1.60~1-b2d5d]:DecodeUtteranceLatticeFaster():decoder-wrappers.cc:285) Log-like per frame for utterance NI29MBP_0101_1113898_1119968 is -4.42442 over 605 frames.
NI29MBP_0101_1121208_1123348 I RATHER EXCHANGE 
LOG (gmm-latgen-faster[5.1.60~1-b2d5d]:DecodeUtteranceLatticeFaster():decoder-wrappers.cc:285) Log-like per frame for utterance NI29MBP_0101_1121208_1123348 is -4.39299 over 212 frames.
NI29MBP_0101_1129488_1132438 我 其实 我 真 的 觉得 SIL2 
LOG (gmm-latgen-faster[5.1.60~1-b2d5d]:DecodeUtteranceLatticeFaster():decoder-wrappers.cc:285) Log-like per frame for utterance NI29MBP_0101_1129488_1132438 is -4.43316 over 293 frames.
NI29MBP_0101_1138198_1141198 我们 学生 就是 的 成绩 AH 
LOG (gmm-latgen-faster[5.1.60~1-b2d5d]:DecodeUtteranceLatticeFaster():decoder-wrappers.cc:285) Log-like per frame for utterance NI29MBP_0101_1138198_1141198 is -3.7049 over 298 frames.
NI29MBP_0101_1141718_1149880 MOVIE 啊 很 COMPETITIVE SIL2 UNTIL 所以 有时候 不过 人 都 要 多 
LOG (gmm-latgen-faster[5.1.60~1-b2d5d]:DecodeUtteranceLatticeFaster():decoder-wrappers.cc:285) Log-like per frame for utterance NI29MBP_0101_1141718_1149880 is -3.84996 over 814 frames.
NI29MBP_0101_1150470_1152860 PROM 会 SIL2 他 是 靠 
LOG (gmm-latgen-faster[5.1.60~1-b2d5d]:DecodeUtteranceLatticeFaster():decoder-wrappers.cc:285) Log-like per frame for utterance NI29MBP_0101_1150470_1152860 is -4.6015 over 237 frames.
NI29MBP_0101_1154100_1157620 你 打 人 我 就 觉得 他们 其实 我 知道 
LOG (gmm-latgen-faster[5.1.60~1-b2d5d]:DecodeUtteranceLatticeFaster():decoder-wrappers.cc:285) Log-like per frame for utterance NI29MBP_0101_1154100_1157620 is -3.9202 over 350 frames.
NI29MBP_0101_1162190_1171570 这 是 什么 都 会 所以 千 多 种 了 很多 人 都 没有 钱 的 ER NO MONEY TO TAKE MOST NORMAL 过后 就 
LOG (gmm-latgen-faster[5.1.60~1-b2d5d]:DecodeUtteranceLatticeFaster():decoder-wrappers.cc:285) Log-like per frame for utterance NI29MBP_0101_1162190_1171570 is -4.0876 over 936 frames.
NI29MBP_0101_1181490_1183360 什么 我 不 清楚 SIL2 
LOG (gmm-latgen-faster[5.1.60~1-b2d5d]:DecodeUtteranceLatticeFaster():decoder-wrappers.cc:285) Log-like per frame for utterance NI29MBP_0101_1181490_1183360 is -3.82982 over 185 frames.
NI29MBP_0101_1198330_1200340 我 看 我 的 SO NOT 的 SIL2 
LOG (gmm-latgen-faster[5.1.60~1-b2d5d]:DecodeUtteranceLatticeFaster():decoder-wrappers.cc:285) Log-like per frame for utterance NI29MBP_0101_1198330_1200340 is -4.1327 over 199 frames.
NI29MBP_0101_1201180_1208090 最 喜欢 ER 其实 我 的 ROOM FOUR 我 就 好像 SIL2 可以 讲 ABOUT 四个 不可 以 
LOG (gmm-latgen-faster[5.1.60~1-b2d5d]:DecodeUtteranceLatticeFaster():decoder-wrappers.cc:285) Log-like per frame for utterance NI29MBP_0101_1201180_1208090 is -4.48754 over 689 frames.
NI29MBP_0101_1208960_1211630 TUTORIAL 珍 珠 奶 算 是 不错 SIL2 
LOG (gmm-latgen-faster[5.1.60~1-b2d5d]:DecodeUtteranceLatticeFaster():decoder-wrappers.cc:285) Log-like per frame for utterance NI29MBP_0101_1208960_1211630 is -3.85324 over 265 frames.
NI29MBP_0101_1217280_1222900 啊 因为 我 的 ARMY MAH 啊 CANADIAN 啊 你 面 前 的 
LOG (gmm-latgen-faster[5.1.60~1-b2d5d]:DecodeUtteranceLatticeFaster():decoder-wrappers.cc:285) Log-like per frame for utterance NI29MBP_0101_1217280_1222900 is -3.88342 over 560 frames.
NI29MBP_0101_1225640_1227690 那个 那个 PROFESSOR SIL2 
LOG (gmm-latgen-faster[5.1.60~1-b2d5d]:DecodeUtteranceLatticeFaster():decoder-wrappers.cc:285) Log-like per frame for utterance NI29MBP_0101_1225640_1227690 is -4.4176 over 203 frames.
NI29MBP_0101_1231650_1233470 LIKE 那种 对 对 
LOG (gmm-latgen-faster[5.1.60~1-b2d5d]:DecodeUtteranceLatticeFaster():decoder-wrappers.cc:285) Log-like per frame for utterance NI29MBP_0101_1231650_1233470 is -4.75969 over 180 frames.
NI29MBP_0101_1233840_1235260 可以 找 是 SIL2 
LOG (gmm-latgen-faster[5.1.60~1-b2d5d]:DecodeUtteranceLatticeFaster():decoder-wrappers.cc:285) Log-like per frame for utterance NI29MBP_0101_1233840_1235260 is -4.14956 over 140 frames.
NI29MBP_0101_1239570_1241790 就是 叫 我 的 给 他 没有 
LOG (gmm-latgen-faster[5.1.60~1-b2d5d]:DecodeUtteranceLatticeFaster():decoder-wrappers.cc:285) Log-like per frame for utterance NI29MBP_0101_1239570_1241790 is -4.31308 over 220 frames.
NI29MBP_0101_1244540_1251470 新加坡 很多 地方 都 有 是 LINK 就是 四 十 一 点 点 的 可是 PLAY BADMINTON 都是 LINGUISTICS 
LOG (gmm-latgen-faster[5.1.60~1-b2d5d]:DecodeUtteranceLatticeFaster():decoder-wrappers.cc:285) Log-like per frame for utterance NI29MBP_0101_1244540_1251470 is -4.35279 over 691 frames.
NI29MBP_0101_1252180_1258300 然后 MINOR 是 适应 的 食物 可是 食物 都 MORE COMPARE OVER 比较 好 吃 
LOG (gmm-latgen-faster[5.1.60~1-b2d5d]:DecodeUtteranceLatticeFaster():decoder-wrappers.cc:285) Log-like per frame for utterance NI29MBP_0101_1252180_1258300 is -4.1073 over 610 frames.
NI29MBP_0101_1268040_1272130 我 我 对 对 对 应该 是 可是 没有 什么 吃 AH 
LOG (gmm-latgen-faster[5.1.60~1-b2d5d]:DecodeUtteranceLatticeFaster():decoder-wrappers.cc:285) Log-like per frame for utterance NI29MBP_0101_1268040_1272130 is -4.45803 over 407 frames.
NI29MBP_0101_1289730_1303710 其实 一下 我 有 可是 现在 我 的 MUSEUM SIL2 EXHIBITION 都 不 出 名 了 的 他们 也 没 有 ADVERTISE 的 所以 大家 都 不 了 就 EH SO 我 我 最 RECENT 的 
LOG (gmm-latgen-faster[5.1.60~1-b2d5d]:DecodeUtteranceLatticeFaster():decoder-wrappers.cc:285) Log-like per frame for utterance NI29MBP_0101_1289730_1303710 is -4.19185 over 1396 frames.
NI29MBP_0101_1316891_1319451 应该 是 每个 经验 的 去 过 SIL2 
LOG (gmm-latgen-faster[5.1.60~1-b2d5d]:DecodeUtteranceLatticeFaster():decoder-wrappers.cc:285) Log-like per frame for utterance NI29MBP_0101_1316891_1319451 is -4.46072 over 254 frames.
NI29MBP_0101_1322141_1325421 SIL2 其实 才 四 天 时间 的 
LOG (gmm-latgen-faster[5.1.60~1-b2d5d]:DecodeUtteranceLatticeFaster():decoder-wrappers.cc:285) Log-like per frame for utterance NI29MBP_0101_1322141_1325421 is -4.10902 over 326 frames.
NI29MBP_0101_1328331_1332621 对 对 可是 中间 的 的 东 边 的 我们 都 会 去 的 
LOG (gmm-latgen-faster[5.1.60~1-b2d5d]:DecodeUtteranceLatticeFaster():decoder-wrappers.cc:285) Log-like per frame for utterance NI29MBP_0101_1328331_1332621 is -4.21475 over 427 frames.
NI29MBP_0101_1333711_1335611 SO WAH LISTEN TO 赵 启 
LOG (gmm-latgen-faster[5.1.60~1-b2d5d]:DecodeUtteranceLatticeFaster():decoder-wrappers.cc:285) Log-like per frame for utterance NI29MBP_0101_1333711_1335611 is -4.48236 over 188 frames.
NI29MBP_0101_1360361_1364731 如果 你 可以 去 MALAYSIA MALAYSIA 的 SEAFOOD 刚 好 更 好 吃 的 
LOG (gmm-latgen-faster[5.1.60~1-b2d5d]:DecodeUtteranceLatticeFaster():decoder-wrappers.cc:285) Log-like per frame for utterance NI29MBP_0101_1360361_1364731 is -4.31338 over 435 frames.
NI29MBP_0101_1368471_1376141 不用 钱 的 就是 ER J B JOB ALL THAT SAYS HAVE LESS 还 钱 的 NOTES AH 
LOG (gmm-latgen-faster[5.1.60~1-b2d5d]:DecodeUtteranceLatticeFaster():decoder-wrappers.cc:285) Log-like per frame for utterance NI29MBP_0101_1368471_1376141 is -4.15957 over 765 frames.
NI29MBP_0101_1376581_1381481 WHEN YOU PLAY 吵 可以 继续 讲 我 可以 讲 THEY DIDN'T 
LOG (gmm-latgen-faster[5.1.60~1-b2d5d]:DecodeUtteranceLatticeFaster():decoder-wrappers.cc:285) Log-like per frame for utterance NI29MBP_0101_1376581_1381481 is -4.13062 over 488 frames.
NI29MBP_0101_1406081_1415441 NO 是 说 我 觉得 台湾 的 STREETS 一点 LOT OF 很 LAME YOU ARE 新加坡 的 比较 ORGANIZE 的 
LOG (gmm-latgen-faster[5.1.60~1-b2d5d]:DecodeUtteranceLatticeFaster():decoder-wrappers.cc:285) Log-like per frame for utterance NI29MBP_0101_1406081_1415441 is -4.23096 over 934 frames.
NI29MBP_0101_1415891_1419461 SIL2 对 我 可是 我们 在 那 边 是 没有 了 
LOG (gmm-latgen-faster[5.1.60~1-b2d5d]:DecodeUtteranceLatticeFaster():decoder-wrappers.cc:285) Log-like per frame for utterance NI29MBP_0101_1415891_1419461 is -3.82851 over 355 frames.
NI29MBP_0101_1420571_1431331 最 好 几次 了 WATER BOTTLE 是 有时 有时 我 的 是 实际 的 是 THROUGH SIL2 对 可是 那 边 的 东 西 都 可以 啊 所以 你 东 西 好 吃 
LOG (gmm-latgen-faster[5.1.60~1-b2d5d]:DecodeUtteranceLatticeFaster():decoder-wrappers.cc:285) Log-like per frame for utterance NI29MBP_0101_1420571_1431331 is -4.28116 over 1074 frames.
NI29MBP_0101_1431701_1441861 也是 有 看 那个 SIL2 所以 我 觉得 全部 做 是 一个 CORNER THEN 他们 AH 是 要 会 讲 话 REASON THAT 去 COM COMMERCE 的 THAT 
LOG (gmm-latgen-faster[5.1.60~1-b2d5d]:DecodeUtteranceLatticeFaster():decoder-wrappers.cc:285) Log-like per frame for utterance NI29MBP_0101_1431701_1441861 is -4.26931 over 1014 frames.
NI29MBP_0101_1446071_1448781 我 觉得 都 很 好 看 的 ONE 
LOG (gmm-latgen-faster[5.1.60~1-b2d5d]:DecodeUtteranceLatticeFaster():decoder-wrappers.cc:285) Log-like per frame for utterance NI29MBP_0101_1446071_1448781 is -3.91267 over 269 frames.
NI29MBP_0101_1461801_1465271 我 也 不 错 SIL2 可能 ER 
LOG (gmm-latgen-faster[5.1.60~1-b2d5d]:DecodeUtteranceLatticeFaster():decoder-wrappers.cc:285) Log-like per frame for utterance NI29MBP_0101_1461801_1465271 is -4.14632 over 345 frames.
NI29MBP_0101_1466531_1468691 可能 可以 跟 关 系 BAH 这些 
LOG (gmm-latgen-faster[5.1.60~1-b2d5d]:DecodeUtteranceLatticeFaster():decoder-wrappers.cc:285) Log-like per frame for utterance NI29MBP_0101_1466531_1468691 is -4.35833 over 214 frames.
NI29MBP_0101_1476051_1481451 就是 叫 我 PERSON 几个 干 的 CITY 了 很多 SO 我 SIL2 
LOG (gmm-latgen-faster[5.1.60~1-b2d5d]:DecodeUtteranceLatticeFaster():decoder-wrappers.cc:285) Log-like per frame for utterance NI29MBP_0101_1476051_1481451 is -4.01222 over 538 frames.
NI29MBP_0101_1481811_1487151 他 在 看 都 觉得 很 感谢 SIL2 比较 PHYSICAL SIL2 COMPARED TO OTHER COUNTRIES 啊 
LOG (gmm-latgen-faster[5.1.60~1-b2d5d]:DecodeUtteranceLatticeFaster():decoder-wrappers.cc:285) Log-like per frame for utterance NI29MBP_0101_1481811_1487151 is -4.35208 over 532 frames.
NI29MBP_0101_1487531_1491781 所以 的 SIL2 可是 新加坡 我 可以 
LOG (gmm-latgen-faster[5.1.60~1-b2d5d]:DecodeUtteranceLatticeFaster():decoder-wrappers.cc:285) Log-like per frame for utterance NI29MBP_0101_1487531_1491781 is -3.47787 over 423 frames.
NI29MBP_0101_1492271_1494461 可能 我们 SINGAPORE 人 的 
LOG (gmm-latgen-faster[5.1.60~1-b2d5d]:DecodeUtteranceLatticeFaster():decoder-wrappers.cc:285) Log-like per frame for utterance NI29MBP_0101_1492271_1494461 is -4.05281 over 217 frames.
NI29MBP_0101_1495281_1497781 EH 对 对 对 FORM OK HOTEL SIL2 
LOG (gmm-latgen-faster[5.1.60~1-b2d5d]:DecodeUtteranceLatticeFaster():decoder-wrappers.cc:285) Log-like per frame for utterance NI29MBP_0101_1495281_1497781 is -4.2828 over 248 frames.
NI29MBP_0101_1499371_1502371 怎么 讲 ER 为 新加坡 人 其实 
LOG (gmm-latgen-faster[5.1.60~1-b2d5d]:DecodeUtteranceLatticeFaster():decoder-wrappers.cc:285) Log-like per frame for utterance NI29MBP_0101_1499371_1502371 is -3.91381 over 298 frames.
NI29MBP_0101_1502641_1506641 有时候 我们 ASEAN SO 叫 RESUME GO 可是 我 还是 
LOG (gmm-latgen-faster[5.1.60~1-b2d5d]:DecodeUtteranceLatticeFaster():decoder-wrappers.cc:285) Log-like per frame for utterance NI29MBP_0101_1502641_1506641 is -4.05163 over 398 frames.
NI29MBP_0101_1509471_1512501 这样 讲 很 只是 SIL2 在 在 在 工厂 做 
LOG (gmm-latgen-faster[5.1.60~1-b2d5d]:DecodeUtteranceLatticeFaster():decoder-wrappers.cc:285) Log-like per frame for utterance NI29MBP_0101_1509471_1512501 is -4.20352 over 301 frames.
NI29MBP_0101_1514961_1517431 SIL2 NO PHOTOS WHAT 
LOG (gmm-latgen-faster[5.1.60~1-b2d5d]:DecodeUtteranceLatticeFaster():decoder-wrappers.cc:285) Log-like per frame for utterance NI29MBP_0101_1514961_1517431 is -4.50153 over 245 frames.
NI29MBP_0101_1527251_1528881 新加坡 不错 的 
LOG (gmm-latgen-faster[5.1.60~1-b2d5d]:DecodeUtteranceLatticeFaster():decoder-wrappers.cc:285) Log-like per frame for utterance NI29MBP_0101_1527251_1528881 is -4.12566 over 161 frames.
NI29MBP_0101_1530541_1535091 SINGLE HALL YOU 刚 开 了 I ALSO 我 是 新加坡 东 西 
LOG (gmm-latgen-faster[5.1.60~1-b2d5d]:DecodeUtteranceLatticeFaster():decoder-wrappers.cc:285) Log-like per frame for utterance NI29MBP_0101_1530541_1535091 is -3.86703 over 453 frames.
NI29MBP_0101_1535771_1539141 SIL2 对 TOURISM SO 应该 有 很多 东 西 就 ONE AH 
LOG (gmm-latgen-faster[5.1.60~1-b2d5d]:DecodeUtteranceLatticeFaster():decoder-wrappers.cc:285) Log-like per frame for utterance NI29MBP_0101_1535771_1539141 is -4.20954 over 335 frames.
NI29MBP_0101_1541841_1547021 YOU SUPPOSE AH ZOO SIL2 THEN I SIL2 COS YOU KNOW 
LOG (gmm-latgen-faster[5.1.60~1-b2d5d]:DecodeUtteranceLatticeFaster():decoder-wrappers.cc:285) Log-like per frame for utterance NI29MBP_0101_1541841_1547021 is -3.70106 over 516 frames.
NI29MBP_0101_1550741_1558501 COCKROACH ITS 新加坡 CULTURE 很 好 SIL2 ALL THE CONTRARY 很多 马 来 IN TWO POINT FOR IT 
LOG (gmm-latgen-faster[5.1.60~1-b2d5d]:DecodeUtteranceLatticeFaster():decoder-wrappers.cc:285) Log-like per frame for utterance NI29MBP_0101_1550741_1558501 is -4.00101 over 774 frames.
NI29MBP_0101_1559271_1567091 所以 所以 钟 TO GET RICH 他们 LIFT SHAPE 不错 了 
LOG (gmm-latgen-faster[5.1.60~1-b2d5d]:DecodeUtteranceLatticeFaster():decoder-wrappers.cc:285) Log-like per frame for utterance NI29MBP_0101_1559271_1567091 is -3.82014 over 780 frames.
NI29MBP_0101_1570361_1577631 只是 做 HALL 是 从 没有 时间 的 到 现在 都 都 很 PEACEFUL 
LOG (gmm-latgen-faster[5.1.60~1-b2d5d]:DecodeUtteranceLatticeFaster():decoder-wrappers.cc:285) Log-like per frame for utterance NI29MBP_0101_1570361_1577631 is -3.85138 over 725 frames.
NI29MBP_0101_1582141_1583291 SO 
LOG (gmm-latgen-faster[5.1.60~1-b2d5d]:DecodeUtteranceLatticeFaster():decoder-wrappers.cc:285) Log-like per frame for utterance NI29MBP_0101_1582141_1583291 is -3.40607 over 113 frames.
NI29MBP_0101_1589891_1592871 其实 都是 GOVERNMENT 的 
LOG (gmm-latgen-faster[5.1.60~1-b2d5d]:DecodeUtteranceLatticeFaster():decoder-wrappers.cc:285) Log-like per frame for utterance NI29MBP_0101_1589891_1592871 is -4.41106 over 296 frames.
NI29MBP_0101_1595041_1596821 SIL2 PARTNERS 我 做 
LOG (gmm-latgen-faster[5.1.60~1-b2d5d]:DecodeUtteranceLatticeFaster():decoder-wrappers.cc:285) Log-like per frame for utterance NI29MBP_0101_1595041_1596821 is -4.54852 over 176 frames.
NI29MBP_0101_1597211_1603121 就是 因为 SIX 要 FOR MORE TO 很 STRICT SIL2 很多 东 西 都 不能 做 做 就是 WAYS AH 
LOG (gmm-latgen-faster[5.1.60~1-b2d5d]:DecodeUtteranceLatticeFaster():decoder-wrappers.cc:285) Log-like per frame for utterance NI29MBP_0101_1597211_1603121 is -4.53921 over 589 frames.
NI29MBP_0101_1604631_1607891 所以 的 很多 很多 KNOW SO 他 们 的 FREEDOM 对 
LOG (gmm-latgen-faster[5.1.60~1-b2d5d]:DecodeUtteranceLatticeFaster():decoder-wrappers.cc:285) Log-like per frame for utterance NI29MBP_0101_1604631_1607891 is -4.22315 over 324 frames.
NI29MBP_0101_1608731_1616851 AH 对 CONTROL 可是 我 觉得 其实 只要 国家 ER 过 的 HALL SO 会 吃 啦 HALL 的 
LOG (gmm-latgen-faster[5.1.60~1-b2d5d]:DecodeUtteranceLatticeFaster():decoder-wrappers.cc:285) Log-like per frame for utterance NI29MBP_0101_1608731_1616851 is -3.96874 over 810 frames.
NI29MBP_0101_1617791_1619851 就是 通过 太 多 了 
LOG (gmm-latgen-faster[5.1.60~1-b2d5d]:DecodeUtteranceLatticeFaster():decoder-wrappers.cc:285) Log-like per frame for utterance NI29MBP_0101_1617791_1619851 is -4.44415 over 204 frames.
NI29MBP_0101_1629091_1632301 AH OVER 可是 有时候 
LOG (gmm-latgen-faster[5.1.60~1-b2d5d]:DecodeUtteranceLatticeFaster():decoder-wrappers.cc:285) Log-like per frame for utterance NI29MBP_0101_1629091_1632301 is -3.90573 over 319 frames.
NI29MBP_0101_1633161_1635411 你 会 觉得 BUTTON 有 
LOG (gmm-latgen-faster[5.1.60~1-b2d5d]:DecodeUtteranceLatticeFaster():decoder-wrappers.cc:285) Log-like per frame for utterance NI29MBP_0101_1633161_1635411 is -3.59058 over 223 frames.
NI29MBP_0101_1636531_1639981 都 已经 HALL TWO 再 去 吃 SIL2 EH 
LOG (gmm-latgen-faster[5.1.60~1-b2d5d]:DecodeUtteranceLatticeFaster():decoder-wrappers.cc:285) Log-like per frame for utterance NI29MBP_0101_1636531_1639981 is -4.38792 over 343 frames.
NI29MBP_0101_1643231_1644571 YAH TRUE AH 
LOG (gmm-latgen-faster[5.1.60~1-b2d5d]:DecodeUtteranceLatticeFaster():decoder-wrappers.cc:285) Log-like per frame for utterance NI29MBP_0101_1643231_1644571 is -4.04626 over 132 frames.
NI29MBP_0101_1647021_1648121 SO AH 
LOG (gmm-latgen-faster[5.1.60~1-b2d5d]:DecodeUtteranceLatticeFaster():decoder-wrappers.cc:285) Log-like per frame for utterance NI29MBP_0101_1647021_1648121 is -3.63258 over 108 frames.
NI29MBP_0101_1652911_1655091 O C AS IN 
LOG (gmm-latgen-faster[5.1.60~1-b2d5d]:DecodeUtteranceLatticeFaster():decoder-wrappers.cc:285) Log-like per frame for utterance NI29MBP_0101_1652911_1655091 is -3.93245 over 216 frames.
NI29MBP_0101_1667041_1670531 对 SIL2 就是 因为 新加坡 多 啊 
LOG (gmm-latgen-faster[5.1.60~1-b2d5d]:DecodeUtteranceLatticeFaster():decoder-wrappers.cc:285) Log-like per frame for utterance NI29MBP_0101_1667041_1670531 is -4.31121 over 347 frames.
NI29MBP_0101_1671091_1677651 五个 小 的 台湾 可是 新加坡 HALL 如果 你 我 FOR CERTAIN 那个 OH REALLY HELP YOU MARCH 
LOG (gmm-latgen-faster[5.1.60~1-b2d5d]:DecodeUtteranceLatticeFaster():decoder-wrappers.cc:285) Log-like per frame for utterance NI29MBP_0101_1671091_1677651 is -4.18007 over 654 frames.
NI29MBP_0101_1679231_1685571 ER 没有 钱 SAME AS 政府 有 不会 好像 讲 那种 
LOG (gmm-latgen-faster[5.1.60~1-b2d5d]:DecodeUtteranceLatticeFaster():decoder-wrappers.cc:285) Log-like per frame for utterance NI29MBP_0101_1679231_1685571 is -3.87028 over 632 frames.
NI29MBP_0101_1686261_1692191 YOU OPEN COUNTRY 的 会 K 你 以前 COURSE 我 讲 SIL2 每天 就是 睡 觉 TOTAL 
LOG (gmm-latgen-faster[5.1.60~1-b2d5d]:DecodeUtteranceLatticeFaster():decoder-wrappers.cc:285) Log-like per frame for utterance NI29MBP_0101_1686261_1692191 is -3.99283 over 591 frames.
NI29MBP_0101_1698411_1699241 THAT'S WHAT 
LOG (gmm-latgen-faster[5.1.60~1-b2d5d]:DecodeUtteranceLatticeFaster():decoder-wrappers.cc:285) Log-like per frame for utterance NI29MBP_0101_1698411_1699241 is -4.10485 over 81 frames.
NI29MBP_0101_1704431_1713141 SIL2 我 觉得 I THINK AS IN 我 的 我们 IS VERY RICH 的 时候 我 NORMALLY SUBSIDIZED YOUR LIFE A BIT AH 
LOG (gmm-latgen-faster[5.1.60~1-b2d5d]:DecodeUtteranceLatticeFaster():decoder-wrappers.cc:285) Log-like per frame for utterance NI29MBP_0101_1704431_1713141 is -4.01354 over 869 frames.
NI29MBP_0101_1713381_1715511 BECAUSE OF THEM IS 
LOG (gmm-latgen-faster[5.1.60~1-b2d5d]:DecodeUtteranceLatticeFaster():decoder-wrappers.cc:285) Log-like per frame for utterance NI29MBP_0101_1713381_1715511 is -3.92512 over 211 frames.
NI29MBP_0101_1715791_1725541 他们 有些 真 的 是 我 FOR 在 做 工 啊 他们 不是 不 想 做 工 我 是 他们 自己 进 不 了 这种 可是 新加坡 还是 MAINTAIN 一个 很 STRICT THEN 就是 
LOG (gmm-latgen-faster[5.1.60~1-b2d5d]:DecodeUtteranceLatticeFaster():decoder-wrappers.cc:285) Log-like per frame for utterance NI29MBP_0101_1715791_1725541 is -4.55259 over 973 frames.
NI29MBP_0101_1725981_1729581 你 的 时候 是 COLLEAGUE 自己 SIL2 工 不会 POINT TWO 的 
LOG (gmm-latgen-faster[5.1.60~1-b2d5d]:DecodeUtteranceLatticeFaster():decoder-wrappers.cc:285) Log-like per frame for utterance NI29MBP_0101_1725981_1729581 is -4.60067 over 358 frames.
NI29MBP_0101_1737481_1744381 我 做 觉得 新加坡 的 太 多 钱 的 可是 你 也 不知道 放在 RIGHT 应该 QUANTITATIVE CONCERT 会 讲 
LOG (gmm-latgen-faster[5.1.60~1-b2d5d]:DecodeUtteranceLatticeFaster():decoder-wrappers.cc:285) Log-like per frame for utterance NI29MBP_0101_1737481_1744381 is -4.46397 over 688 frames.
NI29MBP_0101_1749221_1752991 对 了 这 这 是 这 这 是 一 小 部分 呢 
LOG (gmm-latgen-faster[5.1.60~1-b2d5d]:DecodeUtteranceLatticeFaster():decoder-wrappers.cc:285) Log-like per frame for utterance NI29MBP_0101_1749221_1752991 is -4.49501 over 375 frames.
NI29MBP_0101_1765071_1766331 可是 SO SIL2 
LOG (gmm-latgen-faster[5.1.60~1-b2d5d]:DecodeUtteranceLatticeFaster():decoder-wrappers.cc:285) Log-like per frame for utterance NI29MBP_0101_1765071_1766331 is -4.24568 over 124 frames.
NI29MBP_0101_1766821_1767971 VENICE SIL2 
LOG (gmm-latgen-faster[5.1.60~1-b2d5d]:DecodeUtteranceLatticeFaster():decoder-wrappers.cc:285) Log-like per frame for utterance NI29MBP_0101_1766821_1767971 is -4.1555 over 113 frames.
NI29MBP_0101_1775091_1776901 THEN 我 出来 了 我 才 
LOG (gmm-latgen-faster[5.1.60~1-b2d5d]:DecodeUtteranceLatticeFaster():decoder-wrappers.cc:285) Log-like per frame for utterance NI29MBP_0101_1775091_1776901 is -4.26793 over 179 frames.
NI29MBP_0101_1779431_1780791 最近 没有 时间 看 的 
LOG (gmm-latgen-faster[5.1.60~1-b2d5d]:DecodeUtteranceLatticeFaster():decoder-wrappers.cc:285) Log-like per frame for utterance NI29MBP_0101_1779431_1780791 is -4.52699 over 134 frames.
NI29MBP_0101_1784761_1787681 我 没有 我 这个 RESIDENT 我们 
LOG (gmm-latgen-faster[5.1.60~1-b2d5d]:DecodeUtteranceLatticeFaster():decoder-wrappers.cc:285) Log-like per frame for utterance NI29MBP_0101_1784761_1787681 is -4.00589 over 290 frames.
NI29MBP_0101_1793751_1798021 不知道 是 T J 的 三个 进 去 了 
LOG (gmm-latgen-faster[5.1.60~1-b2d5d]:DecodeUtteranceLatticeFaster():decoder-wrappers.cc:285) Log-like per frame for utterance NI29MBP_0101_1793751_1798021 is -3.86008 over 425 frames.
NI29MBP_0101_1802901_1804031 对 对 对 
LOG (gmm-latgen-faster[5.1.60~1-b2d5d]:DecodeUtteranceLatticeFaster():decoder-wrappers.cc:285) Log-like per frame for utterance NI29MBP_0101_1802901_1804031 is -4.66051 over 111 frames.
NI29MBP_0101_1804461_1805511 不是 不是 
LOG (gmm-latgen-faster[5.1.60~1-b2d5d]:DecodeUtteranceLatticeFaster():decoder-wrappers.cc:285) Log-like per frame for utterance NI29MBP_0101_1804461_1805511 is -4.39579 over 103 frames.
NI29MBP_0101_1814221_1815181 做 那种 
LOG (gmm-latgen-faster[5.1.60~1-b2d5d]:DecodeUtteranceLatticeFaster():decoder-wrappers.cc:285) Log-like per frame for utterance NI29MBP_0101_1814221_1815181 is -4.35077 over 94 frames.
NI29MBP_0101_1818041_1819151 对 对 对 啊 
LOG (gmm-latgen-faster[5.1.60~1-b2d5d]:DecodeUtteranceLatticeFaster():decoder-wrappers.cc:285) Log-like per frame for utterance NI29MBP_0101_1818041_1819151 is -4.36437 over 109 frames.
NI29MBP_0101_1822011_1824831 SO IS IT 
LOG (gmm-latgen-faster[5.1.60~1-b2d5d]:DecodeUtteranceLatticeFaster():decoder-wrappers.cc:285) Log-like per frame for utterance NI29MBP_0101_1822011_1824831 is -4.62768 over 280 frames.
NI29MBP_0101_1829761_1831291 WELL 
LOG (gmm-latgen-faster[5.1.60~1-b2d5d]:DecodeUtteranceLatticeFaster():decoder-wrappers.cc:285) Log-like per frame for utterance NI29MBP_0101_1829761_1831291 is -3.9211 over 151 frames.
NI29MBP_0101_1832811_1834761 AFTER 这 这些 那么 
LOG (gmm-latgen-faster[5.1.60~1-b2d5d]:DecodeUtteranceLatticeFaster():decoder-wrappers.cc:285) Log-like per frame for utterance NI29MBP_0101_1832811_1834761 is -4.37837 over 193 frames.
NI29MBP_0101_1843941_1845921 ER 其实 我 跟 我 家人 
LOG (gmm-latgen-faster[5.1.60~1-b2d5d]:DecodeUtteranceLatticeFaster():decoder-wrappers.cc:285) Log-like per frame for utterance NI29MBP_0101_1843941_1845921 is -3.79593 over 196 frames.
NI29MBP_0101_1846361_1849241 我 的 爸 爸 是 属于 那种 比较 STRICT 
LOG (gmm-latgen-faster[5.1.60~1-b2d5d]:DecodeUtteranceLatticeFaster():decoder-wrappers.cc:285) Log-like per frame for utterance NI29MBP_0101_1846361_1849241 is -4.43274 over 286 frames.
NI29MBP_0101_1851661_1852671 不是 不是 
LOG (gmm-latgen-faster[5.1.60~1-b2d5d]:DecodeUtteranceLatticeFaster():decoder-wrappers.cc:285) Log-like per frame for utterance NI29MBP_0101_1851661_1852671 is -4.29065 over 99 frames.
NI29MBP_0101_1852981_1861321 是 WAREHOUSE CONTROLLER 我 COURSE MANAGER 的 COLLEAGUE MY HALL STUFF 就是 他 比较 
LOG (gmm-latgen-faster[5.1.60~1-b2d5d]:DecodeUtteranceLatticeFaster():decoder-wrappers.cc:285) Log-like per frame for utterance NI29MBP_0101_1852981_1861321 is -4.17085 over 832 frames.
NI29MBP_0101_1861321_1862951 STATE 怎么 讲 
LOG (gmm-latgen-faster[5.1.60~1-b2d5d]:DecodeUtteranceLatticeFaster():decoder-wrappers.cc:285) Log-like per frame for utterance NI29MBP_0101_1861321_1862951 is -4.34385 over 161 frames.
NI29MBP_0101_1863161_1866761 所以 一个 对 所以 我 们 的 家 其实 都是 SIL2 
LOG (gmm-latgen-faster[5.1.60~1-b2d5d]:DecodeUtteranceLatticeFaster():decoder-wrappers.cc:285) Log-like per frame for utterance NI29MBP_0101_1863161_1866761 is -3.93329 over 358 frames.
NI29MBP_0101_1867441_1870781 很 少 有 那种 一起 和 多 东 西 啊 都是 很 
LOG (gmm-latgen-faster[5.1.60~1-b2d5d]:DecodeUtteranceLatticeFaster():decoder-wrappers.cc:285) Log-like per frame for utterance NI29MBP_0101_1867441_1870781 is -4.5112 over 332 frames.
NI29MBP_0101_1871041_1875081 吃饭 是 就是 这个 讲 SIL2 SIL2 
LOG (gmm-latgen-faster[5.1.60~1-b2d5d]:DecodeUtteranceLatticeFaster():decoder-wrappers.cc:285) Log-like per frame for utterance NI29MBP_0101_1871041_1875081 is -4.23196 over 402 frames.
NI29MBP_0101_1879281_1881831 CALL MAMA ER 那个 就 觉得 
LOG (gmm-latgen-faster[5.1.60~1-b2d5d]:DecodeUtteranceLatticeFaster():decoder-wrappers.cc:285) Log-like per frame for utterance NI29MBP_0101_1879281_1881831 is -3.68961 over 253 frames.
NI29MBP_0101_1882881_1884561 对 我 是 TEACHER 
LOG (gmm-latgen-faster[5.1.60~1-b2d5d]:DecodeUtteranceLatticeFaster():decoder-wrappers.cc:285) Log-like per frame for utterance NI29MBP_0101_1882881_1884561 is -4.10425 over 166 frames.
NI29MBP_0101_1890691_1898261 直接 对 我 就是 如果 我 跟 个 啊 还没有 SIL2 很 怕 不可 以 回去 的 
LOG (gmm-latgen-faster[5.1.60~1-b2d5d]:DecodeUtteranceLatticeFaster():decoder-wrappers.cc:285) Log-like per frame for utterance NI29MBP_0101_1890691_1898261 is -3.81724 over 755 frames.
NI29MBP_0101_1898661_1908301 我 这个 其实 你 是 有一个 DEGREE 的 ACTIVITY 可是 他 没有 这种 CALL ER OK SO TIME THEN 的 
LOG (gmm-latgen-faster[5.1.60~1-b2d5d]:DecodeUtteranceLatticeFaster():decoder-wrappers.cc:285) Log-like per frame for utterance NI29MBP_0101_1898661_1908301 is -3.98191 over 962 frames.
NI29MBP_0101_1911951_1915061 啊 ENOUGH TO SUSTAIN ENOUGH TO CIVIL 
LOG (gmm-latgen-faster[5.1.60~1-b2d5d]:DecodeUtteranceLatticeFaster():decoder-wrappers.cc:285) Log-like per frame for utterance NI29MBP_0101_1911951_1915061 is -4.40434 over 309 frames.
NI29MBP_0101_1917891_1924971 他 每 次 都 参加 那种 BOOK ACCOMMODATION 啊 POLYMER 到 我们 这种 
LOG (gmm-latgen-faster[5.1.60~1-b2d5d]:DecodeUtteranceLatticeFaster():decoder-wrappers.cc:285) Log-like per frame for utterance NI29MBP_0101_1917891_1924971 is -4.19531 over 706 frames.
NI29MBP_0101_1925041_1926111 后 天 
LOG (gmm-latgen-faster[5.1.60~1-b2d5d]:DecodeUtteranceLatticeFaster():decoder-wrappers.cc:285) Log-like per frame for utterance NI29MBP_0101_1925041_1926111 is -4.28316 over 105 frames.
NI29MBP_0101_1930071_1931641 对 TEXAS LO 
LOG (gmm-latgen-faster[5.1.60~1-b2d5d]:DecodeUtteranceLatticeFaster():decoder-wrappers.cc:285) Log-like per frame for utterance NI29MBP_0101_1930071_1931641 is -4.51392 over 155 frames.
NI29MBP_0101_1934151_1941581 I DON'T THINK SO SIL2 可是 I 参加 过 听 多 我们 LISTEN TO 营 一 点 点 钱 MAH 过 什么 
LOG (gmm-latgen-faster[5.1.60~1-b2d5d]:DecodeUtteranceLatticeFaster():decoder-wrappers.cc:285) Log-like per frame for utterance NI29MBP_0101_1934151_1941581 is -4.46594 over 741 frames.
NI29MBP_0101_1945451_1950841 没有 可是 我 觉得 TO DO SIL2 A LOT FROM A CERTAIN SIL2 
LOG (gmm-latgen-faster[5.1.60~1-b2d5d]:DecodeUtteranceLatticeFaster():decoder-wrappers.cc:285) Log-like per frame for utterance NI29MBP_0101_1945451_1950841 is -4.07699 over 537 frames.
NI29MBP_0101_1957541_1968721 THEN 我 PHOTO SIL2 SIL2 不 需要 话 可以 得 TYPICAL FROM 久 因为 他 现在 又 不是 已经 有一个 很 大 的 TENDER 就是 出去 做 工 了 去 
LOG (gmm-latgen-faster[5.1.60~1-b2d5d]:DecodeUtteranceLatticeFaster():decoder-wrappers.cc:285) Log-like per frame for utterance NI29MBP_0101_1957541_1968721 is -4.23111 over 1116 frames.
NI29MBP_0101_1974641_1975591 SO ER 
LOG (gmm-latgen-faster[5.1.60~1-b2d5d]:DecodeUtteranceLatticeFaster():decoder-wrappers.cc:285) Log-like per frame for utterance NI29MBP_0101_1974641_1975591 is -4.04445 over 93 frames.
NI29MBP_0101_1985311_1988571 ER 有 两个 MIDDLE OF 
LOG (gmm-latgen-faster[5.1.60~1-b2d5d]:DecodeUtteranceLatticeFaster():decoder-wrappers.cc:285) Log-like per frame for utterance NI29MBP_0101_1985311_1988571 is -3.73482 over 324 frames.
NI29MBP_0101_1992131_1994411 应该 是 算 是 SIL2 RISKY 
LOG (gmm-latgen-faster[5.1.60~1-b2d5d]:DecodeUtteranceLatticeFaster():decoder-wrappers.cc:285) Log-like per frame for utterance NI29MBP_0101_1992131_1994411 is -4.563 over 226 frames.
NI29MBP_0101_1998751_2000201 SIL2 还是 BUSINESS 
LOG (gmm-latgen-faster[5.1.60~1-b2d5d]:DecodeUtteranceLatticeFaster():decoder-wrappers.cc:285) Log-like per frame for utterance NI29MBP_0101_1998751_2000201 is -4.12554 over 143 frames.
NI29MBP_0101_2001201_2004991 我 的 CORE 的 西 EH 我 也 是 N B S 的 
LOG (gmm-latgen-faster[5.1.60~1-b2d5d]:DecodeUtteranceLatticeFaster():decoder-wrappers.cc:285) Log-like per frame for utterance NI29MBP_0101_2001201_2004991 is -4.29134 over 377 frames.
NI29MBP_0101_2008301_2010871 SIL2 他 们 是 说 是 
LOG (gmm-latgen-faster[5.1.60~1-b2d5d]:DecodeUtteranceLatticeFaster():decoder-wrappers.cc:285) Log-like per frame for utterance NI29MBP_0101_2008301_2010871 is -3.6702 over 255 frames.
NI29MBP_0101_2011641_2014991 YA 是 到 做 因为 每个 工 是 TOSHIBA QUARTER 
LOG (gmm-latgen-faster[5.1.60~1-b2d5d]:DecodeUtteranceLatticeFaster():decoder-wrappers.cc:285) Log-like per frame for utterance NI29MBP_0101_2011641_2014991 is -4.51819 over 333 frames.
NI29MBP_0101_2015151_2019301 WE PROBLEM 不能 RETRENCHED TAKE 什么 COURSE 的 
LOG (gmm-latgen-faster[5.1.60~1-b2d5d]:DecodeUtteranceLatticeFaster():decoder-wrappers.cc:285) Log-like per frame for utterance NI29MBP_0101_2015151_2019301 is -4.22533 over 413 frames.
NI29MBP_0101_2029181_2031381 GOT ADDICTED 的 TABLE 
LOG (gmm-latgen-faster[5.1.60~1-b2d5d]:DecodeUtteranceLatticeFaster():decoder-wrappers.cc:285) Log-like per frame for utterance NI29MBP_0101_2029181_2031381 is -4.65784 over 218 frames.
NI29MBP_0101_2042651_2044031 SIL2 ACTUALLY 
LOG (gmm-latgen-faster[5.1.60~1-b2d5d]:DecodeUtteranceLatticeFaster():decoder-wrappers.cc:285) Log-like per frame for utterance NI29MBP_0101_2042651_2044031 is -4.3682 over 136 frames.
NI29MBP_0101_2047441_2048861 他 很 清楚 啊 
LOG (gmm-latgen-faster[5.1.60~1-b2d5d]:DecodeUtteranceLatticeFaster():decoder-wrappers.cc:285) Log-like per frame for utterance NI29MBP_0101_2047441_2048861 is -4.55599 over 140 frames.
NI29MBP_0101_2059741_2062311 当 加 入 STARTING PAY 的 是 两千 
LOG (gmm-latgen-faster[5.1.60~1-b2d5d]:DecodeUtteranceLatticeFaster():decoder-wrappers.cc:285) Log-like per frame for utterance NI29MBP_0101_2059741_2062311 is -4.37476 over 255 frames.
NI29MBP_0101_2063141_2070461 其实 也 不 多 很 COMPETITIVE 的 可是 去 我 听说 是 三千 POOL 
LOG (gmm-latgen-faster[5.1.60~1-b2d5d]:DecodeUtteranceLatticeFaster():decoder-wrappers.cc:285) Log-like per frame for utterance NI29MBP_0101_2063141_2070461 is -4.13288 over 730 frames.
NI29MBP_0101_2072891_2078861 SO 我们 叫 SING 会 TAKE 过 EH THEN 几个 RATE 没有 贵 就 叫 吃 SIL2 
LOG (gmm-latgen-faster[5.1.60~1-b2d5d]:DecodeUtteranceLatticeFaster():decoder-wrappers.cc:285) Log-like per frame for utterance NI29MBP_0101_2072891_2078861 is -4.2679 over 595 frames.
NI29MBP_0101_2082931_2085071 不能 IS BOARDS 
LOG (gmm-latgen-faster[5.1.60~1-b2d5d]:DecodeUtteranceLatticeFaster():decoder-wrappers.cc:285) Log-like per frame for utterance NI29MBP_0101_2082931_2085071 is -4.17928 over 212 frames.
NI29MBP_0101_2094101_2104931 因为 新加坡 新加坡 的 BATCH 的 RESOURCES 叫 我 没有 LECTURE IS ALSO 所以 我 们 的 我 你 RESOURCES 是 就 NORMAL 就是 我 们 的 人 啊 所以 这个 我 们 的 人 
LOG (gmm-latgen-faster[5.1.60~1-b2d5d]:DecodeUtteranceLatticeFaster():decoder-wrappers.cc:285) Log-like per frame for utterance NI29MBP_0101_2094101_2104931 is -4.15673 over 1081 frames.
NI29MBP_0101_2107301_2111761 新加坡 我 是 叫 我 是 靠 我 的 人才 在 PHOTO SIL2 
LOG (gmm-latgen-faster[5.1.60~1-b2d5d]:DecodeUtteranceLatticeFaster():decoder-wrappers.cc:285) Log-like per frame for utterance NI29MBP_0101_2107301_2111761 is -4.46125 over 444 frames.
NI29MBP_0101_2113931_2114871 对 对 
LOG (gmm-latgen-faster[5.1.60~1-b2d5d]:DecodeUtteranceLatticeFaster():decoder-wrappers.cc:285) Log-like per frame for utterance NI29MBP_0101_2113931_2114871 is -4.1713 over 92 frames.
NI29MBP_0101_2119401_2121871 还有 SIL2 我们 读 的 都是 
LOG (gmm-latgen-faster[5.1.60~1-b2d5d]:DecodeUtteranceLatticeFaster():decoder-wrappers.cc:285) Log-like per frame for utterance NI29MBP_0101_2119401_2121871 is -4.53056 over 245 frames.
NI29MBP_0101_2128041_2129401 自己 其实 ER 
LOG (gmm-latgen-faster[5.1.60~1-b2d5d]:DecodeUtteranceLatticeFaster():decoder-wrappers.cc:285) Log-like per frame for utterance NI29MBP_0101_2128041_2129401 is -4.42388 over 134 frames.
NI29MBP_0101_2131141_2134381 SIL2 还 好 LA 我 CAMP 的 
LOG (gmm-latgen-faster[5.1.60~1-b2d5d]:DecodeUtteranceLatticeFaster():decoder-wrappers.cc:285) Log-like per frame for utterance NI29MBP_0101_2131141_2134381 is -4.33268 over 322 frames.
NI29MBP_0101_2135941_2140501 YOU YOU YOU TO STATISTICS 我 那个 我 TUTOR 的 PHOTO SIL2 
LOG (gmm-latgen-faster[5.1.60~1-b2d5d]:DecodeUtteranceLatticeFaster():decoder-wrappers.cc:285) Log-like per frame for utterance NI29MBP_0101_2135941_2140501 is -4.36173 over 454 frames.
NI29MBP_0101_2149871_2152051 其实 我 觉得 
LOG (gmm-latgen-faster[5.1.60~1-b2d5d]:DecodeUtteranceLatticeFaster():decoder-wrappers.cc:285) Log-like per frame for utterance NI29MBP_0101_2149871_2152051 is -3.47459 over 216 frames.
NI29MBP_0101_2155561_2160681 BECAUSE 兴趣 BAH 就是 SIL2 其实 SIL2 
LOG (gmm-latgen-faster[5.1.60~1-b2d5d]:DecodeUtteranceLatticeFaster():decoder-wrappers.cc:285) Log-like per frame for utterance NI29MBP_0101_2155561_2160681 is -4.18172 over 510 frames.
NI29MBP_0101_2161371_2163281 NO 是 说 SITE SIL2 
LOG (gmm-latgen-faster[5.1.60~1-b2d5d]:DecodeUtteranceLatticeFaster():decoder-wrappers.cc:285) Log-like per frame for utterance NI29MBP_0101_2161371_2163281 is -4.25888 over 189 frames.
NI29MBP_0101_2163941_2177861 ER 自己 学 J C AH ER JUNIOR COLLEGE 读 PHYSICS TO CHEMISTRY TO 对 对 EH YOU JUST SIL2 小 HALL 一个 新的 东 西 来到 所以 我 就 选 这 THIS RECORDING 啊 我 不 想 在 TO ENGINEERING 这种 会 是 
LOG (gmm-latgen-faster[5.1.60~1-b2d5d]:DecodeUtteranceLatticeFaster():decoder-wrappers.cc:285) Log-like per frame for utterance NI29MBP_0101_2163941_2177861 is -4.40616 over 1390 frames.
NI29MBP_0101_2184221_2188161 就 BUSINESS COURSE THINK 还有 BUSINESS LIKE COMPUTING 啊 
LOG (gmm-latgen-faster[5.1.60~1-b2d5d]:DecodeUtteranceLatticeFaster():decoder-wrappers.cc:285) Log-like per frame for utterance NI29MBP_0101_2184221_2188161 is -4.37069 over 392 frames.
NI29MBP_0101_2188651_2191631 那个 我 不大 清楚 就是 直接 SOCK AH 
LOG (gmm-latgen-faster[5.1.60~1-b2d5d]:DecodeUtteranceLatticeFaster():decoder-wrappers.cc:285) Log-like per frame for utterance NI29MBP_0101_2188651_2191631 is -4.69476 over 296 frames.
NI29MBP_0101_2193251_2195501 BUSINESS ACCOUNTING 还有 BUSINESS COMPUTING 
LOG (gmm-latgen-faster[5.1.60~1-b2d5d]:DecodeUtteranceLatticeFaster():decoder-wrappers.cc:285) Log-like per frame for utterance NI29MBP_0101_2193251_2195501 is -4.45374 over 223 frames.
NI29MBP_0101_2198241_2200971 BUSINESS 还有 分 很多 SPECIALIZE H 啊 
LOG (gmm-latgen-faster[5.1.60~1-b2d5d]:DecodeUtteranceLatticeFaster():decoder-wrappers.cc:285) Log-like per frame for utterance NI29MBP_0101_2198241_2200971 is -4.3289 over 271 frames.
NI29MBP_0101_2201401_2209251 YOU TOURISM 的 STORIES 了 啊 看到 MAVIS SIL2 ACTUAL SCIENCE 
LOG (gmm-latgen-faster[5.1.60~1-b2d5d]:DecodeUtteranceLatticeFaster():decoder-wrappers.cc:285) Log-like per frame for utterance NI29MBP_0101_2201401_2209251 is -3.78495 over 783 frames.
NI29MBP_0101_2210391_2212111 SIL2 那种 SIL2 
LOG (gmm-latgen-faster[5.1.60~1-b2d5d]:DecodeUtteranceLatticeFaster():decoder-wrappers.cc:285) Log-like per frame for utterance NI29MBP_0101_2210391_2212111 is -4.3079 over 170 frames.
NI29MBP_0101_2212881_2218071 ER 还有 SIL2 我 想 起来 有 是 BUSINESS 我 SECOND 还有 MARKETING 
LOG (gmm-latgen-faster[5.1.60~1-b2d5d]:DecodeUtteranceLatticeFaster():decoder-wrappers.cc:285) Log-like per frame for utterance NI29MBP_0101_2212881_2218071 is -4.12061 over 517 frames.
NI29MBP_0101_2221051_2222721 NO 是 ACCOUNTANCY 对 
LOG (gmm-latgen-faster[5.1.60~1-b2d5d]:DecodeUtteranceLatticeFaster():decoder-wrappers.cc:285) Log-like per frame for utterance NI29MBP_0101_2221051_2222721 is -4.55476 over 165 frames.
NI29MBP_0101_2224681_2225881 SIL2 对 
LOG (gmm-latgen-faster[5.1.60~1-b2d5d]:DecodeUtteranceLatticeFaster():decoder-wrappers.cc:285) Log-like per frame for utterance NI29MBP_0101_2224681_2225881 is -4.04893 over 118 frames.
NI29MBP_0101_2242341_2244321 应该 是 是 觉得 SIL2 
LOG (gmm-latgen-faster[5.1.60~1-b2d5d]:DecodeUtteranceLatticeFaster():decoder-wrappers.cc:285) Log-like per frame for utterance NI29MBP_0101_2242341_2244321 is -4.19529 over 196 frames.
NI29MBP_0101_2246001_2247721 是 时候 TACTICS SIL2 
LOG (gmm-latgen-faster[5.1.60~1-b2d5d]:DecodeUtteranceLatticeFaster():decoder-wrappers.cc:285) Log-like per frame for utterance NI29MBP_0101_2246001_2247721 is -4.53555 over 170 frames.
NI29MBP_0101_2251061_2258671 SIL2 清楚 SIL2 所以 我 有 读 过 只是 我 只是 读 什么 CALL 可以 TEXT 我 忘记 是 的 
LOG (gmm-latgen-faster[5.1.60~1-b2d5d]:DecodeUtteranceLatticeFaster():decoder-wrappers.cc:285) Log-like per frame for utterance NI29MBP_0101_2251061_2258671 is -4.5934 over 759 frames.
NI29MBP_0101_2266061_2268301 去 DEPEND ON THE TEXTURE 
LOG (gmm-latgen-faster[5.1.60~1-b2d5d]:DecodeUtteranceLatticeFaster():decoder-wrappers.cc:285) Log-like per frame for utterance NI29MBP_0101_2266061_2268301 is -4.51253 over 222 frames.
NI29MBP_0101_2270301_2272931 TEXT LATEST 的 TEXTURE 一个 是 
LOG (gmm-latgen-faster[5.1.60~1-b2d5d]:DecodeUtteranceLatticeFaster():decoder-wrappers.cc:285) Log-like per frame for utterance NI29MBP_0101_2270301_2272931 is -4.60942 over 261 frames.
NI29MBP_0101_2277241_2288051 SIL2 所以 我 是 我 是 我 觉得 大学 学 东 西 很快 就会 忘记 是 是 我们 一个 学 七 个 SEMESTER 学 东 西 下 个 SEMESTER 可能 都 忘记 了 
LOG (gmm-latgen-faster[5.1.60~1-b2d5d]:DecodeUtteranceLatticeFaster():decoder-wrappers.cc:285) Log-like per frame for utterance NI29MBP_0101_2277241_2288051 is -4.30903 over 1079 frames.
NI29MBP_0101_2288891_2295391 因为 我 觉得 我 们 是 在 是 LAB 很多 东 西 SIL2 我 SIL2 RETAIN KNOWLEDGE 有时候 
LOG (gmm-latgen-faster[5.1.60~1-b2d5d]:DecodeUtteranceLatticeFaster():decoder-wrappers.cc:285) Log-like per frame for utterance NI29MBP_0101_2288891_2295391 is -4.21578 over 648 frames.
NI29MBP_0101_2297781_2302341 SIL2 五十 五个 五 六十 还没有 跟着 
LOG (gmm-latgen-faster[5.1.60~1-b2d5d]:DecodeUtteranceLatticeFaster():decoder-wrappers.cc:285) Log-like per frame for utterance NI29MBP_0101_2297781_2302341 is -4.24353 over 454 frames.
NI29MBP_0101_2309021_2310431 AH LACTASE 这个 
LOG (gmm-latgen-faster[5.1.60~1-b2d5d]:DecodeUtteranceLatticeFaster():decoder-wrappers.cc:285) Log-like per frame for utterance NI29MBP_0101_2309021_2310431 is -4.45958 over 139 frames.
NI29MBP_0101_2312581_2318871 我 我 都是 S U FRENCH 啊 有 有 对 对 对 对 院 有 兴趣 
LOG (gmm-latgen-faster[5.1.60~1-b2d5d]:DecodeUtteranceLatticeFaster():decoder-wrappers.cc:285) Log-like per frame for utterance NI29MBP_0101_2312581_2318871 is -4.37867 over 627 frames.
NI29MBP_0101_2331891_2333611 啊 那些 SIL2 
LOG (gmm-latgen-faster[5.1.60~1-b2d5d]:DecodeUtteranceLatticeFaster():decoder-wrappers.cc:285) Log-like per frame for utterance NI29MBP_0101_2331891_2333611 is -4.02213 over 170 frames.
NI29MBP_0101_2338541_2342101 SIL2 对 SIL2 只是 在 学校 学校 那种 没有 去 过 
LOG (gmm-latgen-faster[5.1.60~1-b2d5d]:DecodeUtteranceLatticeFaster():decoder-wrappers.cc:285) Log-like per frame for utterance NI29MBP_0101_2338541_2342101 is -4.27611 over 354 frames.
NI29MBP_0101_2344161_2348351 学校 学校 是 MISTAKE 我 THEN 要 FULL 我 记得 CAUGHT 
LOG (gmm-latgen-faster[5.1.60~1-b2d5d]:DecodeUtteranceLatticeFaster():decoder-wrappers.cc:285) Log-like per frame for utterance NI29MBP_0101_2344161_2348351 is -4.47422 over 417 frames.
NI29MBP_0101_2358961_2366761 OVER 啊 VOUCHER CAUSE I HAVE MERCEDES COTTON UPDATE BUT THEY CAN TRY SIL2 
LOG (gmm-latgen-faster[5.1.60~1-b2d5d]:DecodeUtteranceLatticeFaster():decoder-wrappers.cc:285) Log-like per frame for utterance NI29MBP_0101_2358961_2366761 is -4.27342 over 778 frames.
NI29MBP_0101_2369891_2377181 A LISTED IS A SMALL CLASS BECAUSE ER LANGUAGE COURSE IS READY THAT I REALLY CANNOT IS VERY DIFFICULT TO 的 
LOG (gmm-latgen-faster[5.1.60~1-b2d5d]:DecodeUtteranceLatticeFaster():decoder-wrappers.cc:285) Log-like per frame for utterance NI29MBP_0101_2369891_2377181 is -4.29476 over 727 frames.
NI29MBP_0101_2377951_2379611 FIRST PLACE 我 INTERACTIVE SIL2 
LOG (gmm-latgen-faster[5.1.60~1-b2d5d]:DecodeUtteranceLatticeFaster():decoder-wrappers.cc:285) Log-like per frame for utterance NI29MBP_0101_2377951_2379611 is -4.59634 over 164 frames.
NI29MBP_0101_2394871_2397521 ER I MUST STUDY 
LOG (gmm-latgen-faster[5.1.60~1-b2d5d]:DecodeUtteranceLatticeFaster():decoder-wrappers.cc:285) Log-like per frame for utterance NI29MBP_0101_2394871_2397521 is -4.15443 over 263 frames.
NI29MBP_0101_2399571_2401271 去 ONE AND A HALF YEARS 
LOG (gmm-latgen-faster[5.1.60~1-b2d5d]:DecodeUtteranceLatticeFaster():decoder-wrappers.cc:285) Log-like per frame for utterance NI29MBP_0101_2399571_2401271 is -4.14243 over 168 frames.
NI29MBP_0101_2409071_2410901 会 很 CUTE EH 
LOG (gmm-latgen-faster[5.1.60~1-b2d5d]:DecodeUtteranceLatticeFaster():decoder-wrappers.cc:285) Log-like per frame for utterance NI29MBP_0101_2409071_2410901 is -4.24007 over 181 frames.
NI29MBP_0101_2413251_2421961 可是 其实 也是 很 BASIC 的 因为 有 SO 他 们 的 NATIVE SPEAKER THEY SPEAK BREAKFAST EH 我们 听 不到 
LOG (gmm-latgen-faster[5.1.60~1-b2d5d]:DecodeUtteranceLatticeFaster():decoder-wrappers.cc:285) Log-like per frame for utterance NI29MBP_0101_2413251_2421961 is -4.12874 over 869 frames.
NI29MBP_0101_2431731_2436101 因为 我 有 看 过 的 是 下面 都 有 英文 字 我 SOFTWARE 
LOG (gmm-latgen-faster[5.1.60~1-b2d5d]:DecodeUtteranceLatticeFaster():decoder-wrappers.cc:285) Log-like per frame for utterance NI29MBP_0101_2431731_2436101 is -4.35164 over 435 frames.
NI29MBP_0101_2451071_2458031 OH 知道 知道 那个 是 那个 CHOIR 的 FOOD OVER 不错 不错 SIL2 
LOG (gmm-latgen-faster[5.1.60~1-b2d5d]:DecodeUtteranceLatticeFaster():decoder-wrappers.cc:285) Log-like per frame for utterance NI29MBP_0101_2451071_2458031 is -4.40648 over 694 frames.
NI29MBP_0101_2461311_2463231 SIL2 对 对 对 对 
LOG (gmm-latgen-faster[5.1.60~1-b2d5d]:DecodeUtteranceLatticeFaster():decoder-wrappers.cc:285) Log-like per frame for utterance NI29MBP_0101_2461311_2463231 is -4.02294 over 190 frames.
NI29MBP_0101_2464741_2466091 YA LOR 看 SIL2 
LOG (gmm-latgen-faster[5.1.60~1-b2d5d]:DecodeUtteranceLatticeFaster():decoder-wrappers.cc:285) Log-like per frame for utterance NI29MBP_0101_2464741_2466091 is -4.17718 over 133 frames.
NI29MBP_0101_2470731_2472151 那些 DATA 你 看 过 
LOG (gmm-latgen-faster[5.1.60~1-b2d5d]:DecodeUtteranceLatticeFaster():decoder-wrappers.cc:285) Log-like per frame for utterance NI29MBP_0101_2470731_2472151 is -4.76564 over 140 frames.
NI29MBP_0101_2483701_2485531 SO SIL2 
LOG (gmm-latgen-faster[5.1.60~1-b2d5d]:DecodeUtteranceLatticeFaster():decoder-wrappers.cc:285) Log-like per frame for utterance NI29MBP_0101_2483701_2485531 is -4.42536 over 181 frames.
NI29MBP_0101_2486721_2488481 我 的 
LOG (gmm-latgen-faster[5.1.60~1-b2d5d]:DecodeUtteranceLatticeFaster():decoder-wrappers.cc:285) Log-like per frame for utterance NI29MBP_0101_2486721_2488481 is -4.77913 over 174 frames.
NI29MBP_0101_2488761_2491631 我 OK 
LOG (gmm-latgen-faster[5.1.60~1-b2d5d]:DecodeUtteranceLatticeFaster():decoder-wrappers.cc:285) Log-like per frame for utterance NI29MBP_0101_2488761_2491631 is -3.86684 over 285 frames.
NI29MBP_0101_2500961_2508191 MALAYSIA ER PERSONALLY STUDIOUS BUT ACTUALLY 很 PROPERLY 
LOG (gmm-latgen-faster[5.1.60~1-b2d5d]:DecodeUtteranceLatticeFaster():decoder-wrappers.cc:285) Log-like per frame for utterance NI29MBP_0101_2500961_2508191 is -3.94606 over 721 frames.
NI29MBP_0101_2512151_2516901 不是 不是 说 没有 兴趣 知识 之类 的 东 西 过后 
LOG (gmm-latgen-faster[5.1.60~1-b2d5d]:DecodeUtteranceLatticeFaster():decoder-wrappers.cc:285) Log-like per frame for utterance NI29MBP_0101_2512151_2516901 is -4.47823 over 473 frames.
NI29MBP_0101_2517081_2525361 可是 如果 我 的 PARENTS 带 我 去 TEMPLE 这种 就会 的 人 真 的 去 骑 到 这个 TOPIC 
LOG (gmm-latgen-faster[5.1.60~1-b2d5d]:DecodeUtteranceLatticeFaster():decoder-wrappers.cc:285) Log-like per frame for utterance NI29MBP_0101_2517081_2525361 is -4.2125 over 826 frames.
NI29MBP_0101_2530931_2533661 ALL THE CAKE SIL2 SIL2 
LOG (gmm-latgen-faster[5.1.60~1-b2d5d]:DecodeUtteranceLatticeFaster():decoder-wrappers.cc:285) Log-like per frame for utterance NI29MBP_0101_2530931_2533661 is -4.82521 over 271 frames.
NI29MBP_0101_2538001_2540021 我 父 是 ER 超过 的 
LOG (gmm-latgen-faster[5.1.60~1-b2d5d]:DecodeUtteranceLatticeFaster():decoder-wrappers.cc:285) Log-like per frame for utterance NI29MBP_0101_2538001_2540021 is -4.44868 over 200 frames.
NI29MBP_0101_2542771_2544421 的 时候 CAN 是 
LOG (gmm-latgen-faster[5.1.60~1-b2d5d]:DecodeUtteranceLatticeFaster():decoder-wrappers.cc:285) Log-like per frame for utterance NI29MBP_0101_2542771_2544421 is -4.4612 over 163 frames.
NI29MBP_0101_2547281_2552721 我 不 清楚 SIL2 是 我 不会 的 我 最 最 在 的 
LOG (gmm-latgen-faster[5.1.60~1-b2d5d]:DecodeUtteranceLatticeFaster():decoder-wrappers.cc:285) Log-like per frame for utterance NI29MBP_0101_2547281_2552721 is -4.30243 over 542 frames.
LOG (apply-cmvn[5.1.60~1-b2d5d]:main():apply-cmvn.cc:146) Applied cepstral mean normalization to 317 utterances, errors on 0
NI29MBP_0101_2553351_2559701 TO THE 是 MASTER SHIFT 我 的 NATIVE LIKE THAT AH 我 觉得 
LOG (gmm-latgen-faster[5.1.60~1-b2d5d]:DecodeUtteranceLatticeFaster():decoder-wrappers.cc:285) Log-like per frame for utterance NI29MBP_0101_2553351_2559701 is -4.46786 over 633 frames.
NI29MBP_0101_2565021_2566091 对 了 
LOG (gmm-latgen-faster[5.1.60~1-b2d5d]:DecodeUtteranceLatticeFaster():decoder-wrappers.cc:285) Log-like per frame for utterance NI29MBP_0101_2565021_2566091 is -4.05201 over 105 frames.
NI29MBP_0101_2568001_2574211 TYPE LIKE A 都是 去 CHINA TOWN 是 BORN TO HAVE TO GO 
LOG (gmm-latgen-faster[5.1.60~1-b2d5d]:DecodeUtteranceLatticeFaster():decoder-wrappers.cc:285) Log-like per frame for utterance NI29MBP_0101_2568001_2574211 is -4.23632 over 619 frames.
NI29MBP_0101_2574261_2577701 THEIRS IS VERY FAMOUS TEMPLE THEN CHAPEL 
LOG (gmm-latgen-faster[5.1.60~1-b2d5d]:DecodeUtteranceLatticeFaster():decoder-wrappers.cc:285) Log-like per frame for utterance NI29MBP_0101_2574261_2577701 is -4.23745 over 342 frames.
NI29MBP_0101_2580061_2586231 不是 不是 SIL2 种 是 ER 美 美 的 SENIOR 都 会 我 C BUT 的 就是 
LOG (gmm-latgen-faster[5.1.60~1-b2d5d]:DecodeUtteranceLatticeFaster():decoder-wrappers.cc:285) Log-like per frame for utterance NI29MBP_0101_2580061_2586231 is -4.53039 over 615 frames.
LOG (transform-feats[5.1.60~1-b2d5d]:main():transform-feats.cc:158) Overall average [pseudo-]logdet is -92.5633 over 127747 frames.
LOG (transform-feats[5.1.60~1-b2d5d]:main():transform-feats.cc:161) Applied transform to 317 utterances; 0 had errors.
NI29MBP_0101_2592231_2594671 NO PLAY 应该 是 了 可是 
LOG (gmm-latgen-faster[5.1.60~1-b2d5d]:DecodeUtteranceLatticeFaster():decoder-wrappers.cc:285) Log-like per frame for utterance NI29MBP_0101_2592231_2594671 is -4.15694 over 242 frames.
NI29MBP_0101_2603720_2605788 可是 也 我 也 没有 去 EH 
LOG (gmm-latgen-faster[5.1.60~1-b2d5d]:DecodeUtteranceLatticeFaster():decoder-wrappers.cc:285) Log-like per frame for utterance NI29MBP_0101_2603720_2605788 is -3.77342 over 205 frames.
LOG (gmm-latgen-faster[5.1.60~1-b2d5d]:main():gmm-latgen-faster.cc:176) Time taken 2177.93s: real-time factor assuming 100 frames/sec is 1.70488
LOG (gmm-latgen-faster[5.1.60~1-b2d5d]:main():gmm-latgen-faster.cc:179) Done 317 utterances, failed for 0
LOG (gmm-latgen-faster[5.1.60~1-b2d5d]:main():gmm-latgen-faster.cc:181) Overall log-likelihood per frame is -4.2372 over 127747 frames.
# Accounting: time=2179 threads=1
# Ended (code 0) at Sat Apr 22 01:06:42 UTC 2017, elapsed time 2179 seconds
