# gmm-latgen-faster --max-active=7000 --beam=13.0 --lattice-beam=6.0 --acoustic-scale=0.083333 --allow-partial=true --word-symbol-table=exp/tri2/graph/words.txt exp/tri2/final.mdl exp/tri2/graph/HCLG.fst "ark,s,cs:apply-cmvn  --utt2spk=ark:data/test/split14/5/utt2spk scp:data/test/split14/5/cmvn.scp scp:data/test/split14/5/feats.scp ark:- | splice-feats --left-context=3 --right-context=3 ark:- ark:- | transform-feats exp/tri2/final.mat ark:- ark:- |" "ark:|gzip -c > exp/tri2/decode/lat.5.gz" 
# Started at Sat Apr 22 00:30:23 UTC 2017
#
gmm-latgen-faster --max-active=7000 --beam=13.0 --lattice-beam=6.0 --acoustic-scale=0.083333 --allow-partial=true --word-symbol-table=exp/tri2/graph/words.txt exp/tri2/final.mdl exp/tri2/graph/HCLG.fst 'ark,s,cs:apply-cmvn  --utt2spk=ark:data/test/split14/5/utt2spk scp:data/test/split14/5/cmvn.scp scp:data/test/split14/5/feats.scp ark:- | splice-feats --left-context=3 --right-context=3 ark:- ark:- | transform-feats exp/tri2/final.mat ark:- ark:- |' 'ark:|gzip -c > exp/tri2/decode/lat.5.gz' 
apply-cmvn --utt2spk=ark:data/test/split14/5/utt2spk scp:data/test/split14/5/cmvn.scp scp:data/test/split14/5/feats.scp ark:- 
transform-feats exp/tri2/final.mat ark:- ark:- 
splice-feats --left-context=3 --right-context=3 ark:- ark:- 
NI01MAX_0101_0001353_0003612 这样 多 去 我 大概 大概 
LOG (gmm-latgen-faster[5.1.60~1-b2d5d]:DecodeUtteranceLatticeFaster():decoder-wrappers.cc:285) Log-like per frame for utterance NI01MAX_0101_0001353_0003612 is -4.42925 over 224 frames.
NI01MAX_0101_0009141_0012753 我 的 英文 名 是 BRYAN B OR WHY IT AND 
LOG (gmm-latgen-faster[5.1.60~1-b2d5d]:DecodeUtteranceLatticeFaster():decoder-wrappers.cc:285) Log-like per frame for utterance NI01MAX_0101_0009141_0012753 is -4.38823 over 359 frames.
NI01MAX_0101_0013447_0017094 对 我 华 语 名 是 他 进 负 
LOG (gmm-latgen-faster[5.1.60~1-b2d5d]:DecodeUtteranceLatticeFaster():decoder-wrappers.cc:285) Log-like per frame for utterance NI01MAX_0101_0013447_0017094 is -3.9102 over 363 frames.
NI01MAX_0101_0032183_0035277 我 现在 南 洋 理 工 打 大学 都 
LOG (gmm-latgen-faster[5.1.60~1-b2d5d]:DecodeUtteranceLatticeFaster():decoder-wrappers.cc:285) Log-like per frame for utterance NI01MAX_0101_0032183_0035277 is -4.25178 over 307 frames.
NI01MAX_0101_0041125_0045807 SIL2 是 钱 啊 我 之 前 还是 在 南 洋 理 工 大学 
LOG (gmm-latgen-faster[5.1.60~1-b2d5d]:DecodeUtteranceLatticeFaster():decoder-wrappers.cc:285) Log-like per frame for utterance NI01MAX_0101_0041125_0045807 is -4.08579 over 466 frames.
NI01MAX_0101_0052988_0062359 现在 的 我 刚刚 在 南 大 P EH THEN 我 现在 做 的 研究 像 还没有 看 一个 SITE 我 下 个 SET 的 兴趣 就 开 课 
LOG (gmm-latgen-faster[5.1.60~1-b2d5d]:DecodeUtteranceLatticeFaster():decoder-wrappers.cc:285) Log-like per frame for utterance NI01MAX_0101_0052988_0062359 is -4.30742 over 935 frames.
NI01MAX_0101_0065441_0068794 我 十点 十 一 点 到 六 点 是 
LOG (gmm-latgen-faster[5.1.60~1-b2d5d]:DecodeUtteranceLatticeFaster():decoder-wrappers.cc:285) Log-like per frame for utterance NI01MAX_0101_0065441_0068794 is -3.81624 over 333 frames.
NI01MAX_0101_0079153_0085403 ENGLISH AND CHINESE EDUCATED ONE ELECTRICAL 人 LECTURE LIKE ENGINEERING TO 所以 
LOG (gmm-latgen-faster[5.1.60~1-b2d5d]:DecodeUtteranceLatticeFaster():decoder-wrappers.cc:285) Log-like per frame for utterance NI01MAX_0101_0079153_0085403 is -4.32865 over 623 frames.
NI01MAX_0101_0089795_0092042 ELECTRIC AND ELECTRONIC ENGINEERING 
LOG (gmm-latgen-faster[5.1.60~1-b2d5d]:DecodeUtteranceLatticeFaster():decoder-wrappers.cc:285) Log-like per frame for utterance NI01MAX_0101_0089795_0092042 is -4.45108 over 223 frames.
NI01MAX_0101_0095924_0100941 UNDERGRADUATE 也是 养 ELECTRICAL ENGINEERING SIL2 
LOG (gmm-latgen-faster[5.1.60~1-b2d5d]:DecodeUtteranceLatticeFaster():decoder-wrappers.cc:285) Log-like per frame for utterance NI01MAX_0101_0095924_0100941 is -4.15681 over 500 frames.
NI01MAX_0101_0105066_0108959 很多 人 就 语 名 COURSES 啦 AS IN 
LOG (gmm-latgen-faster[5.1.60~1-b2d5d]:DecodeUtteranceLatticeFaster():decoder-wrappers.cc:285) Log-like per frame for utterance NI01MAX_0101_0105066_0108959 is -4.02013 over 387 frames.
NI01MAX_0101_0110524_0116117 SUBJECTS 啦 可以 五 十 四 有些 是 啊 去 的 COMS 
LOG (gmm-latgen-faster[5.1.60~1-b2d5d]:DecodeUtteranceLatticeFaster():decoder-wrappers.cc:285) Log-like per frame for utterance NI01MAX_0101_0110524_0116117 is -4.09051 over 557 frames.
NI01MAX_0101_0116360_0119760 你 去 的 CONS AH 啊 IMAGE PROCESSING SIL2 
LOG (gmm-latgen-faster[5.1.60~1-b2d5d]:DecodeUtteranceLatticeFaster():decoder-wrappers.cc:285) Log-like per frame for utterance NI01MAX_0101_0116360_0119760 is -4.0446 over 338 frames.
NI01MAX_0101_0120317_0122776 LIKE SEMICONDUCTOR FUNDAMENTALS 
LOG (gmm-latgen-faster[5.1.60~1-b2d5d]:DecodeUtteranceLatticeFaster():decoder-wrappers.cc:285) Log-like per frame for utterance NI01MAX_0101_0120317_0122776 is -4.53596 over 244 frames.
NI01MAX_0101_0122776_0132463 I KNOW LIKE MAKES 还有 SIL2 PHYSICS 啊 BASIC 的 PHYSICS S S A BACKGROUND 是 BACKGROUND 吗 
LOG (gmm-latgen-faster[5.1.60~1-b2d5d]:DecodeUtteranceLatticeFaster():decoder-wrappers.cc:285) Log-like per frame for utterance NI01MAX_0101_0122776_0132463 is -4.02582 over 967 frames.
NI01MAX_0101_0139713_0143244 MINOR 我 没有 我 没有 MINOR 我 没有 MINOR 了 
LOG (gmm-latgen-faster[5.1.60~1-b2d5d]:DecodeUtteranceLatticeFaster():decoder-wrappers.cc:285) Log-like per frame for utterance NI01MAX_0101_0139713_0143244 is -3.85832 over 351 frames.
NI01MAX_0101_0143491_0146444 没有 时间 很 小 时 这样 
LOG (gmm-latgen-faster[5.1.60~1-b2d5d]:DecodeUtteranceLatticeFaster():decoder-wrappers.cc:285) Log-like per frame for utterance NI01MAX_0101_0143491_0146444 is -4.3539 over 293 frames.
NI01MAX_0101_0148456_0165867 COMPUTER COURSES 啦 AS IN PROGRAMMING 还是 PROGRAMMING WISE PROGRAMMING 有 基本 的 C LANGUAGE SIL2 PROGRAMMING MALACCA SIL2 我们 两 组 一 组 去 SIMULATION SIL2 SIL2 SIL2 就 讲 EH THEN SIL2 
LOG (gmm-latgen-faster[5.1.60~1-b2d5d]:DecodeUtteranceLatticeFaster():decoder-wrappers.cc:285) Log-like per frame for utterance NI01MAX_0101_0148456_0165867 is -3.91279 over 1739 frames.
NI01MAX_0101_0168613_0172519 现在 我 就是 DIRECT P H D 啊 I P H D 
LOG (gmm-latgen-faster[5.1.60~1-b2d5d]:DecodeUtteranceLatticeFaster():decoder-wrappers.cc:285) Log-like per frame for utterance NI01MAX_0101_0168613_0172519 is -4.32025 over 389 frames.
NI01MAX_0101_0176943_0182972 你 没有 我 的 RESEARCH TOPIC 我 是 做 话 NEXT GENERATION 的 WHY THAT'S WHY 我 
LOG (gmm-latgen-faster[5.1.60~1-b2d5d]:DecodeUtteranceLatticeFaster():decoder-wrappers.cc:285) Log-like per frame for utterance NI01MAX_0101_0176943_0182972 is -4.30713 over 601 frames.
NI01MAX_0101_0184586_0192171 啊 NEXT GENERATION 啊 MINUS 到 现在 还在 REDEFINE LOOPING 的 SO 两个 两个 TIME IN 
LOG (gmm-latgen-faster[5.1.60~1-b2d5d]:DecodeUtteranceLatticeFaster():decoder-wrappers.cc:285) Log-like per frame for utterance NI01MAX_0101_0184586_0192171 is -4.17456 over 757 frames.
NI01MAX_0101_0196813_0203751 我 是 MORE TO PHYSICAL YAH 的 做 PHYSICAL 有 的 一些 一些 一些 一些 东 西 啦 
LOG (gmm-latgen-faster[5.1.60~1-b2d5d]:DecodeUtteranceLatticeFaster():decoder-wrappers.cc:285) Log-like per frame for utterance NI01MAX_0101_0196813_0203751 is -4.07641 over 692 frames.
NI01MAX_0101_0211552_0224515 SIL2 MORE 普 WHY 的 MORE 不 的 PHYSICAL COLLECTION KNOW MOON 什么 不同 PHYSICAL COMMISSION 不 多 COURSE 也是 了 PHYSICALLY 了 两 两个 在一起 
LOG (gmm-latgen-faster[5.1.60~1-b2d5d]:DecodeUtteranceLatticeFaster():decoder-wrappers.cc:285) Log-like per frame for utterance NI01MAX_0101_0211552_0224515 is -3.99398 over 1294 frames.
NI01MAX_0101_0233522_0237686 我 的 人 BASICALLY 我 这个 NEXT GENERATION 怪 的 是 啊 
LOG (gmm-latgen-faster[5.1.60~1-b2d5d]:DecodeUtteranceLatticeFaster():decoder-wrappers.cc:285) Log-like per frame for utterance NI01MAX_0101_0233522_0237686 is -3.99702 over 414 frames.
NI01MAX_0101_0238489_0240605 这个 是 一个 新的 TECHNOLOGY SIL2 
LOG (gmm-latgen-faster[5.1.60~1-b2d5d]:DecodeUtteranceLatticeFaster():decoder-wrappers.cc:285) Log-like per frame for utterance NI01MAX_0101_0238489_0240605 is -4.54253 over 210 frames.
NI01MAX_0101_0241174_0245808 一 ORIGIN LETTER FROM 啊 MY TEAM 买 DIVIDE BY THE PERSON GO JIMMY 多 啦 
LOG (gmm-latgen-faster[5.1.60~1-b2d5d]:DecodeUtteranceLatticeFaster():decoder-wrappers.cc:285) Log-like per frame for utterance NI01MAX_0101_0241174_0245808 is -4.4142 over 461 frames.
NI01MAX_0101_0246201_0251109 SO WHAT THIS PERSON 所以 我 SOME CURLY 的 SPECTRUM EH SOME 
LOG (gmm-latgen-faster[5.1.60~1-b2d5d]:DecodeUtteranceLatticeFaster():decoder-wrappers.cc:285) Log-like per frame for utterance NI01MAX_0101_0246201_0251109 is -4.17469 over 489 frames.
NI01MAX_0101_0251711_0253104 NO FULLY UTILIZE SIL2 
LOG (gmm-latgen-faster[5.1.60~1-b2d5d]:DecodeUtteranceLatticeFaster():decoder-wrappers.cc:285) Log-like per frame for utterance NI01MAX_0101_0251711_0253104 is -4.8542 over 137 frames.
NI01MAX_0101_0257113_0268748 我 觉得 STICK WAYS AH SO ACTUALLY THIS THIS YAH ITS CONNECTED REALLY WHAT WHAT THE CO SPACE ACHIEVEMENT TO TO SOLVE THIS PURPOSE YA YOU YOU UTILIZE THE SPECTRUM 
LOG (gmm-latgen-faster[5.1.60~1-b2d5d]:DecodeUtteranceLatticeFaster():decoder-wrappers.cc:285) Log-like per frame for utterance NI01MAX_0101_0257113_0268748 is -4.42094 over 1162 frames.
NI01MAX_0101_0290754_0317268 AS IN ON 可能 在 这个 是 OF LIKE 可能 说 这个 是 姐妹 他 可以 啦 什么 什么 什么 都 LIKE 上 网 用 这个 SPECTRUM BUT 可能 差 一 点 点 用 MIKE 所以 他们 可以 用 在 用 另外 一 点 点 可能 他们 说 MAKE USE OF YA THE REST OF THE SPECTRUM FOR 他 的 SERVICES I BROUGHT BADMINTON AND BUY THE THINGS TO S S S IS SOMETHING LIKE THAT 全部 一起 公 子 
LOG (gmm-latgen-faster[5.1.60~1-b2d5d]:DecodeUtteranceLatticeFaster():decoder-wrappers.cc:285) Log-like per frame for utterance NI01MAX_0101_0290754_0317268 is -4.44976 over 2649 frames.
NI01MAX_0101_0328534_0330339 OPEN SPECTRUM 吗 
LOG (gmm-latgen-faster[5.1.60~1-b2d5d]:DecodeUtteranceLatticeFaster():decoder-wrappers.cc:285) Log-like per frame for utterance NI01MAX_0101_0328534_0330339 is -4.22693 over 179 frames.
NI01MAX_0101_0337708_0357329 那个 是 因为 IS 打 我们 新加坡 有 IS 大 的 话 IF I THINK 他 法 他 讲 了 一个 方法 来 UTILIZE 的 T V BAGS AH THEM IS FROM 其 他 的 USERS 来 来 用 这个 TV BAGS SO ACTUALLY THE 不 GIRL IS THINKING OF MOVIE 
LOG (gmm-latgen-faster[5.1.60~1-b2d5d]:DecodeUtteranceLatticeFaster():decoder-wrappers.cc:285) Log-like per frame for utterance NI01MAX_0101_0337708_0357329 is -4.19544 over 1960 frames.
NI01MAX_0101_0372871_0378655 你 都 没有 人 MINUTE 我 的 个 ACTUALLY 不是 没有 跟 那时 我 现在 还在 我 全部 
LOG (gmm-latgen-faster[5.1.60~1-b2d5d]:DecodeUtteranceLatticeFaster():decoder-wrappers.cc:285) Log-like per frame for utterance NI01MAX_0101_0372871_0378655 is -4.43518 over 576 frames.
NI01MAX_0101_0379192_0382285 刚 开 刚 开始 你 人 刚 开始 
LOG (gmm-latgen-faster[5.1.60~1-b2d5d]:DecodeUtteranceLatticeFaster():decoder-wrappers.cc:285) Log-like per frame for utterance NI01MAX_0101_0379192_0382285 is -4.29646 over 307 frames.
NI01MAX_0101_0387627_0392206 这个 这个 雨 我 我 学 是 跟 INDIA 属于 工 做 工 
LOG (gmm-latgen-faster[5.1.60~1-b2d5d]:DecodeUtteranceLatticeFaster():decoder-wrappers.cc:285) Log-like per frame for utterance NI01MAX_0101_0387627_0392206 is -3.95503 over 456 frames.
NI01MAX_0101_0393353_0396568 啊 DEFENCE EYES OR ORGANIZATION 
LOG (gmm-latgen-faster[5.1.60~1-b2d5d]:DecodeUtteranceLatticeFaster():decoder-wrappers.cc:285) Log-like per frame for utterance NI01MAX_0101_0393353_0396568 is -4.20103 over 320 frames.
NI01MAX_0101_0407832_0413434 SIL2 我 是 UNDER N T U 的 RESEARCH SCHOLARSHIP 的 啊 SCHOOL 
LOG (gmm-latgen-faster[5.1.60~1-b2d5d]:DecodeUtteranceLatticeFaster():decoder-wrappers.cc:285) Log-like per frame for utterance NI01MAX_0101_0407832_0413434 is -4.35817 over 558 frames.
NI01MAX_0101_0422534_0429830 然后 我 打 算 SIL2 可能 我 有 我 希望 可以 在 D SIL2 SO 做 工 啊 我 P 的 时候 应该 是 会 在 DEAL 走 走过 
LOG (gmm-latgen-faster[5.1.60~1-b2d5d]:DecodeUtteranceLatticeFaster():decoder-wrappers.cc:285) Log-like per frame for utterance NI01MAX_0101_0422534_0429830 is -4.46384 over 728 frames.
NI01MAX_0101_0432514_0442866 我 没有 BOND 我 觉得 受 他 环境 很 好 很 久 了 所以 你 可以 想 面 做 工 这样 子 要 跟着 
LOG (gmm-latgen-faster[5.1.60~1-b2d5d]:DecodeUtteranceLatticeFaster():decoder-wrappers.cc:285) Log-like per frame for utterance NI01MAX_0101_0432514_0442866 is -4.07844 over 1033 frames.
NI01MAX_0101_0450036_0454010 我 放 这样 不过 我 回来 走 走 一 点 点 LITERATURE REVIEW 
LOG (gmm-latgen-faster[5.1.60~1-b2d5d]:DecodeUtteranceLatticeFaster():decoder-wrappers.cc:285) Log-like per frame for utterance NI01MAX_0101_0450036_0454010 is -4.50266 over 395 frames.
NI01MAX_0101_0464164_0466250 TALKATIVE EXPENSIVE LO 
LOG (gmm-latgen-faster[5.1.60~1-b2d5d]:DecodeUtteranceLatticeFaster():decoder-wrappers.cc:285) Log-like per frame for utterance NI01MAX_0101_0464164_0466250 is -4.53704 over 207 frames.
NI01MAX_0101_0467106_0469790 他 他 是 N T U 的 一个人 WE PREFER 
LOG (gmm-latgen-faster[5.1.60~1-b2d5d]:DecodeUtteranceLatticeFaster():decoder-wrappers.cc:285) Log-like per frame for utterance NI01MAX_0101_0467106_0469790 is -4.32704 over 266 frames.
NI01MAX_0101_0475750_0477800 THEN 开始 拿 我 都 没有 TAKE 
LOG (gmm-latgen-faster[5.1.60~1-b2d5d]:DecodeUtteranceLatticeFaster():decoder-wrappers.cc:285) Log-like per frame for utterance NI01MAX_0101_0475750_0477800 is -4.22364 over 203 frames.
NI01MAX_0101_0492285_0510440 因为 他 已经 是 COMMUNICATION 吗 THEN 我 读 我 BATCH 的 DEGREE 的 时候 我 是 SPECIALIZE IN COMMUNICATIONS 的 BUT 这个 COMMUNICATION COMMUNICATIONS 会 比较 麻烦 一点 所以 我 现在 还在 也是 所以 你 讲 YOU SLEEP 读 书 不 清楚 了 我 进 进 了 再 去 了 
LOG (gmm-latgen-faster[5.1.60~1-b2d5d]:DecodeUtteranceLatticeFaster():decoder-wrappers.cc:285) Log-like per frame for utterance NI01MAX_0101_0492285_0510440 is -4.46036 over 1814 frames.
NI01MAX_0101_0516083_0522340 SINGAPORE 这些 有 有 LIKE 一个 IMAGE PROCESSING 的 这些 IS IT 
LOG (gmm-latgen-faster[5.1.60~1-b2d5d]:DecodeUtteranceLatticeFaster():decoder-wrappers.cc:285) Log-like per frame for utterance NI01MAX_0101_0516083_0522340 is -4.09785 over 624 frames.
NI01MAX_0101_0537284_0548665 看 去 五 我 通常 是 看 人 小 说 啊 就 比 如 说 开 学 不 做 UM 三 国 那种 比较 比较 比较 古 物 古 老 啦 
LOG (gmm-latgen-faster[5.1.60~1-b2d5d]:DecodeUtteranceLatticeFaster():decoder-wrappers.cc:285) Log-like per frame for utterance NI01MAX_0101_0537284_0548665 is -4.17681 over 1136 frames.
NI01MAX_0101_0572921_0579210 英文 书 啊 看看 有 COUPLE COUPLE SIL2 IT IN ENGINEERING 的 根本 
LOG (gmm-latgen-faster[5.1.60~1-b2d5d]:DecodeUtteranceLatticeFaster():decoder-wrappers.cc:285) Log-like per frame for utterance NI01MAX_0101_0572921_0579210 is -4.21611 over 627 frames.
NI01MAX_0101_0588242_0613351 THEN 我 T U C 我们 读 完了 然后 过后 就 我 妈妈 因为 月 不 远 越 南 吗 THEN 就 比较 少 买 了 我 TEDIOUS 我 就 买 买 比较 多 的 THEN 现在 也是 因为 我 买 的 是 因为 我 FIRST YEAR 是 看 他 的 吗 所以 我 SEMICONDUCTOR 什么 SO MY THEN 我 现在 有 不是 说 很 很 很 有用 到 因为 我 MORE TO COMMUNICATIONS 了 
LOG (gmm-latgen-faster[5.1.60~1-b2d5d]:DecodeUtteranceLatticeFaster():decoder-wrappers.cc:285) Log-like per frame for utterance NI01MAX_0101_0588242_0613351 is -4.22559 over 2509 frames.
NI01MAX_0101_0637888_0651433 我 拿 好 啦 AS IN SHOE 的 话 就是 BEEN CEREAL GRAPH THEORY 啊 OPTIMIZE ASIAN 或者 是 西 啊 C 还有 
LOG (gmm-latgen-faster[5.1.60~1-b2d5d]:DecodeUtteranceLatticeFaster():decoder-wrappers.cc:285) Log-like per frame for utterance NI01MAX_0101_0637888_0651433 is -3.9073 over 1353 frames.
NI01MAX_0101_0673178_0680419 MORAL 少 NO NO FLIGHT 以前 的 一个 GAME 不 来 的 那个 是 一个 GAME WHAT 
LOG (gmm-latgen-faster[5.1.60~1-b2d5d]:DecodeUtteranceLatticeFaster():decoder-wrappers.cc:285) Log-like per frame for utterance NI01MAX_0101_0673178_0680419 is -4.12664 over 722 frames.
NI01MAX_0101_0689580_0692500 很 希望 看 HARRY PORTER 
LOG (gmm-latgen-faster[5.1.60~1-b2d5d]:DecodeUtteranceLatticeFaster():decoder-wrappers.cc:285) Log-like per frame for utterance NI01MAX_0101_0689580_0692500 is -4.21825 over 290 frames.
NI01MAX_0101_0701242_0705164 TRANSFORMER TRUST 我们 有 不过 不 参 到 COMMITTEE SIL2 
LOG (gmm-latgen-faster[5.1.60~1-b2d5d]:DecodeUtteranceLatticeFaster():decoder-wrappers.cc:285) Log-like per frame for utterance NI01MAX_0101_0701242_0705164 is -4.15235 over 390 frames.
NI01MAX_0101_0705435_0707071 我 是 觉得 T U 比较 好 看 
LOG (gmm-latgen-faster[5.1.60~1-b2d5d]:DecodeUtteranceLatticeFaster():decoder-wrappers.cc:285) Log-like per frame for utterance NI01MAX_0101_0705435_0707071 is -4.86122 over 162 frames.
NI01MAX_0101_0721512_0723768 FRENCH 啊 我 看到 睡 叫 了 
LOG (gmm-latgen-faster[5.1.60~1-b2d5d]:DecodeUtteranceLatticeFaster():decoder-wrappers.cc:285) Log-like per frame for utterance NI01MAX_0101_0721512_0723768 is -4.78774 over 224 frames.
NI01MAX_0101_0725027_0728775 NO COMMENTS 很 他 很 他 这个 越 坐 越 差 SIL2 
LOG (gmm-latgen-faster[5.1.60~1-b2d5d]:DecodeUtteranceLatticeFaster():decoder-wrappers.cc:285) Log-like per frame for utterance NI01MAX_0101_0725027_0728775 is -4.99446 over 373 frames.
NI01MAX_0101_0760525_0764607 TAKE HALF TRADES 不是 COUNTRIES 我 看到 的 HALF TRIPS 
LOG (gmm-latgen-faster[5.1.60~1-b2d5d]:DecodeUtteranceLatticeFaster():decoder-wrappers.cc:285) Log-like per frame for utterance NI01MAX_0101_0760525_0764607 is -4.80995 over 406 frames.
NI01MAX_0101_0799706_0820567 SINGAPOREAN 的 SUBMIT SINGAPOREAN 的 有 I THINK 但是 看到 那个 YES YES 也是 满 球 的 LINES MANAGE 容 满 低 SIL2 还有 一些 SIL2 中国 中国 那 边 POPULAR 有 想 不 到 啦 暂 时 什么 
LOG (gmm-latgen-faster[5.1.60~1-b2d5d]:DecodeUtteranceLatticeFaster():decoder-wrappers.cc:285) Log-like per frame for utterance NI01MAX_0101_0799706_0820567 is -4.03072 over 2084 frames.
NI01MAX_0101_0824002_0843934 MOVIE 啊 很 少 我 很 少 看 那个 你 过后 那个 防 防 的 那个 是 打 其实 是 跟 一个 LIVING SHOULD BE 过后 的 是 ACTING SOMETHING TO DO MORE 啊 办法 如果 的 SIL2 
LOG (gmm-latgen-faster[5.1.60~1-b2d5d]:DecodeUtteranceLatticeFaster():decoder-wrappers.cc:285) Log-like per frame for utterance NI01MAX_0101_0824002_0843934 is -3.87821 over 1991 frames.
NI01MAX_0101_0843934_0845810 COMIC SING 也是 有 
LOG (gmm-latgen-faster[5.1.60~1-b2d5d]:DecodeUtteranceLatticeFaster():decoder-wrappers.cc:285) Log-like per frame for utterance NI01MAX_0101_0843934_0845810 is -3.89039 over 186 frames.
NI01MAX_0101_0863343_0875657 我 觉得 是 全部 出来 然后 她 真 真 对 去 新加坡 我 的 话 TO PARTY 来 讲 THEN 他 的 那个 TONE 就是 比较 有点 SANDWICH TIME 的 BUT 了 
LOG (gmm-latgen-faster[5.1.60~1-b2d5d]:DecodeUtteranceLatticeFaster():decoder-wrappers.cc:285) Log-like per frame for utterance NI01MAX_0101_0863343_0875657 is -4.31905 over 1229 frames.
NI01MAX_0101_0875657_0880050 跟 我 的 P 还是 有 九 五 点 西 啊 
LOG (gmm-latgen-faster[5.1.60~1-b2d5d]:DecodeUtteranceLatticeFaster():decoder-wrappers.cc:285) Log-like per frame for utterance NI01MAX_0101_0875657_0880050 is -4.21126 over 437 frames.
NI01MAX_0101_0884061_0890106 UNTIL 比较 SOMETIMES I D 的 TYPICAL DAY AS IN 他 比较 硬 硬 FOR MORE SIL2 
LOG (gmm-latgen-faster[5.1.60~1-b2d5d]:DecodeUtteranceLatticeFaster():decoder-wrappers.cc:285) Log-like per frame for utterance NI01MAX_0101_0884061_0890106 is -4.40813 over 603 frames.
NI01MAX_0101_0898872_0908708 ENGLISH STRUM 啊 好像 没有 其 的 可能 FIRST CLASS WARD 他 有一个 是 FIRST CLASS 那个 是 一 种 说 AT THE PATIENT 
LOG (gmm-latgen-faster[5.1.60~1-b2d5d]:DecodeUtteranceLatticeFaster():decoder-wrappers.cc:285) Log-like per frame for utterance NI01MAX_0101_0898872_0908708 is -4.01642 over 982 frames.
NI01MAX_0101_0938607_0941740 JAPANESE 的 ANIMATION 没有 我 没有 看 JAPANESE 的 ANIMATION 
LOG (gmm-latgen-faster[5.1.60~1-b2d5d]:DecodeUtteranceLatticeFaster():decoder-wrappers.cc:285) Log-like per frame for utterance NI01MAX_0101_0938607_0941740 is -4.10494 over 311 frames.
NI01MAX_0101_0944668_0967306 THE FOOD 是 典礼 啊 电影 有 一 个 放 完 人 都 很 美的 C 不错 很 好 AS IN 他 的 MISTY 不错 我 觉得 NUMBER ONE 我 会 比较 好 啦 因为 他们 都是 CONTINUE WITH THEM BUT 去 五 点 READY SIL2 通 通 常 是 那么 我 会 比较 好 一点 
LOG (gmm-latgen-faster[5.1.60~1-b2d5d]:DecodeUtteranceLatticeFaster():decoder-wrappers.cc:285) Log-like per frame for utterance NI01MAX_0101_0944668_0967306 is -3.92881 over 2262 frames.
NI01MAX_0101_0998863_1015105 我 有空 我 去 跑步 一 通常 是 一个人 跑 SIL2 找 朋友 跑 做好 不过 朋友 OPEN LATE 美 美 的 话 JAPAN 他 跟 他 就 停下 来 给 那个 一天 到 三 十 分 钟 SIL2 以前 小 时 
LOG (gmm-latgen-faster[5.1.60~1-b2d5d]:DecodeUtteranceLatticeFaster():decoder-wrappers.cc:285) Log-like per frame for utterance NI01MAX_0101_0998863_1015105 is -4.24924 over 1622 frames.
NI01MAX_0101_1017267_1030929 你 帮 我 在 我 家 附 近 跑 跑 跑 跑 去 意 GENDER 可是 七 八 宝 了 到 三 三 到 是 TRICK TO TEACH 两个 半 小 时 要 叫 叫 我 是 我 有 TATAR SAUCE 我 觉得 
LOG (gmm-latgen-faster[5.1.60~1-b2d5d]:DecodeUtteranceLatticeFaster():decoder-wrappers.cc:285) Log-like per frame for utterance NI01MAX_0101_1017267_1030929 is -4.2263 over 1364 frames.
NI01MAX_0101_1034132_1039582 CANTEEN 附 近 我 跑步 过 FIVE 那 边 跑 很 很 很 迟 进 
LOG (gmm-latgen-faster[5.1.60~1-b2d5d]:DecodeUtteranceLatticeFaster():decoder-wrappers.cc:285) Log-like per frame for utterance NI01MAX_0101_1034132_1039582 is -3.95501 over 543 frames.
NI01MAX_0101_1040018_1045210 我 以前 是 大概 五 工 YEAR ONE 吃 给 我 通常 是 跟 我 朋友 跑 PROJECT AH 
LOG (gmm-latgen-faster[5.1.60~1-b2d5d]:DecodeUtteranceLatticeFaster():decoder-wrappers.cc:285) Log-like per frame for utterance NI01MAX_0101_1040018_1045210 is -4.54864 over 517 frames.
NI01MAX_0101_1051964_1056980 他们 比较 买 了 我 是 跑 我 今年 拿 那个 COURSE CONTENT 
LOG (gmm-latgen-faster[5.1.60~1-b2d5d]:DecodeUtteranceLatticeFaster():decoder-wrappers.cc:285) Log-like per frame for utterance NI01MAX_0101_1051964_1056980 is -4.15252 over 500 frames.
NI01MAX_0101_1063421_1068430 一样 东 本来 已 经 有 不过 现在 就 慢 慢 的 多少 SIL2 
LOG (gmm-latgen-faster[5.1.60~1-b2d5d]:DecodeUtteranceLatticeFaster():decoder-wrappers.cc:285) Log-like per frame for utterance NI01MAX_0101_1063421_1068430 is -4.26895 over 499 frames.
NI01MAX_0101_1078087_1078653 怎样 
LOG (gmm-latgen-faster[5.1.60~1-b2d5d]:DecodeUtteranceLatticeFaster():decoder-wrappers.cc:285) Log-like per frame for utterance NI01MAX_0101_1078087_1078653 is -5.02168 over 55 frames.
NI01MAX_0101_1080179_1085196 我 比较 就 去 不 CAMERA 游泳 那 边 已经 惯 了 所以 现在 兴趣 
LOG (gmm-latgen-faster[5.1.60~1-b2d5d]:DecodeUtteranceLatticeFaster():decoder-wrappers.cc:285) Log-like per frame for utterance NI01MAX_0101_1080179_1085196 is -4.10593 over 500 frames.
NI01MAX_0101_1085196_1087810 跟 我 讲 我 的 COUSIN 不 
LOG (gmm-latgen-faster[5.1.60~1-b2d5d]:DecodeUtteranceLatticeFaster():decoder-wrappers.cc:285) Log-like per frame for utterance NI01MAX_0101_1085196_1087810 is -4.09465 over 259 frames.
NI01MAX_0101_1124054_1131139 也是 SPORTS 啊 没有 其实 可能 可能 有 啦 不过 我 想 不 起 
LOG (gmm-latgen-faster[5.1.60~1-b2d5d]:DecodeUtteranceLatticeFaster():decoder-wrappers.cc:285) Log-like per frame for utterance NI01MAX_0101_1124054_1131139 is -3.81601 over 707 frames.
NI01MAX_0101_1138325_1158001 就是 平时 五 点 十 五 KIND OF THING ONE SIL2 我 看 WHEN SHE COME 时间 的 FREQUENCY 是 那种 比较 小 话 的 THEN 看 你 去 五 点 的 PEOPLE 不 到 这样 可能 在 看 SIL2 看 那种 
LOG (gmm-latgen-faster[5.1.60~1-b2d5d]:DecodeUtteranceLatticeFaster():decoder-wrappers.cc:285) Log-like per frame for utterance NI01MAX_0101_1138325_1158001 is -3.856 over 1966 frames.
NI01MAX_0101_1169750_1178168 ENGLISH SERIES SIL2 ENGLISH SERIES 没有 ONGOING DURING 应该 HAVOC 有 SEND 一个 的 
LOG (gmm-latgen-faster[5.1.60~1-b2d5d]:DecodeUtteranceLatticeFaster():decoder-wrappers.cc:285) Log-like per frame for utterance NI01MAX_0101_1169750_1178168 is -3.88245 over 840 frames.
NI01MAX_0101_1207292_1230079 FOR HORRIBLE 也是 可以 LIKE 那个 就 REASON 有一个 是 CHEMICAL L 啊 啊 那个 我 觉 YES 我 觉得 是 最 好 的 ONE OF THE PRESSURE AS IN 他 很 怕 人 THEN 他 的 CHARACTER TO 都 都 都 很 真 的 很 恐怖 也是 很多 很多 SENIORS 啊 不过 跑 最 好 的 WHY 我 是 觉得 SIL2 
LOG (gmm-latgen-faster[5.1.60~1-b2d5d]:DecodeUtteranceLatticeFaster():decoder-wrappers.cc:285) Log-like per frame for utterance NI01MAX_0101_1207292_1230079 is -4.14932 over 2277 frames.
NI01MAX_0101_1286670_1291280 那些 SAD 啦 啊 DESIGN INFRASTRUCTURE 的 东 西 
LOG (gmm-latgen-faster[5.1.60~1-b2d5d]:DecodeUtteranceLatticeFaster():decoder-wrappers.cc:285) Log-like per frame for utterance NI01MAX_0101_1286670_1291280 is -3.92325 over 459 frames.
NI01MAX_0101_1330012_1339338 只有 两个 一个 在 MARINA BAY 那个 是 那个 是 MORE TO PRESENT 我 的 就 说 全部 要 ONE CASINO 你 去 那 边 
LOG (gmm-latgen-faster[5.1.60~1-b2d5d]:DecodeUtteranceLatticeFaster():decoder-wrappers.cc:285) Log-like per frame for utterance NI01MAX_0101_1330012_1339338 is -4.07625 over 931 frames.
NI01MAX_0101_1339932_1361176 啊 I THINK 那 边 WAKING 最 好 的 CASINO STRUCTURE BUT FOR 参 到 在 那 边 是 MORE TO 那种 RECREATIONAL LIKE 可能 ONE 我 我 三 出 这种 应该 是 SUPPORT 他们 比较 好 一点 不过 拿 IN 也是 有 比较 小 的 五 场 比较 小 一点 不是 不是 那种 比较 HIGH CLASS 的 在 MARINA BAY 是 PREREQUISITE SIL2 
LOG (gmm-latgen-faster[5.1.60~1-b2d5d]:DecodeUtteranceLatticeFaster():decoder-wrappers.cc:285) Log-like per frame for utterance NI01MAX_0101_1339932_1361176 is -4.20362 over 2122 frames.
NI01MAX_0101_1366625_1367930 INTERESTING 的 
LOG (gmm-latgen-faster[5.1.60~1-b2d5d]:DecodeUtteranceLatticeFaster():decoder-wrappers.cc:285) Log-like per frame for utterance NI01MAX_0101_1366625_1367930 is -4.1602 over 129 frames.
NI01MAX_0101_1394738_1400572 ACTUALLY 我们 读 的 读 LICENSE 不 来 西 的 名 MAINLY 是 THEATRE 
LOG (gmm-latgen-faster[5.1.60~1-b2d5d]:DecodeUtteranceLatticeFaster():decoder-wrappers.cc:285) Log-like per frame for utterance NI01MAX_0101_1394738_1400572 is -4.00894 over 581 frames.
NI01MAX_0101_1439778_1446570 MARKET 怎样 这 这 两个 进 去 是 不错 啊 这 两个 兴趣 的 过 他 在 讲 不 动 WHICH WE 这种 
LOG (gmm-latgen-faster[5.1.60~1-b2d5d]:DecodeUtteranceLatticeFaster():decoder-wrappers.cc:285) Log-like per frame for utterance NI01MAX_0101_1439778_1446570 is -4.45159 over 677 frames.
NI01MAX_0101_1447075_1452992 在 南 岛 所以 MY THAT 应该 会 做 很多 字 时间 就 很 吵 
LOG (gmm-latgen-faster[5.1.60~1-b2d5d]:DecodeUtteranceLatticeFaster():decoder-wrappers.cc:285) Log-like per frame for utterance NI01MAX_0101_1447075_1452992 is -4.08267 over 590 frames.
NI01MAX_0101_1452992_1454840 THEN 我 朋友 很多 在 做 
LOG (gmm-latgen-faster[5.1.60~1-b2d5d]:DecodeUtteranceLatticeFaster():decoder-wrappers.cc:285) Log-like per frame for utterance NI01MAX_0101_1452992_1454840 is -4.36367 over 183 frames.
NI01MAX_0101_1582891_1599090 你 的 MORE 当时 VIVO CITY 啊 不过 VIVO CITY 的 MORE 是 很 好 不过 他 的 东 西 比较 HIGH CLASS 点 全部 的 点 没有 没有 听 过 的 LIKE TO RUN THE NEWS SIL2 钟 什么 很多 ENGINE STUDENT 我 没有 看 过 
LOG (gmm-latgen-faster[5.1.60~1-b2d5d]:DecodeUtteranceLatticeFaster():decoder-wrappers.cc:285) Log-like per frame for utterance NI01MAX_0101_1582891_1599090 is -4.16204 over 1618 frames.
NI01MAX_0101_1603334_1614966 我 就 都是 好 不 好 那 边 没有 什么 这样的 他 会 读 报 纸 THEN 你 做 到 回去 一点 时间 BIGGER CITIES 大 不过 他 已经 是 一个 很 真 的 一个 CENTRE 在 里面 
LOG (gmm-latgen-faster[5.1.60~1-b2d5d]:DecodeUtteranceLatticeFaster():decoder-wrappers.cc:285) Log-like per frame for utterance NI01MAX_0101_1603334_1614966 is -4.29808 over 1161 frames.
NI01MAX_0101_1622160_1625260 一 点 点 不过 我 觉得 也是 不错 还是 很 不同 啊 
LOG (gmm-latgen-faster[5.1.60~1-b2d5d]:DecodeUtteranceLatticeFaster():decoder-wrappers.cc:285) Log-like per frame for utterance NI01MAX_0101_1622160_1625260 is -4.48024 over 308 frames.
NI01MAX_0101_1656606_1671456 看 戏 有 GOLDEN VILLAGE 那 边 的 CHINA INDIA 也是 很 打 给 我 还是 输 可以 发现 到 也是 满 满 多 东 西 THEN SIL2 通常 我 在 去 他们 没有 的 START CENTRE 你 也是 BUDGET 
LOG (gmm-latgen-faster[5.1.60~1-b2d5d]:DecodeUtteranceLatticeFaster():decoder-wrappers.cc:285) Log-like per frame for utterance NI01MAX_0101_1656606_1671456 is -4.08996 over 1483 frames.
NI01MAX_0101_1674533_1680588 THEN 还有 什么 是 他 的 I ICE CREAM 我 是 可以 跟 BASH 
LOG (gmm-latgen-faster[5.1.60~1-b2d5d]:DecodeUtteranceLatticeFaster():decoder-wrappers.cc:285) Log-like per frame for utterance NI01MAX_0101_1674533_1680588 is -3.8667 over 604 frames.
NI01MAX_0101_1700586_1716342 ELECTRONICS 啦 AS IN LIKE NOT 这种 最后 还是 去 I T FAIR SIL2 SOME REASON I T FAIR 不过 SIL2 学生 我 不 给 你 他们 在 这 边 买 一 因为 SPAIN 还是 会 比较 高 一点 
LOG (gmm-latgen-faster[5.1.60~1-b2d5d]:DecodeUtteranceLatticeFaster():decoder-wrappers.cc:285) Log-like per frame for utterance NI01MAX_0101_1700586_1716342 is -3.96902 over 1574 frames.
NI01MAX_0101_1718908_1723993 子 SIMILAR SERIOUS 可以 不过 可能 会 对于 边 MAH 
LOG (gmm-latgen-faster[5.1.60~1-b2d5d]:DecodeUtteranceLatticeFaster():decoder-wrappers.cc:285) Log-like per frame for utterance NI01MAX_0101_1718908_1723993 is -3.70103 over 507 frames.
NI01MAX_0101_1726408_1732486 那 边 的 人 会 说 会 START 脚 可能 会 LIKE 东 西 不 不是 说 呢 会 比较 贵 
LOG (gmm-latgen-faster[5.1.60~1-b2d5d]:DecodeUtteranceLatticeFaster():decoder-wrappers.cc:285) Log-like per frame for utterance NI01MAX_0101_1726408_1732486 is -4.27151 over 606 frames.
NI01MAX_0101_1735271_1747041 AS IN 我们 少 THEN 他们 会 说 OKAY 我 给 你 THEN 他 们 的 PLASTIC 的 工作 比较 他们 会 会 会 东 书 讲 话 我 觉得 SIL2 可能 可能 我 会 T FAIR 
LOG (gmm-latgen-faster[5.1.60~1-b2d5d]:DecodeUtteranceLatticeFaster():decoder-wrappers.cc:285) Log-like per frame for utterance NI01MAX_0101_1735271_1747041 is -4.12041 over 1175 frames.
NI01MAX_0101_1747598_1759232 I T FAIR 是 也是 好 不过 I T FAIR 的 选 做 是 比较 多 很多 我 也 很多 I 还是 去 可以 去 的 地方 买 觉得 SIL2 SIL2 
LOG (gmm-latgen-faster[5.1.60~1-b2d5d]:DecodeUtteranceLatticeFaster():decoder-wrappers.cc:285) Log-like per frame for utterance NI01MAX_0101_1747598_1759232 is -4.14796 over 1161 frames.
NI01MAX_0101_1767115_1772329 是 十五 号 我 经常 是 预 防 的 最 喜欢 吃 的 
LOG (gmm-latgen-faster[5.1.60~1-b2d5d]:DecodeUtteranceLatticeFaster():decoder-wrappers.cc:285) Log-like per frame for utterance NI01MAX_0101_1767115_1772329 is -4.15082 over 519 frames.
NI01MAX_0101_1775441_1780099 你 有 空 的 时候 粉 一 面 做 MORE TO CHINESE 的 
LOG (gmm-latgen-faster[5.1.60~1-b2d5d]:DecodeUtteranceLatticeFaster():decoder-wrappers.cc:285) Log-like per frame for utterance NI01MAX_0101_1775441_1780099 is -4.04103 over 464 frames.
NI01MAX_0101_1783716_1793985 WESTERN OH 我 WESTERN 我 FRESH GRAD 也是 我 COMPLAIN 冲 去 去 去 去 吃 一 MUCH TIME 
LOG (gmm-latgen-faster[5.1.60~1-b2d5d]:DecodeUtteranceLatticeFaster():decoder-wrappers.cc:285) Log-like per frame for utterance NI01MAX_0101_1783716_1793985 is -3.89683 over 1025 frames.
NI01MAX_0101_1797717_1802749 THAT'S THE 布 可以 吹 不 做 过 古 里 
LOG (gmm-latgen-faster[5.1.60~1-b2d5d]:DecodeUtteranceLatticeFaster():decoder-wrappers.cc:285) Log-like per frame for utterance NI01MAX_0101_1797717_1802749 is -3.71387 over 501 frames.
NI01MAX_0101_1805457_1810014 CRYSTAL JADE 你 要 去 那个 CRYSTAL JADE KITCHEN SIL2 有 我 有 一点 
LOG (gmm-latgen-faster[5.1.60~1-b2d5d]:DecodeUtteranceLatticeFaster():decoder-wrappers.cc:285) Log-like per frame for utterance NI01MAX_0101_1805457_1810014 is -4.38606 over 454 frames.
NI01MAX_0101_1869824_1873108 经常 去 MEETING 的 去 读 不 了 
LOG (gmm-latgen-faster[5.1.60~1-b2d5d]:DecodeUtteranceLatticeFaster():decoder-wrappers.cc:285) Log-like per frame for utterance NI01MAX_0101_1869824_1873108 is -3.79658 over 326 frames.
NI01MAX_0101_1873910_1875470 SO 可以 钱 拿 
LOG (gmm-latgen-faster[5.1.60~1-b2d5d]:DecodeUtteranceLatticeFaster():decoder-wrappers.cc:285) Log-like per frame for utterance NI01MAX_0101_1873910_1875470 is -4.1883 over 154 frames.
NI01MAX_0101_1911428_1914146 经济 的 BY 觉得 三千 
LOG (gmm-latgen-faster[5.1.60~1-b2d5d]:DecodeUtteranceLatticeFaster():decoder-wrappers.cc:285) Log-like per frame for utterance NI01MAX_0101_1911428_1914146 is -3.95159 over 270 frames.
NI01MAX_0101_1920830_1924560 从 我 知道 就 可 以 动物 也是 看 你 去 了 
LOG (gmm-latgen-faster[5.1.60~1-b2d5d]:DecodeUtteranceLatticeFaster():decoder-wrappers.cc:285) Log-like per frame for utterance NI01MAX_0101_1920830_1924560 is -4.36777 over 371 frames.
NI01MAX_0101_1944660_1945990 两个 月 去 吃 
LOG (gmm-latgen-faster[5.1.60~1-b2d5d]:DecodeUtteranceLatticeFaster():decoder-wrappers.cc:285) Log-like per frame for utterance NI01MAX_0101_1944660_1945990 is -4.12029 over 131 frames.
NI01MAX_0101_2002868_2011244 他 只是 吃 了 看 那些 FORM 话 你 没有 什么 去 MALACCA 就是 吃 了 是 他 的 去 COME FOR 
LOG (gmm-latgen-faster[5.1.60~1-b2d5d]:DecodeUtteranceLatticeFaster():decoder-wrappers.cc:285) Log-like per frame for utterance NI01MAX_0101_2002868_2011244 is -3.99108 over 836 frames.
NI01MAX_0101_2014498_2015710 那个 没有 
LOG (gmm-latgen-faster[5.1.60~1-b2d5d]:DecodeUtteranceLatticeFaster():decoder-wrappers.cc:285) Log-like per frame for utterance NI01MAX_0101_2014498_2015710 is -3.80999 over 119 frames.
NI01MAX_0101_2027451_2029970 那 边 的 人 很 不 一 样 我 觉得 
LOG (gmm-latgen-faster[5.1.60~1-b2d5d]:DecodeUtteranceLatticeFaster():decoder-wrappers.cc:285) Log-like per frame for utterance NI01MAX_0101_2027451_2029970 is -4.13428 over 250 frames.
NI01MAX_0101_2035120_2042762 比 新加坡 人 跟 不 要 有 他们 可以 做 他们 和 很多 的 东 西 SIL2 男 跟 女 都 不是 很 努力 的 ROOM 
LOG (gmm-latgen-faster[5.1.60~1-b2d5d]:DecodeUtteranceLatticeFaster():decoder-wrappers.cc:285) Log-like per frame for utterance NI01MAX_0101_2035120_2042762 is -4.17021 over 762 frames.
NI01MAX_0101_2046539_2052963 会 比较 不 一 样 可是 他 们 的 家人 去 THEN 他们 还是 什么 他们 全部 一起 去 是 很 不 一 样 
LOG (gmm-latgen-faster[5.1.60~1-b2d5d]:DecodeUtteranceLatticeFaster():decoder-wrappers.cc:285) Log-like per frame for utterance NI01MAX_0101_2046539_2052963 is -4.23018 over 640 frames.
NI01MAX_0101_2064387_2070413 我 SO 可以 去 啊 我 去 跑 走 啦 走 一 进 去 走 去 过 COAST 看 跟 你 讲 
LOG (gmm-latgen-faster[5.1.60~1-b2d5d]:DecodeUtteranceLatticeFaster():decoder-wrappers.cc:285) Log-like per frame for utterance NI01MAX_0101_2064387_2070413 is -4.09618 over 601 frames.
NI01MAX_0101_2071830_2077275 ONE 他 的 不 ROLLER COASTER I THINK 那 边 的 如果 是 是 SOMEONE 啊 
LOG (gmm-latgen-faster[5.1.60~1-b2d5d]:DecodeUtteranceLatticeFaster():decoder-wrappers.cc:285) Log-like per frame for utterance NI01MAX_0101_2071830_2077275 is -4.02688 over 543 frames.
NI01MAX_0101_2078821_2092688 我 朋友 去 很 肮脏 ROLLER COASTER 一 次 是 大概 五 分 钟 这个 他 的 那 边 很 把 整 个 新加坡 来了 还 比 新加坡 打 讲 这个 ROLLER COASTER 你 做 PACKAGE 
LOG (gmm-latgen-faster[5.1.60~1-b2d5d]:DecodeUtteranceLatticeFaster():decoder-wrappers.cc:285) Log-like per frame for utterance NI01MAX_0101_2078821_2092688 is -4.22729 over 1385 frames.
NI01MAX_0101_2095743_2097622 CO CO 的 没有 吗 
LOG (gmm-latgen-faster[5.1.60~1-b2d5d]:DecodeUtteranceLatticeFaster():decoder-wrappers.cc:285) Log-like per frame for utterance NI01MAX_0101_2095743_2097622 is -4.08308 over 186 frames.
NI01MAX_0101_2098270_2105727 BUT 那 边 东 西 就 好 了 我 觉得 IN TERMS OF OFF 那些 CHOOSE SOMEONE 还是 
LOG (gmm-latgen-faster[5.1.60~1-b2d5d]:DecodeUtteranceLatticeFaster():decoder-wrappers.cc:285) Log-like per frame for utterance NI01MAX_0101_2098270_2105727 is -4.09764 over 744 frames.
NI01MAX_0101_2105990_2107460 啊 如果 这种 
LOG (gmm-latgen-faster[5.1.60~1-b2d5d]:DecodeUtteranceLatticeFaster():decoder-wrappers.cc:285) Log-like per frame for utterance NI01MAX_0101_2105990_2107460 is -4.20287 over 145 frames.
NI01MAX_0101_2110910_2113400 讲 我 全部 都 要 讲 CALENDAR 要 
LOG (gmm-latgen-faster[5.1.60~1-b2d5d]:DecodeUtteranceLatticeFaster():decoder-wrappers.cc:285) Log-like per frame for utterance NI01MAX_0101_2110910_2113400 is -5.30653 over 247 frames.
NI01MAX_0101_2123552_2125650 也是 有 BUT NOT BAD 那 边 的 
LOG (gmm-latgen-faster[5.1.60~1-b2d5d]:DecodeUtteranceLatticeFaster():decoder-wrappers.cc:285) Log-like per frame for utterance NI01MAX_0101_2123552_2125650 is -4.44649 over 208 frames.
NI01MAX_0101_2144151_2145424 OH NO COURSE 
LOG (gmm-latgen-faster[5.1.60~1-b2d5d]:DecodeUtteranceLatticeFaster():decoder-wrappers.cc:285) Log-like per frame for utterance NI01MAX_0101_2144151_2145424 is -3.93841 over 125 frames.
NI01MAX_0101_2154422_2158413 AUSTRALIA 我 有 去 过 其实 我 我 你 去 过 
LOG (gmm-latgen-faster[5.1.60~1-b2d5d]:DecodeUtteranceLatticeFaster():decoder-wrappers.cc:285) Log-like per frame for utterance NI01MAX_0101_2154422_2158413 is -4.1444 over 397 frames.
NI01MAX_0101_2161850_2168688 想 WAH SIAN 去 不过 看 没有 机会 有 机会 去 去 SIL2 
LOG (gmm-latgen-faster[5.1.60~1-b2d5d]:DecodeUtteranceLatticeFaster():decoder-wrappers.cc:285) Log-like per frame for utterance NI01MAX_0101_2161850_2168688 is -3.74964 over 682 frames.
NI01MAX_0101_2213446_2236252 要 出 过 话 可能 要 跟 我 家人 FAMILY 可能 两 两 三 年 这样 子 就 我 觉得 这种 不要 在 新加坡 我 觉得 说 新加坡 我 的 那个 THEN 我 P 比较 小 一点 不过 还是 可以 的 会 比较 难 一点 给 他们 他们 讲 N Y 我 的 P H D 比较 吃 想 啦 BUT OF 
LOG (gmm-latgen-faster[5.1.60~1-b2d5d]:DecodeUtteranceLatticeFaster():decoder-wrappers.cc:285) Log-like per frame for utterance NI01MAX_0101_2213446_2236252 is -4.03728 over 2279 frames.
NI01MAX_0101_2246229_2248610 出 五十 块 去 吗 SO 你 
LOG (gmm-latgen-faster[5.1.60~1-b2d5d]:DecodeUtteranceLatticeFaster():decoder-wrappers.cc:285) Log-like per frame for utterance NI01MAX_0101_2246229_2248610 is -4.18826 over 236 frames.
NI01MAX_0101_2259144_2263561 去 那 边 也是 应该 不会 去 去 我 希望 可以 就 可 以 去 
LOG (gmm-latgen-faster[5.1.60~1-b2d5d]:DecodeUtteranceLatticeFaster():decoder-wrappers.cc:285) Log-like per frame for utterance NI01MAX_0101_2259144_2263561 is -4.1565 over 440 frames.
NI01MAX_0101_2266396_2269730 EM I T 是 在 U S 
LOG (gmm-latgen-faster[5.1.60~1-b2d5d]:DecodeUtteranceLatticeFaster():decoder-wrappers.cc:285) Log-like per frame for utterance NI01MAX_0101_2266396_2269730 is -3.73359 over 331 frames.
NI01MAX_0101_2276506_2279483 STAY STAY 我 不 清楚 STILL 清楚 
LOG (gmm-latgen-faster[5.1.60~1-b2d5d]:DecodeUtteranceLatticeFaster():decoder-wrappers.cc:285) Log-like per frame for utterance NI01MAX_0101_2276506_2279483 is -4.00172 over 296 frames.
NI01MAX_0101_2285980_2290729 N T U 有 有 EXCHANGE 我 YOU MEAN 我 BATCH 的 时候 
LOG (gmm-latgen-faster[5.1.60~1-b2d5d]:DecodeUtteranceLatticeFaster():decoder-wrappers.cc:285) Log-like per frame for utterance NI01MAX_0101_2285980_2290729 is -4.04121 over 473 frames.
NI01MAX_0101_2293210_2308473 我 我 没有 去 我 BACHELOR 走 回去 BUT 我 没有 去 有 LESSON TEST 的 我 THEN 因为 我 都 POSTCARD 我 需要 出 国 一下 很多 组 半年 这些 所以 可能 可能 我 也 可 不 可 能 去 要 出 国 一下 
LOG (gmm-latgen-faster[5.1.60~1-b2d5d]:DecodeUtteranceLatticeFaster():decoder-wrappers.cc:285) Log-like per frame for utterance NI01MAX_0101_2293210_2308473 is -4.12529 over 1524 frames.
NI01MAX_0101_2314888_2320630 又 不是 CONDITIONAL 尽 量 可以 的 话 我 希望 可以 可以 可以 去 了 
LOG (gmm-latgen-faster[5.1.60~1-b2d5d]:DecodeUtteranceLatticeFaster():decoder-wrappers.cc:285) Log-like per frame for utterance NI01MAX_0101_2314888_2320630 is -4.05139 over 572 frames.
NI01MAX_0101_2337200_2340013 BACKPACK SIL2 YOU 
LOG (gmm-latgen-faster[5.1.60~1-b2d5d]:DecodeUtteranceLatticeFaster():decoder-wrappers.cc:285) Log-like per frame for utterance NI01MAX_0101_2337200_2340013 is -3.59945 over 279 frames.
NI01MAX_0101_2350128_2358510 除 非 是 真 的 真 的 是 做 很多 的 功 课 啦 LIKE 哪里 好玩 这些 THEN 其他 HALL 去 TRY 没有 话 就 就 OFTEN 
LOG (gmm-latgen-faster[5.1.60~1-b2d5d]:DecodeUtteranceLatticeFaster():decoder-wrappers.cc:285) Log-like per frame for utterance NI01MAX_0101_2350128_2358510 is -4.30889 over 836 frames.
NI01MAX_0101_2379453_2383919 HOBBIES AH ONE YOU ONE YOU SEE NO NO ONE 
LOG (gmm-latgen-faster[5.1.60~1-b2d5d]:DecodeUtteranceLatticeFaster():decoder-wrappers.cc:285) Log-like per frame for utterance NI01MAX_0101_2379453_2383919 is -3.78189 over 445 frames.
NI01MAX_0101_2384310_2395342 ONE 多 到 都 打 斗 到 我 CAR FOR 我 CUSTOMER 的 都 啦 THEN MAKE ALOT MORE TO STRATEGY TIME 的 那种 
LOG (gmm-latgen-faster[5.1.60~1-b2d5d]:DecodeUtteranceLatticeFaster():decoder-wrappers.cc:285) Log-like per frame for utterance NI01MAX_0101_2384310_2395342 is -3.97465 over 1101 frames.
NI01MAX_0101_2396890_2398963 间 屋子 啊 间 东 西 THEN 拿 
LOG (gmm-latgen-faster[5.1.60~1-b2d5d]:DecodeUtteranceLatticeFaster():decoder-wrappers.cc:285) Log-like per frame for utterance NI01MAX_0101_2396890_2398963 is -4.54252 over 205 frames.
NI01MAX_0101_2400434_2406930 SINCE CITY 没有 兴趣 给 你 WEEKEND 的 我 ROUGH 你 讲 
LOG (gmm-latgen-faster[5.1.60~1-b2d5d]:DecodeUtteranceLatticeFaster():decoder-wrappers.cc:285) Log-like per frame for utterance NI01MAX_0101_2400434_2406930 is -3.82013 over 648 frames.
NI01MAX_0101_2424475_2427640 对 STATION 没有 CON SO 的 东 西 我们 
LOG (gmm-latgen-faster[5.1.60~1-b2d5d]:DecodeUtteranceLatticeFaster():decoder-wrappers.cc:285) Log-like per frame for utterance NI01MAX_0101_2424475_2427640 is -3.93542 over 315 frames.
NI01MAX_0101_2456873_2458433 我 打 BASKETBALL M R T 
LOG (gmm-latgen-faster[5.1.60~1-b2d5d]:DecodeUtteranceLatticeFaster():decoder-wrappers.cc:285) Log-like per frame for utterance NI01MAX_0101_2456873_2458433 is -4.33721 over 154 frames.
NI01MAX_0101_2484519_2511320 这里 的 受伤 啊 我 觉得 SIL2 SOMEHOW 可是 就是 去 啊 他们 有 THEN 七 个 啊 THEN 他们 已经 会 比较 幸 好 听 好像 SUN 三 四年 对 所以 SO 我们 静 的 SIL2 THEN 很 不同 啊 他 们 的 很 很多 的 ACTIVITY 不过 IN ECONOMY 那种 我 就 比较 少 因为 人 会 COMMENT 吗 
LOG (gmm-latgen-faster[5.1.60~1-b2d5d]:DecodeUtteranceLatticeFaster():decoder-wrappers.cc:285) Log-like per frame for utterance NI01MAX_0101_2484519_2511320 is -3.81059 over 2678 frames.
NI01MAX_0101_2511320_2517332 有 AIR CON 全部 就 开 CONDIMENT ONE 你们 关 的 话 就 跟 人家 讲 我 就 比较 难 的 左边 要 给 我们 
LOG (gmm-latgen-faster[5.1.60~1-b2d5d]:DecodeUtteranceLatticeFaster():decoder-wrappers.cc:285) Log-like per frame for utterance NI01MAX_0101_2511320_2517332 is -4.62016 over 599 frames.
NI01MAX_0101_2517332_2529727 因为 我 去 别的 HALL 去 COURSE HOPE 不同 他们 全部 我们 看看 的 这个 做 了 我们 大概 THEN 如果 可以 进 去 里面 比较 容易 啦 会 比较 容易 THEN 已经 是 跟 HALL 
LOG (gmm-latgen-faster[5.1.60~1-b2d5d]:DecodeUtteranceLatticeFaster():decoder-wrappers.cc:285) Log-like per frame for utterance NI01MAX_0101_2517332_2529727 is -4.22907 over 1238 frames.
NI01MAX_0101_2530046_2541430 HALL SING 的 话 那个 J C R C 会 比较 SING SING 的 话 会 比较 不 还 给 了 LIKE 比较 信 LA WHEREAS HALL TWO WHICH 很多 年 的 时候 一 代 餐 你 打 一直 下雨 就是 啊 
LOG (gmm-latgen-faster[5.1.60~1-b2d5d]:DecodeUtteranceLatticeFaster():decoder-wrappers.cc:285) Log-like per frame for utterance NI01MAX_0101_2530046_2541430 is -4.25157 over 1136 frames.
NI01MAX_0101_2543405_2547298 他们 他们 不 LIKE TRAIN 一个 COMMITTEE 我 来 讲 我 想 
LOG (gmm-latgen-faster[5.1.60~1-b2d5d]:DecodeUtteranceLatticeFaster():decoder-wrappers.cc:285) Log-like per frame for utterance NI01MAX_0101_2543405_2547298 is -4.39214 over 387 frames.
NI01MAX_0101_2548346_2560050 你 有 GENERATION 可能 CHINESE CHESS AS AFTER THIS BATCH BECOME AFTER THAT KIND OF CHINESE CHESS THEN 他 有一个 以 叫 我 用 TOMATO 有 CAMP COMMITTEE 一直 做 一直 讲 IN STRESS 
LOG (gmm-latgen-faster[5.1.60~1-b2d5d]:DecodeUtteranceLatticeFaster():decoder-wrappers.cc:285) Log-like per frame for utterance NI01MAX_0101_2548346_2560050 is -4.43982 over 1168 frames.
NI01MAX_0101_2573721_2585798 因为 BEFORE THAT YOU SEE 一个 姓 就 跟 HALL THREE THEN WHEN SINGLE CORE THREE 出来 的 时候 他们 把 我 去 走 的 TRADITION IS TEAM THEN 我 是 住 HALL 十 六 那个 是 很 近 的 
LOG (gmm-latgen-faster[5.1.60~1-b2d5d]:DecodeUtteranceLatticeFaster():decoder-wrappers.cc:285) Log-like per frame for utterance NI01MAX_0101_2573721_2585798 is -4.24664 over 1206 frames.
NI01MAX_0101_2588074_2596110 他 的 P P A J C R C 好像 不 清楚 要 做 什么 SOMETHING LIKE THAT 啊 LIKE 语 五 有 LEADERSHIP 啊 THEN THE BOND 
LOG (gmm-latgen-faster[5.1.60~1-b2d5d]:DecodeUtteranceLatticeFaster():decoder-wrappers.cc:285) Log-like per frame for utterance NI01MAX_0101_2588074_2596110 is -4.27669 over 802 frames.
NI01MAX_0101_2605503_2616546 这些 CASE 处 都是 一样 的 可能 HALL 三个 是 六 个 比较 好 因为 他们 都 有 AIR CON 啊 HOW TO EAT 也是 很 好 听 他 也是 多 了 
LOG (gmm-latgen-faster[5.1.60~1-b2d5d]:DecodeUtteranceLatticeFaster():decoder-wrappers.cc:285) Log-like per frame for utterance NI01MAX_0101_2605503_2616546 is -4.12115 over 1102 frames.
NI01MAX_0101_2618865_2622335 有 AIR CON 大概 都 五十 块 了 一个 月 回 
LOG (gmm-latgen-faster[5.1.60~1-b2d5d]:DecodeUtteranceLatticeFaster():decoder-wrappers.cc:285) Log-like per frame for utterance NI01MAX_0101_2618865_2622335 is -4.04432 over 345 frames.
NI01MAX_0101_2625840_2629883 所以 很难 进 很 很多 要 进 我 很 很 很难 进 
LOG (gmm-latgen-faster[5.1.60~1-b2d5d]:DecodeUtteranceLatticeFaster():decoder-wrappers.cc:285) Log-like per frame for utterance NI01MAX_0101_2625840_2629883 is -4.55985 over 402 frames.
NI01MAX_0101_2632432_2635759 大概 要 十 五 分 的 C C A POINTS 五 分 
LOG (gmm-latgen-faster[5.1.60~1-b2d5d]:DecodeUtteranceLatticeFaster():decoder-wrappers.cc:285) Log-like per frame for utterance NI01MAX_0101_2632432_2635759 is -4.08701 over 331 frames.
NI01MAX_0101_2639282_2664624 他们 东 分 数 有 两个 一个 是 你 的 DISTANCE FROM YOUR SCHOOL 不同 那个 是 几个 可以 吗 就 分 另外 一个 是 你 的 C C A 的 CAMPUS REINFORCEMENT 那个 也是 另外 就 很 那个 就会 YES 要 在 MAIN COM 那种 所以 就 到 四 十 八 分 啦 所以 他们 要 十 五 分 成 语 才 你 才 可以 TAKE 我 是 是 十 三 分 
LOG (gmm-latgen-faster[5.1.60~1-b2d5d]:DecodeUtteranceLatticeFaster():decoder-wrappers.cc:285) Log-like per frame for utterance NI01MAX_0101_2639282_2664624 is -4.17045 over 2532 frames.
NI01MAX_0101_2664624_2668240 YES 我 是 三 分 所以 他 也是 不可 以 
LOG (gmm-latgen-faster[5.1.60~1-b2d5d]:DecodeUtteranceLatticeFaster():decoder-wrappers.cc:285) Log-like per frame for utterance NI01MAX_0101_2664624_2668240 is -3.9536 over 360 frames.
NI01MAX_0101_2673204_2679820 OR SOMETHING 放 拿 东 西 我 不 清楚 因为 我 通常 都是 用 家里 的 鼻子 
LOG (gmm-latgen-faster[5.1.60~1-b2d5d]:DecodeUtteranceLatticeFaster():decoder-wrappers.cc:285) Log-like per frame for utterance NI01MAX_0101_2673204_2679820 is -4.09187 over 660 frames.
NI01MAX_0101_2684877_2687550 他们 DIFFERENT THEN 你 就 分 几个 OKAY 死 神 
LOG (gmm-latgen-faster[5.1.60~1-b2d5d]:DecodeUtteranceLatticeFaster():decoder-wrappers.cc:285) Log-like per frame for utterance NI01MAX_0101_2684877_2687550 is -4.35914 over 265 frames.
NI01MAX_0101_2692578_2712319 我 是 BLOCK RIGHT 我 是 POLITICIAN 的 T FOR FOR SLEEP SIL2 SO 在 那 边 我 是 啊 ORGANIZE FOR GATHERINGS 啊 我 是 BASICALLY 我 REPRESENT 我 的 HALL AH SO IF VICE PRESIDENT CHEESE 的 MAIN COMMITTEE 他 他 有 七十 多 糖果 讲 THEN 我 会 去 动 我 BUT MEMBERS 讲 
LOG (gmm-latgen-faster[5.1.60~1-b2d5d]:DecodeUtteranceLatticeFaster():decoder-wrappers.cc:285) Log-like per frame for utterance NI01MAX_0101_2692578_2712319 is -4.20735 over 1972 frames.
NI01MAX_0101_2714935_2718448 IM IM PROGRAMMER 就是 从 很 跟 他们 讲 说 
LOG (gmm-latgen-faster[5.1.60~1-b2d5d]:DecodeUtteranceLatticeFaster():decoder-wrappers.cc:285) Log-like per frame for utterance NI01MAX_0101_2714935_2718448 is -4.06602 over 349 frames.
NI01MAX_0101_2723120_2733040 LIKE 可能 NEW YEAR SMALL NEW NEW YEAR 的 时候 BEFORE THAT ECONOMICS 一 IT'S 一起 去 走 走 我 去 SUPPER HALL HALL SUPPER 东 西 给 他们 吗 
LOG (gmm-latgen-faster[5.1.60~1-b2d5d]:DecodeUtteranceLatticeFaster():decoder-wrappers.cc:285) Log-like per frame for utterance NI01MAX_0101_2723120_2733040 is -4.12754 over 990 frames.
NI01MAX_0101_2734460_2739620 坐 在 刚 啊 TO CYCLE 不过 LIAO 因为 可以 可以 认识 很多 人 
LOG (gmm-latgen-faster[5.1.60~1-b2d5d]:DecodeUtteranceLatticeFaster():decoder-wrappers.cc:285) Log-like per frame for utterance NI01MAX_0101_2734460_2739620 is -4.64673 over 514 frames.
NI01MAX_0101_2745776_2751601 一 层 的 可是 我 十五 十 六 个 人 都 都 有 那个 鱼 CUCUMBER 接 接 一百 
LOG (gmm-latgen-faster[5.1.60~1-b2d5d]:DecodeUtteranceLatticeFaster():decoder-wrappers.cc:285) Log-like per frame for utterance NI01MAX_0101_2745776_2751601 is -4.10635 over 581 frames.
NI01MAX_0101_2788125_2795462 我 是 那个 鱼 就 RECOVER SUB COMM AH UNI 他 是 一个 UNDERGRADUATE RESEARCH 的 COMMITTEE 来 的 
LOG (gmm-latgen-faster[5.1.60~1-b2d5d]:DecodeUtteranceLatticeFaster():decoder-wrappers.cc:285) Log-like per frame for utterance NI01MAX_0101_2788125_2795462 is -4.28496 over 732 frames.
NI01MAX_0101_2819764_2824403 YOU ECONOMY PURPOSE IS TO PROMOTE THEIR RESEARCH 的 INCOME 的 GRAD 
LOG (gmm-latgen-faster[5.1.60~1-b2d5d]:DecodeUtteranceLatticeFaster():decoder-wrappers.cc:285) Log-like per frame for utterance NI01MAX_0101_2819764_2824403 is -4.34828 over 462 frames.
NI01MAX_0101_2824403_2826905 因为 在 UNDERGRAD 他们 有一个 PROGRAM SIL2 
LOG (gmm-latgen-faster[5.1.60~1-b2d5d]:DecodeUtteranceLatticeFaster():decoder-wrappers.cc:285) Log-like per frame for utterance NI01MAX_0101_2824403_2826905 is -4.50174 over 248 frames.
NI01MAX_0101_2838618_2842148 C A MORE ON THE PRICE 会 一个 RESEARCH FOR THEN AFTER THAT 
LOG (gmm-latgen-faster[5.1.60~1-b2d5d]:DecodeUtteranceLatticeFaster():decoder-wrappers.cc:285) Log-like per frame for utterance NI01MAX_0101_2838618_2842148 is -4.42016 over 351 frames.
NI01MAX_0101_2842148_2844738 过 TO P P H G L SOMETHING LIKE THAT THEN 
LOG (gmm-latgen-faster[5.1.60~1-b2d5d]:DecodeUtteranceLatticeFaster():decoder-wrappers.cc:285) Log-like per frame for utterance NI01MAX_0101_2842148_2844738 is -4.38854 over 257 frames.
NI01MAX_0101_2860995_2875020 有 我 SECOND YEAR 的 时候 有 因为 我 有 几 会 走 走 一 组 一 组 啊 SO AT THAT TIME 我 是 说 电视 ELECTRONICS 书 是 用 SOFTWARE WISE 一些 跑 我 PROCESSOR 你们 
LOG (gmm-latgen-faster[5.1.60~1-b2d5d]:DecodeUtteranceLatticeFaster():decoder-wrappers.cc:285) Log-like per frame for utterance NI01MAX_0101_2860995_2875020 is -4.07265 over 1401 frames.
NI01MAX_0101_2886199_2889323 可能 SO 我 读 的 东 西 会 花 很多 时间 都 
LOG (gmm-latgen-faster[5.1.60~1-b2d5d]:DecodeUtteranceLatticeFaster():decoder-wrappers.cc:285) Log-like per frame for utterance NI01MAX_0101_2886199_2889323 is -4.7296 over 310 frames.
NI01MAX_0101_2892352_2897485 比较 容易 了 的 我 读 书 会 比较 喜欢 所以 我 FINALLY 我 SPECIALIZE COMS 
LOG (gmm-latgen-faster[5.1.60~1-b2d5d]:DecodeUtteranceLatticeFaster():decoder-wrappers.cc:285) Log-like per frame for utterance NI01MAX_0101_2892352_2897485 is -4.29467 over 511 frames.
NI01MAX_0101_2900619_2910134 我 觉得 做 RESEARCH 很 IT'S IT'S INTERESTING 啦 AS IN 什么 没有 K 你 我 记得 我 跟 我 朋友 去 给 我 出来 的 做好 OKAY 我 一个 一个 
LOG (gmm-latgen-faster[5.1.60~1-b2d5d]:DecodeUtteranceLatticeFaster():decoder-wrappers.cc:285) Log-like per frame for utterance NI01MAX_0101_2900619_2910134 is -4.20943 over 950 frames.
NI01MAX_0101_2910873_2923256 一个 STATE OF MOST ONE SOFTWARE 的 用 THEN 我 就 跟 他 讲 说 过 ANY BOOK SO THAT 他 古 怪 PERFORMANCE SIL2 THEN THAT DAY 我 就 OKAY THEN 我 都 不 然 THEN I THINK 那个 是 个 很 好 的 经验 了 
LOG (gmm-latgen-faster[5.1.60~1-b2d5d]:DecodeUtteranceLatticeFaster():decoder-wrappers.cc:285) Log-like per frame for utterance NI01MAX_0101_2910873_2923256 is -4.47312 over 1236 frames.
NI01MAX_0101_2929399_2934450 有 病 菌 NOMINEES 成绩 华 人 他 可以 给 你 做 这个 东 西 
LOG (gmm-latgen-faster[5.1.60~1-b2d5d]:DecodeUtteranceLatticeFaster():decoder-wrappers.cc:285) Log-like per frame for utterance NI01MAX_0101_2929399_2934450 is -4.03603 over 503 frames.
NI01MAX_0101_2938757_2943307 IS NOT IN 的 CURRICULUM 的 啊 NOT COMPULSORY TO TAKE 了 
LOG (gmm-latgen-faster[5.1.60~1-b2d5d]:DecodeUtteranceLatticeFaster():decoder-wrappers.cc:285) Log-like per frame for utterance NI01MAX_0101_2938757_2943307 is -4.19386 over 453 frames.
NI01MAX_0101_2957328_2967060 SCHOOL CLUB 是 一 定 要 去 YOU CUT THE STUDENTS 才 可以 TAKE 就 说 不可 以 继续 便 丢 一个 学生 参加 这个 COURSE 
LOG (gmm-latgen-faster[5.1.60~1-b2d5d]:DecodeUtteranceLatticeFaster():decoder-wrappers.cc:285) Log-like per frame for utterance NI01MAX_0101_2957328_2967060 is -4.15291 over 971 frames.
NI01MAX_0101_2974264_2983086 THEN 我 才 可以 进 这个 THEN T 的 是 过 PROMOTION 他 们 的 CLASS 一个人 FIVE PRESIDENT 这种 SOCIAL 
LOG (gmm-latgen-faster[5.1.60~1-b2d5d]:DecodeUtteranceLatticeFaster():decoder-wrappers.cc:285) Log-like per frame for utterance NI01MAX_0101_2974264_2983086 is -3.94877 over 880 frames.
NI01MAX_0101_2986372_2995601 把 东 西 是 BASED ON MOSTLY I MISS PROMOTION 要 FACTOR 我 讲 我 的 STUDENTS IN TRIPLE E TO FOLD FOR 自己 STUDENT SIL2 
LOG (gmm-latgen-faster[5.1.60~1-b2d5d]:DecodeUtteranceLatticeFaster():decoder-wrappers.cc:285) Log-like per frame for utterance NI01MAX_0101_2986372_2995601 is -4.36665 over 921 frames.
NI01MAX_0101_2995601_2997680 THEN 多少 个 STORY IS 我 
LOG (gmm-latgen-faster[5.1.60~1-b2d5d]:DecodeUtteranceLatticeFaster():decoder-wrappers.cc:285) Log-like per frame for utterance NI01MAX_0101_2995601_2997680 is -4.19545 over 206 frames.
NI01MAX_0101_2998128_3003308 如果 我们 P P P 的 PRESIDENT 讲 这个 可能性 
LOG (gmm-latgen-faster[5.1.60~1-b2d5d]:DecodeUtteranceLatticeFaster():decoder-wrappers.cc:285) Log-like per frame for utterance NI01MAX_0101_2998128_3003308 is -4.08786 over 516 frames.
NI01MAX_0101_3007362_3021056 两年 MAH 最 最 最 多 就 不会 是 三 年 因 为 这 个 CAR 是 这个 IN UNI 看 的 PROGRAM 是 四年 前 是 你 现在 有 的 本来 已 很 这个 没有 机会 做 RESEARCH 
LOG (gmm-latgen-faster[5.1.60~1-b2d5d]:DecodeUtteranceLatticeFaster():decoder-wrappers.cc:285) Log-like per frame for utterance NI01MAX_0101_3007362_3021056 is -4.09767 over 1367 frames.
NI01MAX_0101_3029240_3031700 IS IS IS I DUNNO FINAL YEAR PROJECT 
LOG (gmm-latgen-faster[5.1.60~1-b2d5d]:DecodeUtteranceLatticeFaster():decoder-wrappers.cc:285) Log-like per frame for utterance NI01MAX_0101_3029240_3031700 is -4.408 over 244 frames.
NI01MAX_0101_3042935_3053430 OH FINAL PROJECT 是 都 有 我 就会 开始 SECOND 有 做 IS THEN 这 两个 是 IS DRESSING 的 做 RESEARCH 因为 我 CHEERLEADING 也是 做 RESEARCH 
LOG (gmm-latgen-faster[5.1.60~1-b2d5d]:DecodeUtteranceLatticeFaster():decoder-wrappers.cc:285) Log-like per frame for utterance NI01MAX_0101_3042935_3053430 is -4.18895 over 1048 frames.
NI01MAX_0101_3062782_3063968 全部 CURFEW 
LOG (gmm-latgen-faster[5.1.60~1-b2d5d]:DecodeUtteranceLatticeFaster():decoder-wrappers.cc:285) Log-like per frame for utterance NI01MAX_0101_3062782_3063968 is -4.28189 over 117 frames.
NI01MAX_0101_3068169_3076190 因为 已经 不是 很 很 很多 人 可以 可以 可以 进 可能 说 前 个 人 
LOG (gmm-latgen-faster[5.1.60~1-b2d5d]:DecodeUtteranceLatticeFaster():decoder-wrappers.cc:285) Log-like per frame for utterance NI01MAX_0101_3068169_3076190 is -3.80488 over 800 frames.
NI01MAX_0101_3093889_3097346 大部分 啊 大部分 是 TRIPLE E 跟 
LOG (gmm-latgen-faster[5.1.60~1-b2d5d]:DecodeUtteranceLatticeFaster():decoder-wrappers.cc:285) Log-like per frame for utterance NI01MAX_0101_3093889_3097346 is -3.85517 over 344 frames.
NI01MAX_0101_3101147_3101928 我 有 看到 
LOG (gmm-latgen-faster[5.1.60~1-b2d5d]:DecodeUtteranceLatticeFaster():decoder-wrappers.cc:285) Log-like per frame for utterance NI01MAX_0101_3101147_3101928 is -4.37153 over 76 frames.
NI01MAX_0101_3104310_3106970 啊 MAX 也是 有 MATHEMATICAL SCIENCE 
LOG (gmm-latgen-faster[5.1.60~1-b2d5d]:DecodeUtteranceLatticeFaster():decoder-wrappers.cc:285) Log-like per frame for utterance NI01MAX_0101_3104310_3106970 is -4.43346 over 264 frames.
NI01MAX_0101_3121798_3124470 啊 SOURCES 他 没有 没有 看到 
LOG (gmm-latgen-faster[5.1.60~1-b2d5d]:DecodeUtteranceLatticeFaster():decoder-wrappers.cc:285) Log-like per frame for utterance NI01MAX_0101_3121798_3124470 is -4.03723 over 265 frames.
NI01MAX_0101_3145835_3151890 我 DEGREE 几 年 的 句 话 也是 三 年 睡 MONEY 可以 
LOG (gmm-latgen-faster[5.1.60~1-b2d5d]:DecodeUtteranceLatticeFaster():decoder-wrappers.cc:285) Log-like per frame for utterance NI01MAX_0101_3145835_3151890 is -3.62158 over 604 frames.
NI01MAX_0101_3182531_3191759 我 是 MORE TO TEACH THE COMS 的 食物 全部 是 IN COMMUNICATIONS 可能 我 可能 我 可以 SLACK 的 的 SIGNAL PROCESSING 用 WE COMPILE SINGAPORE'S 
LOG (gmm-latgen-faster[5.1.60~1-b2d5d]:DecodeUtteranceLatticeFaster():decoder-wrappers.cc:285) Log-like per frame for utterance NI01MAX_0101_3182531_3191759 is -4.31957 over 921 frames.
NI01MAX_0101_3203889_3205855 英文 英文 可能 去 了 
LOG (gmm-latgen-faster[5.1.60~1-b2d5d]:DecodeUtteranceLatticeFaster():decoder-wrappers.cc:285) Log-like per frame for utterance NI01MAX_0101_3203889_3205855 is -4.15303 over 195 frames.
NI01MAX_0101_3207643_3219510 因为 我 拿 过 不过 他 还是 讲 完 啊 多 一个 你 I THINK 是 GROUP TEACHING 的 因为 我 比 你 要 叫 你 要 S IS A GIRL'S SCHOOL LIKE 叫 什么 SO I THINK 他 有 
LOG (gmm-latgen-faster[5.1.60~1-b2d5d]:DecodeUtteranceLatticeFaster():decoder-wrappers.cc:285) Log-like per frame for utterance NI01MAX_0101_3207643_3219510 is -4.24994 over 1185 frames.
NI01MAX_0101_3229667_3233137 去 R C 啊 我 新加坡 不 需要 
LOG (gmm-latgen-faster[5.1.60~1-b2d5d]:DecodeUtteranceLatticeFaster():decoder-wrappers.cc:285) Log-like per frame for utterance NI01MAX_0101_3229667_3233137 is -4.32279 over 345 frames.
LOG (apply-cmvn[5.1.60~1-b2d5d]:main():apply-cmvn.cc:146) Applied cepstral mean normalization to 196 utterances, errors on 0
NI01MAX_0101_3240022_3250910 FORUM 啊 因为 我 不 清楚 工 IF 我 要 去 WILD 过 TO P T 五 五 我 要 读 这个 就要 一 BUT 在 新加坡 我 ENCRYPTION N T U N U S YOU MEAN 的 
LOG (gmm-latgen-faster[5.1.60~1-b2d5d]:DecodeUtteranceLatticeFaster():decoder-wrappers.cc:285) Log-like per frame for utterance NI01MAX_0101_3240022_3250910 is -4.36295 over 1087 frames.
NI01MAX_0101_3287295_3297883 一下 我 几个 啦 我 觉得 中 牛 我 来 N T U 属于 MIX 有 读 S S A J ONE 吗 那个 是 I THINK 古 啊 那个 是 苹果 的 所以 我 那个 很难 
LOG (gmm-latgen-faster[5.1.60~1-b2d5d]:DecodeUtteranceLatticeFaster():decoder-wrappers.cc:285) Log-like per frame for utterance NI01MAX_0101_3287295_3297883 is -4.05907 over 1057 frames.
NI01MAX_0101_3298521_3303783 一个 是 比较 快 还有 书 读 了 两 班 半小时 做 三 十 五 天 YAH 
LOG (gmm-latgen-faster[5.1.60~1-b2d5d]:DecodeUtteranceLatticeFaster():decoder-wrappers.cc:285) Log-like per frame for utterance NI01MAX_0101_3298521_3303783 is -4.33189 over 524 frames.
NI01MAX_0101_3305188_3310048 应该 是 做 完了 我 通常 没有 做 完 的 能不能 做 多少 就 都 不 爽 很 爽 
LOG (gmm-latgen-faster[5.1.60~1-b2d5d]:DecodeUtteranceLatticeFaster():decoder-wrappers.cc:285) Log-like per frame for utterance NI01MAX_0101_3305188_3310048 is -4.40063 over 484 frames.
NI01MAX_0101_3316848_3318535 THEN 几个 LEVEL 
LOG (gmm-latgen-faster[5.1.60~1-b2d5d]:DecodeUtteranceLatticeFaster():decoder-wrappers.cc:285) Log-like per frame for utterance NI01MAX_0101_3316848_3318535 is -3.7021 over 167 frames.
LOG (transform-feats[5.1.60~1-b2d5d]:main():transform-feats.cc:158) Overall average [pseudo-]logdet is -92.5633 over 138377 frames.
LOG (transform-feats[5.1.60~1-b2d5d]:main():transform-feats.cc:161) Applied transform to 196 utterances; 0 had errors.
NI01MAX_0101_3320785_3327341 我 都 SECONDARY FIVE ALL THE 应该 是 有 是 一年 啊 从小 SIL2 
LOG (gmm-latgen-faster[5.1.60~1-b2d5d]:DecodeUtteranceLatticeFaster():decoder-wrappers.cc:285) Log-like per frame for utterance NI01MAX_0101_3320785_3327341 is -3.77885 over 654 frames.
LOG (gmm-latgen-faster[5.1.60~1-b2d5d]:main():gmm-latgen-faster.cc:176) Time taken 2028s: real-time factor assuming 100 frames/sec is 1.46557
LOG (gmm-latgen-faster[5.1.60~1-b2d5d]:main():gmm-latgen-faster.cc:179) Done 196 utterances, failed for 0
LOG (gmm-latgen-faster[5.1.60~1-b2d5d]:main():gmm-latgen-faster.cc:181) Overall log-likelihood per frame is -4.15465 over 138377 frames.
# Accounting: time=2029 threads=1
# Ended (code 0) at Sat Apr 22 01:04:12 UTC 2017, elapsed time 2029 seconds
