# gmm-latgen-faster --max-active=7000 --beam=13.0 --lattice-beam=6.0 --acoustic-scale=0.083333 --allow-partial=true --word-symbol-table=exp/tri2/graph/words.txt exp/tri2/final.mdl exp/tri2/graph/HCLG.fst "ark,s,cs:apply-cmvn  --utt2spk=ark:data/test/split14/8/utt2spk scp:data/test/split14/8/cmvn.scp scp:data/test/split14/8/feats.scp ark:- | splice-feats --left-context=3 --right-context=3 ark:- ark:- | transform-feats exp/tri2/final.mat ark:- ark:- |" "ark:|gzip -c > exp/tri2/decode/lat.8.gz" 
# Started at Sat Apr 22 00:30:23 UTC 2017
#
gmm-latgen-faster --max-active=7000 --beam=13.0 --lattice-beam=6.0 --acoustic-scale=0.083333 --allow-partial=true --word-symbol-table=exp/tri2/graph/words.txt exp/tri2/final.mdl exp/tri2/graph/HCLG.fst 'ark,s,cs:apply-cmvn  --utt2spk=ark:data/test/split14/8/utt2spk scp:data/test/split14/8/cmvn.scp scp:data/test/split14/8/feats.scp ark:- | splice-feats --left-context=3 --right-context=3 ark:- ark:- | transform-feats exp/tri2/final.mat ark:- ark:- |' 'ark:|gzip -c > exp/tri2/decode/lat.8.gz' 
splice-feats --left-context=3 --right-context=3 ark:- ark:- 
apply-cmvn --utt2spk=ark:data/test/split14/8/utt2spk scp:data/test/split14/8/cmvn.scp scp:data/test/split14/8/feats.scp ark:- 
transform-feats exp/tri2/final.mat ark:- ark:- 
NI44MBQ_0101_0000210_0002820 HELLO HELLO HELLO HELLO 
LOG (gmm-latgen-faster[5.1.60~1-b2d5d]:DecodeUtteranceLatticeFaster():decoder-wrappers.cc:285) Log-like per frame for utterance NI44MBQ_0101_0000210_0002820 is -3.72689 over 259 frames.
NI44MBQ_0101_0004370_0010500 介绍 自己 SIL2 我 是 去 FALL SIL2 TO LIKE YOU MASS COM 
LOG (gmm-latgen-faster[5.1.60~1-b2d5d]:DecodeUtteranceLatticeFaster():decoder-wrappers.cc:285) Log-like per frame for utterance NI44MBQ_0101_0004370_0010500 is -3.59535 over 611 frames.
NI44MBQ_0101_0010540_0012180 今年 YEAR TWO 
LOG (gmm-latgen-faster[5.1.60~1-b2d5d]:DecodeUtteranceLatticeFaster():decoder-wrappers.cc:285) Log-like per frame for utterance NI44MBQ_0101_0010540_0012180 is -3.61529 over 162 frames.
NI44MBQ_0101_0013680_0019910 他 有些 也是 放 轻 松 啊 MEETING 的 TRANSLATION 的 
LOG (gmm-latgen-faster[5.1.60~1-b2d5d]:DecodeUtteranceLatticeFaster():decoder-wrappers.cc:285) Log-like per frame for utterance NI44MBQ_0101_0013680_0019910 is -3.87682 over 621 frames.
NI44MBQ_0101_0021840_0024310 SIL2 MASS COM 
LOG (gmm-latgen-faster[5.1.60~1-b2d5d]:DecodeUtteranceLatticeFaster():decoder-wrappers.cc:285) Log-like per frame for utterance NI44MBQ_0101_0021840_0024310 is -3.34583 over 245 frames.
NI44MBQ_0101_0024920_0029050 MASS COM 就是 大众 SUNNY 
LOG (gmm-latgen-faster[5.1.60~1-b2d5d]:DecodeUtteranceLatticeFaster():decoder-wrappers.cc:285) Log-like per frame for utterance NI44MBQ_0101_0024920_0029050 is -3.36112 over 411 frames.
NI44MBQ_0101_0029850_0034350 做 广播 啦 ER 青 我 拿 才 放 啊 
LOG (gmm-latgen-faster[5.1.60~1-b2d5d]:DecodeUtteranceLatticeFaster():decoder-wrappers.cc:285) Log-like per frame for utterance NI44MBQ_0101_0029850_0034350 is -3.36191 over 448 frames.
NI44MBQ_0101_0034350_0041670 ER ADVERTISING 那些 之类 的 东 西 都 有 TO SIL2 
LOG (gmm-latgen-faster[5.1.60~1-b2d5d]:DecodeUtteranceLatticeFaster():decoder-wrappers.cc:285) Log-like per frame for utterance NI44MBQ_0101_0034350_0041670 is -3.81108 over 730 frames.
NI44MBQ_0101_0045010_0048380 SIL2 里面 青年 
LOG (gmm-latgen-faster[5.1.60~1-b2d5d]:DecodeUtteranceLatticeFaster():decoder-wrappers.cc:285) Log-like per frame for utterance NI44MBQ_0101_0045010_0048380 is -3.08635 over 335 frames.
NI44MBQ_0101_0049000_0065920 SIL2 MEDIA BASICALLY WRITING THEN ER 一些 你 的 PROFESSIONAL CASES RIGHT BASIC 做 FOUNDATION COMMUNICATION STUDIES THEN THEY SAY ELECTIVE 啦 想 BUSINESS LAW 啦 他们 就是 FOR POST 东 西 LOR 
LOG (gmm-latgen-faster[5.1.60~1-b2d5d]:DecodeUtteranceLatticeFaster():decoder-wrappers.cc:285) Log-like per frame for utterance NI44MBQ_0101_0049000_0065920 is -3.67127 over 1690 frames.
NI44MBQ_0101_0072400_0081900 就 读 比较 感兴趣 的 可能 就是 那些 比较 HANDS-ON ON 那些 比较 需要 用 SO 去 做 啊 好像 一些 拍 照 啦 还是 
LOG (gmm-latgen-faster[5.1.60~1-b2d5d]:DecodeUtteranceLatticeFaster():decoder-wrappers.cc:285) Log-like per frame for utterance NI44MBQ_0101_0072400_0081900 is -3.79259 over 948 frames.
NI44MBQ_0101_0081900_0086080 台 语 久 啦 这些 东 西 啊 SIL2 就 讲 
LOG (gmm-latgen-faster[5.1.60~1-b2d5d]:DecodeUtteranceLatticeFaster():decoder-wrappers.cc:285) Log-like per frame for utterance NI44MBQ_0101_0081900_0086080 is -3.81191 over 416 frames.
NI44MBQ_0101_0089720_0096200 SIL2 有 啦 可是 不是 PURPOSE 啊 家里 自己 本身 啊 PROFESSOR 叫 在 学校 给 了 
LOG (gmm-latgen-faster[5.1.60~1-b2d5d]:DecodeUtteranceLatticeFaster():decoder-wrappers.cc:285) Log-like per frame for utterance NI44MBQ_0101_0089720_0096200 is -3.8168 over 646 frames.
NI44MBQ_0101_0096200_0097840 就 跟 学校 
LOG (gmm-latgen-faster[5.1.60~1-b2d5d]:DecodeUtteranceLatticeFaster():decoder-wrappers.cc:285) Log-like per frame for utterance NI44MBQ_0101_0096200_0097840 is -3.61905 over 162 frames.
NI44MBQ_0101_0105730_0115270 SO 你 的 是 有 好像 SIL2 我 TAKE 那个 MANAGEMENT 去 学校 OFFER THEN 就 我 在 HALL 有时候 
LOG (gmm-latgen-faster[5.1.60~1-b2d5d]:DecodeUtteranceLatticeFaster():decoder-wrappers.cc:285) Log-like per frame for utterance NI44MBQ_0101_0105730_0115270 is -3.48999 over 952 frames.
NI44MBQ_0101_0115270_0118860 SIL2 教育 的 时候 他 就会 有 LICENSE 了 
LOG (gmm-latgen-faster[5.1.60~1-b2d5d]:DecodeUtteranceLatticeFaster():decoder-wrappers.cc:285) Log-like per frame for utterance NI44MBQ_0101_0115270_0118860 is -3.58207 over 357 frames.
NI44MBQ_0101_0119030_0127080 就 好像 一个 REPLY 好像 CLEAR 三个 U 然后 就 在 放 家 的 时候 YEAR ONE 一些 COURSES 
LOG (gmm-latgen-faster[5.1.60~1-b2d5d]:DecodeUtteranceLatticeFaster():decoder-wrappers.cc:285) Log-like per frame for utterance NI44MBQ_0101_0119030_0127080 is -3.73602 over 803 frames.
NI44MBQ_0101_0127080_0135980 啊 就是 好像 叫 你 讲 做 SIL2 SO 你 好像 ACCOUNTING 叫 你 AND FINANCE 找 IMITATING 之类 的 东 西 SIL2 SIL2 
LOG (gmm-latgen-faster[5.1.60~1-b2d5d]:DecodeUtteranceLatticeFaster():decoder-wrappers.cc:285) Log-like per frame for utterance NI44MBQ_0101_0127080_0135980 is -3.81708 over 888 frames.
NI44MBQ_0101_0137020_0141670 不错 啦 不错 啊 有 有人 C 去 好像 
LOG (gmm-latgen-faster[5.1.60~1-b2d5d]:DecodeUtteranceLatticeFaster():decoder-wrappers.cc:285) Log-like per frame for utterance NI44MBQ_0101_0137020_0141670 is -3.86147 over 463 frames.
NI44MBQ_0101_0141670_0151050 你 你 可以 比较 有空 有 兴趣 的 朋友 好像 同样 有 三 年 SAY SIL2 兴趣 的 朋友 SIL2 
LOG (gmm-latgen-faster[5.1.60~1-b2d5d]:DecodeUtteranceLatticeFaster():decoder-wrappers.cc:285) Log-like per frame for utterance NI44MBQ_0101_0141670_0151050 is -3.64611 over 936 frames.
NI44MBQ_0101_0151100_0153180 OKAY 我 应该 是 的 吗 
LOG (gmm-latgen-faster[5.1.60~1-b2d5d]:DecodeUtteranceLatticeFaster():decoder-wrappers.cc:285) Log-like per frame for utterance NI44MBQ_0101_0151100_0153180 is -4.04397 over 206 frames.
NI44MBQ_0101_0163740_0167870 他 WHAT OK SIL2 啊 
LOG (gmm-latgen-faster[5.1.60~1-b2d5d]:DecodeUtteranceLatticeFaster():decoder-wrappers.cc:285) Log-like per frame for utterance NI44MBQ_0101_0163740_0167870 is -3.71219 over 411 frames.
NI44MBQ_0101_0170130_0172490 OK SIL2 
LOG (gmm-latgen-faster[5.1.60~1-b2d5d]:DecodeUtteranceLatticeFaster():decoder-wrappers.cc:285) Log-like per frame for utterance NI44MBQ_0101_0170130_0172490 is -3.40779 over 234 frames.
NI44MBQ_0101_0175120_0179410 经常 就 我 看到 欣赏 那个 很 低 啊 
LOG (gmm-latgen-faster[5.1.60~1-b2d5d]:DecodeUtteranceLatticeFaster():decoder-wrappers.cc:285) Log-like per frame for utterance NI44MBQ_0101_0175120_0179410 is -3.57373 over 427 frames.
NI44MBQ_0101_0179410_0182780 啊 就是 好 有 一点 LOR 
LOG (gmm-latgen-faster[5.1.60~1-b2d5d]:DecodeUtteranceLatticeFaster():decoder-wrappers.cc:285) Log-like per frame for utterance NI44MBQ_0101_0179410_0182780 is -3.28722 over 335 frames.
NI44MBQ_0101_0183280_0188310 TO C C R C 自己 几 时 要 几 场 有 讲 
LOG (gmm-latgen-faster[5.1.60~1-b2d5d]:DecodeUtteranceLatticeFaster():decoder-wrappers.cc:285) Log-like per frame for utterance NI44MBQ_0101_0183280_0188310 is -3.83486 over 501 frames.
NI44MBQ_0101_0189050_0192630 他 POLY 的 时候 THEN 
LOG (gmm-latgen-faster[5.1.60~1-b2d5d]:DecodeUtteranceLatticeFaster():decoder-wrappers.cc:285) Log-like per frame for utterance NI44MBQ_0101_0189050_0192630 is -3.23203 over 356 frames.
NI44MBQ_0101_0193940_0204880 给 他 是 是 给 PRIMARY 啊 他们 CALL SO 常常 会 讲 THEN 关系 也是 都 比较 是 TIME 长 很 长 
LOG (gmm-latgen-faster[5.1.60~1-b2d5d]:DecodeUtteranceLatticeFaster():decoder-wrappers.cc:285) Log-like per frame for utterance NI44MBQ_0101_0193940_0204880 is -3.77816 over 1092 frames.
NI44MBQ_0101_0204880_0206620 通常 比较 多 了 
LOG (gmm-latgen-faster[5.1.60~1-b2d5d]:DecodeUtteranceLatticeFaster():decoder-wrappers.cc:285) Log-like per frame for utterance NI44MBQ_0101_0204880_0206620 is -4.06228 over 172 frames.
NI44MBQ_0101_0208500_0212110 都是 流行 那些 PRESSURE 这样 写 啊 
LOG (gmm-latgen-faster[5.1.60~1-b2d5d]:DecodeUtteranceLatticeFaster():decoder-wrappers.cc:285) Log-like per frame for utterance NI44MBQ_0101_0208500_0212110 is -3.58817 over 359 frames.
NI44MBQ_0101_0212110_0222860 就是 做 久 啊 AGENCY 啊 啊 最 最 好 就是 比较 流行 那些 刚刚 都是 通常 都是 华 文 歌 有一个 就 比较 少 
LOG (gmm-latgen-faster[5.1.60~1-b2d5d]:DecodeUtteranceLatticeFaster():decoder-wrappers.cc:285) Log-like per frame for utterance NI44MBQ_0101_0212110_0222860 is -3.80085 over 1073 frames.
NI44MBQ_0101_0229410_0231740 上 C 
LOG (gmm-latgen-faster[5.1.60~1-b2d5d]:DecodeUtteranceLatticeFaster():decoder-wrappers.cc:285) Log-like per frame for utterance NI44MBQ_0101_0229410_0231740 is -3.41313 over 231 frames.
NI44MBQ_0101_0232760_0242760 就 OH 上 其实 以前 好像 在 直接 在 哪里 大学 现在 POLY 吗 我 的 HALL 有 时代 比较 大 不要 学校 
LOG (gmm-latgen-faster[5.1.60~1-b2d5d]:DecodeUtteranceLatticeFaster():decoder-wrappers.cc:285) Log-like per frame for utterance NI44MBQ_0101_0232760_0242760 is -3.62563 over 998 frames.
NI44MBQ_0101_0242870_0247420 SIL2 参加 比赛 OR SAUSAGES 啊 
LOG (gmm-latgen-faster[5.1.60~1-b2d5d]:DecodeUtteranceLatticeFaster():decoder-wrappers.cc:285) Log-like per frame for utterance NI44MBQ_0101_0242870_0247420 is -3.49087 over 453 frames.
NI44MBQ_0101_0248720_0253730 还 好 啦 进 去 ALL 都是 兴趣 笑 
LOG (gmm-latgen-faster[5.1.60~1-b2d5d]:DecodeUtteranceLatticeFaster():decoder-wrappers.cc:285) Log-like per frame for utterance NI44MBQ_0101_0248720_0253730 is -3.66779 over 499 frames.
NI44MBQ_0101_0257650_0260130 THEN 比较 轻 他 的 
LOG (gmm-latgen-faster[5.1.60~1-b2d5d]:DecodeUtteranceLatticeFaster():decoder-wrappers.cc:285) Log-like per frame for utterance NI44MBQ_0101_0257650_0260130 is -3.50406 over 246 frames.
NI44MBQ_0101_0273830_0277960 没有 做 是 是 的 人 都 讲 
LOG (gmm-latgen-faster[5.1.60~1-b2d5d]:DecodeUtteranceLatticeFaster():decoder-wrappers.cc:285) Log-like per frame for utterance NI44MBQ_0101_0273830_0277960 is -4.01882 over 411 frames.
NI44MBQ_0101_0278160_0283920 在 SO 当 他 做 工 你 有 去 过 SIL2 
LOG (gmm-latgen-faster[5.1.60~1-b2d5d]:DecodeUtteranceLatticeFaster():decoder-wrappers.cc:285) Log-like per frame for utterance NI44MBQ_0101_0278160_0283920 is -3.87763 over 574 frames.
NI44MBQ_0101_0287170_0299100 我 没有 什么 学校 FOR SIL2 那 边 是 那种 就 是 说 DECEMBER 我 觉 得 这个 到 处 都 有 吗 THEN 就 我 会 讲 每个 M R T STATION RETAIN 
LOG (gmm-latgen-faster[5.1.60~1-b2d5d]:DecodeUtteranceLatticeFaster():decoder-wrappers.cc:285) Log-like per frame for utterance NI44MBQ_0101_0287170_0299100 is -3.68296 over 1191 frames.
NI44MBQ_0101_0299100_0301400 没有 什么 
LOG (gmm-latgen-faster[5.1.60~1-b2d5d]:DecodeUtteranceLatticeFaster():decoder-wrappers.cc:285) Log-like per frame for utterance NI44MBQ_0101_0299100_0301400 is -3.22711 over 228 frames.
NI44MBQ_0101_0306670_0316740 他 不 多 啦 差 不 多 一个 小 时 来 找 CHOIR 的 话 可以 四 十 五 分 钟 我 没有 BUT 就 受 到 THINK SHE'S 一个 小 时 到 这样 子 啊 
LOG (gmm-latgen-faster[5.1.60~1-b2d5d]:DecodeUtteranceLatticeFaster():decoder-wrappers.cc:285) Log-like per frame for utterance NI44MBQ_0101_0306670_0316740 is -3.82589 over 1005 frames.
NI44MBQ_0101_0326120_0332390 我 说 我 就 O T 还 好 啦 就是 因为 我 就 叫 SITE 他们 SIGN 了 
LOG (gmm-latgen-faster[5.1.60~1-b2d5d]:DecodeUtteranceLatticeFaster():decoder-wrappers.cc:285) Log-like per frame for utterance NI44MBQ_0101_0326120_0332390 is -3.48424 over 625 frames.
NI44MBQ_0101_0332390_0337050 所以 我 就 很 大 声 地 带 给 出去 然后 转 到 睡 到 早 
LOG (gmm-latgen-faster[5.1.60~1-b2d5d]:DecodeUtteranceLatticeFaster():decoder-wrappers.cc:285) Log-like per frame for utterance NI44MBQ_0101_0332390_0337050 is -4.00511 over 464 frames.
NI44MBQ_0101_0338410_0348240 你 不会 SO IN THE 就是 有时 我们 要 就是 跟 就是 你 没有 RUSH HOUR 可能 会 们 是 SUPPER 五 到 五 到 十分 钟 这样 子 而已 
LOG (gmm-latgen-faster[5.1.60~1-b2d5d]:DecodeUtteranceLatticeFaster():decoder-wrappers.cc:285) Log-like per frame for utterance NI44MBQ_0101_0338410_0348240 is -3.85941 over 981 frames.
NI44MBQ_0101_0351760_0356100 啊 家 里 有 啊 RULE 然后 一个 T T 
LOG (gmm-latgen-faster[5.1.60~1-b2d5d]:DecodeUtteranceLatticeFaster():decoder-wrappers.cc:285) Log-like per frame for utterance NI44MBQ_0101_0351760_0356100 is -3.25156 over 432 frames.
NI44MBQ_0101_0357360_0360210 一起 再 GO POLY 
LOG (gmm-latgen-faster[5.1.60~1-b2d5d]:DecodeUtteranceLatticeFaster():decoder-wrappers.cc:285) Log-like per frame for utterance NI44MBQ_0101_0357360_0360210 is -3.00249 over 283 frames.
NI44MBQ_0101_0360830_0365500 SIL2 要 TO ONE HOUR ONE 有 OPEN 成绩 出来 HOUR SHOPPING 
LOG (gmm-latgen-faster[5.1.60~1-b2d5d]:DecodeUtteranceLatticeFaster():decoder-wrappers.cc:285) Log-like per frame for utterance NI44MBQ_0101_0360830_0365500 is -3.76102 over 465 frames.
NI44MBQ_0101_0369060_0373800 也是 SURVEY 四十 在 以 也是 在 那 里 了 
LOG (gmm-latgen-faster[5.1.60~1-b2d5d]:DecodeUtteranceLatticeFaster():decoder-wrappers.cc:285) Log-like per frame for utterance NI44MBQ_0101_0369060_0373800 is -3.76189 over 472 frames.
NI44MBQ_0101_0373800_0381080 我 的 CAMP SOMEONE DIE ONE BY ONE YEAR THEN 啊 做 我 就 做 
LOG (gmm-latgen-faster[5.1.60~1-b2d5d]:DecodeUtteranceLatticeFaster():decoder-wrappers.cc:285) Log-like per frame for utterance NI44MBQ_0101_0373800_0381080 is -3.43376 over 726 frames.
NI44MBQ_0101_0385230_0394670 ARMY ARMY SIL2 MACHINE 可是 是 目前 的 那种 总 部 EASILY 中国 里面 做 那些 做 一些 
LOG (gmm-latgen-faster[5.1.60~1-b2d5d]:DecodeUtteranceLatticeFaster():decoder-wrappers.cc:285) Log-like per frame for utterance NI44MBQ_0101_0385230_0394670 is -3.64523 over 942 frames.
NI44MBQ_0101_0394670_0399220 比较 多 是 SIL2 FEES 的 东 西 啊 SIL2 
LOG (gmm-latgen-faster[5.1.60~1-b2d5d]:DecodeUtteranceLatticeFaster():decoder-wrappers.cc:285) Log-like per frame for utterance NI44MBQ_0101_0394670_0399220 is -3.71878 over 453 frames.
NI44MBQ_0101_0399980_0410570 啊 比较 多 THE HOURS 要 就是 一些 有 一些 我 一直 YOU SEE 话 他们 也是 有 一些 SIL2 THEN WHY 做 一些 粗 话 是 没有 这样 
LOG (gmm-latgen-faster[5.1.60~1-b2d5d]:DecodeUtteranceLatticeFaster():decoder-wrappers.cc:285) Log-like per frame for utterance NI44MBQ_0101_0399980_0410570 is -3.65036 over 1057 frames.
NI44MBQ_0101_0418060_0429370 以前 比较 多 现在 没有 什么 时间 现在 今年 能 今年 就 没有 什么 时间 因为 读 书 吗 多数 比较 比较 多 广告 
LOG (gmm-latgen-faster[5.1.60~1-b2d5d]:DecodeUtteranceLatticeFaster():decoder-wrappers.cc:285) Log-like per frame for utterance NI44MBQ_0101_0418060_0429370 is -3.53247 over 1129 frames.
NI44MBQ_0101_0429390_0434820 有 本来 是 好像 都 要 读 四年 如果 是 我 要 自己 ESTHER RIGHT 
LOG (gmm-latgen-faster[5.1.60~1-b2d5d]:DecodeUtteranceLatticeFaster():decoder-wrappers.cc:285) Log-like per frame for utterance NI44MBQ_0101_0429390_0434820 is -3.88441 over 541 frames.
NI44MBQ_0101_0434820_0441740 就是 变成 读 三 年 了 所以 要 直接 把 那个 CURRENCY 排 排 比较 多 
LOG (gmm-latgen-faster[5.1.60~1-b2d5d]:DecodeUtteranceLatticeFaster():decoder-wrappers.cc:285) Log-like per frame for utterance NI44MBQ_0101_0434820_0441740 is -4.02698 over 690 frames.
NI44MBQ_0101_0443940_0450750 这个 SEMESTER 就是 TWENTY SIXTY EUROS 了 上 个 SEMESTER 是 CHEMISTRY 
LOG (gmm-latgen-faster[5.1.60~1-b2d5d]:DecodeUtteranceLatticeFaster():decoder-wrappers.cc:285) Log-like per frame for utterance NI44MBQ_0101_0443940_0450750 is -3.61918 over 679 frames.
NI44MBQ_0101_0450750_0456980 然后 在 家 HOLIDAY 那个 MINOR 所以 就 就会 比较 PRO 一点 LOR THEN 
LOG (gmm-latgen-faster[5.1.60~1-b2d5d]:DecodeUtteranceLatticeFaster():decoder-wrappers.cc:285) Log-like per frame for utterance NI44MBQ_0101_0450750_0456980 is -3.61374 over 621 frames.
NI44MBQ_0101_0460480_0463770 没有 吃 拉 
LOG (gmm-latgen-faster[5.1.60~1-b2d5d]:DecodeUtteranceLatticeFaster():decoder-wrappers.cc:285) Log-like per frame for utterance NI44MBQ_0101_0460480_0463770 is -3.15025 over 327 frames.
NI44MBQ_0101_0463790_0469510 因为 你 放在 我 想 去 三个 SEND DECEMBER 考试 吗 
LOG (gmm-latgen-faster[5.1.60~1-b2d5d]:DecodeUtteranceLatticeFaster():decoder-wrappers.cc:285) Log-like per frame for utterance NI44MBQ_0101_0463790_0469510 is -3.92944 over 570 frames.
NI44MBQ_0101_0469510_0476590 会 放在 就 三个 三十 REPLY 然后 是 最 MY 就 有 一个 LABOUR 一个 PERSON LO 
LOG (gmm-latgen-faster[5.1.60~1-b2d5d]:DecodeUtteranceLatticeFaster():decoder-wrappers.cc:285) Log-like per frame for utterance NI44MBQ_0101_0469510_0476590 is -4.17685 over 706 frames.
NI44MBQ_0101_0477130_0482670 SIL2 SIL2 ANALYSIS LIKE ER 就 是 说 
LOG (gmm-latgen-faster[5.1.60~1-b2d5d]:DecodeUtteranceLatticeFaster():decoder-wrappers.cc:285) Log-like per frame for utterance NI44MBQ_0101_0477130_0482670 is -3.32289 over 552 frames.
NI44MBQ_0101_0482920_0489480 就 WHEEL 好像 好像 上 个 SEMESTER BREAK 三个 SEMESTER 还有 ER SUDDENLY LIKE 
LOG (gmm-latgen-faster[5.1.60~1-b2d5d]:DecodeUtteranceLatticeFaster():decoder-wrappers.cc:285) Log-like per frame for utterance NI44MBQ_0101_0482920_0489480 is -3.75435 over 654 frames.
NI44MBQ_0101_0489480_0493280 因为 GOODIE BAG 有 三个 去 USER OF COURSE 啦 
LOG (gmm-latgen-faster[5.1.60~1-b2d5d]:DecodeUtteranceLatticeFaster():decoder-wrappers.cc:285) Log-like per frame for utterance NI44MBQ_0101_0489480_0493280 is -4.11511 over 378 frames.
NI44MBQ_0101_0493280_0505430 然后 我 THE LAST RECESS IS A C 我们 就 有 ER 一个 六百 OF COURSE IS 是 就是 那个 LEADER 是 好像 ER 
LOG (gmm-latgen-faster[5.1.60~1-b2d5d]:DecodeUtteranceLatticeFaster():decoder-wrappers.cc:285) Log-like per frame for utterance NI44MBQ_0101_0493280_0505430 is -3.53798 over 1213 frames.
NI44MBQ_0101_0505650_0517370 就是 整 个 一百 我 IDEA BUT 我 他 是 你 要 在 学校 做 SIMULATION 我 就 参加 BUSINESS 讲 东 西 啊 就 比较 SHORT 一点 啦 可是 还 好 啦 
LOG (gmm-latgen-faster[5.1.60~1-b2d5d]:DecodeUtteranceLatticeFaster():decoder-wrappers.cc:285) Log-like per frame for utterance NI44MBQ_0101_0505650_0517370 is -3.85138 over 1170 frames.
NI44MBQ_0101_0517370_0526020 也是 SUNDAY YOU'LL 然后 最后 一个 COURSE 他 是 FOR YOU THEN 他 要 你 做 一些 SIL2 BUSINESS 就是 WILL RELY 那种 ER BUSINESS 啦 
LOG (gmm-latgen-faster[5.1.60~1-b2d5d]:DecodeUtteranceLatticeFaster():decoder-wrappers.cc:285) Log-like per frame for utterance NI44MBQ_0101_0517370_0526020 is -4.04898 over 863 frames.
NI44MBQ_0101_0528280_0534040 THEN 你 要 YOU ARE WE 你 BASED ON 你 的 THE LIFE IS 那种 SO SIL2 
LOG (gmm-latgen-faster[5.1.60~1-b2d5d]:DecodeUtteranceLatticeFaster():decoder-wrappers.cc:285) Log-like per frame for utterance NI44MBQ_0101_0528280_0534040 is -3.78152 over 574 frames.
NI44MBQ_0101_0538090_0550730 你 今年 LUNCH 食物 你们 一年 IS BI THEN 你 忙 一个 THE NAME ON 多 好像 上 是 年 这样 子 LOR 啊 
LOG (gmm-latgen-faster[5.1.60~1-b2d5d]:DecodeUtteranceLatticeFaster():decoder-wrappers.cc:285) Log-like per frame for utterance NI44MBQ_0101_0538090_0550730 is -3.78118 over 1262 frames.
NI44MBQ_0101_0552910_0558300 啊 你 就是 因为 你 的 学生 也是 会 比较 少 啊 
LOG (gmm-latgen-faster[5.1.60~1-b2d5d]:DecodeUtteranceLatticeFaster():decoder-wrappers.cc:285) Log-like per frame for utterance NI44MBQ_0101_0552910_0558300 is -3.69818 over 537 frames.
NI44MBQ_0101_0562320_0579110 应该 是 西 做 R REFER TO 那种 FROM DIRECTOR 那种 就是 SORRY 啊 就是 PLAY 是 ER PRODUCE 那些 也是 SIMILAR 那些 工作 比较 比较 MAKE YOUR 
LOG (gmm-latgen-faster[5.1.60~1-b2d5d]:DecodeUtteranceLatticeFaster():decoder-wrappers.cc:285) Log-like per frame for utterance NI44MBQ_0101_0562320_0579110 is -3.65364 over 1677 frames.
NI44MBQ_0101_0582910_0591400 SIL2 SIL2 通常 是 要 从 ASSISTANT DIRECTOR 还是 的 没有 就是 跟着 一些 DIRECTOR 去 跑 啊 去 做 一些 
LOG (gmm-latgen-faster[5.1.60~1-b2d5d]:DecodeUtteranceLatticeFaster():decoder-wrappers.cc:285) Log-like per frame for utterance NI44MBQ_0101_0582910_0591400 is -4.0934 over 847 frames.
NI44MBQ_0101_0591400_0596690 啊 有 的 YAH SIL2 那种 THEN NOMINAL 你 就会 
LOG (gmm-latgen-faster[5.1.60~1-b2d5d]:DecodeUtteranceLatticeFaster():decoder-wrappers.cc:285) Log-like per frame for utterance NI44MBQ_0101_0591400_0596690 is -3.29977 over 527 frames.
NI44MBQ_0101_0596690_0606760 如果 他们 啊 他们 觉得 你 OK 啦 他 就会 就会 可能 给 你 写 写 的 东 西 做 THEN 
LOG (gmm-latgen-faster[5.1.60~1-b2d5d]:DecodeUtteranceLatticeFaster():decoder-wrappers.cc:285) Log-like per frame for utterance NI44MBQ_0101_0596690_0606760 is -3.69362 over 1005 frames.
NI44MBQ_0101_0615050_0636400 SIL2 这些 ER T PROGRAM 好像 在 我们 COURSE 我 们 就 会 ER 就会 STUDY LOR 这些 东 西 啊 可是 因为 是 自己 看 写 PROGRAM 是 不会 去 FRANCE E 好像 说 他们 所以 怎么 拍 的 啊 有 什么 SPECIAL 东 西 就 不 了 就是 这样 YOU 
LOG (gmm-latgen-faster[5.1.60~1-b2d5d]:DecodeUtteranceLatticeFaster():decoder-wrappers.cc:285) Log-like per frame for utterance NI44MBQ_0101_0615050_0636400 is -3.78565 over 2133 frames.
NI44MBQ_0101_0639620_0642850 IN THE 时 啊 
LOG (gmm-latgen-faster[5.1.60~1-b2d5d]:DecodeUtteranceLatticeFaster():decoder-wrappers.cc:285) Log-like per frame for utterance NI44MBQ_0101_0639620_0642850 is -2.88006 over 321 frames.
NI44MBQ_0101_0643010_0651960 比较 要 WAS 有 ACTION 到 最后 她 家 那种 比较 自 己 的 那种 TO 很多 人 就会 C 叫 SIL2 
LOG (gmm-latgen-faster[5.1.60~1-b2d5d]:DecodeUtteranceLatticeFaster():decoder-wrappers.cc:285) Log-like per frame for utterance NI44MBQ_0101_0643010_0651960 is -3.91918 over 893 frames.
NI44MBQ_0101_0651960_0658030 所以 要 看 你 看 那些 比较 不 然 就是 那种 到 笑 那种 
LOG (gmm-latgen-faster[5.1.60~1-b2d5d]:DecodeUtteranceLatticeFaster():decoder-wrappers.cc:285) Log-like per frame for utterance NI44MBQ_0101_0651960_0658030 is -3.89155 over 605 frames.
NI44MBQ_0101_0663740_0672040 因为 CHINESE 都 有 中心 所以 就 现在 比较 少 了 他 的 SO JUST FEEL 做 也是 烂 的 
LOG (gmm-latgen-faster[5.1.60~1-b2d5d]:DecodeUtteranceLatticeFaster():decoder-wrappers.cc:285) Log-like per frame for utterance NI44MBQ_0101_0663740_0672040 is -4.1462 over 828 frames.
NI44MBQ_0101_0672040_0676590 现在 比较 多 SIL2 JACKY CHAN OK 餐 就 比较 
LOG (gmm-latgen-faster[5.1.60~1-b2d5d]:DecodeUtteranceLatticeFaster():decoder-wrappers.cc:285) Log-like per frame for utterance NI44MBQ_0101_0672040_0676590 is -4.18355 over 453 frames.
NI44MBQ_0101_0676620_0685500 对 你 参加 WHAT 啊 他 的 就 就是 EARLY 是 我 就是 YOU YOU MENTION 有 有 到 笑 啦 就会 啊 
LOG (gmm-latgen-faster[5.1.60~1-b2d5d]:DecodeUtteranceLatticeFaster():decoder-wrappers.cc:285) Log-like per frame for utterance NI44MBQ_0101_0676620_0685500 is -3.89643 over 886 frames.
NI44MBQ_0101_0690220_0695790 你 觉得 很 久 以前 的 那个 NOTES IS NOT 
LOG (gmm-latgen-faster[5.1.60~1-b2d5d]:DecodeUtteranceLatticeFaster():decoder-wrappers.cc:285) Log-like per frame for utterance NI44MBQ_0101_0690220_0695790 is -3.92711 over 555 frames.
NI44MBQ_0101_0705290_0707280 刚刚 是 
LOG (gmm-latgen-faster[5.1.60~1-b2d5d]:DecodeUtteranceLatticeFaster():decoder-wrappers.cc:285) Log-like per frame for utterance NI44MBQ_0101_0705290_0707280 is -4.09438 over 197 frames.
NI44MBQ_0101_0707650_0713520 YOU SEE MY 下 课 然后 就 只有 就 刚 过 来 SIL2 SIL2 
LOG (gmm-latgen-faster[5.1.60~1-b2d5d]:DecodeUtteranceLatticeFaster():decoder-wrappers.cc:285) Log-like per frame for utterance NI44MBQ_0101_0707650_0713520 is -4.14623 over 585 frames.
NI44MBQ_0101_0719020_0722290 你们 做 什么 这个 这个 是 FOR 的 
LOG (gmm-latgen-faster[5.1.60~1-b2d5d]:DecodeUtteranceLatticeFaster():decoder-wrappers.cc:285) Log-like per frame for utterance NI44MBQ_0101_0719020_0722290 is -4.44107 over 325 frames.
NI44MBQ_0101_0722920_0729330 SIL2 你 要 做 那种 SOFA N I E 帮 人家 啊 就是 
LOG (gmm-latgen-faster[5.1.60~1-b2d5d]:DecodeUtteranceLatticeFaster():decoder-wrappers.cc:285) Log-like per frame for utterance NI44MBQ_0101_0722920_0729330 is -3.82422 over 639 frames.
NI44MBQ_0101_0733310_0736410 SIL2 OK LEI 
LOG (gmm-latgen-faster[5.1.60~1-b2d5d]:DecodeUtteranceLatticeFaster():decoder-wrappers.cc:285) Log-like per frame for utterance NI44MBQ_0101_0733310_0736410 is -3.55269 over 308 frames.
NI44MBQ_0101_0736590_0742910 就 人家 讲 话 THEN 你 在 就会 有 那种 是 TYPE 出来 这样 啦 
LOG (gmm-latgen-faster[5.1.60~1-b2d5d]:DecodeUtteranceLatticeFaster():decoder-wrappers.cc:285) Log-like per frame for utterance NI44MBQ_0101_0736590_0742910 is -3.85876 over 630 frames.
NI44MBQ_0101_0750360_0758070 可是 很 对 我 已经 有 很多 种 PROGRAM 可以 好像 CAN SLEEP 写 直接 CANCEL 
LOG (gmm-latgen-faster[5.1.60~1-b2d5d]:DecodeUtteranceLatticeFaster():decoder-wrappers.cc:285) Log-like per frame for utterance NI44MBQ_0101_0750360_0758070 is -4.05682 over 769 frames.
NI44MBQ_0101_0758070_0762940 没有 是 没有 中 国 人 已经 有 SO SOFTWARE 
LOG (gmm-latgen-faster[5.1.60~1-b2d5d]:DecodeUtteranceLatticeFaster():decoder-wrappers.cc:285) Log-like per frame for utterance NI44MBQ_0101_0758070_0762940 is -3.75505 over 485 frames.
NI44MBQ_0101_0780351_0783381 SIL2 OKAY SIL2 
LOG (gmm-latgen-faster[5.1.60~1-b2d5d]:DecodeUtteranceLatticeFaster():decoder-wrappers.cc:285) Log-like per frame for utterance NI44MBQ_0101_0780351_0783381 is -3.74509 over 301 frames.
NI44MBQ_0101_0783761_0789411 可是 每 个 人 的 STYLE 就是 他 们 的 SPEECH 就是 不 一 样 的 啦 他 们 的 
LOG (gmm-latgen-faster[5.1.60~1-b2d5d]:DecodeUtteranceLatticeFaster():decoder-wrappers.cc:285) Log-like per frame for utterance NI44MBQ_0101_0783761_0789411 is -4.08476 over 563 frames.
NI44MBQ_0101_0789411_0800631 他 的 LEH 如果 有些 RENTAL 一 个 人 都 认识 不同 想 MARINATE 然后 他 们 就 会 有 不同 的 语 英 THEN LESSON THEN 我 去 
LOG (gmm-latgen-faster[5.1.60~1-b2d5d]:DecodeUtteranceLatticeFaster():decoder-wrappers.cc:285) Log-like per frame for utterance NI44MBQ_0101_0789411_0800631 is -3.95302 over 1120 frames.
NI44MBQ_0101_0822631_0828041 你 也是 N T U 的 FINAL YEAR PROJECT 
LOG (gmm-latgen-faster[5.1.60~1-b2d5d]:DecodeUtteranceLatticeFaster():decoder-wrappers.cc:285) Log-like per frame for utterance NI44MBQ_0101_0822631_0828041 is -3.85951 over 539 frames.
NI44MBQ_0101_0830811_0833871 所以 ITS UNDER MASTERS 
LOG (gmm-latgen-faster[5.1.60~1-b2d5d]:DecodeUtteranceLatticeFaster():decoder-wrappers.cc:285) Log-like per frame for utterance NI44MBQ_0101_0830811_0833871 is -3.37529 over 304 frames.
NI44MBQ_0101_0833871_0839431 可是 那时 我 的 BABY SIL2 
LOG (gmm-latgen-faster[5.1.60~1-b2d5d]:DecodeUtteranceLatticeFaster():decoder-wrappers.cc:285) Log-like per frame for utterance NI44MBQ_0101_0833871_0839431 is -3.61476 over 554 frames.
NI44MBQ_0101_0840261_0844511 可是 OFFICIALLY 是 RESEARCH 的 CELL SIL2 
LOG (gmm-latgen-faster[5.1.60~1-b2d5d]:DecodeUtteranceLatticeFaster():decoder-wrappers.cc:285) Log-like per frame for utterance NI44MBQ_0101_0840261_0844511 is -3.92709 over 423 frames.
NI44MBQ_0101_0850251_0855251 这些 可能 到 以后 LOR 现在 U 先 AH SO TO HALL 
LOG (gmm-latgen-faster[5.1.60~1-b2d5d]:DecodeUtteranceLatticeFaster():decoder-wrappers.cc:285) Log-like per frame for utterance NI44MBQ_0101_0850251_0855251 is -3.70012 over 498 frames.
NI44MBQ_0101_0855251_0859591 就 啊 有 在 看 了 
LOG (gmm-latgen-faster[5.1.60~1-b2d5d]:DecodeUtteranceLatticeFaster():decoder-wrappers.cc:285) Log-like per frame for utterance NI44MBQ_0101_0855251_0859591 is -3.85681 over 432 frames.
NI44MBQ_0101_0872271_0875471 就是 台上 年 SIL2 
LOG (gmm-latgen-faster[5.1.60~1-b2d5d]:DecodeUtteranceLatticeFaster():decoder-wrappers.cc:285) Log-like per frame for utterance NI44MBQ_0101_0872271_0875471 is -3.79892 over 318 frames.
NI44MBQ_0101_0875471_0890501 对 新加坡 的 话 WEDNESDAY 就 没有 他 还 好 啦 你 看 你 看 你 知道 那种 是 都 很 THAT'S WHY 我 觉得 新加坡 是 超 人 SIL2 THEN ON THE SAME 我 是 ONE OF THE COPY 那些 还有 明 那个 我 才 啊 那种 
LOG (gmm-latgen-faster[5.1.60~1-b2d5d]:DecodeUtteranceLatticeFaster():decoder-wrappers.cc:285) Log-like per frame for utterance NI44MBQ_0101_0875471_0890501 is -4.06857 over 1501 frames.
NI44MBQ_0101_0890501_0895871 THEN 他 就 COPY SAY 好像 每 过 那种 AMERICAN IDOL I DIDN'T SEE A POINT THEIR 讲 
LOG (gmm-latgen-faster[5.1.60~1-b2d5d]:DecodeUtteranceLatticeFaster():decoder-wrappers.cc:285) Log-like per frame for utterance NI44MBQ_0101_0890501_0895871 is -4.141 over 535 frames.
NI44MBQ_0101_0895871_0900691 THEN 就 什么 都是 差 我 LOR THEN 我 可以 做 C 也是 
LOG (gmm-latgen-faster[5.1.60~1-b2d5d]:DecodeUtteranceLatticeFaster():decoder-wrappers.cc:285) Log-like per frame for utterance NI44MBQ_0101_0895871_0900691 is -4.11557 over 480 frames.
NI44MBQ_0101_0900691_0905271 不是 很 强 吗 所以 如果 那个 在 MEDIA 发生 AND 
LOG (gmm-latgen-faster[5.1.60~1-b2d5d]:DecodeUtteranceLatticeFaster():decoder-wrappers.cc:285) Log-like per frame for utterance NI44MBQ_0101_0900691_0905271 is -4.12402 over 456 frames.
NI44MBQ_0101_0905271_0913891 THIS TIME TO 他 要 去 TAIWAN 这 地方 SIL2 去 可能 做 OVERSEAS INTERNSHIP 啊 这样 子 啊 
LOG (gmm-latgen-faster[5.1.60~1-b2d5d]:DecodeUtteranceLatticeFaster():decoder-wrappers.cc:285) Log-like per frame for utterance NI44MBQ_0101_0905271_0913891 is -3.86768 over 860 frames.
NI44MBQ_0101_0916871_0937721 我们 应该 去 时 THEY TELL YAH 对 SECOND SEMESTER 啊 IS SECOND 可是 我 我 明 年 就要 不要 因为 我 今年 是 算 是 FIRST YEAR SECOND SECOND YEAR 一起 TAKE 知道 这些 他 本来 是 一年 了 可是我 
LOG (gmm-latgen-faster[5.1.60~1-b2d5d]:DecodeUtteranceLatticeFaster():decoder-wrappers.cc:285) Log-like per frame for utterance NI44MBQ_0101_0916871_0937721 is -3.78407 over 2083 frames.
NI44MBQ_0101_0937721_0949001 GO IS 以 再 CHECK SECTION 这种 然后 我 的 FIRST YEAR 就 变成 FIRST SEMESTER LEARN SECOND YEAR 就 变成 SECOND SEMESTER 那种 SIL2 
LOG (gmm-latgen-faster[5.1.60~1-b2d5d]:DecodeUtteranceLatticeFaster():decoder-wrappers.cc:285) Log-like per frame for utterance NI44MBQ_0101_0937721_0949001 is -3.87668 over 1126 frames.
NI44MBQ_0101_0962351_0970811 新加坡 就是 太 中文 THINK 他 CHANNEL EIGHT CHANNEL FIVE CHANNEL U ONE WHOLE 
LOG (gmm-latgen-faster[5.1.60~1-b2d5d]:DecodeUtteranceLatticeFaster():decoder-wrappers.cc:285) Log-like per frame for utterance NI44MBQ_0101_0962351_0970811 is -3.88387 over 844 frames.
NI44MBQ_0101_0970811_0978721 SIL2 就 还有 一些 可是 MALAYSIA MALAYSIA 呢 INDIAN CHANNEL 像 时候 SIL2 
LOG (gmm-latgen-faster[5.1.60~1-b2d5d]:DecodeUtteranceLatticeFaster():decoder-wrappers.cc:285) Log-like per frame for utterance NI44MBQ_0101_0970811_0978721 is -3.47253 over 789 frames.
NI44MBQ_0101_0978721_0985241 SIL2 就是 以 进 来 老 实 讲 SIL2 
LOG (gmm-latgen-faster[5.1.60~1-b2d5d]:DecodeUtteranceLatticeFaster():decoder-wrappers.cc:285) Log-like per frame for utterance NI44MBQ_0101_0978721_0985241 is -3.45556 over 650 frames.
NI44MBQ_0101_0992151_0994831 也是 才 有 介绍 一个 是 
LOG (gmm-latgen-faster[5.1.60~1-b2d5d]:DecodeUtteranceLatticeFaster():decoder-wrappers.cc:285) Log-like per frame for utterance NI44MBQ_0101_0992151_0994831 is -3.72328 over 266 frames.
NI44MBQ_0101_0994961_1000041 很 像 你 我 也 没 有 听 过 那种 就是 E 
LOG (gmm-latgen-faster[5.1.60~1-b2d5d]:DecodeUtteranceLatticeFaster():decoder-wrappers.cc:285) Log-like per frame for utterance NI44MBQ_0101_0994961_1000041 is -3.56655 over 506 frames.
NI44MBQ_0101_1001401_1009471 没有 有 啦 可能 他们 有 那些 也是 THE SCHOOL WILL 可是 你 要 去 跟 他 们 的 COURSE 要 还 钱 
LOG (gmm-latgen-faster[5.1.60~1-b2d5d]:DecodeUtteranceLatticeFaster():decoder-wrappers.cc:285) Log-like per frame for utterance NI44MBQ_0101_1001401_1009471 is -3.88454 over 805 frames.
NI44MBQ_0101_1011431_1019111 所以 就 OH 还是 一个人 你 会 觉得 N T U SIL2 有人 这些 比较 比较 实际 啊 
LOG (gmm-latgen-faster[5.1.60~1-b2d5d]:DecodeUtteranceLatticeFaster():decoder-wrappers.cc:285) Log-like per frame for utterance NI44MBQ_0101_1011431_1019111 is -3.76861 over 766 frames.
NI44MBQ_0101_1020491_1024031 比较 我 RECOGNIZE 学校 
LOG (gmm-latgen-faster[5.1.60~1-b2d5d]:DecodeUtteranceLatticeFaster():decoder-wrappers.cc:285) Log-like per frame for utterance NI44MBQ_0101_1020491_1024031 is -3.5092 over 352 frames.
NI44MBQ_0101_1039141_1047931 AFTER 应该 是 以前 就 有 他 你 才 话 你 自 己 的 中间 啦 就是 那种 SIL2 学 新的 比赛 SIL2 
LOG (gmm-latgen-faster[5.1.60~1-b2d5d]:DecodeUtteranceLatticeFaster():decoder-wrappers.cc:285) Log-like per frame for utterance NI44MBQ_0101_1039141_1047931 is -4.06232 over 877 frames.
NI44MBQ_0101_1047931_1055991 ER MY KNOW 一下 就是 一些 通常 是 SINGING 的 比较 多 上 课 
LOG (gmm-latgen-faster[5.1.60~1-b2d5d]:DecodeUtteranceLatticeFaster():decoder-wrappers.cc:285) Log-like per frame for utterance NI44MBQ_0101_1047931_1055991 is -3.34595 over 804 frames.
NI44MBQ_0101_1055991_1060561 那种 啦 PROJECT 是 BUS 带 觉 得 ZOO BIRD PARK 啊 
LOG (gmm-latgen-faster[5.1.60~1-b2d5d]:DecodeUtteranceLatticeFaster():decoder-wrappers.cc:285) Log-like per frame for utterance NI44MBQ_0101_1055991_1060561 is -3.75789 over 455 frames.
NI44MBQ_0101_1060571_1068541 啊 THEN 就是 他们 比赛 是 B B 看 那个 P 就是 不大 会 办法 可是 
LOG (gmm-latgen-faster[5.1.60~1-b2d5d]:DecodeUtteranceLatticeFaster():decoder-wrappers.cc:285) Log-like per frame for utterance NI44MBQ_0101_1060571_1068541 is -3.7222 over 795 frames.
NI44MBQ_0101_1068541_1073621 最后 了 我 还是 的 什么 前 三 名 同 YOU 就 跑 去 演 戏 
LOG (gmm-latgen-faster[5.1.60~1-b2d5d]:DecodeUtteranceLatticeFaster():decoder-wrappers.cc:285) Log-like per frame for utterance NI44MBQ_0101_1068541_1073621 is -4.14142 over 506 frames.
NI44MBQ_0101_1073621_1083051 就 DESIGN 到 这种 有 我 明天 讲 人 去 西 所以 现在 现在 THEN IN THE END 他们 S Q 也 不 是 真 的 要 SIL2 就是 SIL2 
LOG (gmm-latgen-faster[5.1.60~1-b2d5d]:DecodeUtteranceLatticeFaster():decoder-wrappers.cc:285) Log-like per frame for utterance NI44MBQ_0101_1073621_1083051 is -4.06587 over 941 frames.
NI44MBQ_0101_1083241_1087391 啊 ENGINE 很难 FAIL 他们 有 那种 
LOG (gmm-latgen-faster[5.1.60~1-b2d5d]:DecodeUtteranceLatticeFaster():decoder-wrappers.cc:285) Log-like per frame for utterance NI44MBQ_0101_1083241_1087391 is -3.78077 over 413 frames.
NI44MBQ_0101_1091481_1099031 以前 那 一 年 还 好 一些 DIRECTOR 这些 他们 因为 是 以 有 可以 去 NEARBY MACHINE AND ONE LO 
LOG (gmm-latgen-faster[5.1.60~1-b2d5d]:DecodeUtteranceLatticeFaster():decoder-wrappers.cc:285) Log-like per frame for utterance NI44MBQ_0101_1091481_1099031 is -3.93827 over 753 frames.
NI44MBQ_0101_1099031_1109501 也是 不过 现在 学 那些 TALK COCK 九 STUDENT 可是 为什么 就是 学 那些 有 ME SEE 想 的 BATCH 丢 去 给 去年 把 那些 可能 他们 SPONSOR 你 没有 什么 盐 你 才 话 
LOG (gmm-latgen-faster[5.1.60~1-b2d5d]:DecodeUtteranceLatticeFaster():decoder-wrappers.cc:285) Log-like per frame for utterance NI44MBQ_0101_1099031_1109501 is -4.51186 over 1045 frames.
NI44MBQ_0101_1109501_1117091 THEN 就 没有 办法 啊 一个 THEN 不是 知道 FEW 很 远 的 STUDENT 可是 他 没有 没有 信 这样 所以 那些 DESIGN ABOUT ENERGY C OR 
LOG (gmm-latgen-faster[5.1.60~1-b2d5d]:DecodeUtteranceLatticeFaster():decoder-wrappers.cc:285) Log-like per frame for utterance NI44MBQ_0101_1109501_1117091 is -4.3283 over 757 frames.
NI44MBQ_0101_1117191_1123791 好 是 可以 看 人 就是 THE DIFFERENCE IS THAT 啦 啊 就是 这样 LO 
LOG (gmm-latgen-faster[5.1.60~1-b2d5d]:DecodeUtteranceLatticeFaster():decoder-wrappers.cc:285) Log-like per frame for utterance NI44MBQ_0101_1117191_1123791 is -3.65627 over 658 frames.
NI44MBQ_0101_1133891_1154761 就 因为 我 们 的 COURSE 是 比较 就是 MASS COMM AH MASS COMM 就 不知道 是 太 你 要 TOWN SIL2 JOURNALISM 就是 包 保障 THEN 要 PARTY 啊 PUBLIC RELATIONS THEN 还有 RAISE IS 好像 有些 公司 的 CORPORATE COM 
LOG (gmm-latgen-faster[5.1.60~1-b2d5d]:DecodeUtteranceLatticeFaster():decoder-wrappers.cc:285) Log-like per frame for utterance NI44MBQ_0101_1133891_1154761 is -3.79407 over 2085 frames.
NI44MBQ_0101_1154761_1164871 CORPORATE COMMUNICATIONS YOUR 要 怎样 就是 帮 工 是 跟 他 BE 打 关系 啊 的 找 到 
LOG (gmm-latgen-faster[5.1.60~1-b2d5d]:DecodeUtteranceLatticeFaster():decoder-wrappers.cc:285) Log-like per frame for utterance NI44MBQ_0101_1154761_1164871 is -3.63235 over 1009 frames.
NI44MBQ_0101_1164871_1171091 就 好像 跟 我们 讲 啊 所以 可能 THEN 啊 还有 ADVERTISING SIL2 
LOG (gmm-latgen-faster[5.1.60~1-b2d5d]:DecodeUtteranceLatticeFaster():decoder-wrappers.cc:285) Log-like per frame for utterance NI44MBQ_0101_1164871_1171091 is -3.85953 over 620 frames.
NI44MBQ_0101_1171401_1177111 也是 有 RESEARCH SUB COM COMMUNICATION RESEARCH 的 RESEARCH YOU 
LOG (gmm-latgen-faster[5.1.60~1-b2d5d]:DecodeUtteranceLatticeFaster():decoder-wrappers.cc:285) Log-like per frame for utterance NI44MBQ_0101_1171401_1177111 is -3.99307 over 569 frames.
NI44MBQ_0101_1177111_1183081 比较 没有 这样 因为 我 没有 我 们 的 REASON 是 因为 很多 都是 要 打 电 话 
LOG (gmm-latgen-faster[5.1.60~1-b2d5d]:DecodeUtteranceLatticeFaster():decoder-wrappers.cc:285) Log-like per frame for utterance NI44MBQ_0101_1177111_1183081 is -3.73233 over 595 frames.
NI44MBQ_0101_1183141_1187621 就是 你 做 那 边 他 WITHIN 一个 SURVEY 然后 你 就要 去 
LOG (gmm-latgen-faster[5.1.60~1-b2d5d]:DecodeUtteranceLatticeFaster():decoder-wrappers.cc:285) Log-like per frame for utterance NI44MBQ_0101_1183141_1187621 is -4.05003 over 446 frames.
NI44MBQ_0101_1187621_1198371 STUDY 很多 不同 的 FAMILY 啊 那些 NUMBERS AH HOUSE A MALAYSIAN REALLY 个 RANDOM THE THE NUMBER THEN 你 就要 
LOG (gmm-latgen-faster[5.1.60~1-b2d5d]:DecodeUtteranceLatticeFaster():decoder-wrappers.cc:285) Log-like per frame for utterance NI44MBQ_0101_1187621_1198371 is -3.74654 over 1073 frames.
NI44MBQ_0101_1199431_1205181 SIL2 打 去 他 的 THEORY 跟 他 是 每 要 问 到 ONE OR 全部 ONE TEENAGER ONE ONE 
LOG (gmm-latgen-faster[5.1.60~1-b2d5d]:DecodeUtteranceLatticeFaster():decoder-wrappers.cc:285) Log-like per frame for utterance NI44MBQ_0101_1199431_1205181 is -4.06279 over 573 frames.
NI44MBQ_0101_1205181_1211281 你 叫 一个 一个 ONE SIL2 THEN 很多 人 你 打 去 他们 就会 
LOG (gmm-latgen-faster[5.1.60~1-b2d5d]:DecodeUtteranceLatticeFaster():decoder-wrappers.cc:285) Log-like per frame for utterance NI44MBQ_0101_1205181_1211281 is -3.66586 over 608 frames.
NI44MBQ_0101_1211571_1219151 去年 的 好像 没有 CORPORAL 先 啊 ENGINE 觉得 AND 啊 HOSPITAL 
LOG (gmm-latgen-faster[5.1.60~1-b2d5d]:DecodeUtteranceLatticeFaster():decoder-wrappers.cc:285) Log-like per frame for utterance NI44MBQ_0101_1211571_1219151 is -3.67867 over 756 frames.
NI44MBQ_0101_1223791_1232441 那时 SIL2 就是 IS IT ONLY KNOW TO 不是 给 不是 做 很多 有 们 的 今年 的 
LOG (gmm-latgen-faster[5.1.60~1-b2d5d]:DecodeUtteranceLatticeFaster():decoder-wrappers.cc:285) Log-like per frame for utterance NI44MBQ_0101_1223791_1232441 is -4.0811 over 863 frames.
NI44MBQ_0101_1232661_1239751 ACTUALLY ER SIL 是 FOLLOW THIS IS A MALE 啊 就是 
LOG (gmm-latgen-faster[5.1.60~1-b2d5d]:DecodeUtteranceLatticeFaster():decoder-wrappers.cc:285) Log-like per frame for utterance NI44MBQ_0101_1232661_1239751 is -3.77985 over 707 frames.
NI44MBQ_0101_1252021_1254371 通常 是 有 
LOG (gmm-latgen-faster[5.1.60~1-b2d5d]:DecodeUtteranceLatticeFaster():decoder-wrappers.cc:285) Log-like per frame for utterance NI44MBQ_0101_1252021_1254371 is -3.30246 over 233 frames.
NI44MBQ_0101_1254371_1263231 因为 我 要 看 那个 人 都 打 去 POLY 讲 华 语 你 讲 你 会 遇到 我 要 看 得 讲 因为 NASAL 
LOG (gmm-latgen-faster[5.1.60~1-b2d5d]:DecodeUtteranceLatticeFaster():decoder-wrappers.cc:285) Log-like per frame for utterance NI44MBQ_0101_1254371_1263231 is -3.93996 over 884 frames.
NI44MBQ_0101_1265921_1273171 不 不是 很 近 不是 一起 啦 就是 好像 你 觉得 SOURCES 我 们 是 什么 什么 THEN 你 觉得 
LOG (gmm-latgen-faster[5.1.60~1-b2d5d]:DecodeUtteranceLatticeFaster():decoder-wrappers.cc:285) Log-like per frame for utterance NI44MBQ_0101_1265921_1273171 is -3.85041 over 723 frames.
NI44MBQ_0101_1273171_1281421 现在 的 新加坡 应该 是 讲 在 OFFICE 我们 就 讲 A ROSE LOR 之类 的 啦 之类 的 东 西 
LOG (gmm-latgen-faster[5.1.60~1-b2d5d]:DecodeUtteranceLatticeFaster():decoder-wrappers.cc:285) Log-like per frame for utterance NI44MBQ_0101_1273171_1281421 is -3.70711 over 823 frames.
NI44MBQ_0101_1287611_1290081 COMMUNICATION RESEARCH 
LOG (gmm-latgen-faster[5.1.60~1-b2d5d]:DecodeUtteranceLatticeFaster():decoder-wrappers.cc:285) Log-like per frame for utterance NI44MBQ_0101_1287611_1290081 is -3.99995 over 245 frames.
NI44MBQ_0101_1293661_1298321 JOURNALISM 就是 要 做 那种 保障 啊 那种 
LOG (gmm-latgen-faster[5.1.60~1-b2d5d]:DecodeUtteranceLatticeFaster():decoder-wrappers.cc:285) Log-like per frame for utterance NI44MBQ_0101_1293661_1298321 is -3.6524 over 464 frames.
NI44MBQ_0101_1298441_1301631 ER 就是 到 早 报 道 
LOG (gmm-latgen-faster[5.1.60~1-b2d5d]:DecodeUtteranceLatticeFaster():decoder-wrappers.cc:285) Log-like per frame for utterance NI44MBQ_0101_1298441_1301631 is -3.7025 over 317 frames.
NI44MBQ_0101_1301631_1307251 有 没 有 兴趣 我 就 认识 ONE 好玩 的 啦 可是 
LOG (gmm-latgen-faster[5.1.60~1-b2d5d]:DecodeUtteranceLatticeFaster():decoder-wrappers.cc:285) Log-like per frame for utterance NI44MBQ_0101_1301631_1307251 is -3.83494 over 560 frames.
NI44MBQ_0101_1307251_1313861 啊 就是 你 RESEARCH 才 放 到 西 就是 到 书 考试 如果 你 是 做 几个 啦 
LOG (gmm-latgen-faster[5.1.60~1-b2d5d]:DecodeUtteranceLatticeFaster():decoder-wrappers.cc:285) Log-like per frame for utterance NI44MBQ_0101_1307251_1313861 is -3.9958 over 659 frames.
NI44MBQ_0101_1313861_1318861 C C A 是 新鲜 的 只是 说 很 不 公 平 时间 LO 
LOG (gmm-latgen-faster[5.1.60~1-b2d5d]:DecodeUtteranceLatticeFaster():decoder-wrappers.cc:285) Log-like per frame for utterance NI44MBQ_0101_1313861_1318861 is -3.8427 over 498 frames.
NI44MBQ_0101_1318861_1325071 因为 有时 他们 SIL2 PRODUCING A J C 才 放 也 不 会 才 跑步 就 
LOG (gmm-latgen-faster[5.1.60~1-b2d5d]:DecodeUtteranceLatticeFaster():decoder-wrappers.cc:285) Log-like per frame for utterance NI44MBQ_0101_1318861_1325071 is -4.11757 over 619 frames.
NI44MBQ_0101_1325071_1333121 BUT JAPAN 去 什么 IS 以 FRIEND 这些 东 西 因为 要 去 IN THE 有些 人 THEN 也 要 去 他 知道 
LOG (gmm-latgen-faster[5.1.60~1-b2d5d]:DecodeUtteranceLatticeFaster():decoder-wrappers.cc:285) Log-like per frame for utterance NI44MBQ_0101_1325071_1333121 is -3.69301 over 803 frames.
NI44MBQ_0101_1339951_1347601 现在 还是 OTHER C C IN 应该 不是 很 高 了 
LOG (gmm-latgen-faster[5.1.60~1-b2d5d]:DecodeUtteranceLatticeFaster():decoder-wrappers.cc:285) Log-like per frame for utterance NI44MBQ_0101_1339951_1347601 is -3.6816 over 763 frames.
NI44MBQ_0101_1347711_1360031 应该 有 那些 粗 啦 可是 通常 会 进 GENERALLY 真 的 是 因为 不是 为了 钱 NO 都是 有 自 己 的 是 好 进 去 之类 的 去 去 在 HALL 
LOG (gmm-latgen-faster[5.1.60~1-b2d5d]:DecodeUtteranceLatticeFaster():decoder-wrappers.cc:285) Log-like per frame for utterance NI44MBQ_0101_1347711_1360031 is -4.06167 over 1230 frames.
NI44MBQ_0101_1360111_1369141 如果 是 是 他 讲 钱 的 话 可能 比较 去 做 政府 SIL2 政府 工 通常 会 比较 好 
LOG (gmm-latgen-faster[5.1.60~1-b2d5d]:DecodeUtteranceLatticeFaster():decoder-wrappers.cc:285) Log-like per frame for utterance NI44MBQ_0101_1360111_1369141 is -3.93506 over 901 frames.
NI44MBQ_0101_1379761_1391831 我们 所以 SIL2 就 比较 GENERAL CARRY 啊 而且 如果 讲 拿 JOURNALISM 她 也是 要 你 的 WRITING 好 
LOG (gmm-latgen-faster[5.1.60~1-b2d5d]:DecodeUtteranceLatticeFaster():decoder-wrappers.cc:285) Log-like per frame for utterance NI44MBQ_0101_1379761_1391831 is -3.6164 over 1205 frames.
NI44MBQ_0101_1391831_1399801 然后 你 的 MAIN LANGUAGE USE 要 讲 这些 ON THE CAMERA 直接 不会 错 
LOG (gmm-latgen-faster[5.1.60~1-b2d5d]:DecodeUtteranceLatticeFaster():decoder-wrappers.cc:285) Log-like per frame for utterance NI44MBQ_0101_1391831_1399801 is -3.70582 over 795 frames.
NI44MBQ_0101_1399921_1407781 THEN SIL2 因为 他 ASSIGNMENT 有时 THEY BASED ON 你 的 
LOG (gmm-latgen-faster[5.1.60~1-b2d5d]:DecodeUtteranceLatticeFaster():decoder-wrappers.cc:285) Log-like per frame for utterance NI44MBQ_0101_1399921_1407781 is -3.13556 over 784 frames.
NI44MBQ_0101_1409251_1418661 就是 那些 REPORT 你 就会 SAY 张 好像 真 的 是 AIRPORT AS IN A TOPIC 因为 就 去 自己 找 人 自己 INTERVIEW 
LOG (gmm-latgen-faster[5.1.60~1-b2d5d]:DecodeUtteranceLatticeFaster():decoder-wrappers.cc:285) Log-like per frame for utterance NI44MBQ_0101_1409251_1418661 is -3.96927 over 939 frames.
NI44MBQ_0101_1418711_1423441 然后 你 就 在 自己 先 REPORTERS SIL2 SIL2 
LOG (gmm-latgen-faster[5.1.60~1-b2d5d]:DecodeUtteranceLatticeFaster():decoder-wrappers.cc:285) Log-like per frame for utterance NI44MBQ_0101_1418711_1423441 is -3.8071 over 471 frames.
NI44MBQ_0101_1425741_1427541 SEVEN 
LOG (gmm-latgen-faster[5.1.60~1-b2d5d]:DecodeUtteranceLatticeFaster():decoder-wrappers.cc:285) Log-like per frame for utterance NI44MBQ_0101_1425741_1427541 is -2.95196 over 178 frames.
NI44MBQ_0101_1427861_1437881 就是 TEACHERS THEY ALL TEACHERS DAY 在 中学 小 学 SECONDARY SCHOOL J C 他们 都是 PUBLIC HOLIDAY 
LOG (gmm-latgen-faster[5.1.60~1-b2d5d]:DecodeUtteranceLatticeFaster():decoder-wrappers.cc:285) Log-like per frame for utterance NI44MBQ_0101_1427861_1437881 is -3.71986 over 1000 frames.
NI44MBQ_0101_1437881_1447611 可是 在 以 啊 你 的 CITY THAN POLY 是 是 没有 完了 所以 就 很 想 去 问 你 写 POLY STUDENT 他们 觉得 
LOG (gmm-latgen-faster[5.1.60~1-b2d5d]:DecodeUtteranceLatticeFaster():decoder-wrappers.cc:285) Log-like per frame for utterance NI44MBQ_0101_1437881_1447611 is -3.87531 over 971 frames.
NI44MBQ_0101_1447611_1454481 应该 给 他们 HOLIDAY 了 啦 ER WE 什么 之类 的 东 西 SIL2 
LOG (gmm-latgen-faster[5.1.60~1-b2d5d]:DecodeUtteranceLatticeFaster():decoder-wrappers.cc:285) Log-like per frame for utterance NI44MBQ_0101_1447611_1454481 is -3.57264 over 685 frames.
NI44MBQ_0101_1455071_1459091 叫 是 SAY 就 OK LIAO 
LOG (gmm-latgen-faster[5.1.60~1-b2d5d]:DecodeUtteranceLatticeFaster():decoder-wrappers.cc:285) Log-like per frame for utterance NI44MBQ_0101_1455071_1459091 is -3.53079 over 400 frames.
NI44MBQ_0101_1467141_1470801 去 也是 通常 都 会 LIAO 啦 
LOG (gmm-latgen-faster[5.1.60~1-b2d5d]:DecodeUtteranceLatticeFaster():decoder-wrappers.cc:285) Log-like per frame for utterance NI44MBQ_0101_1467141_1470801 is -3.7605 over 364 frames.
NI44MBQ_0101_1470831_1480621 可是 就是 因为 老师 上 面 就是 老师 就 觉得 没有 P AH 在 POLY AH 因为 都是 打 打 打 人 啊 就是 
LOG (gmm-latgen-faster[5.1.60~1-b2d5d]:DecodeUtteranceLatticeFaster():decoder-wrappers.cc:285) Log-like per frame for utterance NI44MBQ_0101_1470831_1480621 is -3.83352 over 977 frames.
NI44MBQ_0101_1494021_1501591 没有 就 常常 己 的 学生 然后 就 OH IN SINGAPORE 最 好 是 有 BARBER 正常 
LOG (gmm-latgen-faster[5.1.60~1-b2d5d]:DecodeUtteranceLatticeFaster():decoder-wrappers.cc:285) Log-like per frame for utterance NI44MBQ_0101_1494021_1501591 is -4.05724 over 755 frames.
NI44MBQ_0101_1501601_1509231 一天 你 三百 五十 可是 所以 一 种 VERY LONG THEN TURN 一个人 SO 就是 
LOG (gmm-latgen-faster[5.1.60~1-b2d5d]:DecodeUtteranceLatticeFaster():decoder-wrappers.cc:285) Log-like per frame for utterance NI44MBQ_0101_1501601_1509231 is -3.80935 over 761 frames.
NI44MBQ_0101_1519631_1522751 最近 就是 ABOUT LOCAL 
LOG (gmm-latgen-faster[5.1.60~1-b2d5d]:DecodeUtteranceLatticeFaster():decoder-wrappers.cc:285) Log-like per frame for utterance NI44MBQ_0101_1519631_1522751 is -4.21547 over 310 frames.
NI44MBQ_0101_1522801_1532671 SIL2 因为 新加坡 我 不要 做 工 可是 还没有 拿 到 那个 RECORDING RIGHT 就 SINGLE GUYS 打 到 
LOG (gmm-latgen-faster[5.1.60~1-b2d5d]:DecodeUtteranceLatticeFaster():decoder-wrappers.cc:285) Log-like per frame for utterance NI44MBQ_0101_1522801_1532671 is -3.8024 over 985 frames.
NI44MBQ_0101_1532671_1544241 还没有 RIGHT IS TO SHOW THAT THAT THAT DAY I 要 到 THEN 就 好像 WENT TO 那些 会 看 这些 人 MAKE SMALL TEST OR LESS 一个 STORY 讲 
LOG (gmm-latgen-faster[5.1.60~1-b2d5d]:DecodeUtteranceLatticeFaster():decoder-wrappers.cc:285) Log-like per frame for utterance NI44MBQ_0101_1532671_1544241 is -3.93986 over 1155 frames.
NI44MBQ_0101_1546651_1551021 有些 就 好 了 不是 那种 比较 ONE 
LOG (gmm-latgen-faster[5.1.60~1-b2d5d]:DecodeUtteranceLatticeFaster():decoder-wrappers.cc:285) Log-like per frame for utterance NI44MBQ_0101_1546651_1551021 is -3.87768 over 435 frames.
NI44MBQ_0101_1551021_1555131 很 像 CON 的 就 比较 积极 的 可是 
LOG (gmm-latgen-faster[5.1.60~1-b2d5d]:DecodeUtteranceLatticeFaster():decoder-wrappers.cc:285) Log-like per frame for utterance NI44MBQ_0101_1551021_1555131 is -3.96065 over 409 frames.
NI44MBQ_0101_1555131_1564061 也 没 有 PLACES ALL 他们 就 讲 好像 如果 真 的 没有 久 TOO BAD LOR 就 去 INTERNET 看 OPEN 
LOG (gmm-latgen-faster[5.1.60~1-b2d5d]:DecodeUtteranceLatticeFaster():decoder-wrappers.cc:285) Log-like per frame for utterance NI44MBQ_0101_1555131_1564061 is -3.77038 over 891 frames.
NI44MBQ_0101_1571271_1573291 那个 SLEEP YA 啦 
LOG (gmm-latgen-faster[5.1.60~1-b2d5d]:DecodeUtteranceLatticeFaster():decoder-wrappers.cc:285) Log-like per frame for utterance NI44MBQ_0101_1571271_1573291 is -3.83874 over 200 frames.
NI44MBQ_0101_1573441_1577511 SIL OVAL IN CASE THIN MALLET 
LOG (gmm-latgen-faster[5.1.60~1-b2d5d]:DecodeUtteranceLatticeFaster():decoder-wrappers.cc:285) Log-like per frame for utterance NI44MBQ_0101_1573441_1577511 is -3.85634 over 405 frames.
NI44MBQ_0101_1577591_1585211 不是 BALL COM 不同 不同 MALAYSIA 很 不同 DRUMMER 是 SIL2 SIL2 
LOG (gmm-latgen-faster[5.1.60~1-b2d5d]:DecodeUtteranceLatticeFaster():decoder-wrappers.cc:285) Log-like per frame for utterance NI44MBQ_0101_1577591_1585211 is -3.99266 over 760 frames.
NI44MBQ_0101_1586181_1589061 看 了 ONE WEEK 要 没有 什么 
LOG (gmm-latgen-faster[5.1.60~1-b2d5d]:DecodeUtteranceLatticeFaster():decoder-wrappers.cc:285) Log-like per frame for utterance NI44MBQ_0101_1586181_1589061 is -3.71471 over 286 frames.
NI44MBQ_0101_1591111_1593561 新加坡 的 我 没有 很 
LOG (gmm-latgen-faster[5.1.60~1-b2d5d]:DecodeUtteranceLatticeFaster():decoder-wrappers.cc:285) Log-like per frame for utterance NI44MBQ_0101_1591111_1593561 is -4.07334 over 243 frames.
NI44MBQ_0101_1603201_1609511 我 也 是 不 是 你 出来 只是 TAKE THINGS ATTACKER 见到 我 就 说 什么 
LOG (gmm-latgen-faster[5.1.60~1-b2d5d]:DecodeUtteranceLatticeFaster():decoder-wrappers.cc:285) Log-like per frame for utterance NI44MBQ_0101_1603201_1609511 is -3.94345 over 629 frames.
NI44MBQ_0101_1610151_1612371 SIL2 然后 
LOG (gmm-latgen-faster[5.1.60~1-b2d5d]:DecodeUtteranceLatticeFaster():decoder-wrappers.cc:285) Log-like per frame for utterance NI44MBQ_0101_1610151_1612371 is -2.9479 over 220 frames.
NI44MBQ_0101_1613231_1619701 SIL2 THIS 我 觉得 I 啊 就 人 在 IS 那种 
LOG (gmm-latgen-faster[5.1.60~1-b2d5d]:DecodeUtteranceLatticeFaster():decoder-wrappers.cc:285) Log-like per frame for utterance NI44MBQ_0101_1613231_1619701 is -2.98952 over 645 frames.
NI44MBQ_0101_1620241_1629761 做 了 你 的 那种 SPORT SOCCER SO 上 面 没有 什么 大 不 了 可是 因为 他 是 那种 很 有名 有名 SINGLE 那种 很 著名 的 REASON 
LOG (gmm-latgen-faster[5.1.60~1-b2d5d]:DecodeUtteranceLatticeFaster():decoder-wrappers.cc:285) Log-like per frame for utterance NI44MBQ_0101_1620241_1629761 is -4.22683 over 950 frames.
NI44MBQ_0101_1629761_1642351 讲 DESTINATION 啊 时间 到 十 几 件 事 啊 就 OH IS NOTHING 啊 我 SOCCER 比较 少 个人 SO 上海 以 我 觉得 POSTERS RIGHT 
LOG (gmm-latgen-faster[5.1.60~1-b2d5d]:DecodeUtteranceLatticeFaster():decoder-wrappers.cc:285) Log-like per frame for utterance NI44MBQ_0101_1629761_1642351 is -3.79806 over 1257 frames.
NI44MBQ_0101_1642551_1649041 CHU SIL2 因为 没有 没有 什么 LOR 就是 他 就是 OK ONE FOUR UNIT 
LOG (gmm-latgen-faster[5.1.60~1-b2d5d]:DecodeUtteranceLatticeFaster():decoder-wrappers.cc:285) Log-like per frame for utterance NI44MBQ_0101_1642551_1649041 is -3.71669 over 647 frames.
NI44MBQ_0101_1650471_1660021 THEN POLICIES AH THEN 就 看 THEN UNFORTUNATE 啦 BUT 总是 COMING OUT SIL2 
LOG (gmm-latgen-faster[5.1.60~1-b2d5d]:DecodeUtteranceLatticeFaster():decoder-wrappers.cc:285) Log-like per frame for utterance NI44MBQ_0101_1650471_1660021 is -3.73437 over 953 frames.
NI44MBQ_0101_1667751_1669581 RUGBY 啊 
LOG (gmm-latgen-faster[5.1.60~1-b2d5d]:DecodeUtteranceLatticeFaster():decoder-wrappers.cc:285) Log-like per frame for utterance NI44MBQ_0101_1667751_1669581 is -3.99888 over 181 frames.
NI44MBQ_0101_1673401_1674811 没有 
LOG (gmm-latgen-faster[5.1.60~1-b2d5d]:DecodeUtteranceLatticeFaster():decoder-wrappers.cc:285) Log-like per frame for utterance NI44MBQ_0101_1673401_1674811 is -3.17968 over 139 frames.
NI44MBQ_0101_1682751_1685181 YA I WILL COME 
LOG (gmm-latgen-faster[5.1.60~1-b2d5d]:DecodeUtteranceLatticeFaster():decoder-wrappers.cc:285) Log-like per frame for utterance NI44MBQ_0101_1682751_1685181 is -3.12166 over 241 frames.
NI44MBQ_0101_1687491_1692451 新加坡 SIL2 SALES WHY 过 来 的 那些 PLAYER 
LOG (gmm-latgen-faster[5.1.60~1-b2d5d]:DecodeUtteranceLatticeFaster():decoder-wrappers.cc:285) Log-like per frame for utterance NI44MBQ_0101_1687491_1692451 is -3.75568 over 494 frames.
NI44MBQ_0101_1692591_1703091 所以 要 像 常 有 不是 说 很 长 AH 就是 MY 人 STYLE 旧 时 常 看到 ONE 啊 
LOG (gmm-latgen-faster[5.1.60~1-b2d5d]:DecodeUtteranceLatticeFaster():decoder-wrappers.cc:285) Log-like per frame for utterance NI44MBQ_0101_1692591_1703091 is -3.74884 over 1048 frames.
NI44MBQ_0101_1722091_1725301 SOLVE 新加坡 我 SIL2 
LOG (gmm-latgen-faster[5.1.60~1-b2d5d]:DecodeUtteranceLatticeFaster():decoder-wrappers.cc:285) Log-like per frame for utterance NI44MBQ_0101_1722091_1725301 is -3.25444 over 319 frames.
NI44MBQ_0101_1729151_1737691 MINUS I REMEMBER HOW 没有 人 THEN SINGAPORE 什么 啦 因为 就 其实 也 不 是 给 我 的 人才 
LOG (gmm-latgen-faster[5.1.60~1-b2d5d]:DecodeUtteranceLatticeFaster():decoder-wrappers.cc:285) Log-like per frame for utterance NI44MBQ_0101_1729151_1737691 is -3.8418 over 852 frames.
NI44MBQ_0101_1737871_1755531 很多 现在 以外 果 啦 都是 很多 TURTLE ISLAND 所以 又 不是 一点 什么 很 INCLINE 有时 也是 ONLINE 说 啊 对 我 什么 东 西 啊 
LOG (gmm-latgen-faster[5.1.60~1-b2d5d]:DecodeUtteranceLatticeFaster():decoder-wrappers.cc:285) Log-like per frame for utterance NI44MBQ_0101_1737871_1755531 is -3.46574 over 1764 frames.
NI44MBQ_0101_1786311_1796811 没有 因为 前 前 年 前 都是 SOMETHING THEN 你 就 读 书 也 没 有 出 过 没有 什么 出 国 
LOG (gmm-latgen-faster[5.1.60~1-b2d5d]:DecodeUtteranceLatticeFaster():decoder-wrappers.cc:285) Log-like per frame for utterance NI44MBQ_0101_1786311_1796811 is -3.73041 over 1048 frames.
NI44MBQ_0101_1796991_1804851 朱 果 就是 就 有 一些 是 去 AUSTRALIA SIL2 因为 去 到 THING THEN FISHING THEN 
LOG (gmm-latgen-faster[5.1.60~1-b2d5d]:DecodeUtteranceLatticeFaster():decoder-wrappers.cc:285) Log-like per frame for utterance NI44MBQ_0101_1796991_1804851 is -3.81838 over 784 frames.
NI44MBQ_0101_1807561_1813361 一个 月 去年 的 过程 SIL2 
LOG (gmm-latgen-faster[5.1.60~1-b2d5d]:DecodeUtteranceLatticeFaster():decoder-wrappers.cc:285) Log-like per frame for utterance NI44MBQ_0101_1807561_1813361 is -3.64491 over 578 frames.
NI44MBQ_0101_1813361_1816671 我 其实 
LOG (gmm-latgen-faster[5.1.60~1-b2d5d]:DecodeUtteranceLatticeFaster():decoder-wrappers.cc:285) Log-like per frame for utterance NI44MBQ_0101_1813361_1816671 is -2.96451 over 329 frames.
NI44MBQ_0101_1816671_1835551 就是 ASSUMING 里面 做 出 到 处 跑 LOR 有 我 们 是 那种 总 部 吗 所以 他们 到 处 跑 就 晒 到 那些 OFFICE 在 LISTENING OFFICE 然后 就 就是 叫 我 们 是 因为 我们 那种 不是 我们 不会 讲 OF 不会 讲 
LOG (gmm-latgen-faster[5.1.60~1-b2d5d]:DecodeUtteranceLatticeFaster():decoder-wrappers.cc:285) Log-like per frame for utterance NI44MBQ_0101_1816671_1835551 is -3.86166 over 1886 frames.
NI44MBQ_0101_1836061_1838891 不是 讲 什么 所以 
LOG (gmm-latgen-faster[5.1.60~1-b2d5d]:DecodeUtteranceLatticeFaster():decoder-wrappers.cc:285) Log-like per frame for utterance NI44MBQ_0101_1836061_1838891 is -3.3972 over 281 frames.
NI44MBQ_0101_1847871_1851221 我 们 是 对 SIL2 
LOG (gmm-latgen-faster[5.1.60~1-b2d5d]:DecodeUtteranceLatticeFaster():decoder-wrappers.cc:285) Log-like per frame for utterance NI44MBQ_0101_1847871_1851221 is -3.52493 over 333 frames.
NI44MBQ_0101_1851221_1857321 不是 公斤 是 那种 名 胜 地 CHEER TRAINING C 给 过去 的 
LOG (gmm-latgen-faster[5.1.60~1-b2d5d]:DecodeUtteranceLatticeFaster():decoder-wrappers.cc:285) Log-like per frame for utterance NI44MBQ_0101_1851221_1857321 is -4.05998 over 608 frames.
NI44MBQ_0101_1857321_1861661 ER 没有 道理 讲 话 LO 
LOG (gmm-latgen-faster[5.1.60~1-b2d5d]:DecodeUtteranceLatticeFaster():decoder-wrappers.cc:285) Log-like per frame for utterance NI44MBQ_0101_1857321_1861661 is -3.09182 over 432 frames.
NI44MBQ_0101_1861781_1865451 不 多 三 年 FORM 过去 啊 SIL2 
LOG (gmm-latgen-faster[5.1.60~1-b2d5d]:DecodeUtteranceLatticeFaster():decoder-wrappers.cc:285) Log-like per frame for utterance NI44MBQ_0101_1861781_1865451 is -3.86501 over 365 frames.
NI44MBQ_0101_1870641_1881281 一个人 就是 没有 听 过 了 那种 没有 什么 没有 SO 回去 因为 是 是 TRAINING FOR 那些 病 啊 所以 
LOG (gmm-latgen-faster[5.1.60~1-b2d5d]:DecodeUtteranceLatticeFaster():decoder-wrappers.cc:285) Log-like per frame for utterance NI44MBQ_0101_1870641_1881281 is -3.57579 over 1062 frames.
NI44MBQ_0101_1881741_1887191 所以 就 都 讲 了 SIL2 没有 什么 没有 什么 
LOG (gmm-latgen-faster[5.1.60~1-b2d5d]:DecodeUtteranceLatticeFaster():decoder-wrappers.cc:285) Log-like per frame for utterance NI44MBQ_0101_1881741_1887191 is -3.43041 over 543 frames.
NI44MBQ_0101_1887901_1891421 那 边 有时候 有时候 看 
LOG (gmm-latgen-faster[5.1.60~1-b2d5d]:DecodeUtteranceLatticeFaster():decoder-wrappers.cc:285) Log-like per frame for utterance NI44MBQ_0101_1887901_1891421 is -3.5952 over 350 frames.
NI44MBQ_0101_1911991_1922641 SIL2 进 去 的 时候 写 就是 算 是 B M T 然后 就是 THEN 你 去 TRAINING BASIC 啊 
LOG (gmm-latgen-faster[5.1.60~1-b2d5d]:DecodeUtteranceLatticeFaster():decoder-wrappers.cc:285) Log-like per frame for utterance NI44MBQ_0101_1911991_1922641 is -3.63469 over 1063 frames.
NI44MBQ_0101_1922641_1930291 然后 BASIC 过 那些 看 你 的 程度 LOR 看 你 的 I P P T TEST 如果 你 的 READINGS 很多 
LOG (gmm-latgen-faster[5.1.60~1-b2d5d]:DecodeUtteranceLatticeFaster():decoder-wrappers.cc:285) Log-like per frame for utterance NI44MBQ_0101_1922641_1930291 is -3.92954 over 763 frames.
NI44MBQ_0101_1930291_1952831 你 的 SENIORS LEVEL 好 的 话 THEN 你 就会 SIL2 对 去 那种 比较 就 跑 去 看 他们 要 的 跟 你 说 OFFICER 啦 AS IN 你 说 SERGEANT THEN 不 然 就是 做 MENTAL 是 那种 听 这里 的 那些 
LOG (gmm-latgen-faster[5.1.60~1-b2d5d]:DecodeUtteranceLatticeFaster():decoder-wrappers.cc:285) Log-like per frame for utterance NI44MBQ_0101_1930291_1952831 is -3.54583 over 2252 frames.
NI44MBQ_0101_1952831_1963121 THEN 不是 什么 管 的 时候 THEN 就 OH GOING TO THREE DAY 就 你 然后 就 是 在 那 边 TO DO ALL THE WAY OUT 就是 到 你 
LOG (gmm-latgen-faster[5.1.60~1-b2d5d]:DecodeUtteranceLatticeFaster():decoder-wrappers.cc:285) Log-like per frame for utterance NI44MBQ_0101_1952831_1963121 is -3.73027 over 1027 frames.
NI44MBQ_0101_1972161_1976151 你 没有 O TWO 他们 政府 有 LO 
LOG (gmm-latgen-faster[5.1.60~1-b2d5d]:DecodeUtteranceLatticeFaster():decoder-wrappers.cc:285) Log-like per frame for utterance NI44MBQ_0101_1972161_1976151 is -3.78522 over 397 frames.
NI44MBQ_0101_1976151_1992341 你 在 都 没有 时间 太 给 你 一个 CRYSTAL 你 就 JUST 坐 那个 成 语 的 所以 所以 他们 INCREASE 然后 政府 就 而已 SIL2 所以 你 不 多 他们 MOTION SIL2 
LOG (gmm-latgen-faster[5.1.60~1-b2d5d]:DecodeUtteranceLatticeFaster():decoder-wrappers.cc:285) Log-like per frame for utterance NI44MBQ_0101_1976151_1992341 is -3.85059 over 1617 frames.
NI44MBQ_0101_1997391_2007971 SIL2 对 LOR PLEASE A CIVIL DEFENCE 也是 政府 RANDOMLY 讲 就 是 ASSIGN THEN 你们 NO SIL2 
LOG (gmm-latgen-faster[5.1.60~1-b2d5d]:DecodeUtteranceLatticeFaster():decoder-wrappers.cc:285) Log-like per frame for utterance NI44MBQ_0101_1997391_2007971 is -3.67353 over 1056 frames.
NI44MBQ_0101_2021051_2030801 去 要 SO 十 差 不 多 有 一年 半 时候 SIL2 
LOG (gmm-latgen-faster[5.1.60~1-b2d5d]:DecodeUtteranceLatticeFaster():decoder-wrappers.cc:285) Log-like per frame for utterance NI44MBQ_0101_2021051_2030801 is -3.4834 over 973 frames.
NI44MBQ_0101_2032521_2037171 是 真 的 很 THEN 
LOG (gmm-latgen-faster[5.1.60~1-b2d5d]:DecodeUtteranceLatticeFaster():decoder-wrappers.cc:285) Log-like per frame for utterance NI44MBQ_0101_2032521_2037171 is -4.0547 over 463 frames.
NI44MBQ_0101_2037971_2041141 看 你 时 
LOG (gmm-latgen-faster[5.1.60~1-b2d5d]:DecodeUtteranceLatticeFaster():decoder-wrappers.cc:285) Log-like per frame for utterance NI44MBQ_0101_2037971_2041141 is -3.11305 over 315 frames.
NI44MBQ_0101_2041491_2047751 有 六月 的 球员 看 你 是 TO POLY 还是 TO J C SIL2 
LOG (gmm-latgen-faster[5.1.60~1-b2d5d]:DecodeUtteranceLatticeFaster():decoder-wrappers.cc:285) Log-like per frame for utterance NI44MBQ_0101_2041491_2047751 is -3.94257 over 624 frames.
NI44MBQ_0101_2047751_2052541 我 也 是 TO POLY NEED TO SIGN DAY 
LOG (gmm-latgen-faster[5.1.60~1-b2d5d]:DecodeUtteranceLatticeFaster():decoder-wrappers.cc:285) Log-like per frame for utterance NI44MBQ_0101_2047751_2052541 is -3.63672 over 477 frames.
NI44MBQ_0101_2052541_2067031 SEND EMAIL 也 没 有 POLY 是 JUNE 你 就 THEN YOU KNOW CERTAIN ROLES J C 的 话 就是 SET THE REASON SIL2 你 讲 
LOG (gmm-latgen-faster[5.1.60~1-b2d5d]:DecodeUtteranceLatticeFaster():decoder-wrappers.cc:285) Log-like per frame for utterance NI44MBQ_0101_2052541_2067031 is -3.81406 over 1447 frames.
NI44MBQ_0101_2085061_2090281 是 读 SIL2 因为 我 是 在 的 吗 
LOG (gmm-latgen-faster[5.1.60~1-b2d5d]:DecodeUtteranceLatticeFaster():decoder-wrappers.cc:285) Log-like per frame for utterance NI44MBQ_0101_2085061_2090281 is -3.4203 over 520 frames.
NI44MBQ_0101_2090281_2098741 是 所以 学校 只有 CANDY 有 CANDY KEN KEN 有 会 去 K 
LOG (gmm-latgen-faster[5.1.60~1-b2d5d]:DecodeUtteranceLatticeFaster():decoder-wrappers.cc:285) Log-like per frame for utterance NI44MBQ_0101_2090281_2098741 is -3.54572 over 844 frames.
NI44MBQ_0101_2100001_2107451 就 宗教 COST 啊 THEN CHANCE 啊 算 是 FOR 讲 SIL2 OK SO IS 
LOG (gmm-latgen-faster[5.1.60~1-b2d5d]:DecodeUtteranceLatticeFaster():decoder-wrappers.cc:285) Log-like per frame for utterance NI44MBQ_0101_2100001_2107451 is -3.78936 over 743 frames.
NI44MBQ_0101_2113261_2118851 就 平时 少 小 笼 这样 SO SIL2 SIL2 SIL2 
LOG (gmm-latgen-faster[5.1.60~1-b2d5d]:DecodeUtteranceLatticeFaster():decoder-wrappers.cc:285) Log-like per frame for utterance NI44MBQ_0101_2113261_2118851 is -3.9547 over 557 frames.
NI44MBQ_0101_2119101_2121671 CHEMISTRY SIL2 
LOG (gmm-latgen-faster[5.1.60~1-b2d5d]:DecodeUtteranceLatticeFaster():decoder-wrappers.cc:285) Log-like per frame for utterance NI44MBQ_0101_2119101_2121671 is -3.80099 over 255 frames.
NI44MBQ_0101_2129241_2135061 可能 在 SEVEN DOLLARS 在 WHISTLE 
LOG (gmm-latgen-faster[5.1.60~1-b2d5d]:DecodeUtteranceLatticeFaster():decoder-wrappers.cc:285) Log-like per frame for utterance NI44MBQ_0101_2129241_2135061 is -3.99931 over 580 frames.
NI44MBQ_0101_2144751_2152141 所以 在 以 台湾 的 学校 都 有 VEGETARIAN 都 找不到 吗 
LOG (gmm-latgen-faster[5.1.60~1-b2d5d]:DecodeUtteranceLatticeFaster():decoder-wrappers.cc:285) Log-like per frame for utterance NI44MBQ_0101_2144751_2152141 is -3.52804 over 737 frames.
NI44MBQ_0101_2152141_2154081 走过 我 
LOG (gmm-latgen-faster[5.1.60~1-b2d5d]:DecodeUtteranceLatticeFaster():decoder-wrappers.cc:285) Log-like per frame for utterance NI44MBQ_0101_2152141_2154081 is -3.7436 over 192 frames.
NI44MBQ_0101_2156531_2159421 就 是 说 他 的 
LOG (gmm-latgen-faster[5.1.60~1-b2d5d]:DecodeUtteranceLatticeFaster():decoder-wrappers.cc:285) Log-like per frame for utterance NI44MBQ_0101_2156531_2159421 is -3.70694 over 287 frames.
NI44MBQ_0101_2164101_2170961 SIL2 NORMAL TOUR SIL2 我 在 家 族 TO SCHOOL 
LOG (gmm-latgen-faster[5.1.60~1-b2d5d]:DecodeUtteranceLatticeFaster():decoder-wrappers.cc:285) Log-like per frame for utterance NI44MBQ_0101_2164101_2170961 is -3.74993 over 684 frames.
NI44MBQ_0101_2176331_2182231 SIL2 最大 的 JOKER 很 炒 饭 
LOG (gmm-latgen-faster[5.1.60~1-b2d5d]:DecodeUtteranceLatticeFaster():decoder-wrappers.cc:285) Log-like per frame for utterance NI44MBQ_0101_2176331_2182231 is -3.46055 over 588 frames.
NI44MBQ_0101_2182231_2192221 这种 事 啊 草 吉 班 那种 经济 TOWN 比较 健康 了 就 OKAY SIL2 比较 复杂 就 OH TENNIS ALSO SEE 
LOG (gmm-latgen-faster[5.1.60~1-b2d5d]:DecodeUtteranceLatticeFaster():decoder-wrappers.cc:285) Log-like per frame for utterance NI44MBQ_0101_2182231_2192221 is -4.03026 over 997 frames.
NI44MBQ_0101_2198401_2200881 全家 是 在 
LOG (gmm-latgen-faster[5.1.60~1-b2d5d]:DecodeUtteranceLatticeFaster():decoder-wrappers.cc:285) Log-like per frame for utterance NI44MBQ_0101_2198401_2200881 is -3.85782 over 246 frames.
NI44MBQ_0101_2219071_2228011 你 没有 SMALL 只是 觉得 他们 讲 IS 有 道理 就 SIL2 对 啦 因为 好像 FOSSIL 是 COLI 
LOG (gmm-latgen-faster[5.1.60~1-b2d5d]:DecodeUtteranceLatticeFaster():decoder-wrappers.cc:285) Log-like per frame for utterance NI44MBQ_0101_2219071_2228011 is -3.91669 over 892 frames.
NI44MBQ_0101_2228011_2235721 不要 杀 SIGN TO TRAVEL SIL2 不要 好像 要 
LOG (gmm-latgen-faster[5.1.60~1-b2d5d]:DecodeUtteranceLatticeFaster():decoder-wrappers.cc:285) Log-like per frame for utterance NI44MBQ_0101_2228011_2235721 is -3.35755 over 769 frames.
NI44MBQ_0101_2236081_2247401 其实 是 BASIC 的 时候 JOIN TO 也是 我 没有 就 觉得 他们 讲 有 道理 就 OK SIL2 就 有 没有 什么 特别 的 
LOG (gmm-latgen-faster[5.1.60~1-b2d5d]:DecodeUtteranceLatticeFaster():decoder-wrappers.cc:285) Log-like per frame for utterance NI44MBQ_0101_2236081_2247401 is -3.97622 over 1130 frames.
NI44MBQ_0101_2251551_2254091 没有 EH 
LOG (gmm-latgen-faster[5.1.60~1-b2d5d]:DecodeUtteranceLatticeFaster():decoder-wrappers.cc:285) Log-like per frame for utterance NI44MBQ_0101_2251551_2254091 is -3.99611 over 252 frames.
NI44MBQ_0101_2255721_2258911 什么 很 SIL2 不知道 
LOG (gmm-latgen-faster[5.1.60~1-b2d5d]:DecodeUtteranceLatticeFaster():decoder-wrappers.cc:285) Log-like per frame for utterance NI44MBQ_0101_2255721_2258911 is -4.00981 over 317 frames.
NI44MBQ_0101_2263671_2269261 平 常 就 没有 啦 平 常 CERTAIN 过 在一起 
LOG (gmm-latgen-faster[5.1.60~1-b2d5d]:DecodeUtteranceLatticeFaster():decoder-wrappers.cc:285) Log-like per frame for utterance NI44MBQ_0101_2263671_2269261 is -3.78244 over 557 frames.
NI44MBQ_0101_2271601_2278851 早 上 多 七 八 点 到 最后 七 点 八 点 起来 SIL2 
LOG (gmm-latgen-faster[5.1.60~1-b2d5d]:DecodeUtteranceLatticeFaster():decoder-wrappers.cc:285) Log-like per frame for utterance NI44MBQ_0101_2271601_2278851 is -3.78193 over 723 frames.
NI44MBQ_0101_2296801_2306201 新加坡 还 好 其实 是 不 是 说 有 给 他们 一些 今天 一些 ALREADY SAY C P F 
LOG (gmm-latgen-faster[5.1.60~1-b2d5d]:DecodeUtteranceLatticeFaster():decoder-wrappers.cc:285) Log-like per frame for utterance NI44MBQ_0101_2296801_2306201 is -3.82872 over 938 frames.
NI44MBQ_0101_2306201_2313201 这些 这些 东 西 所以 我 觉得 新加坡 还 好 很 少 有 很多 那种 老人 在一起 后 
LOG (gmm-latgen-faster[5.1.60~1-b2d5d]:DecodeUtteranceLatticeFaster():decoder-wrappers.cc:285) Log-like per frame for utterance NI44MBQ_0101_2306201_2313201 is -3.96696 over 698 frames.
NI44MBQ_0101_2313891_2322171 啊 那些 自己 SIL2 SIL2 EITHER 新加坡 SITUATION 还是 不错 
LOG (gmm-latgen-faster[5.1.60~1-b2d5d]:DecodeUtteranceLatticeFaster():decoder-wrappers.cc:285) Log-like per frame for utterance NI44MBQ_0101_2313891_2322171 is -3.61693 over 826 frames.
NI44MBQ_0101_2326101_2335571 COMPARE WITH 别的 国家 啦 BUT 我 是 去 我 不是 很 清楚 效果 叫 我 是 觉得 新加坡 还 好 新加坡 我 
LOG (gmm-latgen-faster[5.1.60~1-b2d5d]:DecodeUtteranceLatticeFaster():decoder-wrappers.cc:285) Log-like per frame for utterance NI44MBQ_0101_2326101_2335571 is -3.98609 over 945 frames.
NI44MBQ_0101_2336501_2343571 就 你 走 在 路 上 你 你 会 看到 很多 那种 有 两个 老人 所以 SIL2 
LOG (gmm-latgen-faster[5.1.60~1-b2d5d]:DecodeUtteranceLatticeFaster():decoder-wrappers.cc:285) Log-like per frame for utterance NI44MBQ_0101_2336501_2343571 is -3.59293 over 705 frames.
NI44MBQ_0101_2357921_2360971 是 数学 SIL2 
LOG (gmm-latgen-faster[5.1.60~1-b2d5d]:DecodeUtteranceLatticeFaster():decoder-wrappers.cc:285) Log-like per frame for utterance NI44MBQ_0101_2357921_2360971 is -3.12788 over 303 frames.
NI44MBQ_0101_2361511_2364281 五月 U S U C SIL2 
LOG (gmm-latgen-faster[5.1.60~1-b2d5d]:DecodeUtteranceLatticeFaster():decoder-wrappers.cc:285) Log-like per frame for utterance NI44MBQ_0101_2361511_2364281 is -3.67619 over 275 frames.
NI44MBQ_0101_2364281_2375091 NO 七月 就要 的 那些 FRESHMAN FRESHMAN 进 来 FRESHMAN ORIENTATION CAMP 啦 YEA 就要 有 Y O G 
LOG (gmm-latgen-faster[5.1.60~1-b2d5d]:DecodeUtteranceLatticeFaster():decoder-wrappers.cc:285) Log-like per frame for utterance NI44MBQ_0101_2364281_2375091 is -3.64 over 1079 frames.
NI44MBQ_0101_2375091_2379791 是 那个 SINGAPORE YOUTH OLYMPICS GAMES 
LOG (gmm-latgen-faster[5.1.60~1-b2d5d]:DecodeUtteranceLatticeFaster():decoder-wrappers.cc:285) Log-like per frame for utterance NI44MBQ_0101_2375091_2379791 is -3.77759 over 468 frames.
NI44MBQ_0101_2379791_2386621 TWO WAY TO 走过 去 IN STEP EXCHANGE 
LOG (gmm-latgen-faster[5.1.60~1-b2d5d]:DecodeUtteranceLatticeFaster():decoder-wrappers.cc:285) Log-like per frame for utterance NI44MBQ_0101_2379791_2386621 is -3.62987 over 681 frames.
NI44MBQ_0101_2386621_2395151 去 CANDLE TO SOMEWHERE THE CHIEF PROGRAMMER 就是 你 要 去 会 CALL 
LOG (gmm-latgen-faster[5.1.60~1-b2d5d]:DecodeUtteranceLatticeFaster():decoder-wrappers.cc:285) Log-like per frame for utterance NI44MBQ_0101_2386621_2395151 is -3.43047 over 851 frames.
NI44MBQ_0101_2399481_2407381 还 好 啦 就 我 我 本身 是 比较 有 就是 也是 我 有 PLAN 啊 不 想 想 
LOG (gmm-latgen-faster[5.1.60~1-b2d5d]:DecodeUtteranceLatticeFaster():decoder-wrappers.cc:285) Log-like per frame for utterance NI44MBQ_0101_2399481_2407381 is -3.92235 over 788 frames.
NI44MBQ_0101_2407381_2416181 不 动 觉得 做 什么 较 忙 可能 就 不是 很 好 吗 所以 就 想 ON SUNDAY 你 讲 LO 
LOG (gmm-latgen-faster[5.1.60~1-b2d5d]:DecodeUtteranceLatticeFaster():decoder-wrappers.cc:285) Log-like per frame for utterance NI44MBQ_0101_2407381_2416181 is -3.93353 over 878 frames.
NI44MBQ_0101_2418001_2424241 CANADA ER TOWN 都 SIL2 
LOG (gmm-latgen-faster[5.1.60~1-b2d5d]:DecodeUtteranceLatticeFaster():decoder-wrappers.cc:285) Log-like per frame for utterance NI44MBQ_0101_2418001_2424241 is -3.68833 over 622 frames.
NI44MBQ_0101_2424241_2428711 SIL2 那个 RESEARCHER 的 时候 
LOG (gmm-latgen-faster[5.1.60~1-b2d5d]:DecodeUtteranceLatticeFaster():decoder-wrappers.cc:285) Log-like per frame for utterance NI44MBQ_0101_2424241_2428711 is -3.47214 over 445 frames.
NI44MBQ_0101_2429001_2436201 觉得 所以 就 去 还没有 OPEN C A 所以 就 开始 SCHOOL 这些 
LOG (gmm-latgen-faster[5.1.60~1-b2d5d]:DecodeUtteranceLatticeFaster():decoder-wrappers.cc:285) Log-like per frame for utterance NI44MBQ_0101_2429001_2436201 is -3.63748 over 718 frames.
NI44MBQ_0101_2440791_2448231 NO NO C 吗 都 可能 要 要 有 ONE SIL2 
LOG (gmm-latgen-faster[5.1.60~1-b2d5d]:DecodeUtteranceLatticeFaster():decoder-wrappers.cc:285) Log-like per frame for utterance NI44MBQ_0101_2440791_2448231 is -3.60989 over 742 frames.
NI44MBQ_0101_2448851_2451651 给 他 就 参 一 两 三千 了 
LOG (gmm-latgen-faster[5.1.60~1-b2d5d]:DecodeUtteranceLatticeFaster():decoder-wrappers.cc:285) Log-like per frame for utterance NI44MBQ_0101_2448851_2451651 is -3.87588 over 278 frames.
NI44MBQ_0101_2451651_2458731 你 要 TO 输 啦 THOUSAND SIL2 那种 TRANSPORTATION 
LOG (gmm-latgen-faster[5.1.60~1-b2d5d]:DecodeUtteranceLatticeFaster():decoder-wrappers.cc:285) Log-like per frame for utterance NI44MBQ_0101_2451651_2458731 is -3.61732 over 706 frames.
NI44MBQ_0101_2462701_2465041 LOR 
LOG (gmm-latgen-faster[5.1.60~1-b2d5d]:DecodeUtteranceLatticeFaster():decoder-wrappers.cc:285) Log-like per frame for utterance NI44MBQ_0101_2462701_2465041 is -3.24682 over 232 frames.
LOG (apply-cmvn[5.1.60~1-b2d5d]:main():apply-cmvn.cc:146) Applied cepstral mean normalization to 263 utterances, errors on 0
NI44MBQ_0101_2470001_2472971 应该 是 THE RATES AH 
LOG (gmm-latgen-faster[5.1.60~1-b2d5d]:DecodeUtteranceLatticeFaster():decoder-wrappers.cc:285) Log-like per frame for utterance NI44MBQ_0101_2470001_2472971 is -3.61024 over 295 frames.
NI44MBQ_0101_2473461_2476251 他们 你 哪里 就 
LOG (gmm-latgen-faster[5.1.60~1-b2d5d]:DecodeUtteranceLatticeFaster():decoder-wrappers.cc:285) Log-like per frame for utterance NI44MBQ_0101_2473461_2476251 is -3.95532 over 277 frames.
NI44MBQ_0101_2490461_2498721 SHE IS 要 有 啦 应该 有 一些 我 知道 我 动 到 不是 起 到 八 个 人 一起 这样 子 
LOG (gmm-latgen-faster[5.1.60~1-b2d5d]:DecodeUtteranceLatticeFaster():decoder-wrappers.cc:285) Log-like per frame for utterance NI44MBQ_0101_2490461_2498721 is -3.70821 over 824 frames.
NI44MBQ_0101_2498721_2509661 只要 不是 认识 他 们 的 所以 也是 听到 时候 就会 有 我 有 有用 的 学生 去 就 比较 就会 比较 HOW YOUR 照 用 LOR 
LOG (gmm-latgen-faster[5.1.60~1-b2d5d]:DecodeUtteranceLatticeFaster():decoder-wrappers.cc:285) Log-like per frame for utterance NI44MBQ_0101_2498721_2509661 is -3.89907 over 1092 frames.
LOG (transform-feats[5.1.60~1-b2d5d]:main():transform-feats.cc:158) Overall average [pseudo-]logdet is -92.5633 over 178047 frames.
LOG (transform-feats[5.1.60~1-b2d5d]:main():transform-feats.cc:161) Applied transform to 263 utterances; 0 had errors.
NI44MBQ_0101_2509661_2518831 你 会 觉得 你 喜欢 所以 他 应该 不是 什么 大 问题 啊 他 只是 只是 THREE 那些 啊 就是 SIL2 LAST RESORT 
LOG (gmm-latgen-faster[5.1.60~1-b2d5d]:DecodeUtteranceLatticeFaster():decoder-wrappers.cc:285) Log-like per frame for utterance NI44MBQ_0101_2509661_2518831 is -4.10304 over 915 frames.
LOG (gmm-latgen-faster[5.1.60~1-b2d5d]:main():gmm-latgen-faster.cc:176) Time taken 2366.16s: real-time factor assuming 100 frames/sec is 1.32895
LOG (gmm-latgen-faster[5.1.60~1-b2d5d]:main():gmm-latgen-faster.cc:179) Done 263 utterances, failed for 0
LOG (gmm-latgen-faster[5.1.60~1-b2d5d]:main():gmm-latgen-faster.cc:181) Overall log-likelihood per frame is -3.76335 over 178047 frames.
# Accounting: time=2367 threads=1
# Ended (code 0) at Sat Apr 22 01:09:50 UTC 2017, elapsed time 2367 seconds
