# gmm-acc-stats-ali exp/tri2/19.mdl "ark,s,cs:apply-cmvn  --utt2spk=ark:data/train/split16/15/utt2spk scp:data/train/split16/15/cmvn.scp scp:data/train/split16/15/feats.scp ark:- | splice-feats --left-context=3 --right-context=3 ark:- ark:- | transform-feats exp/tri2/12.mat ark:- ark:- |" "ark,s,cs:gunzip -c exp/tri2/ali.15.gz|" exp/tri2/19.15.acc 
# Started at Sat Apr 22 00:19:57 UTC 2017
#
gmm-acc-stats-ali exp/tri2/19.mdl 'ark,s,cs:apply-cmvn  --utt2spk=ark:data/train/split16/15/utt2spk scp:data/train/split16/15/cmvn.scp scp:data/train/split16/15/feats.scp ark:- | splice-feats --left-context=3 --right-context=3 ark:- ark:- | transform-feats exp/tri2/12.mat ark:- ark:- |' 'ark,s,cs:gunzip -c exp/tri2/ali.15.gz|' exp/tri2/19.15.acc 
apply-cmvn --utt2spk=ark:data/train/split16/15/utt2spk scp:data/train/split16/15/cmvn.scp scp:data/train/split16/15/feats.scp ark:- 
splice-feats --left-context=3 --right-context=3 ark:- ark:- 
transform-feats exp/tri2/12.mat ark:- ark:- 
LOG (gmm-acc-stats-ali[5.1.60~1-b2d5d]:main():gmm-acc-stats-ali.cc:105) Processed 50 utterances; for utterance UI06MAZ_0101_0344760_0353046 avg. like is -43.4067 over 827 frames.
WARNING (gmm-acc-stats-ali[5.1.60~1-b2d5d]:main():gmm-acc-stats-ali.cc:79) No alignment for utterance UI06MAZ_0101_0531900_0539291
LOG (gmm-acc-stats-ali[5.1.60~1-b2d5d]:main():gmm-acc-stats-ali.cc:105) Processed 100 utterances; for utterance UI06MAZ_0101_0700731_0709736 avg. like is -45.6046 over 899 frames.
LOG (gmm-acc-stats-ali[5.1.60~1-b2d5d]:main():gmm-acc-stats-ali.cc:105) Processed 150 utterances; for utterance UI06MAZ_0101_1042749_1047096 avg. like is -42.9571 over 433 frames.
LOG (gmm-acc-stats-ali[5.1.60~1-b2d5d]:main():gmm-acc-stats-ali.cc:105) Processed 200 utterances; for utterance UI06MAZ_0102_0207250_0214745 avg. like is -48.7666 over 748 frames.
LOG (gmm-acc-stats-ali[5.1.60~1-b2d5d]:main():gmm-acc-stats-ali.cc:105) Processed 250 utterances; for utterance UI06MAZ_0102_0579701_0587380 avg. like is -43.1554 over 766 frames.
LOG (gmm-acc-stats-ali[5.1.60~1-b2d5d]:main():gmm-acc-stats-ali.cc:105) Processed 300 utterances; for utterance UI06MAZ_0102_0945159_0951733 avg. like is -44.0672 over 655 frames.
WARNING (gmm-acc-stats-ali[5.1.60~1-b2d5d]:main():gmm-acc-stats-ali.cc:79) No alignment for utterance UI06MAZ_0102_1190108_1196887
LOG (gmm-acc-stats-ali[5.1.60~1-b2d5d]:main():gmm-acc-stats-ali.cc:105) Processed 350 utterances; for utterance UI06MAZ_0103_0100046_0104311 avg. like is -42.3924 over 425 frames.
LOG (gmm-acc-stats-ali[5.1.60~1-b2d5d]:main():gmm-acc-stats-ali.cc:105) Processed 400 utterances; for utterance UI06MAZ_0103_0426495_0431683 avg. like is -44.4934 over 517 frames.
LOG (gmm-acc-stats-ali[5.1.60~1-b2d5d]:main():gmm-acc-stats-ali.cc:105) Processed 450 utterances; for utterance UI06MAZ_0103_0734179_0744470 avg. like is -41.4438 over 1027 frames.
LOG (gmm-acc-stats-ali[5.1.60~1-b2d5d]:main():gmm-acc-stats-ali.cc:105) Processed 500 utterances; for utterance UI06MAZ_0103_1041100_1045620 avg. like is -49.0664 over 450 frames.
LOG (gmm-acc-stats-ali[5.1.60~1-b2d5d]:main():gmm-acc-stats-ali.cc:105) Processed 550 utterances; for utterance UI06MAZ_0104_0170209_0179194 avg. like is -45.116 over 897 frames.
LOG (gmm-acc-stats-ali[5.1.60~1-b2d5d]:main():gmm-acc-stats-ali.cc:105) Processed 600 utterances; for utterance UI06MAZ_0104_0510446_0512944 avg. like is -43.8581 over 248 frames.
LOG (gmm-acc-stats-ali[5.1.60~1-b2d5d]:main():gmm-acc-stats-ali.cc:105) Processed 650 utterances; for utterance UI06MAZ_0104_0835276_0842786 avg. like is -38.8596 over 749 frames.
LOG (gmm-acc-stats-ali[5.1.60~1-b2d5d]:main():gmm-acc-stats-ali.cc:105) Processed 700 utterances; for utterance UI06MAZ_0104_1154834_1165288 avg. like is -46.6019 over 1043 frames.
LOG (gmm-acc-stats-ali[5.1.60~1-b2d5d]:main():gmm-acc-stats-ali.cc:105) Processed 750 utterances; for utterance UI06MAZ_0105_0285260_0293158 avg. like is -38.8673 over 788 frames.
LOG (gmm-acc-stats-ali[5.1.60~1-b2d5d]:main():gmm-acc-stats-ali.cc:105) Processed 800 utterances; for utterance UI06MAZ_0105_0585905_0591909 avg. like is -47.2923 over 598 frames.
LOG (gmm-acc-stats-ali[5.1.60~1-b2d5d]:main():gmm-acc-stats-ali.cc:105) Processed 850 utterances; for utterance UI07FAZ_0101_0143450_0150607 avg. like is -45.2372 over 714 frames.
LOG (gmm-acc-stats-ali[5.1.60~1-b2d5d]:main():gmm-acc-stats-ali.cc:105) Processed 900 utterances; for utterance UI07FAZ_0101_0462471_0466719 avg. like is -50.9784 over 423 frames.
LOG (gmm-acc-stats-ali[5.1.60~1-b2d5d]:main():gmm-acc-stats-ali.cc:105) Processed 950 utterances; for utterance UI07FAZ_0101_0832480_0839510 avg. like is -48.9654 over 701 frames.
LOG (gmm-acc-stats-ali[5.1.60~1-b2d5d]:main():gmm-acc-stats-ali.cc:105) Processed 1000 utterances; for utterance UI07FAZ_0101_1176126_1184677 avg. like is -46.68 over 853 frames.
LOG (gmm-acc-stats-ali[5.1.60~1-b2d5d]:main():gmm-acc-stats-ali.cc:105) Processed 1050 utterances; for utterance UI07FAZ_0102_0274253_0276816 avg. like is -45.7338 over 254 frames.
WARNING (gmm-acc-stats-ali[5.1.60~1-b2d5d]:main():gmm-acc-stats-ali.cc:79) No alignment for utterance UI07FAZ_0102_0396205_0401915
WARNING (gmm-acc-stats-ali[5.1.60~1-b2d5d]:main():gmm-acc-stats-ali.cc:79) No alignment for utterance UI07FAZ_0102_0602821_0611683
LOG (gmm-acc-stats-ali[5.1.60~1-b2d5d]:main():gmm-acc-stats-ali.cc:105) Processed 1100 utterances; for utterance UI07FAZ_0102_0611683_0621551 avg. like is -45.1478 over 985 frames.
LOG (gmm-acc-stats-ali[5.1.60~1-b2d5d]:main():gmm-acc-stats-ali.cc:105) Processed 1150 utterances; for utterance UI07FAZ_0102_0937636_0944826 avg. like is -47.2679 over 717 frames.
LOG (gmm-acc-stats-ali[5.1.60~1-b2d5d]:main():gmm-acc-stats-ali.cc:105) Processed 1200 utterances; for utterance UI07FAZ_0103_0020254_0022825 avg. like is -46.5956 over 255 frames.
LOG (gmm-acc-stats-ali[5.1.60~1-b2d5d]:main():gmm-acc-stats-ali.cc:105) Processed 1250 utterances; for utterance UI07FAZ_0103_0309575_0316656 avg. like is -47.0908 over 706 frames.
WARNING (gmm-acc-stats-ali[5.1.60~1-b2d5d]:main():gmm-acc-stats-ali.cc:79) No alignment for utterance UI07FAZ_0103_0514188_0518910
LOG (gmm-acc-stats-ali[5.1.60~1-b2d5d]:main():gmm-acc-stats-ali.cc:105) Processed 1300 utterances; for utterance UI07FAZ_0103_0609440_0618564 avg. like is -45.8699 over 910 frames.
LOG (gmm-acc-stats-ali[5.1.60~1-b2d5d]:main():gmm-acc-stats-ali.cc:105) Processed 1350 utterances; for utterance UI07FAZ_0103_0914437_0923389 avg. like is -54.8934 over 893 frames.
LOG (gmm-acc-stats-ali[5.1.60~1-b2d5d]:main():gmm-acc-stats-ali.cc:105) Processed 1400 utterances; for utterance UI07FAZ_0104_0007731_0011655 avg. like is -50.4897 over 390 frames.
WARNING (gmm-acc-stats-ali[5.1.60~1-b2d5d]:main():gmm-acc-stats-ali.cc:79) No alignment for utterance UI07FAZ_0104_0074918_0078352
WARNING (gmm-acc-stats-ali[5.1.60~1-b2d5d]:main():gmm-acc-stats-ali.cc:79) No alignment for utterance UI07FAZ_0104_0214514_0219582
LOG (gmm-acc-stats-ali[5.1.60~1-b2d5d]:main():gmm-acc-stats-ali.cc:105) Processed 1450 utterances; for utterance UI07FAZ_0104_0328201_0335310 avg. like is -62.4449 over 709 frames.
WARNING (gmm-acc-stats-ali[5.1.60~1-b2d5d]:main():gmm-acc-stats-ali.cc:79) No alignment for utterance UI07FAZ_0104_0361032_0365665
LOG (gmm-acc-stats-ali[5.1.60~1-b2d5d]:main():gmm-acc-stats-ali.cc:105) Processed 1500 utterances; for utterance UI07FAZ_0104_0564009_0571229 avg. like is -48.1174 over 720 frames.
LOG (gmm-acc-stats-ali[5.1.60~1-b2d5d]:main():gmm-acc-stats-ali.cc:105) Processed 1550 utterances; for utterance UI07FAZ_0104_0825029_0830851 avg. like is -45.4849 over 580 frames.
LOG (gmm-acc-stats-ali[5.1.60~1-b2d5d]:main():gmm-acc-stats-ali.cc:105) Processed 1600 utterances; for utterance UI07FAZ_0104_1095774_1103878 avg. like is -48.0985 over 808 frames.
LOG (gmm-acc-stats-ali[5.1.60~1-b2d5d]:main():gmm-acc-stats-ali.cc:105) Processed 1650 utterances; for utterance UI07FAZ_0105_0172429_0176125 avg. like is -45.8118 over 368 frames.
LOG (gmm-acc-stats-ali[5.1.60~1-b2d5d]:main():gmm-acc-stats-ali.cc:105) Processed 1700 utterances; for utterance UI07FAZ_0105_0436344_0441917 avg. like is -45.3754 over 555 frames.
LOG (gmm-acc-stats-ali[5.1.60~1-b2d5d]:main():gmm-acc-stats-ali.cc:105) Processed 1750 utterances; for utterance UI07FAZ_0105_0699961_0703204 avg. like is -48.902 over 322 frames.
LOG (gmm-acc-stats-ali[5.1.60~1-b2d5d]:main():gmm-acc-stats-ali.cc:105) Processed 1800 utterances; for utterance UI07FAZ_0105_1002475_1011202 avg. like is -56.6424 over 871 frames.
LOG (gmm-acc-stats-ali[5.1.60~1-b2d5d]:main():gmm-acc-stats-ali.cc:105) Processed 1850 utterances; for utterance UI09MAZ_0101_0638524_0647394 avg. like is -36.1565 over 885 frames.
LOG (gmm-acc-stats-ali[5.1.60~1-b2d5d]:main():gmm-acc-stats-ali.cc:105) Processed 1900 utterances; for utterance UI09MAZ_0102_0020981_0025886 avg. like is -40.105 over 489 frames.
LOG (gmm-acc-stats-ali[5.1.60~1-b2d5d]:main():gmm-acc-stats-ali.cc:105) Processed 1950 utterances; for utterance UI09MAZ_0102_0419619_0422676 avg. like is -39.3211 over 304 frames.
LOG (gmm-acc-stats-ali[5.1.60~1-b2d5d]:main():gmm-acc-stats-ali.cc:105) Processed 2000 utterances; for utterance UI09MAZ_0102_1026573_1028902 avg. like is -45.3181 over 231 frames.
LOG (gmm-acc-stats-ali[5.1.60~1-b2d5d]:main():gmm-acc-stats-ali.cc:105) Processed 2050 utterances; for utterance UI09MAZ_0103_0368737_0373932 avg. like is -45.6035 over 518 frames.
LOG (gmm-acc-stats-ali[5.1.60~1-b2d5d]:main():gmm-acc-stats-ali.cc:105) Processed 2100 utterances; for utterance UI09MAZ_0103_1133247_1135255 avg. like is -43.7036 over 199 frames.
LOG (gmm-acc-stats-ali[5.1.60~1-b2d5d]:main():gmm-acc-stats-ali.cc:105) Processed 2150 utterances; for utterance UI09MAZ_0104_0436626_0438926 avg. like is -40.713 over 228 frames.
LOG (gmm-acc-stats-ali[5.1.60~1-b2d5d]:main():gmm-acc-stats-ali.cc:105) Processed 2200 utterances; for utterance UI09MAZ_0104_0944078_0947852 avg. like is -42.2058 over 375 frames.
LOG (gmm-acc-stats-ali[5.1.60~1-b2d5d]:main():gmm-acc-stats-ali.cc:105) Processed 2250 utterances; for utterance UI09MAZ_0105_0294754_0297905 avg. like is -41.2474 over 313 frames.
LOG (gmm-acc-stats-ali[5.1.60~1-b2d5d]:main():gmm-acc-stats-ali.cc:105) Processed 2300 utterances; for utterance UI10FAZ_0101_0033602_0041361 avg. like is -41.1231 over 774 frames.
LOG (gmm-acc-stats-ali[5.1.60~1-b2d5d]:main():gmm-acc-stats-ali.cc:105) Processed 2350 utterances; for utterance UI10FAZ_0101_0379419_0384648 avg. like is -36.7875 over 521 frames.
LOG (gmm-acc-stats-ali[5.1.60~1-b2d5d]:main():gmm-acc-stats-ali.cc:105) Processed 2400 utterances; for utterance UI10FAZ_0101_0852793_0859960 avg. like is -37.6853 over 715 frames.
LOG (gmm-acc-stats-ali[5.1.60~1-b2d5d]:main():gmm-acc-stats-ali.cc:105) Processed 2450 utterances; for utterance UI10FAZ_0102_0018857_0025126 avg. like is -40.801 over 625 frames.
LOG (gmm-acc-stats-ali[5.1.60~1-b2d5d]:main():gmm-acc-stats-ali.cc:105) Processed 2500 utterances; for utterance UI10FAZ_0102_0430388_0436667 avg. like is -41.4386 over 626 frames.
LOG (gmm-acc-stats-ali[5.1.60~1-b2d5d]:main():gmm-acc-stats-ali.cc:105) Processed 2550 utterances; for utterance UI10FAZ_0102_0834547_0844296 avg. like is -42.3414 over 973 frames.
LOG (gmm-acc-stats-ali[5.1.60~1-b2d5d]:main():gmm-acc-stats-ali.cc:105) Processed 2600 utterances; for utterance UI10FAZ_0102_1189124_1198116 avg. like is -39.5041 over 897 frames.
LOG (gmm-acc-stats-ali[5.1.60~1-b2d5d]:main():gmm-acc-stats-ali.cc:105) Processed 2650 utterances; for utterance UI10FAZ_0103_0349866_0355195 avg. like is -46.8739 over 531 frames.
LOG (gmm-acc-stats-ali[5.1.60~1-b2d5d]:main():gmm-acc-stats-ali.cc:105) Processed 2700 utterances; for utterance UI10FAZ_0103_0740746_0748313 avg. like is -40.7115 over 755 frames.
LOG (gmm-acc-stats-ali[5.1.60~1-b2d5d]:main():gmm-acc-stats-ali.cc:105) Processed 2750 utterances; for utterance UI10FAZ_0103_1094593_1095773 avg. like is -32.6218 over 116 frames.
LOG (gmm-acc-stats-ali[5.1.60~1-b2d5d]:main():gmm-acc-stats-ali.cc:105) Processed 2800 utterances; for utterance UI10FAZ_0104_0280367_0289422 avg. like is -46.3493 over 904 frames.
LOG (gmm-acc-stats-ali[5.1.60~1-b2d5d]:main():gmm-acc-stats-ali.cc:105) Processed 2850 utterances; for utterance UI10FAZ_0104_0784562_0794665 avg. like is -42.3513 over 1008 frames.
LOG (gmm-acc-stats-ali[5.1.60~1-b2d5d]:main():gmm-acc-stats-ali.cc:105) Processed 2900 utterances; for utterance UI10FAZ_0105_0041398_0051543 avg. like is -42.9176 over 1013 frames.
LOG (gmm-acc-stats-ali[5.1.60~1-b2d5d]:main():gmm-acc-stats-ali.cc:105) Processed 2950 utterances; for utterance UI10FAZ_0105_0451492_0460261 avg. like is -40.8431 over 875 frames.
LOG (gmm-acc-stats-ali[5.1.60~1-b2d5d]:main():gmm-acc-stats-ali.cc:105) Processed 3000 utterances; for utterance UI10FAZ_0105_0781067_0786178 avg. like is -44.6999 over 509 frames.
LOG (gmm-acc-stats-ali[5.1.60~1-b2d5d]:main():gmm-acc-stats-ali.cc:105) Processed 3050 utterances; for utterance UI11FAZ_0101_0316467_0321816 avg. like is -44.4105 over 533 frames.
LOG (gmm-acc-stats-ali[5.1.60~1-b2d5d]:main():gmm-acc-stats-ali.cc:105) Processed 3100 utterances; for utterance UI11FAZ_0102_0242898_0248726 avg. like is -43.8383 over 581 frames.
WARNING (gmm-acc-stats-ali[5.1.60~1-b2d5d]:main():gmm-acc-stats-ali.cc:79) No alignment for utterance UI11FAZ_0102_0306578_0308414
LOG (gmm-acc-stats-ali[5.1.60~1-b2d5d]:main():gmm-acc-stats-ali.cc:105) Processed 3150 utterances; for utterance UI11FAZ_0103_0179247_0187156 avg. like is -40.2902 over 789 frames.
LOG (apply-cmvn[5.1.60~1-b2d5d]:main():apply-cmvn.cc:146) Applied cepstral mean normalization to 3201 utterances, errors on 0
LOG (transform-feats[5.1.60~1-b2d5d]:main():transform-feats.cc:158) Overall average [pseudo-]logdet is -92.5633 over 1.93206e+06 frames.
LOG (transform-feats[5.1.60~1-b2d5d]:main():transform-feats.cc:161) Applied transform to 3201 utterances; 0 had errors.
LOG (gmm-acc-stats-ali[5.1.60~1-b2d5d]:main():gmm-acc-stats-ali.cc:112) Done 3192 files, 9 with errors.
LOG (gmm-acc-stats-ali[5.1.60~1-b2d5d]:main():gmm-acc-stats-ali.cc:115) Overall avg like per frame (Gaussian only) = -44.1218 over 1927238 frames.
LOG (gmm-acc-stats-ali[5.1.60~1-b2d5d]:main():gmm-acc-stats-ali.cc:123) Written accs.
# Accounting: time=14 threads=1
# Ended (code 0) at Sat Apr 22 00:20:11 UTC 2017, elapsed time 14 seconds
