# gmm-acc-stats-ali exp/tri2/10.mdl "ark,s,cs:apply-cmvn  --utt2spk=ark:data/train/split16/9/utt2spk scp:data/train/split16/9/cmvn.scp scp:data/train/split16/9/feats.scp ark:- | splice-feats --left-context=3 --right-context=3 ark:- ark:- | transform-feats exp/tri2/6.mat ark:- ark:- |" "ark,s,cs:gunzip -c exp/tri2/ali.9.gz|" exp/tri2/10.9.acc 
# Started at Sat Apr 22 00:17:30 UTC 2017
#
gmm-acc-stats-ali exp/tri2/10.mdl 'ark,s,cs:apply-cmvn  --utt2spk=ark:data/train/split16/9/utt2spk scp:data/train/split16/9/cmvn.scp scp:data/train/split16/9/feats.scp ark:- | splice-feats --left-context=3 --right-context=3 ark:- ark:- | transform-feats exp/tri2/6.mat ark:- ark:- |' 'ark,s,cs:gunzip -c exp/tri2/ali.9.gz|' exp/tri2/10.9.acc 
transform-feats exp/tri2/6.mat ark:- ark:- 
apply-cmvn --utt2spk=ark:data/train/split16/9/utt2spk scp:data/train/split16/9/cmvn.scp scp:data/train/split16/9/feats.scp ark:- 
splice-feats --left-context=3 --right-context=3 ark:- ark:- 
LOG (gmm-acc-stats-ali[5.1.60~1-b2d5d]:main():gmm-acc-stats-ali.cc:105) Processed 50 utterances; for utterance NI15FBQ_0101_0848184_0850874 avg. like is -59.431 over 267 frames.
LOG (gmm-acc-stats-ali[5.1.60~1-b2d5d]:main():gmm-acc-stats-ali.cc:105) Processed 100 utterances; for utterance NI15FBQ_0101_2167041_2169451 avg. like is -59.176 over 239 frames.
LOG (gmm-acc-stats-ali[5.1.60~1-b2d5d]:main():gmm-acc-stats-ali.cc:105) Processed 150 utterances; for utterance NI16FBP_0101_0315461_0321721 avg. like is -50.8175 over 624 frames.
LOG (gmm-acc-stats-ali[5.1.60~1-b2d5d]:main():gmm-acc-stats-ali.cc:105) Processed 200 utterances; for utterance NI16FBP_0101_0658210_0660790 avg. like is -48.4907 over 256 frames.
LOG (gmm-acc-stats-ali[5.1.60~1-b2d5d]:main():gmm-acc-stats-ali.cc:105) Processed 250 utterances; for utterance NI16FBP_0101_1002546_1006486 avg. like is -52.8315 over 392 frames.
LOG (gmm-acc-stats-ali[5.1.60~1-b2d5d]:main():gmm-acc-stats-ali.cc:105) Processed 300 utterances; for utterance NI16FBP_0101_1390772_1394612 avg. like is -56.6386 over 382 frames.
LOG (gmm-acc-stats-ali[5.1.60~1-b2d5d]:main():gmm-acc-stats-ali.cc:105) Processed 350 utterances; for utterance NI16FBP_0101_1716274_1721724 avg. like is -54.5223 over 543 frames.
LOG (gmm-acc-stats-ali[5.1.60~1-b2d5d]:main():gmm-acc-stats-ali.cc:105) Processed 400 utterances; for utterance NI16FBP_0101_2028467_2031887 avg. like is -54.8859 over 340 frames.
LOG (gmm-acc-stats-ali[5.1.60~1-b2d5d]:main():gmm-acc-stats-ali.cc:105) Processed 450 utterances; for utterance NI16FBP_0101_2339729_2343009 avg. like is -55.3346 over 326 frames.
LOG (gmm-acc-stats-ali[5.1.60~1-b2d5d]:main():gmm-acc-stats-ali.cc:105) Processed 500 utterances; for utterance NI16FBP_0101_2684691_2689081 avg. like is -46.4875 over 437 frames.
LOG (gmm-acc-stats-ali[5.1.60~1-b2d5d]:main():gmm-acc-stats-ali.cc:105) Processed 550 utterances; for utterance NI16FBP_0101_3076365_3085455 avg. like is -51.1779 over 907 frames.
LOG (gmm-acc-stats-ali[5.1.60~1-b2d5d]:main():gmm-acc-stats-ali.cc:105) Processed 600 utterances; for utterance NI18MBP_0101_0079960_0085020 avg. like is -48.3768 over 504 frames.
LOG (gmm-acc-stats-ali[5.1.60~1-b2d5d]:main():gmm-acc-stats-ali.cc:105) Processed 650 utterances; for utterance NI18MBP_0101_0803640_0806290 avg. like is -48.3529 over 263 frames.
LOG (gmm-acc-stats-ali[5.1.60~1-b2d5d]:main():gmm-acc-stats-ali.cc:105) Processed 700 utterances; for utterance NI18MBP_0101_1701317_1704447 avg. like is -48.9059 over 311 frames.
LOG (gmm-acc-stats-ali[5.1.60~1-b2d5d]:main():gmm-acc-stats-ali.cc:105) Processed 750 utterances; for utterance NI18MBP_0101_2596307_2598317 avg. like is -46.7388 over 199 frames.
LOG (gmm-acc-stats-ali[5.1.60~1-b2d5d]:main():gmm-acc-stats-ali.cc:105) Processed 800 utterances; for utterance NI19MBQ_0101_1620688_1624988 avg. like is -46.3179 over 428 frames.
LOG (gmm-acc-stats-ali[5.1.60~1-b2d5d]:main():gmm-acc-stats-ali.cc:105) Processed 850 utterances; for utterance NI20MBP_0101_0198420_0199810 avg. like is -51.1464 over 137 frames.
LOG (gmm-acc-stats-ali[5.1.60~1-b2d5d]:main():gmm-acc-stats-ali.cc:105) Processed 900 utterances; for utterance NI20MBP_0101_0558590_0561360 avg. like is -47.2002 over 275 frames.
LOG (gmm-acc-stats-ali[5.1.60~1-b2d5d]:main():gmm-acc-stats-ali.cc:105) Processed 950 utterances; for utterance NI20MBP_0101_1153650_1155600 avg. like is -46.1253 over 193 frames.
LOG (gmm-acc-stats-ali[5.1.60~1-b2d5d]:main():gmm-acc-stats-ali.cc:105) Processed 1000 utterances; for utterance NI20MBP_0101_1978340_1981740 avg. like is -49.8093 over 338 frames.
LOG (gmm-acc-stats-ali[5.1.60~1-b2d5d]:main():gmm-acc-stats-ali.cc:105) Processed 1050 utterances; for utterance NI21MBQ_0101_0633720_0635420 avg. like is -49.5698 over 168 frames.
LOG (gmm-acc-stats-ali[5.1.60~1-b2d5d]:main():gmm-acc-stats-ali.cc:105) Processed 1100 utterances; for utterance NI21MBQ_0101_2300070_2301780 avg. like is -51.4678 over 169 frames.
LOG (gmm-acc-stats-ali[5.1.60~1-b2d5d]:main():gmm-acc-stats-ali.cc:105) Processed 1150 utterances; for utterance NI22FBP_0101_0005445_0006260 avg. like is -50.24 over 80 frames.
LOG (gmm-acc-stats-ali[5.1.60~1-b2d5d]:main():gmm-acc-stats-ali.cc:105) Processed 1200 utterances; for utterance NI22FBP_0101_0156429_0161356 avg. like is -52.6248 over 491 frames.
LOG (gmm-acc-stats-ali[5.1.60~1-b2d5d]:main():gmm-acc-stats-ali.cc:105) Processed 1250 utterances; for utterance NI22FBP_0101_0305406_0307074 avg. like is -53.0055 over 165 frames.
LOG (gmm-acc-stats-ali[5.1.60~1-b2d5d]:main():gmm-acc-stats-ali.cc:105) Processed 1300 utterances; for utterance NI22FBP_0101_0411264_0413526 avg. like is -55.9257 over 224 frames.
LOG (gmm-acc-stats-ali[5.1.60~1-b2d5d]:main():gmm-acc-stats-ali.cc:105) Processed 1350 utterances; for utterance NI22FBP_0101_0524544_0525450 avg. like is -53.0681 over 89 frames.
LOG (gmm-acc-stats-ali[5.1.60~1-b2d5d]:main():gmm-acc-stats-ali.cc:105) Processed 1400 utterances; for utterance NI22FBP_0101_0637038_0638034 avg. like is -52.8759 over 98 frames.
LOG (gmm-acc-stats-ali[5.1.60~1-b2d5d]:main():gmm-acc-stats-ali.cc:105) Processed 1450 utterances; for utterance NI22FBP_0101_0730613_0731640 avg. like is -56.0695 over 101 frames.
LOG (gmm-acc-stats-ali[5.1.60~1-b2d5d]:main():gmm-acc-stats-ali.cc:105) Processed 1500 utterances; for utterance NI22FBP_0101_0840736_0843869 avg. like is -54.5578 over 311 frames.
LOG (gmm-acc-stats-ali[5.1.60~1-b2d5d]:main():gmm-acc-stats-ali.cc:105) Processed 1550 utterances; for utterance NI22FBP_0101_0964132_0966381 avg. like is -55.8982 over 223 frames.
WARNING (gmm-acc-stats-ali[5.1.60~1-b2d5d]:main():gmm-acc-stats-ali.cc:79) No alignment for utterance NI22FBP_0101_1031693_1034449
LOG (gmm-acc-stats-ali[5.1.60~1-b2d5d]:main():gmm-acc-stats-ali.cc:105) Processed 1600 utterances; for utterance NI22FBP_0101_1109680_1110551 avg. like is -56.8166 over 85 frames.
LOG (gmm-acc-stats-ali[5.1.60~1-b2d5d]:main():gmm-acc-stats-ali.cc:105) Processed 1650 utterances; for utterance NI22FBP_0101_1235650_1238016 avg. like is -49.4572 over 235 frames.
LOG (gmm-acc-stats-ali[5.1.60~1-b2d5d]:main():gmm-acc-stats-ali.cc:105) Processed 1700 utterances; for utterance NI22FBP_0101_1379560_1381159 avg. like is -50.9527 over 158 frames.
LOG (gmm-acc-stats-ali[5.1.60~1-b2d5d]:main():gmm-acc-stats-ali.cc:105) Processed 1750 utterances; for utterance NI22FBP_0101_1528007_1529086 avg. like is -48.4684 over 106 frames.
LOG (gmm-acc-stats-ali[5.1.60~1-b2d5d]:main():gmm-acc-stats-ali.cc:105) Processed 1800 utterances; for utterance NI22FBP_0101_1721096_1722448 avg. like is -63.5566 over 133 frames.
LOG (gmm-acc-stats-ali[5.1.60~1-b2d5d]:main():gmm-acc-stats-ali.cc:105) Processed 1850 utterances; for utterance NI22FBP_0101_1875276_1878383 avg. like is -51.5004 over 309 frames.
LOG (gmm-acc-stats-ali[5.1.60~1-b2d5d]:main():gmm-acc-stats-ali.cc:105) Processed 1900 utterances; for utterance NI22FBP_0101_2049879_2053506 avg. like is -54.3697 over 361 frames.
LOG (gmm-acc-stats-ali[5.1.60~1-b2d5d]:main():gmm-acc-stats-ali.cc:105) Processed 1950 utterances; for utterance NI22FBP_0101_2227199_2232971 avg. like is -58.0264 over 575 frames.
LOG (gmm-acc-stats-ali[5.1.60~1-b2d5d]:main():gmm-acc-stats-ali.cc:105) Processed 2000 utterances; for utterance NI22FBP_0101_2397007_2400504 avg. like is -51.5513 over 348 frames.
LOG (gmm-acc-stats-ali[5.1.60~1-b2d5d]:main():gmm-acc-stats-ali.cc:105) Processed 2050 utterances; for utterance NI22FBP_0101_2584530_2586935 avg. like is -61.4714 over 239 frames.
LOG (gmm-acc-stats-ali[5.1.60~1-b2d5d]:main():gmm-acc-stats-ali.cc:105) Processed 2100 utterances; for utterance NI22FBP_0101_2781434_2782591 avg. like is -53.6193 over 114 frames.
LOG (gmm-acc-stats-ali[5.1.60~1-b2d5d]:main():gmm-acc-stats-ali.cc:105) Processed 2150 utterances; for utterance NI22FBP_0101_2952729_2958306 avg. like is -57.0381 over 556 frames.
WARNING (gmm-acc-stats-ali[5.1.60~1-b2d5d]:main():gmm-acc-stats-ali.cc:79) No alignment for utterance NI22FBP_0101_3007875_3010839
LOG (gmm-acc-stats-ali[5.1.60~1-b2d5d]:main():gmm-acc-stats-ali.cc:105) Processed 2200 utterances; for utterance NI23FBQ_0101_0295937_0298797 avg. like is -49.5971 over 284 frames.
LOG (gmm-acc-stats-ali[5.1.60~1-b2d5d]:main():gmm-acc-stats-ali.cc:105) Processed 2250 utterances; for utterance NI23FBQ_0101_0611286_0612729 avg. like is -37.1968 over 142 frames.
LOG (gmm-acc-stats-ali[5.1.60~1-b2d5d]:main():gmm-acc-stats-ali.cc:105) Processed 2300 utterances; for utterance NI23FBQ_0101_0911580_0912920 avg. like is -49.4955 over 132 frames.
LOG (gmm-acc-stats-ali[5.1.60~1-b2d5d]:main():gmm-acc-stats-ali.cc:105) Processed 2350 utterances; for utterance NI23FBQ_0101_1134060_1136330 avg. like is -63.1645 over 225 frames.
LOG (gmm-acc-stats-ali[5.1.60~1-b2d5d]:main():gmm-acc-stats-ali.cc:105) Processed 2400 utterances; for utterance NI23FBQ_0101_1403837_1407022 avg. like is -52.2169 over 317 frames.
LOG (gmm-acc-stats-ali[5.1.60~1-b2d5d]:main():gmm-acc-stats-ali.cc:105) Processed 2450 utterances; for utterance NI23FBQ_0101_1645728_1649342 avg. like is -51.0607 over 359 frames.
WARNING (gmm-acc-stats-ali[5.1.60~1-b2d5d]:main():gmm-acc-stats-ali.cc:79) No alignment for utterance NI23FBQ_0101_1704683_1706971
LOG (gmm-acc-stats-ali[5.1.60~1-b2d5d]:main():gmm-acc-stats-ali.cc:105) Processed 2500 utterances; for utterance NI23FBQ_0101_1952483_1955356 avg. like is -50.9878 over 285 frames.
WARNING (gmm-acc-stats-ali[5.1.60~1-b2d5d]:main():gmm-acc-stats-ali.cc:79) No alignment for utterance NI23FBQ_0101_1982201_1983592
LOG (gmm-acc-stats-ali[5.1.60~1-b2d5d]:main():gmm-acc-stats-ali.cc:105) Processed 2550 utterances; for utterance NI23FBQ_0101_2176720_2180009 avg. like is -52.3546 over 327 frames.
LOG (gmm-acc-stats-ali[5.1.60~1-b2d5d]:main():gmm-acc-stats-ali.cc:105) Processed 2600 utterances; for utterance NI23FBQ_0101_2439385_2440841 avg. like is -49.418 over 144 frames.
LOG (gmm-acc-stats-ali[5.1.60~1-b2d5d]:main():gmm-acc-stats-ali.cc:105) Processed 2650 utterances; for utterance NI23FBQ_0101_2690506_2692092 avg. like is -51.4939 over 157 frames.
LOG (gmm-acc-stats-ali[5.1.60~1-b2d5d]:main():gmm-acc-stats-ali.cc:105) Processed 2700 utterances; for utterance NI23FBQ_0101_2962791_2965833 avg. like is -48.4806 over 302 frames.
LOG (gmm-acc-stats-ali[5.1.60~1-b2d5d]:main():gmm-acc-stats-ali.cc:105) Processed 2750 utterances; for utterance NI24MBP_0101_1120060_1121450 avg. like is -49.1082 over 137 frames.
LOG (gmm-acc-stats-ali[5.1.60~1-b2d5d]:main():gmm-acc-stats-ali.cc:105) Processed 2800 utterances; for utterance NI24MBP_0101_2113150_2116500 avg. like is -48.6803 over 333 frames.
LOG (apply-cmvn[5.1.60~1-b2d5d]:main():apply-cmvn.cc:146) Applied cepstral mean normalization to 2821 utterances, errors on 0
LOG (transform-feats[5.1.60~1-b2d5d]:main():transform-feats.cc:158) Overall average [pseudo-]logdet is -92.8291 over 860384 frames.
LOG (transform-feats[5.1.60~1-b2d5d]:main():transform-feats.cc:161) Applied transform to 2821 utterances; 0 had errors.
LOG (gmm-acc-stats-ali[5.1.60~1-b2d5d]:main():gmm-acc-stats-ali.cc:112) Done 2817 files, 4 with errors.
LOG (gmm-acc-stats-ali[5.1.60~1-b2d5d]:main():gmm-acc-stats-ali.cc:115) Overall avg like per frame (Gaussian only) = -51.6416 over 859452 frames.
LOG (gmm-acc-stats-ali[5.1.60~1-b2d5d]:main():gmm-acc-stats-ali.cc:123) Written accs.
# Accounting: time=6 threads=1
# Ended (code 0) at Sat Apr 22 00:17:36 UTC 2017, elapsed time 6 seconds
