# gmm-align-compiled --transition-scale=1.0 --acoustic-scale=0.1 --self-loop-scale=0.1 --beam=10 --retry-beam=40 --careful=false "gmm-boost-silence --boost=1.0 1 exp/tri2/10.mdl - |" "ark:gunzip -c exp/tri2/fsts.1.gz|" "ark,s,cs:apply-cmvn  --utt2spk=ark:data/train/split16/1/utt2spk scp:data/train/split16/1/cmvn.scp scp:data/train/split16/1/feats.scp ark:- | splice-feats --left-context=3 --right-context=3 ark:- ark:- | transform-feats exp/tri2/6.mat ark:- ark:- |" "ark:|gzip -c >exp/tri2/ali.1.gz" 
# Started at Sat Apr 22 00:15:05 UTC 2017
#
gmm-align-compiled --transition-scale=1.0 --acoustic-scale=0.1 --self-loop-scale=0.1 --beam=10 --retry-beam=40 --careful=false 'gmm-boost-silence --boost=1.0 1 exp/tri2/10.mdl - |' 'ark:gunzip -c exp/tri2/fsts.1.gz|' 'ark,s,cs:apply-cmvn  --utt2spk=ark:data/train/split16/1/utt2spk scp:data/train/split16/1/cmvn.scp scp:data/train/split16/1/feats.scp ark:- | splice-feats --left-context=3 --right-context=3 ark:- ark:- | transform-feats exp/tri2/6.mat ark:- ark:- |' 'ark:|gzip -c >exp/tri2/ali.1.gz' 
gmm-boost-silence --boost=1.0 1 exp/tri2/10.mdl - 
WARNING (gmm-boost-silence[5.1.60~1-b2d5d]:main():gmm-boost-silence.cc:82) The pdfs for the silence phones may be shared by other phones (note: this probably does not matter.)
LOG (gmm-boost-silence[5.1.60~1-b2d5d]:main():gmm-boost-silence.cc:93) Boosted weights for 5 pdfs, by factor of 1
LOG (gmm-boost-silence[5.1.60~1-b2d5d]:main():gmm-boost-silence.cc:103) Wrote model to -
splice-feats --left-context=3 --right-context=3 ark:- ark:- 
transform-feats exp/tri2/6.mat ark:- ark:- 
apply-cmvn --utt2spk=ark:data/train/split16/1/utt2spk scp:data/train/split16/1/cmvn.scp scp:data/train/split16/1/feats.scp ark:- 
WARNING (gmm-align-compiled[5.1.60~1-b2d5d]:AlignUtteranceWrapper():decoder-wrappers.cc:466) Retrying utterance NC03FBX_020101_0191930_0193600 with beam 40
WARNING (gmm-align-compiled[5.1.60~1-b2d5d]:AlignUtteranceWrapper():decoder-wrappers.cc:475) Did not successfully decode file NC03FBX_020101_0191930_0193600, len = 165
WARNING (gmm-align-compiled[5.1.60~1-b2d5d]:AlignUtteranceWrapper():decoder-wrappers.cc:466) Retrying utterance NC03FBX_020101_0668070_0670990 with beam 40
WARNING (gmm-align-compiled[5.1.60~1-b2d5d]:AlignUtteranceWrapper():decoder-wrappers.cc:466) Retrying utterance NC03FBX_020101_1237960_1242120 with beam 40
WARNING (gmm-align-compiled[5.1.60~1-b2d5d]:AlignUtteranceWrapper():decoder-wrappers.cc:466) Retrying utterance NC03FBX_020101_1851380_1854720 with beam 40
WARNING (gmm-align-compiled[5.1.60~1-b2d5d]:AlignUtteranceWrapper():decoder-wrappers.cc:466) Retrying utterance NC03FBX_020101_2355780_2358180 with beam 40
WARNING (gmm-align-compiled[5.1.60~1-b2d5d]:AlignUtteranceWrapper():decoder-wrappers.cc:466) Retrying utterance NC03FBX_020101_3682820_3687410 with beam 40
WARNING (gmm-align-compiled[5.1.60~1-b2d5d]:AlignUtteranceWrapper():decoder-wrappers.cc:466) Retrying utterance NC03FBX_020201_0254250_0257210 with beam 40
WARNING (gmm-align-compiled[5.1.60~1-b2d5d]:AlignUtteranceWrapper():decoder-wrappers.cc:466) Retrying utterance NC03FBX_020201_0404570_0410090 with beam 40
WARNING (gmm-align-compiled[5.1.60~1-b2d5d]:AlignUtteranceWrapper():decoder-wrappers.cc:466) Retrying utterance NC03FBX_020201_0419430_0421510 with beam 40
WARNING (gmm-align-compiled[5.1.60~1-b2d5d]:AlignUtteranceWrapper():decoder-wrappers.cc:466) Retrying utterance NC03FBX_020201_0445080_0449240 with beam 40
WARNING (gmm-align-compiled[5.1.60~1-b2d5d]:AlignUtteranceWrapper():decoder-wrappers.cc:466) Retrying utterance NC03FBX_020201_0976980_0980660 with beam 40
WARNING (gmm-align-compiled[5.1.60~1-b2d5d]:AlignUtteranceWrapper():decoder-wrappers.cc:466) Retrying utterance NC03FBX_020201_1004020_1011160 with beam 40
WARNING (gmm-align-compiled[5.1.60~1-b2d5d]:AlignUtteranceWrapper():decoder-wrappers.cc:466) Retrying utterance NC03FBX_020201_1086690_1087980 with beam 40
WARNING (gmm-align-compiled[5.1.60~1-b2d5d]:AlignUtteranceWrapper():decoder-wrappers.cc:466) Retrying utterance NC03FBX_020201_1095740_1102480 with beam 40
WARNING (gmm-align-compiled[5.1.60~1-b2d5d]:AlignUtteranceWrapper():decoder-wrappers.cc:466) Retrying utterance NC03FBX_020201_1124100_1139650 with beam 40
WARNING (gmm-align-compiled[5.1.60~1-b2d5d]:AlignUtteranceWrapper():decoder-wrappers.cc:466) Retrying utterance NC03FBX_020201_1261040_1270540 with beam 40
WARNING (gmm-align-compiled[5.1.60~1-b2d5d]:AlignUtteranceWrapper():decoder-wrappers.cc:466) Retrying utterance NC03FBX_020201_1303610_1307720 with beam 40
WARNING (gmm-align-compiled[5.1.60~1-b2d5d]:AlignUtteranceWrapper():decoder-wrappers.cc:466) Retrying utterance NC03FBX_020201_1378200_1386440 with beam 40
WARNING (gmm-align-compiled[5.1.60~1-b2d5d]:AlignUtteranceWrapper():decoder-wrappers.cc:466) Retrying utterance NC03FBX_020201_2361550_2362930 with beam 40
WARNING (gmm-align-compiled[5.1.60~1-b2d5d]:AlignUtteranceWrapper():decoder-wrappers.cc:466) Retrying utterance NC04FBY_020101_0118440_0128520 with beam 40
WARNING (gmm-align-compiled[5.1.60~1-b2d5d]:AlignUtteranceWrapper():decoder-wrappers.cc:466) Retrying utterance NC04FBY_020101_2393910_2397670 with beam 40
WARNING (gmm-align-compiled[5.1.60~1-b2d5d]:AlignUtteranceWrapper():decoder-wrappers.cc:466) Retrying utterance NC04FBY_020101_2896910_2907420 with beam 40
WARNING (gmm-align-compiled[5.1.60~1-b2d5d]:AlignUtteranceWrapper():decoder-wrappers.cc:466) Retrying utterance NC04FBY_020201_3166156_3171236 with beam 40
WARNING (gmm-align-compiled[5.1.60~1-b2d5d]:AlignUtteranceWrapper():decoder-wrappers.cc:466) Retrying utterance NC04FBY_020201_3173656_3178356 with beam 40
WARNING (gmm-align-compiled[5.1.60~1-b2d5d]:AlignUtteranceWrapper():decoder-wrappers.cc:466) Retrying utterance NC04FBY_020201_3233416_3239546 with beam 40
WARNING (gmm-align-compiled[5.1.60~1-b2d5d]:AlignUtteranceWrapper():decoder-wrappers.cc:466) Retrying utterance NC04FBY_020201_3261146_3283176 with beam 40
WARNING (gmm-align-compiled[5.1.60~1-b2d5d]:AlignUtteranceWrapper():decoder-wrappers.cc:466) Retrying utterance NC05FAX_030101_0399180_0400740 with beam 40
WARNING (gmm-align-compiled[5.1.60~1-b2d5d]:AlignUtteranceWrapper():decoder-wrappers.cc:466) Retrying utterance NC05FAX_030201_2226650_2228860 with beam 40
WARNING (gmm-align-compiled[5.1.60~1-b2d5d]:AlignUtteranceWrapper():decoder-wrappers.cc:466) Retrying utterance NC05FAX_030201_3853070_3856390 with beam 40
WARNING (gmm-align-compiled[5.1.60~1-b2d5d]:AlignUtteranceWrapper():decoder-wrappers.cc:466) Retrying utterance NC06FAY_030101_2145580_2149850 with beam 40
WARNING (gmm-align-compiled[5.1.60~1-b2d5d]:AlignUtteranceWrapper():decoder-wrappers.cc:466) Retrying utterance NC06FAY_030201_2315450_2318310 with beam 40
WARNING (gmm-align-compiled[5.1.60~1-b2d5d]:AlignUtteranceWrapper():decoder-wrappers.cc:466) Retrying utterance NC06FAY_030201_3142030_3144300 with beam 40
WARNING (gmm-align-compiled[5.1.60~1-b2d5d]:AlignUtteranceWrapper():decoder-wrappers.cc:466) Retrying utterance NC07FBX_040101_0819479_0824520 with beam 40
WARNING (gmm-align-compiled[5.1.60~1-b2d5d]:AlignUtteranceWrapper():decoder-wrappers.cc:466) Retrying utterance NC07FBX_040101_1206530_1210430 with beam 40
WARNING (gmm-align-compiled[5.1.60~1-b2d5d]:AlignUtteranceWrapper():decoder-wrappers.cc:466) Retrying utterance NC07FBX_040101_1690023_1696731 with beam 40
WARNING (gmm-align-compiled[5.1.60~1-b2d5d]:AlignUtteranceWrapper():decoder-wrappers.cc:466) Retrying utterance NC07FBX_040101_2335722_2340282 with beam 40
WARNING (gmm-align-compiled[5.1.60~1-b2d5d]:AlignUtteranceWrapper():decoder-wrappers.cc:466) Retrying utterance NC07FBX_040101_2464802_2468962 with beam 40
WARNING (gmm-align-compiled[5.1.60~1-b2d5d]:AlignUtteranceWrapper():decoder-wrappers.cc:466) Retrying utterance NC07FBX_040101_3012475_3014275 with beam 40
WARNING (gmm-align-compiled[5.1.60~1-b2d5d]:AlignUtteranceWrapper():decoder-wrappers.cc:466) Retrying utterance NC07FBX_040101_3025075_3027635 with beam 40
WARNING (gmm-align-compiled[5.1.60~1-b2d5d]:AlignUtteranceWrapper():decoder-wrappers.cc:466) Retrying utterance NC07FBX_040201_0137360_0146460 with beam 40
WARNING (gmm-align-compiled[5.1.60~1-b2d5d]:AlignUtteranceWrapper():decoder-wrappers.cc:466) Retrying utterance NC07FBX_040201_0153710_0164120 with beam 40
WARNING (gmm-align-compiled[5.1.60~1-b2d5d]:AlignUtteranceWrapper():decoder-wrappers.cc:466) Retrying utterance NC07FBX_040201_0167240_0173510 with beam 40
WARNING (gmm-align-compiled[5.1.60~1-b2d5d]:AlignUtteranceWrapper():decoder-wrappers.cc:466) Retrying utterance NC07FBX_040201_0270920_0279400 with beam 40
WARNING (gmm-align-compiled[5.1.60~1-b2d5d]:AlignUtteranceWrapper():decoder-wrappers.cc:466) Retrying utterance NC07FBX_040201_0374120_0386370 with beam 40
WARNING (gmm-align-compiled[5.1.60~1-b2d5d]:AlignUtteranceWrapper():decoder-wrappers.cc:466) Retrying utterance NC07FBX_040201_0396350_0406780 with beam 40
WARNING (gmm-align-compiled[5.1.60~1-b2d5d]:AlignUtteranceWrapper():decoder-wrappers.cc:466) Retrying utterance NC07FBX_040201_0406880_0411780 with beam 40
WARNING (gmm-align-compiled[5.1.60~1-b2d5d]:AlignUtteranceWrapper():decoder-wrappers.cc:466) Retrying utterance NC07FBX_040201_0462170_0467730 with beam 40
WARNING (gmm-align-compiled[5.1.60~1-b2d5d]:AlignUtteranceWrapper():decoder-wrappers.cc:466) Retrying utterance NC07FBX_040201_0696660_0701360 with beam 40
WARNING (gmm-align-compiled[5.1.60~1-b2d5d]:AlignUtteranceWrapper():decoder-wrappers.cc:466) Retrying utterance NC07FBX_040201_0702820_0707460 with beam 40
WARNING (gmm-align-compiled[5.1.60~1-b2d5d]:AlignUtteranceWrapper():decoder-wrappers.cc:466) Retrying utterance NC07FBX_040201_0814404_0826424 with beam 40
WARNING (gmm-align-compiled[5.1.60~1-b2d5d]:AlignUtteranceWrapper():decoder-wrappers.cc:466) Retrying utterance NC07FBX_040201_1075224_1082494 with beam 40
WARNING (gmm-align-compiled[5.1.60~1-b2d5d]:AlignUtteranceWrapper():decoder-wrappers.cc:466) Retrying utterance NC07FBX_040201_1644204_1657474 with beam 40
WARNING (gmm-align-compiled[5.1.60~1-b2d5d]:AlignUtteranceWrapper():decoder-wrappers.cc:466) Retrying utterance NC07FBX_040201_2673319_2683589 with beam 40
WARNING (gmm-align-compiled[5.1.60~1-b2d5d]:AlignUtteranceWrapper():decoder-wrappers.cc:466) Retrying utterance NC08FBY_040101_0134496_0135976 with beam 40
WARNING (gmm-align-compiled[5.1.60~1-b2d5d]:AlignUtteranceWrapper():decoder-wrappers.cc:466) Retrying utterance NC08FBY_040101_0515133_0520893 with beam 40
WARNING (gmm-align-compiled[5.1.60~1-b2d5d]:AlignUtteranceWrapper():decoder-wrappers.cc:466) Retrying utterance NC08FBY_040101_0546013_0548813 with beam 40
WARNING (gmm-align-compiled[5.1.60~1-b2d5d]:AlignUtteranceWrapper():decoder-wrappers.cc:466) Retrying utterance NC08FBY_040101_0550773_0556893 with beam 40
WARNING (gmm-align-compiled[5.1.60~1-b2d5d]:AlignUtteranceWrapper():decoder-wrappers.cc:466) Retrying utterance NC08FBY_040101_0628733_0633173 with beam 40
WARNING (gmm-align-compiled[5.1.60~1-b2d5d]:AlignUtteranceWrapper():decoder-wrappers.cc:466) Retrying utterance NC08FBY_040101_0656733_0659653 with beam 40
WARNING (gmm-align-compiled[5.1.60~1-b2d5d]:AlignUtteranceWrapper():decoder-wrappers.cc:466) Retrying utterance NC08FBY_040101_0724090_0727730 with beam 40
WARNING (gmm-align-compiled[5.1.60~1-b2d5d]:AlignUtteranceWrapper():decoder-wrappers.cc:466) Retrying utterance NC08FBY_040101_0749267_0752707 with beam 40
WARNING (gmm-align-compiled[5.1.60~1-b2d5d]:AlignUtteranceWrapper():decoder-wrappers.cc:466) Retrying utterance NC08FBY_040101_0851067_0855547 with beam 40
WARNING (gmm-align-compiled[5.1.60~1-b2d5d]:AlignUtteranceWrapper():decoder-wrappers.cc:466) Retrying utterance NC08FBY_040101_3387732_3401332 with beam 40
WARNING (gmm-align-compiled[5.1.60~1-b2d5d]:AlignUtteranceWrapper():decoder-wrappers.cc:466) Retrying utterance NC08FBY_040201_0314244_0322694 with beam 40
WARNING (gmm-align-compiled[5.1.60~1-b2d5d]:AlignUtteranceWrapper():decoder-wrappers.cc:466) Retrying utterance NC08FBY_040201_1721703_1727703 with beam 40
WARNING (gmm-align-compiled[5.1.60~1-b2d5d]:AlignUtteranceWrapper():decoder-wrappers.cc:475) Did not successfully decode file NC08FBY_040201_1721703_1727703, len = 598
WARNING (gmm-align-compiled[5.1.60~1-b2d5d]:AlignUtteranceWrapper():decoder-wrappers.cc:466) Retrying utterance NC08FBY_040201_2376340_2385480 with beam 40
WARNING (gmm-align-compiled[5.1.60~1-b2d5d]:AlignUtteranceWrapper():decoder-wrappers.cc:466) Retrying utterance NC08FBY_040201_2851755_2854285 with beam 40
WARNING (gmm-align-compiled[5.1.60~1-b2d5d]:AlignUtteranceWrapper():decoder-wrappers.cc:466) Retrying utterance NC08FBY_040201_2953136_2957456 with beam 40
WARNING (gmm-align-compiled[5.1.60~1-b2d5d]:AlignUtteranceWrapper():decoder-wrappers.cc:466) Retrying utterance NC08FBY_040201_3133476_3135836 with beam 40
WARNING (gmm-align-compiled[5.1.60~1-b2d5d]:AlignUtteranceWrapper():decoder-wrappers.cc:466) Retrying utterance NC08FBY_040201_3560506_3563306 with beam 40
WARNING (gmm-align-compiled[5.1.60~1-b2d5d]:AlignUtteranceWrapper():decoder-wrappers.cc:466) Retrying utterance NC08FBY_040201_3568906_3572061 with beam 40
WARNING (gmm-align-compiled[5.1.60~1-b2d5d]:AlignUtteranceWrapper():decoder-wrappers.cc:466) Retrying utterance NC09FAX_050101_0182660_0184560 with beam 40
WARNING (gmm-align-compiled[5.1.60~1-b2d5d]:AlignUtteranceWrapper():decoder-wrappers.cc:466) Retrying utterance NC09FAX_050101_1214760_1217540 with beam 40
WARNING (gmm-align-compiled[5.1.60~1-b2d5d]:AlignUtteranceWrapper():decoder-wrappers.cc:466) Retrying utterance NC09FAX_050101_2622492_2627082 with beam 40
WARNING (gmm-align-compiled[5.1.60~1-b2d5d]:AlignUtteranceWrapper():decoder-wrappers.cc:466) Retrying utterance NC09FAX_050101_2659710_2664000 with beam 40
WARNING (gmm-align-compiled[5.1.60~1-b2d5d]:AlignUtteranceWrapper():decoder-wrappers.cc:466) Retrying utterance NC09FAX_050101_3234824_3239914 with beam 40
WARNING (gmm-align-compiled[5.1.60~1-b2d5d]:AlignUtteranceWrapper():decoder-wrappers.cc:466) Retrying utterance NC09FAX_050201_0345780_0348040 with beam 40
WARNING (gmm-align-compiled[5.1.60~1-b2d5d]:AlignUtteranceWrapper():decoder-wrappers.cc:466) Retrying utterance NC10MAY_050201_0158700_0163930 with beam 40
WARNING (gmm-align-compiled[5.1.60~1-b2d5d]:AlignUtteranceWrapper():decoder-wrappers.cc:466) Retrying utterance NC10MAY_050201_0495710_0497350 with beam 40
WARNING (gmm-align-compiled[5.1.60~1-b2d5d]:AlignUtteranceWrapper():decoder-wrappers.cc:466) Retrying utterance NC10MAY_050201_1410040_1414520 with beam 40
WARNING (gmm-align-compiled[5.1.60~1-b2d5d]:AlignUtteranceWrapper():decoder-wrappers.cc:466) Retrying utterance NC10MAY_050201_1600010_1602890 with beam 40
WARNING (gmm-align-compiled[5.1.60~1-b2d5d]:AlignUtteranceWrapper():decoder-wrappers.cc:466) Retrying utterance NC10MAY_050201_2250620_2256190 with beam 40
WARNING (gmm-align-compiled[5.1.60~1-b2d5d]:AlignUtteranceWrapper():decoder-wrappers.cc:466) Retrying utterance NC10MAY_050201_2701774_2703274 with beam 40
WARNING (gmm-align-compiled[5.1.60~1-b2d5d]:AlignUtteranceWrapper():decoder-wrappers.cc:466) Retrying utterance NC13MBP_0101_0265170_0266990 with beam 40
WARNING (gmm-align-compiled[5.1.60~1-b2d5d]:AlignUtteranceWrapper():decoder-wrappers.cc:466) Retrying utterance NC13MBP_0101_0684610_0688720 with beam 40
WARNING (gmm-align-compiled[5.1.60~1-b2d5d]:AlignUtteranceWrapper():decoder-wrappers.cc:466) Retrying utterance NC13MBP_0101_1762330_1764680 with beam 40
WARNING (gmm-align-compiled[5.1.60~1-b2d5d]:AlignUtteranceWrapper():decoder-wrappers.cc:466) Retrying utterance NC13MBP_0101_1925310_1927770 with beam 40
WARNING (gmm-align-compiled[5.1.60~1-b2d5d]:AlignUtteranceWrapper():decoder-wrappers.cc:466) Retrying utterance NC13MBP_0101_2718960_2721390 with beam 40
WARNING (gmm-align-compiled[5.1.60~1-b2d5d]:AlignUtteranceWrapper():decoder-wrappers.cc:466) Retrying utterance NC13MBP_0101_2891250_2895320 with beam 40
WARNING (gmm-align-compiled[5.1.60~1-b2d5d]:AlignUtteranceWrapper():decoder-wrappers.cc:466) Retrying utterance NC13MBP_0101_3610560_3613300 with beam 40
WARNING (gmm-align-compiled[5.1.60~1-b2d5d]:AlignUtteranceWrapper():decoder-wrappers.cc:466) Retrying utterance NC14FBQ_0101_0160070_0163110 with beam 40
WARNING (gmm-align-compiled[5.1.60~1-b2d5d]:AlignUtteranceWrapper():decoder-wrappers.cc:466) Retrying utterance NC14FBQ_0101_0631563_0633380 with beam 40
WARNING (gmm-align-compiled[5.1.60~1-b2d5d]:AlignUtteranceWrapper():decoder-wrappers.cc:466) Retrying utterance NC14FBQ_0101_1097815_1104455 with beam 40
WARNING (gmm-align-compiled[5.1.60~1-b2d5d]:AlignUtteranceWrapper():decoder-wrappers.cc:466) Retrying utterance NC14FBQ_0101_1374130_1375797 with beam 40
WARNING (gmm-align-compiled[5.1.60~1-b2d5d]:AlignUtteranceWrapper():decoder-wrappers.cc:466) Retrying utterance NC14FBQ_0101_2725221_2726881 with beam 40
WARNING (gmm-align-compiled[5.1.60~1-b2d5d]:AlignUtteranceWrapper():decoder-wrappers.cc:466) Retrying utterance NC14FBQ_0101_3139445_3140755 with beam 40
WARNING (gmm-align-compiled[5.1.60~1-b2d5d]:AlignUtteranceWrapper():decoder-wrappers.cc:466) Retrying utterance NC15MBP_0101_0363180_0367400 with beam 40
WARNING (gmm-align-compiled[5.1.60~1-b2d5d]:AlignUtteranceWrapper():decoder-wrappers.cc:466) Retrying utterance NC15MBP_0101_0599080_0603520 with beam 40
WARNING (gmm-align-compiled[5.1.60~1-b2d5d]:AlignUtteranceWrapper():decoder-wrappers.cc:466) Retrying utterance NC15MBP_0101_0833400_0837260 with beam 40
WARNING (gmm-align-compiled[5.1.60~1-b2d5d]:AlignUtteranceWrapper():decoder-wrappers.cc:466) Retrying utterance NC15MBP_0101_2712940_2720010 with beam 40
WARNING (gmm-align-compiled[5.1.60~1-b2d5d]:AlignUtteranceWrapper():decoder-wrappers.cc:466) Retrying utterance NC15MBP_0101_2863390_2868200 with beam 40
WARNING (gmm-align-compiled[5.1.60~1-b2d5d]:AlignUtteranceWrapper():decoder-wrappers.cc:466) Retrying utterance NC16FBQ_0101_1855720_1858120 with beam 40
WARNING (gmm-align-compiled[5.1.60~1-b2d5d]:AlignUtteranceWrapper():decoder-wrappers.cc:466) Retrying utterance NC17FBP_0101_0059230_0062890 with beam 40
WARNING (gmm-align-compiled[5.1.60~1-b2d5d]:AlignUtteranceWrapper():decoder-wrappers.cc:475) Did not successfully decode file NC17FBP_0101_0059230_0062890, len = 364
WARNING (gmm-align-compiled[5.1.60~1-b2d5d]:AlignUtteranceWrapper():decoder-wrappers.cc:466) Retrying utterance NC17FBP_0101_0186020_0191010 with beam 40
WARNING (gmm-align-compiled[5.1.60~1-b2d5d]:AlignUtteranceWrapper():decoder-wrappers.cc:466) Retrying utterance NC17FBP_0101_0368930_0374890 with beam 40
WARNING (gmm-align-compiled[5.1.60~1-b2d5d]:AlignUtteranceWrapper():decoder-wrappers.cc:466) Retrying utterance NC17FBP_0101_1526090_1527920 with beam 40
WARNING (gmm-align-compiled[5.1.60~1-b2d5d]:AlignUtteranceWrapper():decoder-wrappers.cc:466) Retrying utterance NC17FBP_0101_1704500_1706810 with beam 40
WARNING (gmm-align-compiled[5.1.60~1-b2d5d]:AlignUtteranceWrapper():decoder-wrappers.cc:466) Retrying utterance NC17FBP_0101_1781230_1786650 with beam 40
WARNING (gmm-align-compiled[5.1.60~1-b2d5d]:AlignUtteranceWrapper():decoder-wrappers.cc:466) Retrying utterance NC17FBP_0101_2011430_2014060 with beam 40
WARNING (gmm-align-compiled[5.1.60~1-b2d5d]:AlignUtteranceWrapper():decoder-wrappers.cc:466) Retrying utterance NC17FBP_0101_2043720_2045090 with beam 40
WARNING (gmm-align-compiled[5.1.60~1-b2d5d]:AlignUtteranceWrapper():decoder-wrappers.cc:466) Retrying utterance NC17FBP_0101_2154170_2157860 with beam 40
WARNING (gmm-align-compiled[5.1.60~1-b2d5d]:AlignUtteranceWrapper():decoder-wrappers.cc:466) Retrying utterance NC17FBP_0101_2356480_2359250 with beam 40
WARNING (gmm-align-compiled[5.1.60~1-b2d5d]:AlignUtteranceWrapper():decoder-wrappers.cc:466) Retrying utterance NC17FBP_0101_2480070_2484120 with beam 40
WARNING (gmm-align-compiled[5.1.60~1-b2d5d]:AlignUtteranceWrapper():decoder-wrappers.cc:466) Retrying utterance NC17FBP_0101_2805740_2810160 with beam 40
WARNING (gmm-align-compiled[5.1.60~1-b2d5d]:AlignUtteranceWrapper():decoder-wrappers.cc:466) Retrying utterance NC17FBP_0101_2882020_2887150 with beam 40
WARNING (gmm-align-compiled[5.1.60~1-b2d5d]:AlignUtteranceWrapper():decoder-wrappers.cc:466) Retrying utterance NC17FBP_0101_2986570_2992150 with beam 40
WARNING (gmm-align-compiled[5.1.60~1-b2d5d]:AlignUtteranceWrapper():decoder-wrappers.cc:466) Retrying utterance NC17FBP_0101_3016660_3019030 with beam 40
WARNING (gmm-align-compiled[5.1.60~1-b2d5d]:AlignUtteranceWrapper():decoder-wrappers.cc:466) Retrying utterance NC17FBP_0101_3080060_3083070 with beam 40
WARNING (gmm-align-compiled[5.1.60~1-b2d5d]:AlignUtteranceWrapper():decoder-wrappers.cc:466) Retrying utterance NC17FBP_0101_3335740_3341090 with beam 40
WARNING (gmm-align-compiled[5.1.60~1-b2d5d]:AlignUtteranceWrapper():decoder-wrappers.cc:466) Retrying utterance NC17FBP_0101_3348030_3351410 with beam 40
WARNING (gmm-align-compiled[5.1.60~1-b2d5d]:AlignUtteranceWrapper():decoder-wrappers.cc:466) Retrying utterance NC17FBP_0101_3362860_3365040 with beam 40
WARNING (gmm-align-compiled[5.1.60~1-b2d5d]:AlignUtteranceWrapper():decoder-wrappers.cc:466) Retrying utterance NC17FBP_0101_3368050_3370830 with beam 40
LOG (apply-cmvn[5.1.60~1-b2d5d]:main():apply-cmvn.cc:146) Applied cepstral mean normalization to 1788 utterances, errors on 0
LOG (transform-feats[5.1.60~1-b2d5d]:main():transform-feats.cc:158) Overall average [pseudo-]logdet is -92.8291 over 685168 frames.
LOG (transform-feats[5.1.60~1-b2d5d]:main():transform-feats.cc:161) Applied transform to 1788 utterances; 0 had errors.
LOG (gmm-align-compiled[5.1.60~1-b2d5d]:main():gmm-align-compiled.cc:129) Overall log-likelihood per frame is -53.4421 over 684041 frames.
LOG (gmm-align-compiled[5.1.60~1-b2d5d]:main():gmm-align-compiled.cc:131) Retried 122 out of 1788 utterances.
LOG (gmm-align-compiled[5.1.60~1-b2d5d]:main():gmm-align-compiled.cc:133) Done 1785, errors on 3
# Accounting: time=65 threads=1
# Ended (code 0) at Sat Apr 22 00:16:10 UTC 2017, elapsed time 65 seconds
