# gmm-align-compiled --transition-scale=1.0 --acoustic-scale=0.1 --self-loop-scale=0.1 --beam=10 --retry-beam=40 --careful=false "gmm-boost-silence --boost=1.0 1 exp/tri2/20.mdl - |" "ark:gunzip -c exp/tri2/fsts.12.gz|" "ark,s,cs:apply-cmvn  --utt2spk=ark:data/train/split16/12/utt2spk scp:data/train/split16/12/cmvn.scp scp:data/train/split16/12/feats.scp ark:- | splice-feats --left-context=3 --right-context=3 ark:- ark:- | transform-feats exp/tri2/12.mat ark:- ark:- |" "ark:|gzip -c >exp/tri2/ali.12.gz" 
# Started at Sat Apr 22 00:20:11 UTC 2017
#
gmm-align-compiled --transition-scale=1.0 --acoustic-scale=0.1 --self-loop-scale=0.1 --beam=10 --retry-beam=40 --careful=false 'gmm-boost-silence --boost=1.0 1 exp/tri2/20.mdl - |' 'ark:gunzip -c exp/tri2/fsts.12.gz|' 'ark,s,cs:apply-cmvn  --utt2spk=ark:data/train/split16/12/utt2spk scp:data/train/split16/12/cmvn.scp scp:data/train/split16/12/feats.scp ark:- | splice-feats --left-context=3 --right-context=3 ark:- ark:- | transform-feats exp/tri2/12.mat ark:- ark:- |' 'ark:|gzip -c >exp/tri2/ali.12.gz' 
gmm-boost-silence --boost=1.0 1 exp/tri2/20.mdl - 
WARNING (gmm-boost-silence[5.1.60~1-b2d5d]:main():gmm-boost-silence.cc:82) The pdfs for the silence phones may be shared by other phones (note: this probably does not matter.)
LOG (gmm-boost-silence[5.1.60~1-b2d5d]:main():gmm-boost-silence.cc:93) Boosted weights for 5 pdfs, by factor of 1
LOG (gmm-boost-silence[5.1.60~1-b2d5d]:main():gmm-boost-silence.cc:103) Wrote model to -
transform-feats exp/tri2/12.mat ark:- ark:- 
apply-cmvn --utt2spk=ark:data/train/split16/12/utt2spk scp:data/train/split16/12/cmvn.scp scp:data/train/split16/12/feats.scp ark:- 
splice-feats --left-context=3 --right-context=3 ark:- ark:- 
WARNING (gmm-align-compiled[5.1.60~1-b2d5d]:AlignUtteranceWrapper():decoder-wrappers.cc:466) Retrying utterance NI43FBP_0101_0286350_0293950 with beam 40
WARNING (gmm-align-compiled[5.1.60~1-b2d5d]:AlignUtteranceWrapper():decoder-wrappers.cc:466) Retrying utterance NI43FBP_0101_0301080_0308540 with beam 40
WARNING (gmm-align-compiled[5.1.60~1-b2d5d]:AlignUtteranceWrapper():decoder-wrappers.cc:466) Retrying utterance NI43FBP_0101_0308540_0313240 with beam 40
WARNING (gmm-align-compiled[5.1.60~1-b2d5d]:AlignUtteranceWrapper():decoder-wrappers.cc:466) Retrying utterance NI43FBP_0101_0395560_0399240 with beam 40
WARNING (gmm-align-compiled[5.1.60~1-b2d5d]:AlignUtteranceWrapper():decoder-wrappers.cc:466) Retrying utterance NI43FBP_0101_0461060_0468390 with beam 40
WARNING (gmm-align-compiled[5.1.60~1-b2d5d]:AlignUtteranceWrapper():decoder-wrappers.cc:466) Retrying utterance NI43FBP_0101_0468390_0472810 with beam 40
WARNING (gmm-align-compiled[5.1.60~1-b2d5d]:AlignUtteranceWrapper():decoder-wrappers.cc:466) Retrying utterance NI43FBP_0101_0518960_0525910 with beam 40
WARNING (gmm-align-compiled[5.1.60~1-b2d5d]:AlignUtteranceWrapper():decoder-wrappers.cc:466) Retrying utterance NI43FBP_0101_0537100_0548480 with beam 40
WARNING (gmm-align-compiled[5.1.60~1-b2d5d]:AlignUtteranceWrapper():decoder-wrappers.cc:466) Retrying utterance NI43FBP_0101_0560980_0568010 with beam 40
WARNING (gmm-align-compiled[5.1.60~1-b2d5d]:AlignUtteranceWrapper():decoder-wrappers.cc:466) Retrying utterance NI43FBP_0101_0568010_0575240 with beam 40
WARNING (gmm-align-compiled[5.1.60~1-b2d5d]:AlignUtteranceWrapper():decoder-wrappers.cc:466) Retrying utterance NI43FBP_0101_0735320_0741540 with beam 40
WARNING (gmm-align-compiled[5.1.60~1-b2d5d]:AlignUtteranceWrapper():decoder-wrappers.cc:466) Retrying utterance NI43FBP_0101_0741790_0752520 with beam 40
WARNING (gmm-align-compiled[5.1.60~1-b2d5d]:AlignUtteranceWrapper():decoder-wrappers.cc:475) Did not successfully decode file NI43FBP_0101_0741790_0752520, len = 1071
WARNING (gmm-align-compiled[5.1.60~1-b2d5d]:AlignUtteranceWrapper():decoder-wrappers.cc:466) Retrying utterance NI43FBP_0101_0752520_0757700 with beam 40
WARNING (gmm-align-compiled[5.1.60~1-b2d5d]:AlignUtteranceWrapper():decoder-wrappers.cc:466) Retrying utterance NI43FBP_0101_0882850_0889230 with beam 40
WARNING (gmm-align-compiled[5.1.60~1-b2d5d]:AlignUtteranceWrapper():decoder-wrappers.cc:466) Retrying utterance NI43FBP_0101_0981140_0985490 with beam 40
WARNING (gmm-align-compiled[5.1.60~1-b2d5d]:AlignUtteranceWrapper():decoder-wrappers.cc:466) Retrying utterance NI43FBP_0101_1015210_1019600 with beam 40
WARNING (gmm-align-compiled[5.1.60~1-b2d5d]:AlignUtteranceWrapper():decoder-wrappers.cc:466) Retrying utterance NI43FBP_0101_1159210_1167770 with beam 40
WARNING (gmm-align-compiled[5.1.60~1-b2d5d]:AlignUtteranceWrapper():decoder-wrappers.cc:466) Retrying utterance NI43FBP_0101_1189090_1194830 with beam 40
WARNING (gmm-align-compiled[5.1.60~1-b2d5d]:AlignUtteranceWrapper():decoder-wrappers.cc:466) Retrying utterance NI43FBP_0101_1195810_1205700 with beam 40
WARNING (gmm-align-compiled[5.1.60~1-b2d5d]:AlignUtteranceWrapper():decoder-wrappers.cc:466) Retrying utterance NI43FBP_0101_1231920_1239680 with beam 40
WARNING (gmm-align-compiled[5.1.60~1-b2d5d]:AlignUtteranceWrapper():decoder-wrappers.cc:466) Retrying utterance NI43FBP_0101_1279590_1282470 with beam 40
WARNING (gmm-align-compiled[5.1.60~1-b2d5d]:AlignUtteranceWrapper():decoder-wrappers.cc:466) Retrying utterance NI43FBP_0101_1384770_1395010 with beam 40
WARNING (gmm-align-compiled[5.1.60~1-b2d5d]:AlignUtteranceWrapper():decoder-wrappers.cc:466) Retrying utterance NI43FBP_0101_1450480_1455870 with beam 40
WARNING (gmm-align-compiled[5.1.60~1-b2d5d]:AlignUtteranceWrapper():decoder-wrappers.cc:466) Retrying utterance NI43FBP_0101_1516700_1525840 with beam 40
WARNING (gmm-align-compiled[5.1.60~1-b2d5d]:AlignUtteranceWrapper():decoder-wrappers.cc:466) Retrying utterance NI43FBP_0101_1796590_1800100 with beam 40
WARNING (gmm-align-compiled[5.1.60~1-b2d5d]:AlignUtteranceWrapper():decoder-wrappers.cc:466) Retrying utterance NI43FBP_0101_1891311_1898131 with beam 40
WARNING (gmm-align-compiled[5.1.60~1-b2d5d]:AlignUtteranceWrapper():decoder-wrappers.cc:466) Retrying utterance NI43FBP_0101_1898311_1904701 with beam 40
WARNING (gmm-align-compiled[5.1.60~1-b2d5d]:AlignUtteranceWrapper():decoder-wrappers.cc:466) Retrying utterance NI43FBP_0101_1904701_1916141 with beam 40
WARNING (gmm-align-compiled[5.1.60~1-b2d5d]:AlignUtteranceWrapper():decoder-wrappers.cc:466) Retrying utterance NI43FBP_0101_1951461_1964441 with beam 40
WARNING (gmm-align-compiled[5.1.60~1-b2d5d]:AlignUtteranceWrapper():decoder-wrappers.cc:466) Retrying utterance NI43FBP_0101_2008191_2014861 with beam 40
WARNING (gmm-align-compiled[5.1.60~1-b2d5d]:AlignUtteranceWrapper():decoder-wrappers.cc:466) Retrying utterance NI43FBP_0101_2021641_2028891 with beam 40
WARNING (gmm-align-compiled[5.1.60~1-b2d5d]:AlignUtteranceWrapper():decoder-wrappers.cc:466) Retrying utterance NI43FBP_0101_2057861_2065641 with beam 40
WARNING (gmm-align-compiled[5.1.60~1-b2d5d]:AlignUtteranceWrapper():decoder-wrappers.cc:466) Retrying utterance NI43FBP_0101_2079061_2083471 with beam 40
WARNING (gmm-align-compiled[5.1.60~1-b2d5d]:AlignUtteranceWrapper():decoder-wrappers.cc:466) Retrying utterance NI43FBP_0101_2125491_2132391 with beam 40
WARNING (gmm-align-compiled[5.1.60~1-b2d5d]:AlignUtteranceWrapper():decoder-wrappers.cc:466) Retrying utterance NI43FBP_0101_2164391_2170091 with beam 40
WARNING (gmm-align-compiled[5.1.60~1-b2d5d]:AlignUtteranceWrapper():decoder-wrappers.cc:466) Retrying utterance NI43FBP_0101_2293361_2305901 with beam 40
WARNING (gmm-align-compiled[5.1.60~1-b2d5d]:AlignUtteranceWrapper():decoder-wrappers.cc:466) Retrying utterance NI43FBP_0101_2315771_2324021 with beam 40
WARNING (gmm-align-compiled[5.1.60~1-b2d5d]:AlignUtteranceWrapper():decoder-wrappers.cc:466) Retrying utterance NI43FBP_0101_2328201_2334781 with beam 40
WARNING (gmm-align-compiled[5.1.60~1-b2d5d]:AlignUtteranceWrapper():decoder-wrappers.cc:466) Retrying utterance NI43FBP_0101_2424601_2430491 with beam 40
WARNING (gmm-align-compiled[5.1.60~1-b2d5d]:AlignUtteranceWrapper():decoder-wrappers.cc:466) Retrying utterance NI43FBP_0101_2486071_2494591 with beam 40
WARNING (gmm-align-compiled[5.1.60~1-b2d5d]:AlignUtteranceWrapper():decoder-wrappers.cc:466) Retrying utterance NI43FBP_0101_2513791_2519561 with beam 40
WARNING (gmm-align-compiled[5.1.60~1-b2d5d]:AlignUtteranceWrapper():decoder-wrappers.cc:466) Retrying utterance NI43FBP_0101_2619891_2622531 with beam 40
WARNING (gmm-align-compiled[5.1.60~1-b2d5d]:AlignUtteranceWrapper():decoder-wrappers.cc:466) Retrying utterance NI43FBP_0101_2727091_2732511 with beam 40
WARNING (gmm-align-compiled[5.1.60~1-b2d5d]:AlignUtteranceWrapper():decoder-wrappers.cc:475) Did not successfully decode file NI43FBP_0101_2727091_2732511, len = 540
WARNING (gmm-align-compiled[5.1.60~1-b2d5d]:AlignUtteranceWrapper():decoder-wrappers.cc:466) Retrying utterance NI43FBP_0101_2934761_2939551 with beam 40
WARNING (gmm-align-compiled[5.1.60~1-b2d5d]:AlignUtteranceWrapper():decoder-wrappers.cc:466) Retrying utterance NI43FBP_0101_2982241_2986851 with beam 40
WARNING (gmm-align-compiled[5.1.60~1-b2d5d]:AlignUtteranceWrapper():decoder-wrappers.cc:466) Retrying utterance NI43FBP_0101_3046501_3056121 with beam 40
WARNING (gmm-align-compiled[5.1.60~1-b2d5d]:AlignUtteranceWrapper():decoder-wrappers.cc:466) Retrying utterance NI43FBP_0101_3056121_3062161 with beam 40
WARNING (gmm-align-compiled[5.1.60~1-b2d5d]:AlignUtteranceWrapper():decoder-wrappers.cc:466) Retrying utterance NI43FBP_0101_3062161_3067511 with beam 40
WARNING (gmm-align-compiled[5.1.60~1-b2d5d]:AlignUtteranceWrapper():decoder-wrappers.cc:475) Did not successfully decode file NI43FBP_0101_3062161_3067511, len = 533
WARNING (gmm-align-compiled[5.1.60~1-b2d5d]:AlignUtteranceWrapper():decoder-wrappers.cc:466) Retrying utterance NI43FBP_0101_3067511_3073141 with beam 40
WARNING (gmm-align-compiled[5.1.60~1-b2d5d]:AlignUtteranceWrapper():decoder-wrappers.cc:466) Retrying utterance NI43FBP_0101_3073141_3080611 with beam 40
WARNING (gmm-align-compiled[5.1.60~1-b2d5d]:AlignUtteranceWrapper():decoder-wrappers.cc:466) Retrying utterance NI43FBP_0101_3080611_3088111 with beam 40
WARNING (gmm-align-compiled[5.1.60~1-b2d5d]:AlignUtteranceWrapper():decoder-wrappers.cc:466) Retrying utterance NI43FBP_0101_3098961_3105981 with beam 40
WARNING (gmm-align-compiled[5.1.60~1-b2d5d]:AlignUtteranceWrapper():decoder-wrappers.cc:466) Retrying utterance NI46FBQ_0101_0008500_0011260 with beam 40
WARNING (gmm-align-compiled[5.1.60~1-b2d5d]:AlignUtteranceWrapper():decoder-wrappers.cc:466) Retrying utterance NI46FBQ_0101_0045120_0047500 with beam 40
WARNING (gmm-align-compiled[5.1.60~1-b2d5d]:AlignUtteranceWrapper():decoder-wrappers.cc:466) Retrying utterance NI46FBQ_0101_0235120_0242730 with beam 40
WARNING (gmm-align-compiled[5.1.60~1-b2d5d]:AlignUtteranceWrapper():decoder-wrappers.cc:466) Retrying utterance NI46FBQ_0101_0313720_0318300 with beam 40
WARNING (gmm-align-compiled[5.1.60~1-b2d5d]:AlignUtteranceWrapper():decoder-wrappers.cc:466) Retrying utterance NI46FBQ_0101_0520220_0528220 with beam 40
WARNING (gmm-align-compiled[5.1.60~1-b2d5d]:AlignUtteranceWrapper():decoder-wrappers.cc:466) Retrying utterance NI46FBQ_0101_0661500_0663440 with beam 40
WARNING (gmm-align-compiled[5.1.60~1-b2d5d]:AlignUtteranceWrapper():decoder-wrappers.cc:466) Retrying utterance NI46FBQ_0101_1212190_1214270 with beam 40
WARNING (gmm-align-compiled[5.1.60~1-b2d5d]:AlignUtteranceWrapper():decoder-wrappers.cc:466) Retrying utterance NI46FBQ_0101_1266920_1276290 with beam 40
WARNING (gmm-align-compiled[5.1.60~1-b2d5d]:AlignUtteranceWrapper():decoder-wrappers.cc:466) Retrying utterance NI46FBQ_0101_1331790_1334470 with beam 40
WARNING (gmm-align-compiled[5.1.60~1-b2d5d]:AlignUtteranceWrapper():decoder-wrappers.cc:466) Retrying utterance NI46FBQ_0101_1335810_1337420 with beam 40
WARNING (gmm-align-compiled[5.1.60~1-b2d5d]:AlignUtteranceWrapper():decoder-wrappers.cc:466) Retrying utterance NI46FBQ_0101_1390820_1395210 with beam 40
WARNING (gmm-align-compiled[5.1.60~1-b2d5d]:AlignUtteranceWrapper():decoder-wrappers.cc:466) Retrying utterance NI46FBQ_0101_1436340_1442800 with beam 40
WARNING (gmm-align-compiled[5.1.60~1-b2d5d]:AlignUtteranceWrapper():decoder-wrappers.cc:466) Retrying utterance NI46FBQ_0101_1462410_1471380 with beam 40
WARNING (gmm-align-compiled[5.1.60~1-b2d5d]:AlignUtteranceWrapper():decoder-wrappers.cc:466) Retrying utterance NI46FBQ_0101_2006310_2008940 with beam 40
WARNING (gmm-align-compiled[5.1.60~1-b2d5d]:AlignUtteranceWrapper():decoder-wrappers.cc:466) Retrying utterance NI46FBQ_0101_2141780_2143550 with beam 40
WARNING (gmm-align-compiled[5.1.60~1-b2d5d]:AlignUtteranceWrapper():decoder-wrappers.cc:466) Retrying utterance NI46FBQ_0101_2292660_2295560 with beam 40
WARNING (gmm-align-compiled[5.1.60~1-b2d5d]:AlignUtteranceWrapper():decoder-wrappers.cc:466) Retrying utterance NI46FBQ_0101_2493640_2502980 with beam 40
WARNING (gmm-align-compiled[5.1.60~1-b2d5d]:AlignUtteranceWrapper():decoder-wrappers.cc:466) Retrying utterance NI46FBQ_0101_2759690_2767640 with beam 40
WARNING (gmm-align-compiled[5.1.60~1-b2d5d]:AlignUtteranceWrapper():decoder-wrappers.cc:466) Retrying utterance NI46FBQ_0101_2785500_2794170 with beam 40
WARNING (gmm-align-compiled[5.1.60~1-b2d5d]:AlignUtteranceWrapper():decoder-wrappers.cc:466) Retrying utterance NI46FBQ_0101_2796120_2799780 with beam 40
WARNING (gmm-align-compiled[5.1.60~1-b2d5d]:AlignUtteranceWrapper():decoder-wrappers.cc:466) Retrying utterance NI46FBQ_0101_2881040_2892520 with beam 40
WARNING (gmm-align-compiled[5.1.60~1-b2d5d]:AlignUtteranceWrapper():decoder-wrappers.cc:466) Retrying utterance NI46FBQ_0101_3100390_3103290 with beam 40
WARNING (gmm-align-compiled[5.1.60~1-b2d5d]:AlignUtteranceWrapper():decoder-wrappers.cc:466) Retrying utterance NI46FBQ_0101_3109600_3116610 with beam 40
WARNING (gmm-align-compiled[5.1.60~1-b2d5d]:AlignUtteranceWrapper():decoder-wrappers.cc:466) Retrying utterance NI46FBQ_0101_3124250_3126460 with beam 40
WARNING (gmm-align-compiled[5.1.60~1-b2d5d]:AlignUtteranceWrapper():decoder-wrappers.cc:466) Retrying utterance NI46FBQ_0101_3126570_3128870 with beam 40
WARNING (gmm-align-compiled[5.1.60~1-b2d5d]:AlignUtteranceWrapper():decoder-wrappers.cc:466) Retrying utterance NI46FBQ_0101_3130910_3138390 with beam 40
WARNING (gmm-align-compiled[5.1.60~1-b2d5d]:AlignUtteranceWrapper():decoder-wrappers.cc:475) Did not successfully decode file NI46FBQ_0101_3130910_3138390, len = 746
WARNING (gmm-align-compiled[5.1.60~1-b2d5d]:AlignUtteranceWrapper():decoder-wrappers.cc:466) Retrying utterance NI46FBQ_0101_3139550_3142060 with beam 40
WARNING (gmm-align-compiled[5.1.60~1-b2d5d]:AlignUtteranceWrapper():decoder-wrappers.cc:475) Did not successfully decode file NI46FBQ_0101_3139550_3142060, len = 249
WARNING (gmm-align-compiled[5.1.60~1-b2d5d]:AlignUtteranceWrapper():decoder-wrappers.cc:466) Retrying utterance NI46FBQ_0101_3142160_3145680 with beam 40
WARNING (gmm-align-compiled[5.1.60~1-b2d5d]:AlignUtteranceWrapper():decoder-wrappers.cc:475) Did not successfully decode file NI46FBQ_0101_3142160_3145680, len = 350
WARNING (gmm-align-compiled[5.1.60~1-b2d5d]:AlignUtteranceWrapper():decoder-wrappers.cc:466) Retrying utterance NI46FBQ_0101_3145700_3150180 with beam 40
WARNING (gmm-align-compiled[5.1.60~1-b2d5d]:AlignUtteranceWrapper():decoder-wrappers.cc:466) Retrying utterance NI46FBQ_0101_3150200_3152440 with beam 40
WARNING (gmm-align-compiled[5.1.60~1-b2d5d]:AlignUtteranceWrapper():decoder-wrappers.cc:466) Retrying utterance NI46FBQ_0101_3152500_3157510 with beam 40
WARNING (gmm-align-compiled[5.1.60~1-b2d5d]:AlignUtteranceWrapper():decoder-wrappers.cc:475) Did not successfully decode file NI46FBQ_0101_3152500_3157510, len = 499
WARNING (gmm-align-compiled[5.1.60~1-b2d5d]:AlignUtteranceWrapper():decoder-wrappers.cc:466) Retrying utterance NI46FBQ_0101_3157550_3159790 with beam 40
WARNING (gmm-align-compiled[5.1.60~1-b2d5d]:AlignUtteranceWrapper():decoder-wrappers.cc:466) Retrying utterance NI46FBQ_0101_3164800_3173810 with beam 40
WARNING (gmm-align-compiled[5.1.60~1-b2d5d]:AlignUtteranceWrapper():decoder-wrappers.cc:475) Did not successfully decode file NI46FBQ_0101_3164800_3173810, len = 899
WARNING (gmm-align-compiled[5.1.60~1-b2d5d]:AlignUtteranceWrapper():decoder-wrappers.cc:466) Retrying utterance NI46FBQ_0101_3173820_3179100 with beam 40
WARNING (gmm-align-compiled[5.1.60~1-b2d5d]:AlignUtteranceWrapper():decoder-wrappers.cc:466) Retrying utterance NI46FBQ_0101_3180750_3188420 with beam 40
WARNING (gmm-align-compiled[5.1.60~1-b2d5d]:AlignUtteranceWrapper():decoder-wrappers.cc:466) Retrying utterance NI46FBQ_0101_3188420_3192860 with beam 40
WARNING (gmm-align-compiled[5.1.60~1-b2d5d]:AlignUtteranceWrapper():decoder-wrappers.cc:475) Did not successfully decode file NI46FBQ_0101_3188420_3192860, len = 442
WARNING (gmm-align-compiled[5.1.60~1-b2d5d]:AlignUtteranceWrapper():decoder-wrappers.cc:466) Retrying utterance NI46FBQ_0101_3194880_3197750 with beam 40
WARNING (gmm-align-compiled[5.1.60~1-b2d5d]:AlignUtteranceWrapper():decoder-wrappers.cc:475) Did not successfully decode file NI46FBQ_0101_3194880_3197750, len = 285
WARNING (gmm-align-compiled[5.1.60~1-b2d5d]:AlignUtteranceWrapper():decoder-wrappers.cc:466) Retrying utterance NI46FBQ_0101_3197770_3201720 with beam 40
WARNING (gmm-align-compiled[5.1.60~1-b2d5d]:AlignUtteranceWrapper():decoder-wrappers.cc:475) Did not successfully decode file NI46FBQ_0101_3197770_3201720, len = 393
WARNING (gmm-align-compiled[5.1.60~1-b2d5d]:AlignUtteranceWrapper():decoder-wrappers.cc:466) Retrying utterance NI46FBQ_0101_3201770_3204710 with beam 40
WARNING (gmm-align-compiled[5.1.60~1-b2d5d]:AlignUtteranceWrapper():decoder-wrappers.cc:466) Retrying utterance NI46FBQ_0101_3207100_3209780 with beam 40
WARNING (gmm-align-compiled[5.1.60~1-b2d5d]:AlignUtteranceWrapper():decoder-wrappers.cc:475) Did not successfully decode file NI46FBQ_0101_3207100_3209780, len = 266
WARNING (gmm-align-compiled[5.1.60~1-b2d5d]:AlignUtteranceWrapper():decoder-wrappers.cc:466) Retrying utterance NI46FBQ_0101_3209790_3212190 with beam 40
WARNING (gmm-align-compiled[5.1.60~1-b2d5d]:AlignUtteranceWrapper():decoder-wrappers.cc:475) Did not successfully decode file NI46FBQ_0101_3209790_3212190, len = 238
WARNING (gmm-align-compiled[5.1.60~1-b2d5d]:AlignUtteranceWrapper():decoder-wrappers.cc:466) Retrying utterance NI46FBQ_0101_3212230_3214390 with beam 40
WARNING (gmm-align-compiled[5.1.60~1-b2d5d]:AlignUtteranceWrapper():decoder-wrappers.cc:466) Retrying utterance NI46FBQ_0101_3215580_3222720 with beam 40
WARNING (gmm-align-compiled[5.1.60~1-b2d5d]:AlignUtteranceWrapper():decoder-wrappers.cc:475) Did not successfully decode file NI46FBQ_0101_3215580_3222720, len = 712
WARNING (gmm-align-compiled[5.1.60~1-b2d5d]:AlignUtteranceWrapper():decoder-wrappers.cc:466) Retrying utterance NI46FBQ_0101_3228510_3232700 with beam 40
WARNING (gmm-align-compiled[5.1.60~1-b2d5d]:AlignUtteranceWrapper():decoder-wrappers.cc:466) Retrying utterance NI46FBQ_0101_3233910_3241360 with beam 40
WARNING (gmm-align-compiled[5.1.60~1-b2d5d]:AlignUtteranceWrapper():decoder-wrappers.cc:466) Retrying utterance NI46FBQ_0101_3241410_3242910 with beam 40
WARNING (gmm-align-compiled[5.1.60~1-b2d5d]:AlignUtteranceWrapper():decoder-wrappers.cc:466) Retrying utterance NI46FBQ_0101_3242960_3245320 with beam 40
WARNING (gmm-align-compiled[5.1.60~1-b2d5d]:AlignUtteranceWrapper():decoder-wrappers.cc:466) Retrying utterance NI46FBQ_0101_3245330_3248230 with beam 40
WARNING (gmm-align-compiled[5.1.60~1-b2d5d]:AlignUtteranceWrapper():decoder-wrappers.cc:466) Retrying utterance NI46FBQ_0101_3248250_3251000 with beam 40
WARNING (gmm-align-compiled[5.1.60~1-b2d5d]:AlignUtteranceWrapper():decoder-wrappers.cc:475) Did not successfully decode file NI46FBQ_0101_3248250_3251000, len = 273
WARNING (gmm-align-compiled[5.1.60~1-b2d5d]:AlignUtteranceWrapper():decoder-wrappers.cc:466) Retrying utterance NI46FBQ_0101_3251050_3253440 with beam 40
WARNING (gmm-align-compiled[5.1.60~1-b2d5d]:AlignUtteranceWrapper():decoder-wrappers.cc:466) Retrying utterance NI46FBQ_0101_3253460_3256580 with beam 40
WARNING (gmm-align-compiled[5.1.60~1-b2d5d]:AlignUtteranceWrapper():decoder-wrappers.cc:466) Retrying utterance NI46FBQ_0101_3256590_3264330 with beam 40
WARNING (gmm-align-compiled[5.1.60~1-b2d5d]:AlignUtteranceWrapper():decoder-wrappers.cc:475) Did not successfully decode file NI46FBQ_0101_3256590_3264330, len = 772
WARNING (gmm-align-compiled[5.1.60~1-b2d5d]:AlignUtteranceWrapper():decoder-wrappers.cc:466) Retrying utterance NI46FBQ_0101_3264350_3269130 with beam 40
WARNING (gmm-align-compiled[5.1.60~1-b2d5d]:AlignUtteranceWrapper():decoder-wrappers.cc:475) Did not successfully decode file NI46FBQ_0101_3264350_3269130, len = 476
WARNING (gmm-align-compiled[5.1.60~1-b2d5d]:AlignUtteranceWrapper():decoder-wrappers.cc:466) Retrying utterance NI46FBQ_0101_3269190_3272580 with beam 40
WARNING (gmm-align-compiled[5.1.60~1-b2d5d]:AlignUtteranceWrapper():decoder-wrappers.cc:475) Did not successfully decode file NI46FBQ_0101_3269190_3272580, len = 337
WARNING (gmm-align-compiled[5.1.60~1-b2d5d]:AlignUtteranceWrapper():decoder-wrappers.cc:466) Retrying utterance NI46FBQ_0101_3272850_3280370 with beam 40
WARNING (gmm-align-compiled[5.1.60~1-b2d5d]:AlignUtteranceWrapper():decoder-wrappers.cc:475) Did not successfully decode file NI46FBQ_0101_3272850_3280370, len = 750
WARNING (gmm-align-compiled[5.1.60~1-b2d5d]:AlignUtteranceWrapper():decoder-wrappers.cc:466) Retrying utterance NI46FBQ_0101_3281830_3283690 with beam 40
WARNING (gmm-align-compiled[5.1.60~1-b2d5d]:AlignUtteranceWrapper():decoder-wrappers.cc:475) Did not successfully decode file NI46FBQ_0101_3281830_3283690, len = 184
WARNING (gmm-align-compiled[5.1.60~1-b2d5d]:AlignUtteranceWrapper():decoder-wrappers.cc:466) Retrying utterance NI46FBQ_0101_3283720_3285950 with beam 40
WARNING (gmm-align-compiled[5.1.60~1-b2d5d]:AlignUtteranceWrapper():decoder-wrappers.cc:466) Retrying utterance NI46FBQ_0101_3285990_3289210 with beam 40
WARNING (gmm-align-compiled[5.1.60~1-b2d5d]:AlignUtteranceWrapper():decoder-wrappers.cc:475) Did not successfully decode file NI46FBQ_0101_3285990_3289210, len = 320
WARNING (gmm-align-compiled[5.1.60~1-b2d5d]:AlignUtteranceWrapper():decoder-wrappers.cc:466) Retrying utterance NI46FBQ_0101_3289250_3291100 with beam 40
WARNING (gmm-align-compiled[5.1.60~1-b2d5d]:AlignUtteranceWrapper():decoder-wrappers.cc:466) Retrying utterance NI46FBQ_0101_3291110_3293800 with beam 40
WARNING (gmm-align-compiled[5.1.60~1-b2d5d]:AlignUtteranceWrapper():decoder-wrappers.cc:466) Retrying utterance NI46FBQ_0101_3293810_3299310 with beam 40
WARNING (gmm-align-compiled[5.1.60~1-b2d5d]:AlignUtteranceWrapper():decoder-wrappers.cc:466) Retrying utterance NI46FBQ_0101_3299330_3305780 with beam 40
WARNING (gmm-align-compiled[5.1.60~1-b2d5d]:AlignUtteranceWrapper():decoder-wrappers.cc:475) Did not successfully decode file NI46FBQ_0101_3299330_3305780, len = 643
WARNING (gmm-align-compiled[5.1.60~1-b2d5d]:AlignUtteranceWrapper():decoder-wrappers.cc:466) Retrying utterance NI46FBQ_0101_3305820_3310940 with beam 40
WARNING (gmm-align-compiled[5.1.60~1-b2d5d]:AlignUtteranceWrapper():decoder-wrappers.cc:475) Did not successfully decode file NI46FBQ_0101_3305820_3310940, len = 510
WARNING (gmm-align-compiled[5.1.60~1-b2d5d]:AlignUtteranceWrapper():decoder-wrappers.cc:466) Retrying utterance NI46FBQ_0101_3310990_3316630 with beam 40
WARNING (gmm-align-compiled[5.1.60~1-b2d5d]:AlignUtteranceWrapper():decoder-wrappers.cc:466) Retrying utterance NI46FBQ_0101_3316660_3319400 with beam 40
WARNING (gmm-align-compiled[5.1.60~1-b2d5d]:AlignUtteranceWrapper():decoder-wrappers.cc:475) Did not successfully decode file NI46FBQ_0101_3316660_3319400, len = 272
WARNING (gmm-align-compiled[5.1.60~1-b2d5d]:AlignUtteranceWrapper():decoder-wrappers.cc:466) Retrying utterance NI46FBQ_0101_3319450_3327290 with beam 40
WARNING (gmm-align-compiled[5.1.60~1-b2d5d]:AlignUtteranceWrapper():decoder-wrappers.cc:475) Did not successfully decode file NI46FBQ_0101_3319450_3327290, len = 782
WARNING (gmm-align-compiled[5.1.60~1-b2d5d]:AlignUtteranceWrapper():decoder-wrappers.cc:466) Retrying utterance NI46FBQ_0101_3327330_3332920 with beam 40
WARNING (gmm-align-compiled[5.1.60~1-b2d5d]:AlignUtteranceWrapper():decoder-wrappers.cc:475) Did not successfully decode file NI46FBQ_0101_3327330_3332920, len = 557
WARNING (gmm-align-compiled[5.1.60~1-b2d5d]:AlignUtteranceWrapper():decoder-wrappers.cc:466) Retrying utterance NI46FBQ_0101_3332930_3334850 with beam 40
WARNING (gmm-align-compiled[5.1.60~1-b2d5d]:AlignUtteranceWrapper():decoder-wrappers.cc:475) Did not successfully decode file NI46FBQ_0101_3332930_3334850, len = 190
WARNING (gmm-align-compiled[5.1.60~1-b2d5d]:AlignUtteranceWrapper():decoder-wrappers.cc:466) Retrying utterance NI46FBQ_0101_3334910_3346320 with beam 40
WARNING (gmm-align-compiled[5.1.60~1-b2d5d]:AlignUtteranceWrapper():decoder-wrappers.cc:475) Did not successfully decode file NI46FBQ_0101_3334910_3346320, len = 1139
WARNING (gmm-align-compiled[5.1.60~1-b2d5d]:AlignUtteranceWrapper():decoder-wrappers.cc:466) Retrying utterance NI46FBQ_0101_3346390_3355810 with beam 40
WARNING (gmm-align-compiled[5.1.60~1-b2d5d]:AlignUtteranceWrapper():decoder-wrappers.cc:475) Did not successfully decode file NI46FBQ_0101_3346390_3355810, len = 940
WARNING (gmm-align-compiled[5.1.60~1-b2d5d]:AlignUtteranceWrapper():decoder-wrappers.cc:466) Retrying utterance NI46FBQ_0101_3358420_3362880 with beam 40
WARNING (gmm-align-compiled[5.1.60~1-b2d5d]:AlignUtteranceWrapper():decoder-wrappers.cc:475) Did not successfully decode file NI46FBQ_0101_3358420_3362880, len = 444
WARNING (gmm-align-compiled[5.1.60~1-b2d5d]:AlignUtteranceWrapper():decoder-wrappers.cc:466) Retrying utterance NI46FBQ_0101_3362890_3368570 with beam 40
WARNING (gmm-align-compiled[5.1.60~1-b2d5d]:AlignUtteranceWrapper():decoder-wrappers.cc:475) Did not successfully decode file NI46FBQ_0101_3362890_3368570, len = 566
WARNING (gmm-align-compiled[5.1.60~1-b2d5d]:AlignUtteranceWrapper():decoder-wrappers.cc:466) Retrying utterance NI46FBQ_0101_3368600_3371090 with beam 40
WARNING (gmm-align-compiled[5.1.60~1-b2d5d]:AlignUtteranceWrapper():decoder-wrappers.cc:466) Retrying utterance NI46FBQ_0101_3371200_3373730 with beam 40
WARNING (gmm-align-compiled[5.1.60~1-b2d5d]:AlignUtteranceWrapper():decoder-wrappers.cc:466) Retrying utterance NI46FBQ_0101_3373740_3379470 with beam 40
WARNING (gmm-align-compiled[5.1.60~1-b2d5d]:AlignUtteranceWrapper():decoder-wrappers.cc:475) Did not successfully decode file NI46FBQ_0101_3373740_3379470, len = 571
WARNING (gmm-align-compiled[5.1.60~1-b2d5d]:AlignUtteranceWrapper():decoder-wrappers.cc:466) Retrying utterance NI46FBQ_0101_3379540_3381490 with beam 40
WARNING (gmm-align-compiled[5.1.60~1-b2d5d]:AlignUtteranceWrapper():decoder-wrappers.cc:466) Retrying utterance NI46FBQ_0101_3381490_3386790 with beam 40
WARNING (gmm-align-compiled[5.1.60~1-b2d5d]:AlignUtteranceWrapper():decoder-wrappers.cc:475) Did not successfully decode file NI46FBQ_0101_3381490_3386790, len = 528
WARNING (gmm-align-compiled[5.1.60~1-b2d5d]:AlignUtteranceWrapper():decoder-wrappers.cc:466) Retrying utterance NI46FBQ_0101_3388470_3390490 with beam 40
WARNING (gmm-align-compiled[5.1.60~1-b2d5d]:AlignUtteranceWrapper():decoder-wrappers.cc:475) Did not successfully decode file NI46FBQ_0101_3388470_3390490, len = 200
WARNING (gmm-align-compiled[5.1.60~1-b2d5d]:AlignUtteranceWrapper():decoder-wrappers.cc:466) Retrying utterance NI46FBQ_0101_3390510_3398920 with beam 40
WARNING (gmm-align-compiled[5.1.60~1-b2d5d]:AlignUtteranceWrapper():decoder-wrappers.cc:475) Did not successfully decode file NI46FBQ_0101_3390510_3398920, len = 839
WARNING (gmm-align-compiled[5.1.60~1-b2d5d]:AlignUtteranceWrapper():decoder-wrappers.cc:466) Retrying utterance NI46FBQ_0101_3398960_3402480 with beam 40
WARNING (gmm-align-compiled[5.1.60~1-b2d5d]:AlignUtteranceWrapper():decoder-wrappers.cc:475) Did not successfully decode file NI46FBQ_0101_3398960_3402480, len = 350
WARNING (gmm-align-compiled[5.1.60~1-b2d5d]:AlignUtteranceWrapper():decoder-wrappers.cc:466) Retrying utterance NI46FBQ_0101_3402520_3406500 with beam 40
WARNING (gmm-align-compiled[5.1.60~1-b2d5d]:AlignUtteranceWrapper():decoder-wrappers.cc:475) Did not successfully decode file NI46FBQ_0101_3402520_3406500, len = 396
WARNING (gmm-align-compiled[5.1.60~1-b2d5d]:AlignUtteranceWrapper():decoder-wrappers.cc:466) Retrying utterance NI46FBQ_0101_3406540_3411020 with beam 40
WARNING (gmm-align-compiled[5.1.60~1-b2d5d]:AlignUtteranceWrapper():decoder-wrappers.cc:466) Retrying utterance NI46FBQ_0101_3411030_3414710 with beam 40
WARNING (gmm-align-compiled[5.1.60~1-b2d5d]:AlignUtteranceWrapper():decoder-wrappers.cc:466) Retrying utterance NI46FBQ_0101_3414730_3416020 with beam 40
WARNING (gmm-align-compiled[5.1.60~1-b2d5d]:AlignUtteranceWrapper():decoder-wrappers.cc:475) Did not successfully decode file NI46FBQ_0101_3414730_3416020, len = 127
WARNING (gmm-align-compiled[5.1.60~1-b2d5d]:AlignUtteranceWrapper():decoder-wrappers.cc:466) Retrying utterance NI46FBQ_0101_3416040_3420950 with beam 40
WARNING (gmm-align-compiled[5.1.60~1-b2d5d]:AlignUtteranceWrapper():decoder-wrappers.cc:475) Did not successfully decode file NI46FBQ_0101_3416040_3420950, len = 489
WARNING (gmm-align-compiled[5.1.60~1-b2d5d]:AlignUtteranceWrapper():decoder-wrappers.cc:466) Retrying utterance NI46FBQ_0101_3420960_3425120 with beam 40
WARNING (gmm-align-compiled[5.1.60~1-b2d5d]:AlignUtteranceWrapper():decoder-wrappers.cc:475) Did not successfully decode file NI46FBQ_0101_3420960_3425120, len = 414
WARNING (gmm-align-compiled[5.1.60~1-b2d5d]:AlignUtteranceWrapper():decoder-wrappers.cc:466) Retrying utterance NI46FBQ_0101_3425170_3429640 with beam 40
WARNING (gmm-align-compiled[5.1.60~1-b2d5d]:AlignUtteranceWrapper():decoder-wrappers.cc:475) Did not successfully decode file NI46FBQ_0101_3425170_3429640, len = 445
WARNING (gmm-align-compiled[5.1.60~1-b2d5d]:AlignUtteranceWrapper():decoder-wrappers.cc:466) Retrying utterance NI46FBQ_0101_3429650_3431110 with beam 40
WARNING (gmm-align-compiled[5.1.60~1-b2d5d]:AlignUtteranceWrapper():decoder-wrappers.cc:466) Retrying utterance NI46FBQ_0101_3431130_3432510 with beam 40
WARNING (gmm-align-compiled[5.1.60~1-b2d5d]:AlignUtteranceWrapper():decoder-wrappers.cc:466) Retrying utterance NI46FBQ_0101_3432540_3438170 with beam 40
WARNING (gmm-align-compiled[5.1.60~1-b2d5d]:AlignUtteranceWrapper():decoder-wrappers.cc:466) Retrying utterance NI46FBQ_0101_3439840_3445230 with beam 40
WARNING (gmm-align-compiled[5.1.60~1-b2d5d]:AlignUtteranceWrapper():decoder-wrappers.cc:475) Did not successfully decode file NI46FBQ_0101_3439840_3445230, len = 537
WARNING (gmm-align-compiled[5.1.60~1-b2d5d]:AlignUtteranceWrapper():decoder-wrappers.cc:466) Retrying utterance NI46FBQ_0101_3445240_3453310 with beam 40
WARNING (gmm-align-compiled[5.1.60~1-b2d5d]:AlignUtteranceWrapper():decoder-wrappers.cc:475) Did not successfully decode file NI46FBQ_0101_3445240_3453310, len = 805
WARNING (gmm-align-compiled[5.1.60~1-b2d5d]:AlignUtteranceWrapper():decoder-wrappers.cc:466) Retrying utterance NI46FBQ_0101_3453370_3457940 with beam 40
WARNING (gmm-align-compiled[5.1.60~1-b2d5d]:AlignUtteranceWrapper():decoder-wrappers.cc:475) Did not successfully decode file NI46FBQ_0101_3453370_3457940, len = 455
WARNING (gmm-align-compiled[5.1.60~1-b2d5d]:AlignUtteranceWrapper():decoder-wrappers.cc:466) Retrying utterance NI46FBQ_0101_3457980_3465180 with beam 40
WARNING (gmm-align-compiled[5.1.60~1-b2d5d]:AlignUtteranceWrapper():decoder-wrappers.cc:475) Did not successfully decode file NI46FBQ_0101_3457980_3465180, len = 718
WARNING (gmm-align-compiled[5.1.60~1-b2d5d]:AlignUtteranceWrapper():decoder-wrappers.cc:466) Retrying utterance NI46FBQ_0101_3465210_3473230 with beam 40
WARNING (gmm-align-compiled[5.1.60~1-b2d5d]:AlignUtteranceWrapper():decoder-wrappers.cc:466) Retrying utterance NI46FBQ_0101_3473230_3474720 with beam 40
WARNING (gmm-align-compiled[5.1.60~1-b2d5d]:AlignUtteranceWrapper():decoder-wrappers.cc:466) Retrying utterance NI46FBQ_0101_3474720_3482890 with beam 40
WARNING (gmm-align-compiled[5.1.60~1-b2d5d]:AlignUtteranceWrapper():decoder-wrappers.cc:475) Did not successfully decode file NI46FBQ_0101_3474720_3482890, len = 815
WARNING (gmm-align-compiled[5.1.60~1-b2d5d]:AlignUtteranceWrapper():decoder-wrappers.cc:466) Retrying utterance NI46FBQ_0101_3486120_3490180 with beam 40
WARNING (gmm-align-compiled[5.1.60~1-b2d5d]:AlignUtteranceWrapper():decoder-wrappers.cc:475) Did not successfully decode file NI46FBQ_0101_3486120_3490180, len = 404
WARNING (gmm-align-compiled[5.1.60~1-b2d5d]:AlignUtteranceWrapper():decoder-wrappers.cc:466) Retrying utterance NI46FBQ_0101_3490190_3493540 with beam 40
WARNING (gmm-align-compiled[5.1.60~1-b2d5d]:AlignUtteranceWrapper():decoder-wrappers.cc:475) Did not successfully decode file NI46FBQ_0101_3490190_3493540, len = 333
WARNING (gmm-align-compiled[5.1.60~1-b2d5d]:AlignUtteranceWrapper():decoder-wrappers.cc:466) Retrying utterance NI46FBQ_0101_3493550_3497010 with beam 40
WARNING (gmm-align-compiled[5.1.60~1-b2d5d]:AlignUtteranceWrapper():decoder-wrappers.cc:466) Retrying utterance NI46FBQ_0101_3497020_3501620 with beam 40
WARNING (gmm-align-compiled[5.1.60~1-b2d5d]:AlignUtteranceWrapper():decoder-wrappers.cc:466) Retrying utterance NI46FBQ_0101_3501630_3506810 with beam 40
WARNING (gmm-align-compiled[5.1.60~1-b2d5d]:AlignUtteranceWrapper():decoder-wrappers.cc:466) Retrying utterance NI46FBQ_0101_3506810_3511180 with beam 40
WARNING (gmm-align-compiled[5.1.60~1-b2d5d]:AlignUtteranceWrapper():decoder-wrappers.cc:466) Retrying utterance NI46FBQ_0101_3511200_3515120 with beam 40
WARNING (gmm-align-compiled[5.1.60~1-b2d5d]:AlignUtteranceWrapper():decoder-wrappers.cc:475) Did not successfully decode file NI46FBQ_0101_3511200_3515120, len = 390
WARNING (gmm-align-compiled[5.1.60~1-b2d5d]:AlignUtteranceWrapper():decoder-wrappers.cc:466) Retrying utterance NI46FBQ_0101_3515130_3518610 with beam 40
WARNING (gmm-align-compiled[5.1.60~1-b2d5d]:AlignUtteranceWrapper():decoder-wrappers.cc:466) Retrying utterance NI46FBQ_0101_3518620_3520970 with beam 40
WARNING (gmm-align-compiled[5.1.60~1-b2d5d]:AlignUtteranceWrapper():decoder-wrappers.cc:466) Retrying utterance NI46FBQ_0101_3521000_3525940 with beam 40
WARNING (gmm-align-compiled[5.1.60~1-b2d5d]:AlignUtteranceWrapper():decoder-wrappers.cc:466) Retrying utterance NI46FBQ_0101_3525980_3528990 with beam 40
WARNING (gmm-align-compiled[5.1.60~1-b2d5d]:AlignUtteranceWrapper():decoder-wrappers.cc:466) Retrying utterance NI46FBQ_0101_3529560_3535030 with beam 40
WARNING (gmm-align-compiled[5.1.60~1-b2d5d]:AlignUtteranceWrapper():decoder-wrappers.cc:475) Did not successfully decode file NI46FBQ_0101_3529560_3535030, len = 545
WARNING (gmm-align-compiled[5.1.60~1-b2d5d]:AlignUtteranceWrapper():decoder-wrappers.cc:466) Retrying utterance NI46FBQ_0101_3535030_3536090 with beam 40
WARNING (gmm-align-compiled[5.1.60~1-b2d5d]:AlignUtteranceWrapper():decoder-wrappers.cc:466) Retrying utterance NI46FBQ_0101_3536110_3538910 with beam 40
WARNING (gmm-align-compiled[5.1.60~1-b2d5d]:AlignUtteranceWrapper():decoder-wrappers.cc:466) Retrying utterance NI46FBQ_0101_3538930_3543210 with beam 40
WARNING (gmm-align-compiled[5.1.60~1-b2d5d]:AlignUtteranceWrapper():decoder-wrappers.cc:466) Retrying utterance NI46FBQ_0101_3543240_3548950 with beam 40
WARNING (gmm-align-compiled[5.1.60~1-b2d5d]:AlignUtteranceWrapper():decoder-wrappers.cc:466) Retrying utterance NI46FBQ_0101_3549000_3558180 with beam 40
WARNING (gmm-align-compiled[5.1.60~1-b2d5d]:AlignUtteranceWrapper():decoder-wrappers.cc:466) Retrying utterance NI46FBQ_0101_3560740_3566390 with beam 40
WARNING (gmm-align-compiled[5.1.60~1-b2d5d]:AlignUtteranceWrapper():decoder-wrappers.cc:475) Did not successfully decode file NI46FBQ_0101_3560740_3566390, len = 563
WARNING (gmm-align-compiled[5.1.60~1-b2d5d]:AlignUtteranceWrapper():decoder-wrappers.cc:466) Retrying utterance NI46FBQ_0101_3566390_3568960 with beam 40
WARNING (gmm-align-compiled[5.1.60~1-b2d5d]:AlignUtteranceWrapper():decoder-wrappers.cc:475) Did not successfully decode file NI46FBQ_0101_3566390_3568960, len = 255
WARNING (gmm-align-compiled[5.1.60~1-b2d5d]:AlignUtteranceWrapper():decoder-wrappers.cc:466) Retrying utterance NI46FBQ_0101_3571000_3574180 with beam 40
WARNING (gmm-align-compiled[5.1.60~1-b2d5d]:AlignUtteranceWrapper():decoder-wrappers.cc:475) Did not successfully decode file NI46FBQ_0101_3571000_3574180, len = 316
WARNING (gmm-align-compiled[5.1.60~1-b2d5d]:AlignUtteranceWrapper():decoder-wrappers.cc:466) Retrying utterance NI46FBQ_0101_3574180_3577220 with beam 40
WARNING (gmm-align-compiled[5.1.60~1-b2d5d]:AlignUtteranceWrapper():decoder-wrappers.cc:475) Did not successfully decode file NI46FBQ_0101_3574180_3577220, len = 302
WARNING (gmm-align-compiled[5.1.60~1-b2d5d]:AlignUtteranceWrapper():decoder-wrappers.cc:466) Retrying utterance NI46FBQ_0101_3577220_3579260 with beam 40
WARNING (gmm-align-compiled[5.1.60~1-b2d5d]:AlignUtteranceWrapper():decoder-wrappers.cc:466) Retrying utterance NI46FBQ_0101_3579290_3581990 with beam 40
WARNING (gmm-align-compiled[5.1.60~1-b2d5d]:AlignUtteranceWrapper():decoder-wrappers.cc:466) Retrying utterance NI46FBQ_0101_3582020_3584390 with beam 40
WARNING (gmm-align-compiled[5.1.60~1-b2d5d]:AlignUtteranceWrapper():decoder-wrappers.cc:466) Retrying utterance NI46FBQ_0101_3584400_3587740 with beam 40
WARNING (gmm-align-compiled[5.1.60~1-b2d5d]:AlignUtteranceWrapper():decoder-wrappers.cc:466) Retrying utterance NI46FBQ_0101_3587750_3591740 with beam 40
WARNING (gmm-align-compiled[5.1.60~1-b2d5d]:AlignUtteranceWrapper():decoder-wrappers.cc:466) Retrying utterance NI46FBQ_0101_3591760_3598990 with beam 40
WARNING (gmm-align-compiled[5.1.60~1-b2d5d]:AlignUtteranceWrapper():decoder-wrappers.cc:475) Did not successfully decode file NI46FBQ_0101_3591760_3598990, len = 721
WARNING (gmm-align-compiled[5.1.60~1-b2d5d]:AlignUtteranceWrapper():decoder-wrappers.cc:466) Retrying utterance NI46FBQ_0101_3604550_3613000 with beam 40
WARNING (gmm-align-compiled[5.1.60~1-b2d5d]:AlignUtteranceWrapper():decoder-wrappers.cc:466) Retrying utterance NI46FBQ_0101_3613150_3617080 with beam 40
WARNING (gmm-align-compiled[5.1.60~1-b2d5d]:AlignUtteranceWrapper():decoder-wrappers.cc:466) Retrying utterance NI46FBQ_0101_3617120_3620890 with beam 40
WARNING (gmm-align-compiled[5.1.60~1-b2d5d]:AlignUtteranceWrapper():decoder-wrappers.cc:466) Retrying utterance NI46FBQ_0101_3621040_3625670 with beam 40
WARNING (gmm-align-compiled[5.1.60~1-b2d5d]:AlignUtteranceWrapper():decoder-wrappers.cc:466) Retrying utterance NI46FBQ_0101_3632380_3635120 with beam 40
WARNING (gmm-align-compiled[5.1.60~1-b2d5d]:AlignUtteranceWrapper():decoder-wrappers.cc:475) Did not successfully decode file NI46FBQ_0101_3632380_3635120, len = 272
WARNING (gmm-align-compiled[5.1.60~1-b2d5d]:AlignUtteranceWrapper():decoder-wrappers.cc:466) Retrying utterance NI46FBQ_0101_3635150_3638410 with beam 40
WARNING (gmm-align-compiled[5.1.60~1-b2d5d]:AlignUtteranceWrapper():decoder-wrappers.cc:475) Did not successfully decode file NI46FBQ_0101_3635150_3638410, len = 324
WARNING (gmm-align-compiled[5.1.60~1-b2d5d]:AlignUtteranceWrapper():decoder-wrappers.cc:466) Retrying utterance NI46FBQ_0201_0274300_0276960 with beam 40
WARNING (gmm-align-compiled[5.1.60~1-b2d5d]:AlignUtteranceWrapper():decoder-wrappers.cc:466) Retrying utterance NI46FBQ_0201_0441740_0443670 with beam 40
WARNING (gmm-align-compiled[5.1.60~1-b2d5d]:AlignUtteranceWrapper():decoder-wrappers.cc:466) Retrying utterance NI47MBP_0101_0313026_0314666 with beam 40
WARNING (gmm-align-compiled[5.1.60~1-b2d5d]:AlignUtteranceWrapper():decoder-wrappers.cc:466) Retrying utterance NI48FBQ_0101_0767360_0776150 with beam 40
WARNING (gmm-align-compiled[5.1.60~1-b2d5d]:AlignUtteranceWrapper():decoder-wrappers.cc:466) Retrying utterance NI48FBQ_0101_1241575_1247465 with beam 40
WARNING (gmm-align-compiled[5.1.60~1-b2d5d]:AlignUtteranceWrapper():decoder-wrappers.cc:466) Retrying utterance NI48FBQ_0101_1641810_1646570 with beam 40
WARNING (gmm-align-compiled[5.1.60~1-b2d5d]:AlignUtteranceWrapper():decoder-wrappers.cc:466) Retrying utterance NI48FBQ_0101_1806260_1812950 with beam 40
WARNING (gmm-align-compiled[5.1.60~1-b2d5d]:AlignUtteranceWrapper():decoder-wrappers.cc:466) Retrying utterance NI48FBQ_0101_2105810_2111170 with beam 40
WARNING (gmm-align-compiled[5.1.60~1-b2d5d]:AlignUtteranceWrapper():decoder-wrappers.cc:466) Retrying utterance NI48FBQ_0101_2121700_2125670 with beam 40
WARNING (gmm-align-compiled[5.1.60~1-b2d5d]:AlignUtteranceWrapper():decoder-wrappers.cc:466) Retrying utterance NI48FBQ_0101_2227470_2230930 with beam 40
WARNING (gmm-align-compiled[5.1.60~1-b2d5d]:AlignUtteranceWrapper():decoder-wrappers.cc:466) Retrying utterance NI48FBQ_0101_2288270_2296390 with beam 40
WARNING (gmm-align-compiled[5.1.60~1-b2d5d]:AlignUtteranceWrapper():decoder-wrappers.cc:466) Retrying utterance NI48FBQ_0101_2353725_2358115 with beam 40
WARNING (gmm-align-compiled[5.1.60~1-b2d5d]:AlignUtteranceWrapper():decoder-wrappers.cc:466) Retrying utterance NI48FBQ_0101_2516510_2523950 with beam 40
WARNING (gmm-align-compiled[5.1.60~1-b2d5d]:AlignUtteranceWrapper():decoder-wrappers.cc:466) Retrying utterance NI48FBQ_0101_2726920_2729530 with beam 40
WARNING (gmm-align-compiled[5.1.60~1-b2d5d]:AlignUtteranceWrapper():decoder-wrappers.cc:466) Retrying utterance NI48FBQ_0101_2931165_2935145 with beam 40
WARNING (gmm-align-compiled[5.1.60~1-b2d5d]:AlignUtteranceWrapper():decoder-wrappers.cc:466) Retrying utterance NI48FBQ_0101_2937205_2941755 with beam 40
WARNING (gmm-align-compiled[5.1.60~1-b2d5d]:AlignUtteranceWrapper():decoder-wrappers.cc:466) Retrying utterance NI48FBQ_0101_2949975_2953515 with beam 40
WARNING (gmm-align-compiled[5.1.60~1-b2d5d]:AlignUtteranceWrapper():decoder-wrappers.cc:466) Retrying utterance NI48FBQ_0101_2981665_2989375 with beam 40
WARNING (gmm-align-compiled[5.1.60~1-b2d5d]:AlignUtteranceWrapper():decoder-wrappers.cc:466) Retrying utterance NI50FBQ_0101_0606480_0610430 with beam 40
WARNING (gmm-align-compiled[5.1.60~1-b2d5d]:AlignUtteranceWrapper():decoder-wrappers.cc:466) Retrying utterance NI50FBQ_0101_1086680_1090165 with beam 40
WARNING (gmm-align-compiled[5.1.60~1-b2d5d]:AlignUtteranceWrapper():decoder-wrappers.cc:466) Retrying utterance NI50FBQ_0101_1541685_1544650 with beam 40
WARNING (gmm-align-compiled[5.1.60~1-b2d5d]:AlignUtteranceWrapper():decoder-wrappers.cc:466) Retrying utterance NI50FBQ_0101_2082340_2089580 with beam 40
WARNING (gmm-align-compiled[5.1.60~1-b2d5d]:AlignUtteranceWrapper():decoder-wrappers.cc:466) Retrying utterance NI51MBP_0101_0232540_0236850 with beam 40
WARNING (gmm-align-compiled[5.1.60~1-b2d5d]:AlignUtteranceWrapper():decoder-wrappers.cc:466) Retrying utterance NI51MBP_0101_0325590_0329915 with beam 40
WARNING (gmm-align-compiled[5.1.60~1-b2d5d]:AlignUtteranceWrapper():decoder-wrappers.cc:466) Retrying utterance NI51MBP_0101_0519580_0522690 with beam 40
WARNING (gmm-align-compiled[5.1.60~1-b2d5d]:AlignUtteranceWrapper():decoder-wrappers.cc:466) Retrying utterance NI51MBP_0101_0525590_0528680 with beam 40
WARNING (gmm-align-compiled[5.1.60~1-b2d5d]:AlignUtteranceWrapper():decoder-wrappers.cc:466) Retrying utterance NI51MBP_0101_0862400_0866960 with beam 40
WARNING (gmm-align-compiled[5.1.60~1-b2d5d]:AlignUtteranceWrapper():decoder-wrappers.cc:466) Retrying utterance NI51MBP_0101_1061260_1065980 with beam 40
WARNING (gmm-align-compiled[5.1.60~1-b2d5d]:AlignUtteranceWrapper():decoder-wrappers.cc:475) Did not successfully decode file NI51MBP_0101_1061260_1065980, len = 470
WARNING (gmm-align-compiled[5.1.60~1-b2d5d]:AlignUtteranceWrapper():decoder-wrappers.cc:466) Retrying utterance NI51MBP_0101_1431185_1435405 with beam 40
WARNING (gmm-align-compiled[5.1.60~1-b2d5d]:AlignUtteranceWrapper():decoder-wrappers.cc:466) Retrying utterance NI51MBP_0101_1515110_1520300 with beam 40
WARNING (gmm-align-compiled[5.1.60~1-b2d5d]:AlignUtteranceWrapper():decoder-wrappers.cc:466) Retrying utterance NI51MBP_0101_1580680_1583530 with beam 40
WARNING (gmm-align-compiled[5.1.60~1-b2d5d]:AlignUtteranceWrapper():decoder-wrappers.cc:466) Retrying utterance NI51MBP_0101_1698725_1705565 with beam 40
WARNING (gmm-align-compiled[5.1.60~1-b2d5d]:AlignUtteranceWrapper():decoder-wrappers.cc:466) Retrying utterance NI51MBP_0101_1853275_1860565 with beam 40
WARNING (gmm-align-compiled[5.1.60~1-b2d5d]:AlignUtteranceWrapper():decoder-wrappers.cc:466) Retrying utterance NI51MBP_0101_1934555_1938890 with beam 40
WARNING (gmm-align-compiled[5.1.60~1-b2d5d]:AlignUtteranceWrapper():decoder-wrappers.cc:466) Retrying utterance NI51MBP_0101_2019680_2026075 with beam 40
WARNING (gmm-align-compiled[5.1.60~1-b2d5d]:AlignUtteranceWrapper():decoder-wrappers.cc:466) Retrying utterance NI51MBP_0101_2140475_2144995 with beam 40
WARNING (gmm-align-compiled[5.1.60~1-b2d5d]:AlignUtteranceWrapper():decoder-wrappers.cc:466) Retrying utterance NI51MBP_0101_2178125_2181375 with beam 40
WARNING (gmm-align-compiled[5.1.60~1-b2d5d]:AlignUtteranceWrapper():decoder-wrappers.cc:466) Retrying utterance NI51MBP_0101_2204605_2206315 with beam 40
WARNING (gmm-align-compiled[5.1.60~1-b2d5d]:AlignUtteranceWrapper():decoder-wrappers.cc:466) Retrying utterance NI51MBP_0101_2290895_2294985 with beam 40
WARNING (gmm-align-compiled[5.1.60~1-b2d5d]:AlignUtteranceWrapper():decoder-wrappers.cc:466) Retrying utterance NI51MBP_0101_2416560_2420250 with beam 40
WARNING (gmm-align-compiled[5.1.60~1-b2d5d]:AlignUtteranceWrapper():decoder-wrappers.cc:466) Retrying utterance NI51MBP_0101_2644610_2648200 with beam 40
WARNING (gmm-align-compiled[5.1.60~1-b2d5d]:AlignUtteranceWrapper():decoder-wrappers.cc:466) Retrying utterance NI51MBP_0101_2687900_2695120 with beam 40
WARNING (gmm-align-compiled[5.1.60~1-b2d5d]:AlignUtteranceWrapper():decoder-wrappers.cc:466) Retrying utterance NI51MBP_0101_2733300_2738490 with beam 40
WARNING (gmm-align-compiled[5.1.60~1-b2d5d]:AlignUtteranceWrapper():decoder-wrappers.cc:466) Retrying utterance NI52MBQ_0101_0832000_0837660 with beam 40
WARNING (gmm-align-compiled[5.1.60~1-b2d5d]:AlignUtteranceWrapper():decoder-wrappers.cc:466) Retrying utterance NI52MBQ_0101_1067120_1072050 with beam 40
WARNING (gmm-align-compiled[5.1.60~1-b2d5d]:AlignUtteranceWrapper():decoder-wrappers.cc:466) Retrying utterance NI52MBQ_0101_3083730_3088570 with beam 40
WARNING (gmm-align-compiled[5.1.60~1-b2d5d]:AlignUtteranceWrapper():decoder-wrappers.cc:466) Retrying utterance NI52MBQ_0101_3827325_3836335 with beam 40
WARNING (gmm-align-compiled[5.1.60~1-b2d5d]:AlignUtteranceWrapper():decoder-wrappers.cc:466) Retrying utterance NI52MBQ_0101_4442090_4446650 with beam 40
WARNING (gmm-align-compiled[5.1.60~1-b2d5d]:AlignUtteranceWrapper():decoder-wrappers.cc:466) Retrying utterance NI52MBQ_0101_4505280_4512760 with beam 40
WARNING (gmm-align-compiled[5.1.60~1-b2d5d]:AlignUtteranceWrapper():decoder-wrappers.cc:466) Retrying utterance NI52MBQ_0201_1906890_1909210 with beam 40
WARNING (gmm-align-compiled[5.1.60~1-b2d5d]:AlignUtteranceWrapper():decoder-wrappers.cc:466) Retrying utterance NI52MBQ_0201_2219060_2222290 with beam 40
WARNING (gmm-align-compiled[5.1.60~1-b2d5d]:AlignUtteranceWrapper():decoder-wrappers.cc:466) Retrying utterance NI52MBQ_0201_2504350_2506670 with beam 40
WARNING (gmm-align-compiled[5.1.60~1-b2d5d]:AlignUtteranceWrapper():decoder-wrappers.cc:466) Retrying utterance NI53FBP_0101_0282540_0286590 with beam 40
WARNING (gmm-align-compiled[5.1.60~1-b2d5d]:AlignUtteranceWrapper():decoder-wrappers.cc:466) Retrying utterance NI53FBP_0101_0476465_0479385 with beam 40
WARNING (gmm-align-compiled[5.1.60~1-b2d5d]:AlignUtteranceWrapper():decoder-wrappers.cc:466) Retrying utterance NI53FBP_0101_1032670_1040400 with beam 40
WARNING (gmm-align-compiled[5.1.60~1-b2d5d]:AlignUtteranceWrapper():decoder-wrappers.cc:466) Retrying utterance NI53FBP_0101_1587140_1591220 with beam 40
WARNING (gmm-align-compiled[5.1.60~1-b2d5d]:AlignUtteranceWrapper():decoder-wrappers.cc:466) Retrying utterance NI53FBP_0101_1739985_1743545 with beam 40
WARNING (gmm-align-compiled[5.1.60~1-b2d5d]:AlignUtteranceWrapper():decoder-wrappers.cc:466) Retrying utterance NI53FBP_0101_2095855_2098825 with beam 40
WARNING (gmm-align-compiled[5.1.60~1-b2d5d]:AlignUtteranceWrapper():decoder-wrappers.cc:466) Retrying utterance NI53FBP_0101_2117825_2119990 with beam 40
WARNING (gmm-align-compiled[5.1.60~1-b2d5d]:AlignUtteranceWrapper():decoder-wrappers.cc:475) Did not successfully decode file NI53FBP_0101_2117825_2119990, len = 215
WARNING (gmm-align-compiled[5.1.60~1-b2d5d]:AlignUtteranceWrapper():decoder-wrappers.cc:466) Retrying utterance NI53FBP_0101_2166780_2168670 with beam 40
WARNING (gmm-align-compiled[5.1.60~1-b2d5d]:AlignUtteranceWrapper():decoder-wrappers.cc:466) Retrying utterance NI54FBQ_0101_0199065_0201695 with beam 40
WARNING (gmm-align-compiled[5.1.60~1-b2d5d]:AlignUtteranceWrapper():decoder-wrappers.cc:475) Did not successfully decode file NI54FBQ_0101_0199065_0201695, len = 261
WARNING (gmm-align-compiled[5.1.60~1-b2d5d]:AlignUtteranceWrapper():decoder-wrappers.cc:466) Retrying utterance NI54FBQ_0101_1068160_1071830 with beam 40
WARNING (gmm-align-compiled[5.1.60~1-b2d5d]:AlignUtteranceWrapper():decoder-wrappers.cc:466) Retrying utterance NI54FBQ_0101_1198895_1201245 with beam 40
WARNING (gmm-align-compiled[5.1.60~1-b2d5d]:AlignUtteranceWrapper():decoder-wrappers.cc:466) Retrying utterance NI54FBQ_0101_1247070_1250090 with beam 40
WARNING (gmm-align-compiled[5.1.60~1-b2d5d]:AlignUtteranceWrapper():decoder-wrappers.cc:466) Retrying utterance NI54FBQ_0101_1574695_1581715 with beam 40
WARNING (gmm-align-compiled[5.1.60~1-b2d5d]:AlignUtteranceWrapper():decoder-wrappers.cc:466) Retrying utterance NI54FBQ_0101_1603435_1606235 with beam 40
WARNING (gmm-align-compiled[5.1.60~1-b2d5d]:AlignUtteranceWrapper():decoder-wrappers.cc:466) Retrying utterance NI54FBQ_0101_1742190_1745090 with beam 40
WARNING (gmm-align-compiled[5.1.60~1-b2d5d]:AlignUtteranceWrapper():decoder-wrappers.cc:466) Retrying utterance NI54FBQ_0101_1810730_1814450 with beam 40
WARNING (gmm-align-compiled[5.1.60~1-b2d5d]:AlignUtteranceWrapper():decoder-wrappers.cc:466) Retrying utterance NI54FBQ_0101_2106105_2110975 with beam 40
WARNING (gmm-align-compiled[5.1.60~1-b2d5d]:AlignUtteranceWrapper():decoder-wrappers.cc:466) Retrying utterance NI54FBQ_0101_2313200_2318710 with beam 40
WARNING (gmm-align-compiled[5.1.60~1-b2d5d]:AlignUtteranceWrapper():decoder-wrappers.cc:466) Retrying utterance NI54FBQ_0101_2394050_2397240 with beam 40
WARNING (gmm-align-compiled[5.1.60~1-b2d5d]:AlignUtteranceWrapper():decoder-wrappers.cc:466) Retrying utterance NI54FBQ_0101_2575320_2580750 with beam 40
WARNING (gmm-align-compiled[5.1.60~1-b2d5d]:AlignUtteranceWrapper():decoder-wrappers.cc:466) Retrying utterance NI54FBQ_0101_2742355_2744420 with beam 40
WARNING (gmm-align-compiled[5.1.60~1-b2d5d]:AlignUtteranceWrapper():decoder-wrappers.cc:466) Retrying utterance NI54FBQ_0101_2879580_2881905 with beam 40
WARNING (gmm-align-compiled[5.1.60~1-b2d5d]:AlignUtteranceWrapper():decoder-wrappers.cc:466) Retrying utterance NI54FBQ_0101_2898485_2902995 with beam 40
WARNING (gmm-align-compiled[5.1.60~1-b2d5d]:AlignUtteranceWrapper():decoder-wrappers.cc:466) Retrying utterance NI54FBQ_0101_3240800_3245080 with beam 40
WARNING (gmm-align-compiled[5.1.60~1-b2d5d]:AlignUtteranceWrapper():decoder-wrappers.cc:466) Retrying utterance NI54FBQ_0101_3410975_3413140 with beam 40
WARNING (gmm-align-compiled[5.1.60~1-b2d5d]:AlignUtteranceWrapper():decoder-wrappers.cc:466) Retrying utterance NI54FBQ_0101_3517645_3520220 with beam 40
WARNING (gmm-align-compiled[5.1.60~1-b2d5d]:AlignUtteranceWrapper():decoder-wrappers.cc:466) Retrying utterance NI54FBQ_0101_3599770_3602060 with beam 40
WARNING (gmm-align-compiled[5.1.60~1-b2d5d]:AlignUtteranceWrapper():decoder-wrappers.cc:466) Retrying utterance NI54FBQ_0101_3625685_3628785 with beam 40
WARNING (gmm-align-compiled[5.1.60~1-b2d5d]:AlignUtteranceWrapper():decoder-wrappers.cc:466) Retrying utterance NI54FBQ_0101_3661790_3665630 with beam 40
LOG (apply-cmvn[5.1.60~1-b2d5d]:main():apply-cmvn.cc:146) Applied cepstral mean normalization to 3171 utterances, errors on 0
LOG (transform-feats[5.1.60~1-b2d5d]:main():transform-feats.cc:158) Overall average [pseudo-]logdet is -92.5633 over 1.27514e+06 frames.
LOG (transform-feats[5.1.60~1-b2d5d]:main():transform-feats.cc:161) Applied transform to 3171 utterances; 0 had errors.
LOG (gmm-align-compiled[5.1.60~1-b2d5d]:main():gmm-align-compiled.cc:129) Overall log-likelihood per frame is -50.8184 over 1245699 frames.
LOG (gmm-align-compiled[5.1.60~1-b2d5d]:main():gmm-align-compiled.cc:131) Retried 263 out of 3171 utterances.
LOG (gmm-align-compiled[5.1.60~1-b2d5d]:main():gmm-align-compiled.cc:133) Done 3111, errors on 60
# Accounting: time=122 threads=1
# Ended (code 0) at Sat Apr 22 00:22:13 UTC 2017, elapsed time 122 seconds
