# gunzip -c exp/tri2/decode/depth_stats_tmp.*.gz | steps/diagnostic/analyze_lattice_depth_stats.py exp/tri2/graph 
# Started at Sat Apr 22 02:06:00 UTC 2017
#
The total amount of data analyzed assuming 100 frames per second is 4.6 hours
Overall, lattice depth (10,50,90-percentile)=(5,32,149) and mean=61.5
Nonsilence phones as a group account for 70.0% of frames, with lattice depth (10,50,90-percentile)=(5,33,149) and mean=61.8
Phone SIL accounts for 30.0% of frames, with lattice depth (10,50,90-percentile)=(4,30,151) and mean=60.8
Phone sil_S accounts for 1.5% of frames, with lattice depth (10,50,90-percentile)=(5,33,156) and mean=63.7
Phone a5_E accounts for 1.5% of frames, with lattice depth (10,50,90-percentile)=(6,32,135) and mean=58.3
Phone d_B accounts for 1.4% of frames, with lattice depth (10,50,90-percentile)=(5,36,157) and mean=64.9
Phone j_B accounts for 1.4% of frames, with lattice depth (10,50,90-percentile)=(5,32,132) and mean=55.4
Phone i4_E accounts for 1.2% of frames, with lattice depth (10,50,90-percentile)=(5,36,149) and mean=62.4
Phone sh_B accounts for 1.2% of frames, with lattice depth (10,50,90-percentile)=(6,32,135) and mean=58.0
Phone N_E accounts for 1.2% of frames, with lattice depth (10,50,90-percentile)=(5,38,165) and mean=67.6
Phone ix4_E accounts for 1.2% of frames, with lattice depth (10,50,90-percentile)=(5,27,113) and mean=49.3
Phone ii_B accounts for 1.2% of frames, with lattice depth (10,50,90-percentile)=(5,31,136) and mean=57.3
Phone uu_B accounts for 1.2% of frames, with lattice depth (10,50,90-percentile)=(4,30,124) and mean=53.2
Phone S_B accounts for 1.1% of frames, with lattice depth (10,50,90-percentile)=(6,41,178) and mean=74.3
Phone e5_E accounts for 1.1% of frames, with lattice depth (10,50,90-percentile)=(5,34,147) and mean=64.3
Phone i3_E accounts for 1.0% of frames, with lattice depth (10,50,90-percentile)=(6,34,154) and mean=62.0
Phone uo3_E accounts for 1.0% of frames, with lattice depth (10,50,90-percentile)=(5,33,130) and mean=54.6
Phone h_B accounts for 0.8% of frames, with lattice depth (10,50,90-percentile)=(5,33,166) and mean=66.6
Phone aa_B accounts for 0.8% of frames, with lattice depth (10,50,90-percentile)=(2,27,124) and mean=52.3
Phone EH1_I accounts for 0.8% of frames, with lattice depth (10,50,90-percentile)=(3,33,154) and mean=62.6
Phone iu3_E accounts for 0.8% of frames, with lattice depth (10,50,90-percentile)=(5,26,132) and mean=52.4
Phone sh_I accounts for 0.8% of frames, with lattice depth (10,50,90-percentile)=(4,27,121) and mean=51.1
Phone n_B accounts for 0.8% of frames, with lattice depth (10,50,90-percentile)=(4,31,141) and mean=59.9
Phone iao4_E accounts for 0.7% of frames, with lattice depth (10,50,90-percentile)=(4,27,122) and mean=50.6
Phone AH0_I accounts for 0.7% of frames, with lattice depth (10,50,90-percentile)=(3,28,139) and mean=56.8
Phone x_B accounts for 0.7% of frames, with lattice depth (10,50,90-percentile)=(4,31,142) and mean=57.5
Phone t_B accounts for 0.7% of frames, with lattice depth (10,50,90-percentile)=(5,31,163) and mean=64.6
Phone ui4_E accounts for 0.7% of frames, with lattice depth (10,50,90-percentile)=(4,22,119) and mean=49.9
Phone q_B accounts for 0.6% of frames, with lattice depth (10,50,90-percentile)=(4,27,134) and mean=53.4
Phone b_B accounts for 0.6% of frames, with lattice depth (10,50,90-percentile)=(5,25,153) and mean=58.9
Phone N_I accounts for 0.6% of frames, with lattice depth (10,50,90-percentile)=(4,34,164) and mean=63.3
Phone K_B accounts for 0.6% of frames, with lattice depth (10,50,90-percentile)=(6,39,142) and mean=65.8
Phone S_E accounts for 0.6% of frames, with lattice depth (10,50,90-percentile)=(6,42,170) and mean=71.4
Phone OW1_E accounts for 0.6% of frames, with lattice depth (10,50,90-percentile)=(9,46,169) and mean=87.4
Phone g_I accounts for 0.6% of frames, with lattice depth (10,50,90-percentile)=(3,20,112) and mean=48.5
Phone AY1_I accounts for 0.5% of frames, with lattice depth (10,50,90-percentile)=(6,38,156) and mean=63.4
Phone ao4_E accounts for 0.5% of frames, with lattice depth (10,50,90-percentile)=(8,47,166) and mean=75.1
Phone T_I accounts for 0.5% of frames, with lattice depth (10,50,90-percentile)=(4,28,140) and mean=59.1
Phone Z_E accounts for 0.5% of frames, with lattice depth (10,50,90-percentile)=(6,39,163) and mean=68.3
Phone IY1_E accounts for 0.5% of frames, with lattice depth (10,50,90-percentile)=(7,45,175) and mean=74.0
# Accounting: time=1 threads=1
# Ended (code 0) at Sat Apr 22 02:06:01 UTC 2017, elapsed time 1 seconds
