# gmm-latgen-faster --max-active=7000 --beam=13.0 --lattice-beam=6.0 --acoustic-scale=0.083333 --allow-partial=true --word-symbol-table=exp/tri2/graph/words.txt exp/tri2/final.mdl exp/tri2/graph/HCLG.fst "ark,s,cs:apply-cmvn  --utt2spk=ark:data/test/split14/7/utt2spk scp:data/test/split14/7/cmvn.scp scp:data/test/split14/7/feats.scp ark:- | splice-feats --left-context=3 --right-context=3 ark:- ark:- | transform-feats exp/tri2/final.mat ark:- ark:- |" "ark:|gzip -c > exp/tri2/decode/lat.7.gz" 
# Started at Sat Apr 22 00:30:23 UTC 2017
#
gmm-latgen-faster --max-active=7000 --beam=13.0 --lattice-beam=6.0 --acoustic-scale=0.083333 --allow-partial=true --word-symbol-table=exp/tri2/graph/words.txt exp/tri2/final.mdl exp/tri2/graph/HCLG.fst 'ark,s,cs:apply-cmvn  --utt2spk=ark:data/test/split14/7/utt2spk scp:data/test/split14/7/cmvn.scp scp:data/test/split14/7/feats.scp ark:- | splice-feats --left-context=3 --right-context=3 ark:- ark:- | transform-feats exp/tri2/final.mat ark:- ark:- |' 'ark:|gzip -c > exp/tri2/decode/lat.7.gz' 
transform-feats exp/tri2/final.mat ark:- ark:- 
apply-cmvn --utt2spk=ark:data/test/split14/7/utt2spk scp:data/test/split14/7/cmvn.scp scp:data/test/split14/7/feats.scp ark:- 
splice-feats --left-context=3 --right-context=3 ark:- ark:- 
NI42FBQ_0101_0008240_0011550 呵呵 然后 好像 是 吗 
LOG (gmm-latgen-faster[5.1.60~1-b2d5d]:DecodeUtteranceLatticeFaster():decoder-wrappers.cc:285) Log-like per frame for utterance NI42FBQ_0101_0008240_0011550 is -3.71171 over 329 frames.
NI42FBQ_0101_0011550_0013270 SIL2 SIL2 
LOG (gmm-latgen-faster[5.1.60~1-b2d5d]:DecodeUtteranceLatticeFaster():decoder-wrappers.cc:285) Log-like per frame for utterance NI42FBQ_0101_0011550_0013270 is -4.39745 over 170 frames.
NI42FBQ_0101_0013650_0018890 后 很 近 啊 HELLO 可以 吗 
LOG (gmm-latgen-faster[5.1.60~1-b2d5d]:DecodeUtteranceLatticeFaster():decoder-wrappers.cc:285) Log-like per frame for utterance NI42FBQ_0101_0013650_0018890 is -3.75032 over 522 frames.
NI42FBQ_0101_0019420_0020990 HELLO 
LOG (gmm-latgen-faster[5.1.60~1-b2d5d]:DecodeUtteranceLatticeFaster():decoder-wrappers.cc:285) Log-like per frame for utterance NI42FBQ_0101_0019420_0020990 is -4.00098 over 155 frames.
NI42FBQ_0101_0026800_0030210 那个 不过 SIL2 
LOG (gmm-latgen-faster[5.1.60~1-b2d5d]:DecodeUtteranceLatticeFaster():decoder-wrappers.cc:285) Log-like per frame for utterance NI42FBQ_0101_0026800_0030210 is -3.28012 over 339 frames.
NI42FBQ_0101_0033150_0035260 我 要 所以 
LOG (gmm-latgen-faster[5.1.60~1-b2d5d]:DecodeUtteranceLatticeFaster():decoder-wrappers.cc:285) Log-like per frame for utterance NI42FBQ_0101_0033150_0035260 is -3.55879 over 209 frames.
NI42FBQ_0101_0037430_0041940 SIL2 也是 最近 啊 
LOG (gmm-latgen-faster[5.1.60~1-b2d5d]:DecodeUtteranceLatticeFaster():decoder-wrappers.cc:285) Log-like per frame for utterance NI42FBQ_0101_0037430_0041940 is -3.52404 over 449 frames.
NI42FBQ_0101_0043890_0045620 丢 不到 的 
LOG (gmm-latgen-faster[5.1.60~1-b2d5d]:DecodeUtteranceLatticeFaster():decoder-wrappers.cc:285) Log-like per frame for utterance NI42FBQ_0101_0043890_0045620 is -4.02386 over 171 frames.
NI42FBQ_0101_0047080_0049490 OK 
LOG (gmm-latgen-faster[5.1.60~1-b2d5d]:DecodeUtteranceLatticeFaster():decoder-wrappers.cc:285) Log-like per frame for utterance NI42FBQ_0101_0047080_0049490 is -3.51658 over 239 frames.
NI42FBQ_0101_0059270_0061820 啊 可以 啊 
LOG (gmm-latgen-faster[5.1.60~1-b2d5d]:DecodeUtteranceLatticeFaster():decoder-wrappers.cc:285) Log-like per frame for utterance NI42FBQ_0101_0059270_0061820 is -3.70516 over 253 frames.
NI42FBQ_0101_0069650_0076450 ER 南 洋 BUSINESS SCHOOL SIL2 SECOND YEAR 
LOG (gmm-latgen-faster[5.1.60~1-b2d5d]:DecodeUtteranceLatticeFaster():decoder-wrappers.cc:285) Log-like per frame for utterance NI42FBQ_0101_0069650_0076450 is -3.27194 over 678 frames.
NI42FBQ_0101_0082880_0090140 ER 对 是 个 CALL 还有 两个 ELECTIVE SIL2 
LOG (gmm-latgen-faster[5.1.60~1-b2d5d]:DecodeUtteranceLatticeFaster():decoder-wrappers.cc:285) Log-like per frame for utterance NI42FBQ_0101_0082880_0090140 is -3.42952 over 724 frames.
NI42FBQ_0101_0092100_0096250 啊 我 不是 我 们 的 名 我 都 他 的 CORE 
LOG (gmm-latgen-faster[5.1.60~1-b2d5d]:DecodeUtteranceLatticeFaster():decoder-wrappers.cc:285) Log-like per frame for utterance NI42FBQ_0101_0092100_0096250 is -4.1989 over 413 frames.
NI42FBQ_0101_0098920_0109700 OUR ACCOUNTING CONTROL IN ADDITION MEETING COMPANY LAW SIL2 SIL2 
LOG (gmm-latgen-faster[5.1.60~1-b2d5d]:DecodeUtteranceLatticeFaster():decoder-wrappers.cc:285) Log-like per frame for utterance NI42FBQ_0101_0098920_0109700 is -3.47724 over 1076 frames.
NI42FBQ_0101_0109990_0116680 还有 两个 ACTUAL SCIENCE 啊 还有 两个 ELECTIVE 了 
LOG (gmm-latgen-faster[5.1.60~1-b2d5d]:DecodeUtteranceLatticeFaster():decoder-wrappers.cc:285) Log-like per frame for utterance NI42FBQ_0101_0109990_0116680 is -3.58873 over 667 frames.
NI42FBQ_0101_0120720_0125230 HALL 去 那 几 
LOG (gmm-latgen-faster[5.1.60~1-b2d5d]:DecodeUtteranceLatticeFaster():decoder-wrappers.cc:285) Log-like per frame for utterance NI42FBQ_0101_0120720_0125230 is -3.53699 over 449 frames.
NI42FBQ_0101_0126720_0130620 他 SIL2 HALL TWO 
LOG (gmm-latgen-faster[5.1.60~1-b2d5d]:DecodeUtteranceLatticeFaster():decoder-wrappers.cc:285) Log-like per frame for utterance NI42FBQ_0101_0126720_0130620 is -3.74103 over 388 frames.
NI42FBQ_0101_0131650_0135070 的 SENIOR CANTEEN TWO 
LOG (gmm-latgen-faster[5.1.60~1-b2d5d]:DecodeUtteranceLatticeFaster():decoder-wrappers.cc:285) Log-like per frame for utterance NI42FBQ_0101_0131650_0135070 is -3.45989 over 340 frames.
NI42FBQ_0101_0138630_0140830 THEN 眼睛 因为 
LOG (gmm-latgen-faster[5.1.60~1-b2d5d]:DecodeUtteranceLatticeFaster():decoder-wrappers.cc:285) Log-like per frame for utterance NI42FBQ_0101_0138630_0140830 is -3.55413 over 218 frames.
NI42FBQ_0101_0145050_0155730 THEN 是 SPORTS 啊 VOLLEYBALL 啊 可是 我 没有 没有 JOIN 啊 
LOG (gmm-latgen-faster[5.1.60~1-b2d5d]:DecodeUtteranceLatticeFaster():decoder-wrappers.cc:285) Log-like per frame for utterance NI42FBQ_0101_0145050_0155730 is -3.42253 over 1066 frames.
NI42FBQ_0101_0158710_0162110 好像 听 过 我 的 
LOG (gmm-latgen-faster[5.1.60~1-b2d5d]:DecodeUtteranceLatticeFaster():decoder-wrappers.cc:285) Log-like per frame for utterance NI42FBQ_0101_0158710_0162110 is -3.77113 over 338 frames.
NI42FBQ_0101_0170800_0176090 CULTURAL ACTIVITIES CLUB 你 听 过 吗 
LOG (gmm-latgen-faster[5.1.60~1-b2d5d]:DecodeUtteranceLatticeFaster():decoder-wrappers.cc:285) Log-like per frame for utterance NI42FBQ_0101_0170800_0176090 is -3.83801 over 527 frames.
NI42FBQ_0101_0177380_0190860 SIL2 一个 是 FRESHMAN ORIENTATION CAMP SIL2 SIL2 还有 一个 是 SOCIAL 了 AFFAIR COMMITEE 啊 
LOG (gmm-latgen-faster[5.1.60~1-b2d5d]:DecodeUtteranceLatticeFaster():decoder-wrappers.cc:285) Log-like per frame for utterance NI42FBQ_0101_0177380_0190860 is -3.37201 over 1346 frames.
NI42FBQ_0101_0191700_0199810 FRESHMEN ORIENTATION CAMP 我 是 SOCIAL 西 SIL2 在 LOGISTICS OFFICE 的 
LOG (gmm-latgen-faster[5.1.60~1-b2d5d]:DecodeUtteranceLatticeFaster():decoder-wrappers.cc:285) Log-like per frame for utterance NI42FBQ_0101_0191700_0199810 is -3.72582 over 809 frames.
NI42FBQ_0101_0201550_0213580 UNLESS 多 十 多 FOR FINDING FOOD CAN ACCOMMODATION FOR FORTY PER DAY EH CAMP 比较 SMALL 的 SOCIAL PSYCH COMMITTEE SIL2 
LOG (gmm-latgen-faster[5.1.60~1-b2d5d]:DecodeUtteranceLatticeFaster():decoder-wrappers.cc:285) Log-like per frame for utterance NI42FBQ_0101_0201550_0213580 is -3.78066 over 1201 frames.
NI42FBQ_0101_0213580_0220650 是 都是 我们 西 的 LOGISTICS BUSINESS MANAGER SIGN 了 什么 OFFICES 啊 
LOG (gmm-latgen-faster[5.1.60~1-b2d5d]:DecodeUtteranceLatticeFaster():decoder-wrappers.cc:285) Log-like per frame for utterance NI42FBQ_0101_0213580_0220650 is -3.99081 over 705 frames.
NI42FBQ_0101_0223650_0228820 能够 见到 的 才 会 BUT 啊 
LOG (gmm-latgen-faster[5.1.60~1-b2d5d]:DecodeUtteranceLatticeFaster():decoder-wrappers.cc:285) Log-like per frame for utterance NI42FBQ_0101_0223650_0228820 is -4.15225 over 515 frames.
NI42FBQ_0101_0229410_0232590 YOU SO 也是 
LOG (gmm-latgen-faster[5.1.60~1-b2d5d]:DecodeUtteranceLatticeFaster():decoder-wrappers.cc:285) Log-like per frame for utterance NI42FBQ_0101_0229410_0232590 is -3.49016 over 316 frames.
NI42FBQ_0101_0235590_0240100 SO 不知道 EH 啊 
LOG (gmm-latgen-faster[5.1.60~1-b2d5d]:DecodeUtteranceLatticeFaster():decoder-wrappers.cc:285) Log-like per frame for utterance NI42FBQ_0101_0235590_0240100 is -3.41212 over 449 frames.
NI42FBQ_0101_0244590_0252630 ANDERSEN J C AH 在 有 去 到 那 边 SIL2 
LOG (gmm-latgen-faster[5.1.60~1-b2d5d]:DecodeUtteranceLatticeFaster():decoder-wrappers.cc:285) Log-like per frame for utterance NI42FBQ_0101_0244590_0252630 is -3.30432 over 802 frames.
NI42FBQ_0101_0253610_0257980 没有 什么 的 就 AM MUCH EACH 
LOG (gmm-latgen-faster[5.1.60~1-b2d5d]:DecodeUtteranceLatticeFaster():decoder-wrappers.cc:285) Log-like per frame for utterance NI42FBQ_0101_0253610_0257980 is -3.82223 over 435 frames.
NI42FBQ_0101_0257980_0261190 对 啊 没有 听 过 吗 
LOG (gmm-latgen-faster[5.1.60~1-b2d5d]:DecodeUtteranceLatticeFaster():decoder-wrappers.cc:285) Log-like per frame for utterance NI42FBQ_0101_0257980_0261190 is -3.22535 over 319 frames.
NI42FBQ_0101_0261590_0266460 啊 有 去 有 去 看 啊 
LOG (gmm-latgen-faster[5.1.60~1-b2d5d]:DecodeUtteranceLatticeFaster():decoder-wrappers.cc:285) Log-like per frame for utterance NI42FBQ_0101_0261590_0266460 is -3.77935 over 485 frames.
NI42FBQ_0101_0267520_0270740 THEN LEH 因为 我 住 靠 近 那 边 啊 
LOG (gmm-latgen-faster[5.1.60~1-b2d5d]:DecodeUtteranceLatticeFaster():decoder-wrappers.cc:285) Log-like per frame for utterance NI42FBQ_0101_0267520_0270740 is -3.73061 over 320 frames.
NI42FBQ_0101_0277650_0280810 ER SATURDAY 我 回家 
LOG (gmm-latgen-faster[5.1.60~1-b2d5d]:DecodeUtteranceLatticeFaster():decoder-wrappers.cc:285) Log-like per frame for utterance NI42FBQ_0101_0277650_0280810 is -3.62232 over 314 frames.
NI42FBQ_0101_0280820_0285960 因为 SATURDAY 我 要 看 SIL2 他 是 SIL2 
LOG (gmm-latgen-faster[5.1.60~1-b2d5d]:DecodeUtteranceLatticeFaster():decoder-wrappers.cc:285) Log-like per frame for utterance NI42FBQ_0101_0280820_0285960 is -3.57816 over 512 frames.
NI42FBQ_0101_0286910_0289760 对 啊 因为 我 老师 
LOG (gmm-latgen-faster[5.1.60~1-b2d5d]:DecodeUtteranceLatticeFaster():decoder-wrappers.cc:285) Log-like per frame for utterance NI42FBQ_0101_0286910_0289760 is -3.17454 over 283 frames.
NI42FBQ_0101_0289760_0298190 不是 学校 里面 的 啊 他 在 做 工 所以 SATURDAY 才 可以 下 来 叫 我 们 的 啊 
LOG (gmm-latgen-faster[5.1.60~1-b2d5d]:DecodeUtteranceLatticeFaster():decoder-wrappers.cc:285) Log-like per frame for utterance NI42FBQ_0101_0289760_0298190 is -3.73434 over 841 frames.
NI42FBQ_0101_0306070_0309810 那个 我 不 清楚 因为 我 不是 PROGRAMMER 
LOG (gmm-latgen-faster[5.1.60~1-b2d5d]:DecodeUtteranceLatticeFaster():decoder-wrappers.cc:285) Log-like per frame for utterance NI42FBQ_0101_0306070_0309810 is -3.90816 over 372 frames.
NI42FBQ_0101_0309850_0316750 我 是 负责 啊 FOOD 还有 还有 AH ER ACCOMMODATION 的 
LOG (gmm-latgen-faster[5.1.60~1-b2d5d]:DecodeUtteranceLatticeFaster():decoder-wrappers.cc:285) Log-like per frame for utterance NI42FBQ_0101_0309850_0316750 is -3.55701 over 688 frames.
NI42FBQ_0101_0321010_0327970 SIL2 如果 觉得 好 吃 就 LIKE CUT 他 的 DETAILS 啊 然后 叫 给 我 的 IN CHARGE 
LOG (gmm-latgen-faster[5.1.60~1-b2d5d]:DecodeUtteranceLatticeFaster():decoder-wrappers.cc:285) Log-like per frame for utterance NI42FBQ_0101_0321010_0327970 is -4.03395 over 694 frames.
NI42FBQ_0101_0327970_0334580 啊 THEN 他 会 他 觉得 好 吃 还是 人 啊 给 全部 M 啊 啊 
LOG (gmm-latgen-faster[5.1.60~1-b2d5d]:DecodeUtteranceLatticeFaster():decoder-wrappers.cc:285) Log-like per frame for utterance NI42FBQ_0101_0327970_0334580 is -3.80137 over 659 frames.
NI42FBQ_0101_0335290_0338000 不会 SIL2 
LOG (gmm-latgen-faster[5.1.60~1-b2d5d]:DecodeUtteranceLatticeFaster():decoder-wrappers.cc:285) Log-like per frame for utterance NI42FBQ_0101_0335290_0338000 is -3.72849 over 269 frames.
NI42FBQ_0101_0344900_0349420 有时候 因为 THEN 再 去 三个 啊 
LOG (gmm-latgen-faster[5.1.60~1-b2d5d]:DecodeUtteranceLatticeFaster():decoder-wrappers.cc:285) Log-like per frame for utterance NI42FBQ_0101_0344900_0349420 is -3.63201 over 450 frames.
NI42FBQ_0101_0349870_0358160 啊 我们 为 SUSPECT 那个 EH 西 的 看 K SYSTEM 啊 
LOG (gmm-latgen-faster[5.1.60~1-b2d5d]:DecodeUtteranceLatticeFaster():decoder-wrappers.cc:285) Log-like per frame for utterance NI42FBQ_0101_0349870_0358160 is -3.64692 over 827 frames.
NI42FBQ_0101_0358170_0363920 那个 是 好像 CABLE T 讲 啊 你 看到 一个 因为 ENGINE 啊 
LOG (gmm-latgen-faster[5.1.60~1-b2d5d]:DecodeUtteranceLatticeFaster():decoder-wrappers.cc:285) Log-like per frame for utterance NI42FBQ_0101_0358170_0363920 is -3.99581 over 573 frames.
NI42FBQ_0101_0364700_0369990 啊 你 换 因为 CHANNEL 他 就会 不 全部 靠 近 那个 
LOG (gmm-latgen-faster[5.1.60~1-b2d5d]:DecodeUtteranceLatticeFaster():decoder-wrappers.cc:285) Log-like per frame for utterance NI42FBQ_0101_0364700_0369990 is -3.91939 over 527 frames.
NI42FBQ_0101_0369990_0379470 啊 所以 那个 以前 SIL2 不会 讲 贵 啊 因为 每 次 去 看 OKAY 可以 花 很多 钱 啊 二十 多 块 钱 
LOG (gmm-latgen-faster[5.1.60~1-b2d5d]:DecodeUtteranceLatticeFaster():decoder-wrappers.cc:285) Log-like per frame for utterance NI42FBQ_0101_0369990_0379470 is -4.25437 over 946 frames.
NI42FBQ_0101_0379470_0386910 啊 那个 是 每个 月 大概 LIKE THIRTY DOLLARS A MONTH SIL2 
LOG (gmm-latgen-faster[5.1.60~1-b2d5d]:DecodeUtteranceLatticeFaster():decoder-wrappers.cc:285) Log-like per frame for utterance NI42FBQ_0101_0379470_0386910 is -3.88396 over 742 frames.
NI42FBQ_0101_0388670_0394040 ER 因为 你 THAT 他 可以 SYSTEM 很多 SIL2 
LOG (gmm-latgen-faster[5.1.60~1-b2d5d]:DecodeUtteranceLatticeFaster():decoder-wrappers.cc:285) Log-like per frame for utterance NI42FBQ_0101_0388670_0394040 is -3.8781 over 535 frames.
NI42FBQ_0101_0394040_0400260 啊 LIKE CHINESE ENGLISH NOVEL SESSION 啊 
LOG (gmm-latgen-faster[5.1.60~1-b2d5d]:DecodeUtteranceLatticeFaster():decoder-wrappers.cc:285) Log-like per frame for utterance NI42FBQ_0101_0394040_0400260 is -4.08418 over 620 frames.
NI42FBQ_0101_0401640_0409640 SIL2 S H E AH 对 AH 我们 早 上 映 DISORDER SIL2 
LOG (gmm-latgen-faster[5.1.60~1-b2d5d]:DecodeUtteranceLatticeFaster():decoder-wrappers.cc:285) Log-like per frame for utterance NI42FBQ_0101_0401640_0409640 is -3.74558 over 798 frames.
NI42FBQ_0101_0412260_0417260 这样 ENGLISH MUST 我 妈妈 会 讲 CHINESE 
LOG (gmm-latgen-faster[5.1.60~1-b2d5d]:DecodeUtteranceLatticeFaster():decoder-wrappers.cc:285) Log-like per frame for utterance NI42FBQ_0101_0412260_0417260 is -4.10703 over 498 frames.
NI42FBQ_0101_0417400_0421430 SIL2 COURSE 他 是 从 MALAYSIA 来 的 
LOG (gmm-latgen-faster[5.1.60~1-b2d5d]:DecodeUtteranceLatticeFaster():decoder-wrappers.cc:285) Log-like per frame for utterance NI42FBQ_0101_0417400_0421430 is -3.92676 over 401 frames.
NI42FBQ_0101_0421430_0425340 所以 LECTURE 她 小 时 没有 学 
LOG (gmm-latgen-faster[5.1.60~1-b2d5d]:DecodeUtteranceLatticeFaster():decoder-wrappers.cc:285) Log-like per frame for utterance NI42FBQ_0101_0421430_0425340 is -3.84197 over 389 frames.
NI42FBQ_0101_0429350_0437170 他 的 时候 有 学 中文 所以 我们 现在 是 讲 英 语 的 
LOG (gmm-latgen-faster[5.1.60~1-b2d5d]:DecodeUtteranceLatticeFaster():decoder-wrappers.cc:285) Log-like per frame for utterance NI42FBQ_0101_0429350_0437170 is -3.80826 over 780 frames.
NI42FBQ_0101_0439400_0443190 SIL2 小 学 中学 啊 啊 
LOG (gmm-latgen-faster[5.1.60~1-b2d5d]:DecodeUtteranceLatticeFaster():decoder-wrappers.cc:285) Log-like per frame for utterance NI42FBQ_0101_0439400_0443190 is -3.77625 over 377 frames.
NI42FBQ_0101_0443190_0447520 我 哥 哥 也 不 是 很 像 CHINESE AH SIL2 
LOG (gmm-latgen-faster[5.1.60~1-b2d5d]:DecodeUtteranceLatticeFaster():decoder-wrappers.cc:285) Log-like per frame for utterance NI42FBQ_0101_0443190_0447520 is -3.86568 over 431 frames.
NI42FBQ_0101_0453790_0459900 我们 下 小 学 中学 有 学 啊 学 中文 啊 
LOG (gmm-latgen-faster[5.1.60~1-b2d5d]:DecodeUtteranceLatticeFaster():decoder-wrappers.cc:285) Log-like per frame for utterance NI42FBQ_0101_0453790_0459900 is -3.96331 over 609 frames.
NI42FBQ_0101_0471240_0480700 很 TUBE 啊 U K BOX TOP ONE PARTY 了 很多 间 但是 我 只 去 过 K BOX 
LOG (gmm-latgen-faster[5.1.60~1-b2d5d]:DecodeUtteranceLatticeFaster():decoder-wrappers.cc:285) Log-like per frame for utterance NI42FBQ_0101_0471240_0480700 is -3.83761 over 944 frames.
NI42FBQ_0101_0482940_0490790 不错 啦 很 K 你 已经 一个 STUDENTS RIGHT 是 现在 BUT 啊 
LOG (gmm-latgen-faster[5.1.60~1-b2d5d]:DecodeUtteranceLatticeFaster():decoder-wrappers.cc:285) Log-like per frame for utterance NI42FBQ_0101_0482940_0490790 is -3.82695 over 783 frames.
NI42FBQ_0101_0492280_0495980 五个 小 时 还是 LEH 
LOG (gmm-latgen-faster[5.1.60~1-b2d5d]:DecodeUtteranceLatticeFaster():decoder-wrappers.cc:285) Log-like per frame for utterance NI42FBQ_0101_0492280_0495980 is -3.773 over 368 frames.
NI42FBQ_0101_0496280_0510240 他 有 那个 EX ER 他 会 带 给 他 有 LIKE SEC THREE 啦 啊 THEN FRENCH FRIES YAH SIL2 
LOG (gmm-latgen-faster[5.1.60~1-b2d5d]:DecodeUtteranceLatticeFaster():decoder-wrappers.cc:285) Log-like per frame for utterance NI42FBQ_0101_0496280_0510240 is -3.69505 over 1394 frames.
NI42FBQ_0101_0513540_0522050 ER 有 SNOW ONLY LIKE NON-STOP COURSE 啊 LIKE CARRY 啊 
LOG (gmm-latgen-faster[5.1.60~1-b2d5d]:DecodeUtteranceLatticeFaster():decoder-wrappers.cc:285) Log-like per frame for utterance NI42FBQ_0101_0513540_0522050 is -3.48827 over 849 frames.
NI42FBQ_0101_0522450_0525550 THEN 你 没有 去 过 吗 
LOG (gmm-latgen-faster[5.1.60~1-b2d5d]:DecodeUtteranceLatticeFaster():decoder-wrappers.cc:285) Log-like per frame for utterance NI42FBQ_0101_0522450_0525550 is -3.55645 over 308 frames.
NI42FBQ_0101_0525550_0529510 因为 去 吃 
LOG (gmm-latgen-faster[5.1.60~1-b2d5d]:DecodeUtteranceLatticeFaster():decoder-wrappers.cc:285) Log-like per frame for utterance NI42FBQ_0101_0525550_0529510 is -4.32826 over 394 frames.
NI42FBQ_0101_0529510_0535700 就 还没有 就要 想 啦 靠 近 的 学校 很 便 宜 
LOG (gmm-latgen-faster[5.1.60~1-b2d5d]:DecodeUtteranceLatticeFaster():decoder-wrappers.cc:285) Log-like per frame for utterance NI42FBQ_0101_0529510_0535700 is -4.09379 over 617 frames.
NI42FBQ_0101_0536480_0541260 SIL2 BULLY M R T STATION 
LOG (gmm-latgen-faster[5.1.60~1-b2d5d]:DecodeUtteranceLatticeFaster():decoder-wrappers.cc:285) Log-like per frame for utterance NI42FBQ_0101_0536480_0541260 is -3.85307 over 476 frames.
NI42FBQ_0101_0541750_0556760 啊 没有 要 出 一个 DISTANCE AH 是 很 靠 近 有些 那 边 是 她 SPRING 的 都是 用 REMOTE CONTROL 了 啊 所以 啊 还 可以 觉得 是 
LOG (gmm-latgen-faster[5.1.60~1-b2d5d]:DecodeUtteranceLatticeFaster():decoder-wrappers.cc:285) Log-like per frame for utterance NI42FBQ_0101_0541750_0556760 is -3.95124 over 1499 frames.
NI42FBQ_0101_0557340_0560090 对 TO 
LOG (gmm-latgen-faster[5.1.60~1-b2d5d]:DecodeUtteranceLatticeFaster():decoder-wrappers.cc:285) Log-like per frame for utterance NI42FBQ_0101_0557340_0560090 is -3.83264 over 273 frames.
NI42FBQ_0101_0560380_0569600 YAH INITIALLY LIKE 如果 你 因为 很多 人 就 NOT ENOUGH 啊 是 STUN 
LOG (gmm-latgen-faster[5.1.60~1-b2d5d]:DecodeUtteranceLatticeFaster():decoder-wrappers.cc:285) Log-like per frame for utterance NI42FBQ_0101_0560380_0569600 is -3.59435 over 920 frames.
NI42FBQ_0101_0570380_0579900 TESTING 很 大 的 一 站 来 的 啊 他 今天 我 家 来 的 话 
LOG (gmm-latgen-faster[5.1.60~1-b2d5d]:DecodeUtteranceLatticeFaster():decoder-wrappers.cc:285) Log-like per frame for utterance NI42FBQ_0101_0570380_0579900 is -4.15406 over 950 frames.
NI42FBQ_0101_0581830_0585180 教授 也是 没有 LEH 
LOG (gmm-latgen-faster[5.1.60~1-b2d5d]:DecodeUtteranceLatticeFaster():decoder-wrappers.cc:285) Log-like per frame for utterance NI42FBQ_0101_0581830_0585180 is -3.78717 over 333 frames.
NI42FBQ_0101_0588950_0592410 我 们 的 环境 很 靠 近 啊 
LOG (gmm-latgen-faster[5.1.60~1-b2d5d]:DecodeUtteranceLatticeFaster():decoder-wrappers.cc:285) Log-like per frame for utterance NI42FBQ_0101_0588950_0592410 is -4.20326 over 344 frames.
NI42FBQ_0101_0592410_0599300 对 对 啦 是 因为 那 故 事 很 小 的 啊 所以 不会 说 好 像 我 吗 
LOG (gmm-latgen-faster[5.1.60~1-b2d5d]:DecodeUtteranceLatticeFaster():decoder-wrappers.cc:285) Log-like per frame for utterance NI42FBQ_0101_0592410_0599300 is -4.09418 over 687 frames.
NI42FBQ_0101_0605920_0614060 好像 没有 啦 很多 歌 有 有 MALAYSIA READING 还有 JAPANESE KOREAN 的 
LOG (gmm-latgen-faster[5.1.60~1-b2d5d]:DecodeUtteranceLatticeFaster():decoder-wrappers.cc:285) Log-like per frame for utterance NI42FBQ_0101_0605920_0614060 is -3.79855 over 812 frames.
NI42FBQ_0101_0617510_0625190 院 啊 没有 SIL2 有 啦 的 时候 听 可是 对 啊 
LOG (gmm-latgen-faster[5.1.60~1-b2d5d]:DecodeUtteranceLatticeFaster():decoder-wrappers.cc:285) Log-like per frame for utterance NI42FBQ_0101_0617510_0625190 is -3.86348 over 766 frames.
NI42FBQ_0101_0631670_0641120 在 里面 就是 NOTHING MUCH 啊 因为 我 回家 只是 上 TODAY 半 天 还 SUNDAY 
LOG (gmm-latgen-faster[5.1.60~1-b2d5d]:DecodeUtteranceLatticeFaster():decoder-wrappers.cc:285) Log-like per frame for utterance NI42FBQ_0101_0631670_0641120 is -3.66606 over 943 frames.
NI42FBQ_0101_0641120_0648890 然后 没有 做 什么 LIKE 看 几 时 做 功 课 这样 就会 学 小 的 MANAGER 回 学校 
LOG (gmm-latgen-faster[5.1.60~1-b2d5d]:DecodeUtteranceLatticeFaster():decoder-wrappers.cc:285) Log-like per frame for utterance NI42FBQ_0101_0641120_0648890 is -4.03624 over 775 frames.
NI42FBQ_0101_0650150_0655350 因为 那个 歌 还是 STAND IN N T U 
LOG (gmm-latgen-faster[5.1.60~1-b2d5d]:DecodeUtteranceLatticeFaster():decoder-wrappers.cc:285) Log-like per frame for utterance NI42FBQ_0101_0650150_0655350 is -3.62714 over 518 frames.
NI42FBQ_0101_0655350_0660420 可是 ITS BIOLOGICAL SCIENCES 
LOG (gmm-latgen-faster[5.1.60~1-b2d5d]:DecodeUtteranceLatticeFaster():decoder-wrappers.cc:285) Log-like per frame for utterance NI42FBQ_0101_0655350_0660420 is -3.58836 over 505 frames.
NI42FBQ_0101_0660420_0664410 啊 还是 TO SECOND YEAR 
LOG (gmm-latgen-faster[5.1.60~1-b2d5d]:DecodeUtteranceLatticeFaster():decoder-wrappers.cc:285) Log-like per frame for utterance NI42FBQ_0101_0660420_0664410 is -3.54058 over 397 frames.
NI42FBQ_0101_0664990_0668670 不是 因为 他 要 去 N S 
LOG (gmm-latgen-faster[5.1.60~1-b2d5d]:DecodeUtteranceLatticeFaster():decoder-wrappers.cc:285) Log-like per frame for utterance NI42FBQ_0101_0664990_0668670 is -3.73677 over 366 frames.
NI42FBQ_0101_0668720_0673670 所以 那个 啊 跟 我 一样 吗 啊 对 
LOG (gmm-latgen-faster[5.1.60~1-b2d5d]:DecodeUtteranceLatticeFaster():decoder-wrappers.cc:285) Log-like per frame for utterance NI42FBQ_0101_0668720_0673670 is -3.47539 over 493 frames.
NI42FBQ_0101_0675830_0678270 那个 洋 BUSINESS SCHOOL 啊 
LOG (gmm-latgen-faster[5.1.60~1-b2d5d]:DecodeUtteranceLatticeFaster():decoder-wrappers.cc:285) Log-like per frame for utterance NI42FBQ_0101_0675830_0678270 is -3.76778 over 242 frames.
NI42FBQ_0101_0679720_0684820 没有 啦 没有 是 运动 SIL2 可是 SIL2 
LOG (gmm-latgen-faster[5.1.60~1-b2d5d]:DecodeUtteranceLatticeFaster():decoder-wrappers.cc:285) Log-like per frame for utterance NI42FBQ_0101_0679720_0684820 is -4.13906 over 508 frames.
NI42FBQ_0101_0684820_0689300 他们 有 MY 解释 QUITE A 很 贵 LEH 
LOG (gmm-latgen-faster[5.1.60~1-b2d5d]:DecodeUtteranceLatticeFaster():decoder-wrappers.cc:285) Log-like per frame for utterance NI42FBQ_0101_0684820_0689300 is -4.07303 over 446 frames.
NI42FBQ_0101_0690930_0696660 我 也 不知道 为什么 我 找 朋友 MINOR SIL2 SIL2 
LOG (gmm-latgen-faster[5.1.60~1-b2d5d]:DecodeUtteranceLatticeFaster():decoder-wrappers.cc:285) Log-like per frame for utterance NI42FBQ_0101_0690930_0696660 is -3.983 over 571 frames.
NI42FBQ_0101_0699970_0706890 SIL2 你 可以 它 还有 还有 买 吗 还是 什么 
LOG (gmm-latgen-faster[5.1.60~1-b2d5d]:DecodeUtteranceLatticeFaster():decoder-wrappers.cc:285) Log-like per frame for utterance NI42FBQ_0101_0699970_0706890 is -3.6587 over 690 frames.
NI42FBQ_0101_0707130_0718220 所以 没有 了 他 们 是 以前 SUPPOSE I WENT TO TO REGISTER TO BUY 然后 他们 还有 一天 是 COLLECT LEH 
LOG (gmm-latgen-faster[5.1.60~1-b2d5d]:DecodeUtteranceLatticeFaster():decoder-wrappers.cc:285) Log-like per frame for utterance NI42FBQ_0101_0707130_0718220 is -3.86602 over 1107 frames.
NI42FBQ_0101_0718220_0725200 啊 那个 就 很 吵 啊 我 也 不 是 不会 SO YOU 就是 特别 好 看 的 
LOG (gmm-latgen-faster[5.1.60~1-b2d5d]:DecodeUtteranceLatticeFaster():decoder-wrappers.cc:285) Log-like per frame for utterance NI42FBQ_0101_0718220_0725200 is -4.01951 over 696 frames.
NI42FBQ_0101_0725600_0728730 啊 是 CHIEF 啦 THEN 啊 
LOG (gmm-latgen-faster[5.1.60~1-b2d5d]:DecodeUtteranceLatticeFaster():decoder-wrappers.cc:285) Log-like per frame for utterance NI42FBQ_0101_0725600_0728730 is -3.51079 over 311 frames.
NI42FBQ_0101_0740040_0743660 OTHER C C A 啊 
LOG (gmm-latgen-faster[5.1.60~1-b2d5d]:DecodeUtteranceLatticeFaster():decoder-wrappers.cc:285) Log-like per frame for utterance NI42FBQ_0101_0740040_0743660 is -3.52978 over 360 frames.
NI42FBQ_0101_0747750_0749670 OVERSEAS 
LOG (gmm-latgen-faster[5.1.60~1-b2d5d]:DecodeUtteranceLatticeFaster():decoder-wrappers.cc:285) Log-like per frame for utterance NI42FBQ_0101_0747750_0749670 is -4.15518 over 190 frames.
NI42FBQ_0101_0752530_0764000 SIL2 SOCIAL AFFAIR COMMITEE 那个 也是 ER 有时候 DINNER AND DANCE 你 听 过 吗 DINNER AND DANCE 
LOG (gmm-latgen-faster[5.1.60~1-b2d5d]:DecodeUtteranceLatticeFaster():decoder-wrappers.cc:285) Log-like per frame for utterance NI42FBQ_0101_0752530_0764000 is -3.66836 over 1145 frames.
NI42FBQ_0101_0764000_0773920 LIKE 他 会 GATHER 全部 的 MEMBERS 然后 会 有一个 EVENT 在 一个 HOTEL SIL2 还有 PAGEANT 啊 
LOG (gmm-latgen-faster[5.1.60~1-b2d5d]:DecodeUtteranceLatticeFaster():decoder-wrappers.cc:285) Log-like per frame for utterance NI42FBQ_0101_0764000_0773920 is -3.71604 over 990 frames.
NI42FBQ_0101_0774590_0783040 那个 可以 就是 好像 学 ENGINEERING 啊 啦 THEN 啊 
LOG (gmm-latgen-faster[5.1.60~1-b2d5d]:DecodeUtteranceLatticeFaster():decoder-wrappers.cc:285) Log-like per frame for utterance NI42FBQ_0101_0774590_0783040 is -3.48672 over 843 frames.
NI42FBQ_0101_0785300_0795230 因为 那个 CHANNEL EIGHT 还是 那个 EVENT 很 久 SAY C MEMBERS 的 都是 OPEN 我 的 SIL2 
LOG (gmm-latgen-faster[5.1.60~1-b2d5d]:DecodeUtteranceLatticeFaster():decoder-wrappers.cc:285) Log-like per frame for utterance NI42FBQ_0101_0785300_0795230 is -3.94952 over 991 frames.
NI42FBQ_0101_0799530_0808660 啊 ENGINE 啊 我 没有 PLAN GENERAL 没有 选择 在 这个 他们 叫 他们 跳舞 
LOG (gmm-latgen-faster[5.1.60~1-b2d5d]:DecodeUtteranceLatticeFaster():decoder-wrappers.cc:285) Log-like per frame for utterance NI42FBQ_0101_0799530_0808660 is -3.73263 over 911 frames.
NI42FBQ_0101_0808660_0812880 啊 还有 那个 车 就 三个 那种 啊 
LOG (gmm-latgen-faster[5.1.60~1-b2d5d]:DecodeUtteranceLatticeFaster():decoder-wrappers.cc:285) Log-like per frame for utterance NI42FBQ_0101_0808660_0812880 is -3.64506 over 420 frames.
NI42FBQ_0101_0816960_0822000 啊 你 每个 学校 全部 THE 这些 
LOG (gmm-latgen-faster[5.1.60~1-b2d5d]:DecodeUtteranceLatticeFaster():decoder-wrappers.cc:285) Log-like per frame for utterance NI42FBQ_0101_0816960_0822000 is -3.80272 over 502 frames.
NI42FBQ_0101_0822020_0826160 啊 对 有 学 没有 还是 什么 的 
LOG (gmm-latgen-faster[5.1.60~1-b2d5d]:DecodeUtteranceLatticeFaster():decoder-wrappers.cc:285) Log-like per frame for utterance NI42FBQ_0101_0822020_0826160 is -3.73207 over 412 frames.
NI42FBQ_0101_0826500_0830780 在 就 LIKE ENERGY LEH 
LOG (gmm-latgen-faster[5.1.60~1-b2d5d]:DecodeUtteranceLatticeFaster():decoder-wrappers.cc:285) Log-like per frame for utterance NI42FBQ_0101_0826500_0830780 is -3.4355 over 426 frames.
NI42FBQ_0101_0830780_0837560 啊 是 一 间 的 啊 在 在 一个 HOTEL 我们 已经 BOOK 那个 了 
LOG (gmm-latgen-faster[5.1.60~1-b2d5d]:DecodeUtteranceLatticeFaster():decoder-wrappers.cc:285) Log-like per frame for utterance NI42FBQ_0101_0830780_0837560 is -3.97253 over 676 frames.
NI42FBQ_0101_0843430_0848390 然后 啊 什么 HALL 的 
LOG (gmm-latgen-faster[5.1.60~1-b2d5d]:DecodeUtteranceLatticeFaster():decoder-wrappers.cc:285) Log-like per frame for utterance NI42FBQ_0101_0843430_0848390 is -3.51854 over 494 frames.
NI42FBQ_0101_0849240_0851760 啊 对 啊 对 了 
LOG (gmm-latgen-faster[5.1.60~1-b2d5d]:DecodeUtteranceLatticeFaster():decoder-wrappers.cc:285) Log-like per frame for utterance NI42FBQ_0101_0849240_0851760 is -3.87003 over 250 frames.
NI42FBQ_0101_0855240_0859010 有时候 好像 我们 都 有 学校 的 
LOG (gmm-latgen-faster[5.1.60~1-b2d5d]:DecodeUtteranceLatticeFaster():decoder-wrappers.cc:285) Log-like per frame for utterance NI42FBQ_0101_0855240_0859010 is -3.89118 over 375 frames.
NI42FBQ_0101_0859410_0864600 啊 直接 SHOVE 你 知道 吗 
LOG (gmm-latgen-faster[5.1.60~1-b2d5d]:DecodeUtteranceLatticeFaster():decoder-wrappers.cc:285) Log-like per frame for utterance NI42FBQ_0101_0859410_0864600 is -4.09957 over 517 frames.
NI42FBQ_0101_0864600_0877600 然后 们 的 SCHOOL 也有 这个 NINE BUSINESS SCHOOL YEAR 己 的 COMPETITION 啊 SIL2 我 看 那些 真 的 真 的 不错 啊 YA 
LOG (gmm-latgen-faster[5.1.60~1-b2d5d]:DecodeUtteranceLatticeFaster():decoder-wrappers.cc:285) Log-like per frame for utterance NI42FBQ_0101_0864600_0877600 is -3.68092 over 1298 frames.
NI42FBQ_0101_0882320_0894680 NOTHING 有 TAKE YEAR YAH THEN THAT 啊 了 不要 DROP ALL 你 觉得 啦 因为 这个 U S M 是 
LOG (gmm-latgen-faster[5.1.60~1-b2d5d]:DecodeUtteranceLatticeFaster():decoder-wrappers.cc:285) Log-like per frame for utterance NI42FBQ_0101_0882320_0894680 is -3.65412 over 1234 frames.
NI42FBQ_0101_0898900_0903730 啊 因为 N T U N B S CAN 觉得 
LOG (gmm-latgen-faster[5.1.60~1-b2d5d]:DecodeUtteranceLatticeFaster():decoder-wrappers.cc:285) Log-like per frame for utterance NI42FBQ_0101_0898900_0903730 is -3.69027 over 481 frames.
NI42FBQ_0101_0903770_0910940 啊 有 SCHOOL 的 LEH 你 没有 学 你 的 你 的 学校 THAT 
LOG (gmm-latgen-faster[5.1.60~1-b2d5d]:DecodeUtteranceLatticeFaster():decoder-wrappers.cc:285) Log-like per frame for utterance NI42FBQ_0101_0903770_0910940 is -3.56617 over 715 frames.
NI42FBQ_0101_0913060_0919160 HUH 是 吗 睡 觉 没有 学校 对 这个 故 事 啊 
LOG (gmm-latgen-faster[5.1.60~1-b2d5d]:DecodeUtteranceLatticeFaster():decoder-wrappers.cc:285) Log-like per frame for utterance NI42FBQ_0101_0913060_0919160 is -4.13528 over 608 frames.
NI42FBQ_0101_0919190_0922160 啊 我 不知道 EH 
LOG (gmm-latgen-faster[5.1.60~1-b2d5d]:DecodeUtteranceLatticeFaster():decoder-wrappers.cc:285) Log-like per frame for utterance NI42FBQ_0101_0919190_0922160 is -4.0248 over 295 frames.
NI42FBQ_0101_0924490_0927420 这个 BESIDE 
LOG (gmm-latgen-faster[5.1.60~1-b2d5d]:DecodeUtteranceLatticeFaster():decoder-wrappers.cc:285) Log-like per frame for utterance NI42FBQ_0101_0924490_0927420 is -3.59109 over 291 frames.
NI42FBQ_0101_0930780_0933130 就 外面 SIL2 
LOG (gmm-latgen-faster[5.1.60~1-b2d5d]:DecodeUtteranceLatticeFaster():decoder-wrappers.cc:285) Log-like per frame for utterance NI42FBQ_0101_0930780_0933130 is -3.72893 over 233 frames.
NI42FBQ_0101_0937860_0942900 SIL2 SIL2 ASIAN ENJOYING 去 参加 
LOG (gmm-latgen-faster[5.1.60~1-b2d5d]:DecodeUtteranceLatticeFaster():decoder-wrappers.cc:285) Log-like per frame for utterance NI42FBQ_0101_0937860_0942900 is -3.69591 over 502 frames.
NI42FBQ_0101_0948550_0950820 啊 对 啊 对 啊 
LOG (gmm-latgen-faster[5.1.60~1-b2d5d]:DecodeUtteranceLatticeFaster():decoder-wrappers.cc:285) Log-like per frame for utterance NI42FBQ_0101_0948550_0950820 is -3.79427 over 225 frames.
NI42FBQ_0101_0957630_0959260 SO 
LOG (gmm-latgen-faster[5.1.60~1-b2d5d]:DecodeUtteranceLatticeFaster():decoder-wrappers.cc:285) Log-like per frame for utterance NI42FBQ_0101_0957630_0959260 is -4.07191 over 161 frames.
NI42FBQ_0101_0960360_0967170 ER 那时 你 现在 是 YEAR FOUR 是 啦 FINAL YEAR PROJECT 
LOG (gmm-latgen-faster[5.1.60~1-b2d5d]:DecodeUtteranceLatticeFaster():decoder-wrappers.cc:285) Log-like per frame for utterance NI42FBQ_0101_0960360_0967170 is -3.79402 over 679 frames.
NI42FBQ_0101_0969740_0972040 CAUSE 他们 吃 什么 
LOG (gmm-latgen-faster[5.1.60~1-b2d5d]:DecodeUtteranceLatticeFaster():decoder-wrappers.cc:285) Log-like per frame for utterance NI42FBQ_0101_0969740_0972040 is -3.79984 over 228 frames.
NI42FBQ_0101_0975880_0978880 所以 是 你 一个人 的 PROJECT 
LOG (gmm-latgen-faster[5.1.60~1-b2d5d]:DecodeUtteranceLatticeFaster():decoder-wrappers.cc:285) Log-like per frame for utterance NI42FBQ_0101_0975880_0978880 is -3.8519 over 298 frames.
NI42FBQ_0101_0982370_0987640 啊 是 S 吗 因为 是 做 F Y P 的 
LOG (gmm-latgen-faster[5.1.60~1-b2d5d]:DecodeUtteranceLatticeFaster():decoder-wrappers.cc:285) Log-like per frame for utterance NI42FBQ_0101_0982370_0987640 is -3.86731 over 525 frames.
NI42FBQ_0101_0987640_0991120 那 然后 你 K 
LOG (gmm-latgen-faster[5.1.60~1-b2d5d]:DecodeUtteranceLatticeFaster():decoder-wrappers.cc:285) Log-like per frame for utterance NI42FBQ_0101_0987640_0991120 is -3.80695 over 346 frames.
NI42FBQ_0101_0999490_1001460 有时候 
LOG (gmm-latgen-faster[5.1.60~1-b2d5d]:DecodeUtteranceLatticeFaster():decoder-wrappers.cc:285) Log-like per frame for utterance NI42FBQ_0101_0999490_1001460 is -3.81693 over 195 frames.
NI42FBQ_0101_1001970_1003600 JUST THAT 
LOG (gmm-latgen-faster[5.1.60~1-b2d5d]:DecodeUtteranceLatticeFaster():decoder-wrappers.cc:285) Log-like per frame for utterance NI42FBQ_0101_1001970_1003600 is -3.92619 over 161 frames.
NI42FBQ_0101_1010640_1013850 啊 可是 就是 心理学 EH 
LOG (gmm-latgen-faster[5.1.60~1-b2d5d]:DecodeUtteranceLatticeFaster():decoder-wrappers.cc:285) Log-like per frame for utterance NI42FBQ_0101_1010640_1013850 is -3.84993 over 319 frames.
NI42FBQ_0101_1014960_1017240 SIL2 K 
LOG (gmm-latgen-faster[5.1.60~1-b2d5d]:DecodeUtteranceLatticeFaster():decoder-wrappers.cc:285) Log-like per frame for utterance NI42FBQ_0101_1014960_1017240 is -3.06735 over 226 frames.
NI42FBQ_0101_1025740_1029490 FROM 要 I WENT WHEN 你 的 家 啊 
LOG (gmm-latgen-faster[5.1.60~1-b2d5d]:DecodeUtteranceLatticeFaster():decoder-wrappers.cc:285) Log-like per frame for utterance NI42FBQ_0101_1025740_1029490 is -3.64164 over 373 frames.
NI42FBQ_0101_1029490_1037910 啊 个 啊 AS IN PRIMARY SCHOOL 啊 带 我 去 AMERICAN DISNEYLAND AH 
LOG (gmm-latgen-faster[5.1.60~1-b2d5d]:DecodeUtteranceLatticeFaster():decoder-wrappers.cc:285) Log-like per frame for utterance NI42FBQ_0101_1029490_1037910 is -3.48285 over 840 frames.
NI42FBQ_0101_1039100_1046780 THEN AFTER THAT 的 这样的 SAY YES THEN 那个 ESCALATOR 的 FRIENDS DISNEYLAND 
LOG (gmm-latgen-faster[5.1.60~1-b2d5d]:DecodeUtteranceLatticeFaster():decoder-wrappers.cc:285) Log-like per frame for utterance NI42FBQ_0101_1039100_1046780 is -3.86546 over 766 frames.
NI42FBQ_0101_1046780_1054680 啊 可是 现在 我 的 我 觉得 SIL2 你 SISTER 样 的 应该 觉得 他 年 太 小 了 都 不 给 的 
LOG (gmm-latgen-faster[5.1.60~1-b2d5d]:DecodeUtteranceLatticeFaster():decoder-wrappers.cc:285) Log-like per frame for utterance NI42FBQ_0101_1046780_1054680 is -4.16808 over 788 frames.
NI42FBQ_0101_1054680_1060220 啊 然后 我 爸 爸 是 我 应该 是 宜 的 
LOG (gmm-latgen-faster[5.1.60~1-b2d5d]:DecodeUtteranceLatticeFaster():decoder-wrappers.cc:285) Log-like per frame for utterance NI42FBQ_0101_1054680_1060220 is -3.69121 over 552 frames.
NI42FBQ_0101_1060220_1065370 所以 他 有 很多 啊 所以 SINGAPORE AIRLINE IS 
LOG (gmm-latgen-faster[5.1.60~1-b2d5d]:DecodeUtteranceLatticeFaster():decoder-wrappers.cc:285) Log-like per frame for utterance NI42FBQ_0101_1060220_1065370 is -3.62617 over 513 frames.
NI42FBQ_0101_1065370_1074000 啊 SO 他 有 很多 可能 比较 PAY 你 的 ETHICS KITS 啊 所以 很 喜欢 出 过 SIL2 SIL2 
LOG (gmm-latgen-faster[5.1.60~1-b2d5d]:DecodeUtteranceLatticeFaster():decoder-wrappers.cc:285) Log-like per frame for utterance NI42FBQ_0101_1065370_1074000 is -3.80881 over 861 frames.
NI42FBQ_0101_1074000_1087230 SIL2 有 去 过 啊 台 THEN 台湾 HONG KONG 还有 SCHOLARS 啊 LONDON FRIENDS 
LOG (gmm-latgen-faster[5.1.60~1-b2d5d]:DecodeUtteranceLatticeFaster():decoder-wrappers.cc:285) Log-like per frame for utterance NI42FBQ_0101_1074000_1087230 is -3.30684 over 1321 frames.
NI42FBQ_0101_1087340_1093540 SIL2 都是 几个 然 就是 满 多 的 去 了 
LOG (gmm-latgen-faster[5.1.60~1-b2d5d]:DecodeUtteranceLatticeFaster():decoder-wrappers.cc:285) Log-like per frame for utterance NI42FBQ_0101_1087340_1093540 is -3.74998 over 618 frames.
NI42FBQ_0101_1094110_1107750 最近 的 ER 新 年 时候 回去 了 马来西亚 啊 所以 是 因为 SENIOR 吗 所以 要 看 请 要 回去 很 清 
LOG (gmm-latgen-faster[5.1.60~1-b2d5d]:DecodeUtteranceLatticeFaster():decoder-wrappers.cc:285) Log-like per frame for utterance NI42FBQ_0101_1094110_1107750 is -3.67656 over 1362 frames.
NI42FBQ_0101_1109690_1117790 I JOIN HALL THEN 他 很多 SELLING 那 边 的 是 
LOG (gmm-latgen-faster[5.1.60~1-b2d5d]:DecodeUtteranceLatticeFaster():decoder-wrappers.cc:285) Log-like per frame for utterance NI42FBQ_0101_1109690_1117790 is -3.28936 over 808 frames.
NI42FBQ_0101_1120440_1130570 为什么 心 最 因为 我 一年 就是 回去 MAYBE ONE SURPRISE AH 真 的 是 很 少 跟 他们 几次 SIL2 
LOG (gmm-latgen-faster[5.1.60~1-b2d5d]:DecodeUtteranceLatticeFaster():decoder-wrappers.cc:285) Log-like per frame for utterance NI42FBQ_0101_1120440_1130570 is -3.79573 over 1011 frames.
NI42FBQ_0101_1132200_1142860 RELATIVE YAH MY 们 的 STRATEGY FROM SELLING O K 啊 YA THEY 他们 会 讲 CANTONESE 
LOG (gmm-latgen-faster[5.1.60~1-b2d5d]:DecodeUtteranceLatticeFaster():decoder-wrappers.cc:285) Log-like per frame for utterance NI42FBQ_0101_1132200_1142860 is -3.53091 over 1064 frames.
NI42FBQ_0101_1142940_1145990 就是 他们 东 话 
LOG (gmm-latgen-faster[5.1.60~1-b2d5d]:DecodeUtteranceLatticeFaster():decoder-wrappers.cc:285) Log-like per frame for utterance NI42FBQ_0101_1142940_1145990 is -3.74952 over 303 frames.
NI42FBQ_0101_1147570_1152350 你 要 很多 EH 而且 我 觉得 那个 LANGUAGE 的 OUTING 
LOG (gmm-latgen-faster[5.1.60~1-b2d5d]:DecodeUtteranceLatticeFaster():decoder-wrappers.cc:285) Log-like per frame for utterance NI42FBQ_0101_1147570_1152350 is -3.63898 over 476 frames.
NI42FBQ_0101_1152350_1157120 啊 的 SO FAR 在 那 边 是 JOIN HALL 的 是 讲 OKAY 
LOG (gmm-latgen-faster[5.1.60~1-b2d5d]:DecodeUtteranceLatticeFaster():decoder-wrappers.cc:285) Log-like per frame for utterance NI42FBQ_0101_1152350_1157120 is -4.00865 over 475 frames.
NI42FBQ_0101_1157240_1161380 你 哪里 啊 啊 可能 他们 要 吗 
LOG (gmm-latgen-faster[5.1.60~1-b2d5d]:DecodeUtteranceLatticeFaster():decoder-wrappers.cc:285) Log-like per frame for utterance NI42FBQ_0101_1157240_1161380 is -3.7213 over 412 frames.
NI42FBQ_0101_1161380_1170650 啊 所以 那时 我 不会 讲 你 哪里 啊 我 不会 讲 O K 啦 可是 我 比较 PIA 动 广 东 话 SIL2 
LOG (gmm-latgen-faster[5.1.60~1-b2d5d]:DecodeUtteranceLatticeFaster():decoder-wrappers.cc:285) Log-like per frame for utterance NI42FBQ_0101_1161380_1170650 is -3.82225 over 925 frames.
NI42FBQ_0101_1170720_1175850 因为 我们 每 次 跟 我 讲 CANTONESE 啦 可是 我 爸 爸 会 跟 我 讲 HALL CAMP 
LOG (gmm-latgen-faster[5.1.60~1-b2d5d]:DecodeUtteranceLatticeFaster():decoder-wrappers.cc:285) Log-like per frame for utterance NI42FBQ_0101_1170720_1175850 is -4.25083 over 511 frames.
NI42FBQ_0101_1175950_1178830 SIL2 对 啊 
LOG (gmm-latgen-faster[5.1.60~1-b2d5d]:DecodeUtteranceLatticeFaster():decoder-wrappers.cc:285) Log-like per frame for utterance NI42FBQ_0101_1175950_1178830 is -2.93732 over 286 frames.
NI42FBQ_0101_1184250_1187980 啊 BANGKOK 上来 啊 
LOG (gmm-latgen-faster[5.1.60~1-b2d5d]:DecodeUtteranceLatticeFaster():decoder-wrappers.cc:285) Log-like per frame for utterance NI42FBQ_0101_1184250_1187980 is -3.67406 over 371 frames.
NI42FBQ_0101_1187980_1194410 他们 EH 我们 去 满 多 十 六 PROPORTION 那 边 啊 
LOG (gmm-latgen-faster[5.1.60~1-b2d5d]:DecodeUtteranceLatticeFaster():decoder-wrappers.cc:285) Log-like per frame for utterance NI42FBQ_0101_1187980_1194410 is -3.80918 over 641 frames.
NI42FBQ_0101_1194410_1197450 我 也 不知道 EH 
LOG (gmm-latgen-faster[5.1.60~1-b2d5d]:DecodeUtteranceLatticeFaster():decoder-wrappers.cc:285) Log-like per frame for utterance NI42FBQ_0101_1194410_1197450 is -3.83037 over 302 frames.
NI42FBQ_0101_1199560_1204950 就是 中学 BUT 小 学 中学 那时 我 都 不 给 的 OF 
LOG (gmm-latgen-faster[5.1.60~1-b2d5d]:DecodeUtteranceLatticeFaster():decoder-wrappers.cc:285) Log-like per frame for utterance NI42FBQ_0101_1199560_1204950 is -4.02704 over 537 frames.
NI42FBQ_0101_1204970_1212900 THAILAND 有 什么 因为 泰 我 现在 我 读 很 早 出 过 了 是 比较 少 少 过 走过 
LOG (gmm-latgen-faster[5.1.60~1-b2d5d]:DecodeUtteranceLatticeFaster():decoder-wrappers.cc:285) Log-like per frame for utterance NI42FBQ_0101_1204970_1212900 is -4.03632 over 791 frames.
NI42FBQ_0101_1213020_1215350 所以 现在 我 都 不 给 的 
LOG (gmm-latgen-faster[5.1.60~1-b2d5d]:DecodeUtteranceLatticeFaster():decoder-wrappers.cc:285) Log-like per frame for utterance NI42FBQ_0101_1213020_1215350 is -3.73087 over 231 frames.
NI42FBQ_0101_1215350_1221340 THEN I GO 国家 比较 好玩 的 还是 什么 THEN 啊 是 
LOG (gmm-latgen-faster[5.1.60~1-b2d5d]:DecodeUtteranceLatticeFaster():decoder-wrappers.cc:285) Log-like per frame for utterance NI42FBQ_0101_1215350_1221340 is -3.86012 over 597 frames.
NI42FBQ_0101_1223290_1228650 第 一 次 会 去 那 边 是 车 然后 我们 再 去 
LOG (gmm-latgen-faster[5.1.60~1-b2d5d]:DecodeUtteranceLatticeFaster():decoder-wrappers.cc:285) Log-like per frame for utterance NI42FBQ_0101_1223290_1228650 is -3.96732 over 534 frames.
NI42FBQ_0101_1228650_1249320 SIL2 SAY 你 C AH 就 不是 真 的 是 自己 PLAN 自 己 的 ITINERARY SIL2 就是 比较 好玩 啦 CAUSE FOR TWO HOURS YEAR TWO YEAR TWO 一个 ALREADY LIKE MAYBE 有 点 
LOG (gmm-latgen-faster[5.1.60~1-b2d5d]:DecodeUtteranceLatticeFaster():decoder-wrappers.cc:285) Log-like per frame for utterance NI42FBQ_0101_1228650_1249320 is -3.65529 over 2065 frames.
NI42FBQ_0101_1249320_1256380 然后 我们 找 然后 要 睡 也是 是 很 吃 时间 不够 是 西 啊 对 啊 
LOG (gmm-latgen-faster[5.1.60~1-b2d5d]:DecodeUtteranceLatticeFaster():decoder-wrappers.cc:285) Log-like per frame for utterance NI42FBQ_0101_1249320_1256380 is -3.83583 over 704 frames.
NI42FBQ_0101_1259700_1266490 说 啊 对 那 是 就 SAY SAY 的 人 对 吗 
LOG (gmm-latgen-faster[5.1.60~1-b2d5d]:DecodeUtteranceLatticeFaster():decoder-wrappers.cc:285) Log-like per frame for utterance NI42FBQ_0101_1259700_1266490 is -3.63279 over 677 frames.
NI42FBQ_0101_1267340_1281500 SIL2 对 啊 我 去 台湾 的 时候 是 的 是 一个 DECLARE 是 出来 的 然后 吃 的 然后 上 BUS 就 睡 WHICH EVER THAT THE NEXT DESTINATION 
LOG (gmm-latgen-faster[5.1.60~1-b2d5d]:DecodeUtteranceLatticeFaster():decoder-wrappers.cc:285) Log-like per frame for utterance NI42FBQ_0101_1267340_1281500 is -3.81295 over 1414 frames.
NI42FBQ_0101_1281500_1294080 THEN NATURALLY TIME 可能 是 两个 小 时 的 小 时 可是 那个 吃 饱 然后 就 所以 就 很 HAPPY 啊 然后 回去 新加坡 SIL2 真 的 是 去 K G 
LOG (gmm-latgen-faster[5.1.60~1-b2d5d]:DecodeUtteranceLatticeFaster():decoder-wrappers.cc:285) Log-like per frame for utterance NI42FBQ_0101_1281500_1294080 is -4.06533 over 1256 frames.
NI42FBQ_0101_1296620_1303050 去 J J 公斤 的 SAMPLE COURSE 给 啊 
LOG (gmm-latgen-faster[5.1.60~1-b2d5d]:DecodeUtteranceLatticeFaster():decoder-wrappers.cc:285) Log-like per frame for utterance NI42FBQ_0101_1296620_1303050 is -3.99611 over 641 frames.
NI42FBQ_0101_1306660_1318150 那个 是 错 的 呼 TAIWAN 啊 AROUND 啊 YA BUT I THINK LIKE ONE K SO 你 可能 以前 以 做 没有 看到 什么 啦 
LOG (gmm-latgen-faster[5.1.60~1-b2d5d]:DecodeUtteranceLatticeFaster():decoder-wrappers.cc:285) Log-like per frame for utterance NI42FBQ_0101_1306660_1318150 is -3.86213 over 1147 frames.
NI42FBQ_0101_1318350_1329150 我 有 去 那种 LIKE BIGGER CITIES JANUARY 才 可以 CRASH 然后 那些 了 太 重 啊 啦 
LOG (gmm-latgen-faster[5.1.60~1-b2d5d]:DecodeUtteranceLatticeFaster():decoder-wrappers.cc:285) Log-like per frame for utterance NI42FBQ_0101_1318350_1329150 is -3.58764 over 1078 frames.
NI42FBQ_0101_1330430_1333590 有 啊 有 去 啊 
LOG (gmm-latgen-faster[5.1.60~1-b2d5d]:DecodeUtteranceLatticeFaster():decoder-wrappers.cc:285) Log-like per frame for utterance NI42FBQ_0101_1330430_1333590 is -3.54747 over 314 frames.
NI42FBQ_0101_1335400_1339490 没有 时间 去 那 边 看 觉得 小 时 就 走 了 
LOG (gmm-latgen-faster[5.1.60~1-b2d5d]:DecodeUtteranceLatticeFaster():decoder-wrappers.cc:285) Log-like per frame for utterance NI42FBQ_0101_1335400_1339490 is -4.01663 over 407 frames.
NI42FBQ_0101_1339730_1346420 对 啊 对 啊 ANYTHING 很 RUSH 啊 而且 那时 后 因为 要 来 台 风 吗 
LOG (gmm-latgen-faster[5.1.60~1-b2d5d]:DecodeUtteranceLatticeFaster():decoder-wrappers.cc:285) Log-like per frame for utterance NI42FBQ_0101_1339730_1346420 is -3.69346 over 667 frames.
NI42FBQ_0101_1346420_1354530 是 有 风 啦 很多 用 可以 去 啊 对 他们 跳舞 SIL2 不可 以 吃 还是 什么 
LOG (gmm-latgen-faster[5.1.60~1-b2d5d]:DecodeUtteranceLatticeFaster():decoder-wrappers.cc:285) Log-like per frame for utterance NI42FBQ_0101_1346420_1354530 is -4.07685 over 809 frames.
NI42FBQ_0101_1359610_1366260 BEFORE MY 你 的 STATISTICS 面 啊 就是 SEND 给 你 啊 
LOG (gmm-latgen-faster[5.1.60~1-b2d5d]:DecodeUtteranceLatticeFaster():decoder-wrappers.cc:285) Log-like per frame for utterance NI42FBQ_0101_1359610_1366260 is -3.63898 over 663 frames.
NI42FBQ_0101_1367150_1373730 我 也 啊 啊 对 他 CASTER MY A LEVELS 
LOG (gmm-latgen-faster[5.1.60~1-b2d5d]:DecodeUtteranceLatticeFaster():decoder-wrappers.cc:285) Log-like per frame for utterance NI42FBQ_0101_1367150_1373730 is -3.53156 over 656 frames.
NI42FBQ_0101_1374070_1382690 THEN 他 ONE 啦 可是 真 的 很多 很多 费 EH 对 啊 好像 啊 
LOG (gmm-latgen-faster[5.1.60~1-b2d5d]:DecodeUtteranceLatticeFaster():decoder-wrappers.cc:285) Log-like per frame for utterance NI42FBQ_0101_1374070_1382690 is -3.7356 over 860 frames.
NI42FBQ_0101_1385810_1387840 你 现在 是 
LOG (gmm-latgen-faster[5.1.60~1-b2d5d]:DecodeUtteranceLatticeFaster():decoder-wrappers.cc:285) Log-like per frame for utterance NI42FBQ_0101_1385810_1387840 is -3.95487 over 201 frames.
NI42FBQ_0101_1388140_1403520 我 喜欢 吃 红 包 了 因为 啦 THEN I THINK SO 你 THEY SAY MAYBE COMPARED TO SAY 要 FORCE 啊 FIRST DAY 他 们 的 INCENTIVE 进 比较 大 
LOG (gmm-latgen-faster[5.1.60~1-b2d5d]:DecodeUtteranceLatticeFaster():decoder-wrappers.cc:285) Log-like per frame for utterance NI42FBQ_0101_1388140_1403520 is -3.74594 over 1536 frames.
NI42FBQ_0101_1403600_1415100 啊 THEN 还有 他 们 的 价 钱 是 叫 P SIL2 SIL2 SIL2 而且 他们 几个 是 STEAM 了 吗 所以 比较 ACTIVE SIL2 YAH 
LOG (gmm-latgen-faster[5.1.60~1-b2d5d]:DecodeUtteranceLatticeFaster():decoder-wrappers.cc:285) Log-like per frame for utterance NI42FBQ_0101_1403600_1415100 is -3.70889 over 1148 frames.
NI42FBQ_0101_1415610_1420740 你 要 笑 BUT 没有 这样 多 ROAD 我 觉得 钱 比较 贵 啊 
LOG (gmm-latgen-faster[5.1.60~1-b2d5d]:DecodeUtteranceLatticeFaster():decoder-wrappers.cc:285) Log-like per frame for utterance NI42FBQ_0101_1415610_1420740 is -3.96843 over 511 frames.
NI42FBQ_0101_1421530_1424370 THEN THEY 来 自 己 啦 
LOG (gmm-latgen-faster[5.1.60~1-b2d5d]:DecodeUtteranceLatticeFaster():decoder-wrappers.cc:285) Log-like per frame for utterance NI42FBQ_0101_1421530_1424370 is -3.47631 over 282 frames.
NI42FBQ_0101_1426670_1433700 哪里 新加坡 啊 啊 啊 那个 应该 是 很 贵 啦 
LOG (gmm-latgen-faster[5.1.60~1-b2d5d]:DecodeUtteranceLatticeFaster():decoder-wrappers.cc:285) Log-like per frame for utterance NI42FBQ_0101_1426670_1433700 is -3.56535 over 701 frames.
NI42FBQ_0101_1435320_1441620 是 SIL2 去 香港 的 啊 K 啊 I CAN TAKE YAH SIL2 
LOG (gmm-latgen-faster[5.1.60~1-b2d5d]:DecodeUtteranceLatticeFaster():decoder-wrappers.cc:285) Log-like per frame for utterance NI42FBQ_0101_1435320_1441620 is -3.58101 over 628 frames.
NI42FBQ_0101_1446090_1454790 DIM SUM 钱 吗 OKAY 如果 有 不同 SIL2 NO SIL2 
LOG (gmm-latgen-faster[5.1.60~1-b2d5d]:DecodeUtteranceLatticeFaster():decoder-wrappers.cc:285) Log-like per frame for utterance NI42FBQ_0101_1446090_1454790 is -3.70769 over 868 frames.
NI42FBQ_0101_1455540_1465530 我 们 是 因为 OKAY 我 们 是 去 那个 STORE 啦 INDIANS IN 啊 THEN 他 会 三千 啊 对 对 
LOG (gmm-latgen-faster[5.1.60~1-b2d5d]:DecodeUtteranceLatticeFaster():decoder-wrappers.cc:285) Log-like per frame for utterance NI42FBQ_0101_1455540_1465530 is -3.78939 over 997 frames.
NI42FBQ_0101_1466870_1469920 这样 比较 好 AH 好 
LOG (gmm-latgen-faster[5.1.60~1-b2d5d]:DecodeUtteranceLatticeFaster():decoder-wrappers.cc:285) Log-like per frame for utterance NI42FBQ_0101_1466870_1469920 is -3.74992 over 303 frames.
NI42FBQ_0101_1471490_1474300 台湾 啊 CASING 啊 
LOG (gmm-latgen-faster[5.1.60~1-b2d5d]:DecodeUtteranceLatticeFaster():decoder-wrappers.cc:285) Log-like per frame for utterance NI42FBQ_0101_1471490_1474300 is -3.78584 over 279 frames.
NI42FBQ_0101_1481280_1483320 CHARLIE 啊 
LOG (gmm-latgen-faster[5.1.60~1-b2d5d]:DecodeUtteranceLatticeFaster():decoder-wrappers.cc:285) Log-like per frame for utterance NI42FBQ_0101_1481280_1483320 is -3.39753 over 202 frames.
NI42FBQ_0101_1485020_1492850 然后 新加坡 也是 讲 啦 USE 有些 餐 厅 啊 有些 不是 啊 啊 
LOG (gmm-latgen-faster[5.1.60~1-b2d5d]:DecodeUtteranceLatticeFaster():decoder-wrappers.cc:285) Log-like per frame for utterance NI42FBQ_0101_1485020_1492850 is -3.63404 over 781 frames.
NI42FBQ_0101_1494270_1500090 没有 啦 那个 WHY 己 的 那个 AMERICAN THEN FUN 时候 都 不 给 的 
LOG (gmm-latgen-faster[5.1.60~1-b2d5d]:DecodeUtteranceLatticeFaster():decoder-wrappers.cc:285) Log-like per frame for utterance NI42FBQ_0101_1494270_1500090 is -3.98933 over 580 frames.
NI42FBQ_0101_1507590_1510990 那个 要 演 的 是 
LOG (gmm-latgen-faster[5.1.60~1-b2d5d]:DecodeUtteranceLatticeFaster():decoder-wrappers.cc:285) Log-like per frame for utterance NI42FBQ_0101_1507590_1510990 is -3.28497 over 338 frames.
NI42FBQ_0101_1511060_1512690 I THINK 后 过后 
LOG (gmm-latgen-faster[5.1.60~1-b2d5d]:DecodeUtteranceLatticeFaster():decoder-wrappers.cc:285) Log-like per frame for utterance NI42FBQ_0101_1511060_1512690 is -4.41982 over 161 frames.
NI42FBQ_0101_1513440_1516660 然后 就 一个 RIGHT 比较 好玩 啦 
LOG (gmm-latgen-faster[5.1.60~1-b2d5d]:DecodeUtteranceLatticeFaster():decoder-wrappers.cc:285) Log-like per frame for utterance NI42FBQ_0101_1513440_1516660 is -3.85992 over 320 frames.
NI42FBQ_0101_1516840_1528120 我 很 THIS THIS MOUNTAIN 是 因为 THE REST ALL THE END NOT NOT EXCITING 的 做 老师 给 小孩子 ONE 的 
LOG (gmm-latgen-faster[5.1.60~1-b2d5d]:DecodeUtteranceLatticeFaster():decoder-wrappers.cc:285) Log-like per frame for utterance NI42FBQ_0101_1516840_1528120 is -3.8434 over 1126 frames.
NI42FBQ_0101_1528120_1533970 SIL2 就 那个 好像 是 去 TEMPLE THEN 要 掉 还要 自己 AH 
LOG (gmm-latgen-faster[5.1.60~1-b2d5d]:DecodeUtteranceLatticeFaster():decoder-wrappers.cc:285) Log-like per frame for utterance NI42FBQ_0101_1528120_1533970 is -3.88633 over 583 frames.
NI42FBQ_0101_1535710_1538170 没有 什么 好玩 啊 
LOG (gmm-latgen-faster[5.1.60~1-b2d5d]:DecodeUtteranceLatticeFaster():decoder-wrappers.cc:285) Log-like per frame for utterance NI42FBQ_0101_1535710_1538170 is -3.89368 over 244 frames.
NI42FBQ_0101_1540590_1545000 ALL THE 我 觉得 也是 也是 在 K 
LOG (gmm-latgen-faster[5.1.60~1-b2d5d]:DecodeUtteranceLatticeFaster():decoder-wrappers.cc:285) Log-like per frame for utterance NI42FBQ_0101_1540590_1545000 is -3.79067 over 439 frames.
NI42FBQ_0101_1546380_1549450 他 们 是 讲 ENGLISH 啦 
LOG (gmm-latgen-faster[5.1.60~1-b2d5d]:DecodeUtteranceLatticeFaster():decoder-wrappers.cc:285) Log-like per frame for utterance NI42FBQ_0101_1546380_1549450 is -4.01412 over 305 frames.
NI42FBQ_0101_1550580_1555170 SIL2 对 而且 他们 差 大概 SMARTER 对 吗 
LOG (gmm-latgen-faster[5.1.60~1-b2d5d]:DecodeUtteranceLatticeFaster():decoder-wrappers.cc:285) Log-like per frame for utterance NI42FBQ_0101_1550580_1555170 is -3.62917 over 457 frames.
NI42FBQ_0101_1567090_1569520 没有 SIL2 没有 去 过 吗 
LOG (gmm-latgen-faster[5.1.60~1-b2d5d]:DecodeUtteranceLatticeFaster():decoder-wrappers.cc:285) Log-like per frame for utterance NI42FBQ_0101_1567090_1569520 is -3.74249 over 241 frames.
NI42FBQ_0101_1574820_1578110 SO BUSY THEN 在 一个 PARTY 啊 
LOG (gmm-latgen-faster[5.1.60~1-b2d5d]:DecodeUtteranceLatticeFaster():decoder-wrappers.cc:285) Log-like per frame for utterance NI42FBQ_0101_1574820_1578110 is -4.20447 over 327 frames.
NI42FBQ_0101_1581700_1585090 CALL 他 是 啦 
LOG (gmm-latgen-faster[5.1.60~1-b2d5d]:DecodeUtteranceLatticeFaster():decoder-wrappers.cc:285) Log-like per frame for utterance NI42FBQ_0101_1581700_1585090 is -3.39398 over 337 frames.
NI42FBQ_0101_1586150_1590030 没有 LEH YOU MEAN THIS 你 THEN 里面 的 HOTEL SIL2 
LOG (gmm-latgen-faster[5.1.60~1-b2d5d]:DecodeUtteranceLatticeFaster():decoder-wrappers.cc:285) Log-like per frame for utterance NI42FBQ_0101_1586150_1590030 is -3.80992 over 386 frames.
NI42FBQ_0101_1590030_1594020 没有 我 没有 看到 有时候 我 的 
LOG (gmm-latgen-faster[5.1.60~1-b2d5d]:DecodeUtteranceLatticeFaster():decoder-wrappers.cc:285) Log-like per frame for utterance NI42FBQ_0101_1590030_1594020 is -3.89876 over 397 frames.
NI42FBQ_0101_1599240_1602120 没有 LEH 我 没有 去 过 
LOG (gmm-latgen-faster[5.1.60~1-b2d5d]:DecodeUtteranceLatticeFaster():decoder-wrappers.cc:285) Log-like per frame for utterance NI42FBQ_0101_1599240_1602120 is -3.42748 over 286 frames.
NI42FBQ_0101_1606490_1610370 有 啊 可是 我 都 不 给 的 什么 
LOG (gmm-latgen-faster[5.1.60~1-b2d5d]:DecodeUtteranceLatticeFaster():decoder-wrappers.cc:285) Log-like per frame for utterance NI42FBQ_0101_1606490_1610370 is -3.66037 over 386 frames.
NI42FBQ_0101_1610670_1613990 他们 INDIAN 啊 就 讲 
LOG (gmm-latgen-faster[5.1.60~1-b2d5d]:DecodeUtteranceLatticeFaster():decoder-wrappers.cc:285) Log-like per frame for utterance NI42FBQ_0101_1610670_1613990 is -3.80651 over 330 frames.
NI42FBQ_0101_1615570_1622160 AH MONEY 啊 我 没有 有一个 人 SHOP 的 CHOICE 啊 
LOG (gmm-latgen-faster[5.1.60~1-b2d5d]:DecodeUtteranceLatticeFaster():decoder-wrappers.cc:285) Log-like per frame for utterance NI42FBQ_0101_1615570_1622160 is -3.60879 over 657 frames.
NI42FBQ_0101_1622690_1626320 可是 一个 电影 AGE AGE 一个 
LOG (gmm-latgen-faster[5.1.60~1-b2d5d]:DecodeUtteranceLatticeFaster():decoder-wrappers.cc:285) Log-like per frame for utterance NI42FBQ_0101_1622690_1626320 is -4.02065 over 361 frames.
NI42FBQ_0101_1627720_1635760 SHREK 啊 没有 I THINK 那时 我 去 还没有 SHREK SIL2 就是 要 觉得 SIL2 SIL2 
LOG (gmm-latgen-faster[5.1.60~1-b2d5d]:DecodeUtteranceLatticeFaster():decoder-wrappers.cc:285) Log-like per frame for utterance NI42FBQ_0101_1627720_1635760 is -3.88051 over 802 frames.
NI42FBQ_0101_1639530_1641320 ROLLER COASTER 
LOG (gmm-latgen-faster[5.1.60~1-b2d5d]:DecodeUtteranceLatticeFaster():decoder-wrappers.cc:285) Log-like per frame for utterance NI42FBQ_0101_1639530_1641320 is -3.85297 over 177 frames.
NI42FBQ_0101_1646500_1658510 OH OH 那个 有 看 过 都是 我 不 动 那个 很 小 都 不能 做 那个 ROLLER COASTER 没有 是 因为 他 的 话 SIL2 
LOG (gmm-latgen-faster[5.1.60~1-b2d5d]:DecodeUtteranceLatticeFaster():decoder-wrappers.cc:285) Log-like per frame for utterance NI42FBQ_0101_1646500_1658510 is -3.81517 over 1199 frames.
NI42FBQ_0101_1660110_1662250 SIX TO SIX 
LOG (gmm-latgen-faster[5.1.60~1-b2d5d]:DecodeUtteranceLatticeFaster():decoder-wrappers.cc:285) Log-like per frame for utterance NI42FBQ_0101_1660110_1662250 is -3.77344 over 212 frames.
NI42FBQ_0101_1664610_1667640 LIKE IN N U S 
LOG (gmm-latgen-faster[5.1.60~1-b2d5d]:DecodeUtteranceLatticeFaster():decoder-wrappers.cc:285) Log-like per frame for utterance NI42FBQ_0101_1664610_1667640 is -3.65684 over 301 frames.
NI42FBQ_0101_1672310_1674980 有 个 爸 是 心 这样 
LOG (gmm-latgen-faster[5.1.60~1-b2d5d]:DecodeUtteranceLatticeFaster():decoder-wrappers.cc:285) Log-like per frame for utterance NI42FBQ_0101_1672310_1674980 is -3.81421 over 265 frames.
NI42FBQ_0101_1679600_1683830 没有 EH 下 次 了 下 吃 
LOG (gmm-latgen-faster[5.1.60~1-b2d5d]:DecodeUtteranceLatticeFaster():decoder-wrappers.cc:285) Log-like per frame for utterance NI42FBQ_0101_1679600_1683830 is -3.58789 over 421 frames.
NI42FBQ_0101_1684470_1690770 啊 是 做 GRADUATION 时候 住 在 去 啊 GRADUATION 去 啊 
LOG (gmm-latgen-faster[5.1.60~1-b2d5d]:DecodeUtteranceLatticeFaster():decoder-wrappers.cc:285) Log-like per frame for utterance NI42FBQ_0101_1684470_1690770 is -3.84656 over 628 frames.
NI42FBQ_0101_1691050_1692930 YAH 
LOG (gmm-latgen-faster[5.1.60~1-b2d5d]:DecodeUtteranceLatticeFaster():decoder-wrappers.cc:285) Log-like per frame for utterance NI42FBQ_0101_1691050_1692930 is -3.48377 over 186 frames.
NI42FBQ_0101_1694580_1698530 我 爸 爸 没有 会 新加坡 的 
LOG (gmm-latgen-faster[5.1.60~1-b2d5d]:DecodeUtteranceLatticeFaster():decoder-wrappers.cc:285) Log-like per frame for utterance NI42FBQ_0101_1694580_1698530 is -3.71146 over 393 frames.
NI42FBQ_0101_1702620_1705670 OH 没有 他 在 新加坡 THEN 跟着 
LOG (gmm-latgen-faster[5.1.60~1-b2d5d]:DecodeUtteranceLatticeFaster():decoder-wrappers.cc:285) Log-like per frame for utterance NI42FBQ_0101_1702620_1705670 is -3.93985 over 303 frames.
NI42FBQ_0101_1705670_1710480 啊 他 也是 要 去 上海 人 都 吃 
LOG (gmm-latgen-faster[5.1.60~1-b2d5d]:DecodeUtteranceLatticeFaster():decoder-wrappers.cc:285) Log-like per frame for utterance NI42FBQ_0101_1705670_1710480 is -3.86337 over 479 frames.
NI42FBQ_0101_1710480_1715870 不是 他 是 LIKE DESIGN AIR CON 啊 
LOG (gmm-latgen-faster[5.1.60~1-b2d5d]:DecodeUtteranceLatticeFaster():decoder-wrappers.cc:285) Log-like per frame for utterance NI42FBQ_0101_1710480_1715870 is -3.79674 over 537 frames.
NI42FBQ_0101_1716100_1730690 SIL2 他们 也是 看 LIKE MONA SKY THEN 那个 是 在 看 他 就 讲 那个 ACTRESS 的 MODEL 什么 S 七 八 有 BUILDING 也是 我 的 很多 很多 啊 自己 SHOWER THEN 啊 
LOG (gmm-latgen-faster[5.1.60~1-b2d5d]:DecodeUtteranceLatticeFaster():decoder-wrappers.cc:285) Log-like per frame for utterance NI42FBQ_0101_1716100_1730690 is -3.97872 over 1457 frames.
NI42FBQ_0101_1732840_1736530 AEROSPACE ENGINEERING 啊 
LOG (gmm-latgen-faster[5.1.60~1-b2d5d]:DecodeUtteranceLatticeFaster():decoder-wrappers.cc:285) Log-like per frame for utterance NI42FBQ_0101_1732840_1736530 is -3.73409 over 367 frames.
NI42FBQ_0101_1737380_1743960 可是 他 在 LONDON 读 书 IMPERIAL COLLEGE 啊 
LOG (gmm-latgen-faster[5.1.60~1-b2d5d]:DecodeUtteranceLatticeFaster():decoder-wrappers.cc:285) Log-like per frame for utterance NI42FBQ_0101_1737380_1743960 is -3.6789 over 656 frames.
NI42FBQ_0101_1744030_1752950 SIL2 对 啊 我 妈妈 也是 LONDON 读 书 的 因为 MALAYSIA 的 EDUCATION SYSTEM 不 好 
LOG (gmm-latgen-faster[5.1.60~1-b2d5d]:DecodeUtteranceLatticeFaster():decoder-wrappers.cc:285) Log-like per frame for utterance NI42FBQ_0101_1744030_1752950 is -3.68068 over 890 frames.
NI42FBQ_0101_1752950_1757030 他们 要 去 外国 就是 SIL2 THEN 
LOG (gmm-latgen-faster[5.1.60~1-b2d5d]:DecodeUtteranceLatticeFaster():decoder-wrappers.cc:285) Log-like per frame for utterance NI42FBQ_0101_1752950_1757030 is -3.66538 over 406 frames.
NI42FBQ_0101_1757930_1766940 如果 没有 ONE SIL2 应该 是 啦 因为 就 我 跟 K 要 演出 不 应该 会 在 MALAYSIA 是 啦 
LOG (gmm-latgen-faster[5.1.60~1-b2d5d]:DecodeUtteranceLatticeFaster():decoder-wrappers.cc:285) Log-like per frame for utterance NI42FBQ_0101_1757930_1766940 is -4.02995 over 899 frames.
NI42FBQ_0101_1766940_1768910 我 觉得 啊 
LOG (gmm-latgen-faster[5.1.60~1-b2d5d]:DecodeUtteranceLatticeFaster():decoder-wrappers.cc:285) Log-like per frame for utterance NI42FBQ_0101_1766940_1768910 is -3.38981 over 195 frames.
NI42FBQ_0101_1770940_1776960 I PHONE I 进 可是 SIL2 没有 SIL2 我 都 我 一直 问 啊 
LOG (gmm-latgen-faster[5.1.60~1-b2d5d]:DecodeUtteranceLatticeFaster():decoder-wrappers.cc:285) Log-like per frame for utterance NI42FBQ_0101_1770940_1776960 is -3.98852 over 600 frames.
NI42FBQ_0101_1782460_1790100 那 那 在 IT'S FORTY IT 因为 我 爸 爸 是 五十 BUT 啊 
LOG (gmm-latgen-faster[5.1.60~1-b2d5d]:DecodeUtteranceLatticeFaster():decoder-wrappers.cc:285) Log-like per frame for utterance NI42FBQ_0101_1782460_1790100 is -3.5873 over 762 frames.
NI42FBQ_0101_1796200_1799100 SIL2 对 AH 
LOG (gmm-latgen-faster[5.1.60~1-b2d5d]:DecodeUtteranceLatticeFaster():decoder-wrappers.cc:285) Log-like per frame for utterance NI42FBQ_0101_1796200_1799100 is -3.0385 over 288 frames.
NI42FBQ_0101_1810020_1830380 就是 OWNER PIECE AH 初 一 啊 THEN 那 三个 SECOND WILL BE A 后 OUR DINNER SIL2 FOUR IS BROTHERS 还有 他 们 的 孩子 啊 THEN 那 是 一年 一 间 他 每 次 的 的 机会 啊 
LOG (gmm-latgen-faster[5.1.60~1-b2d5d]:DecodeUtteranceLatticeFaster():decoder-wrappers.cc:285) Log-like per frame for utterance NI42FBQ_0101_1810020_1830380 is -3.65157 over 2034 frames.
NI42FBQ_0101_1830380_1835550 那时 我 不会 个 很 CLOSE 因为 都 没有 什么 话 讲 啊 
LOG (gmm-latgen-faster[5.1.60~1-b2d5d]:DecodeUtteranceLatticeFaster():decoder-wrappers.cc:285) Log-like per frame for utterance NI42FBQ_0101_1830380_1835550 is -3.92471 over 515 frames.
NI42FBQ_0101_1835550_1844490 他 们 是 TO MALAYSIA SYSTEM THEN 我 们 是 TO 新加坡 SYSTEM 的 然后 那个 TOPIC TO LIKE 不可 以 COMMISSION 的 
LOG (gmm-latgen-faster[5.1.60~1-b2d5d]:DecodeUtteranceLatticeFaster():decoder-wrappers.cc:285) Log-like per frame for utterance NI42FBQ_0101_1835550_1844490 is -3.942 over 892 frames.
NI42FBQ_0101_1847350_1851200 因为 很 不同 吗 EDUCATION SYSTEM 
LOG (gmm-latgen-faster[5.1.60~1-b2d5d]:DecodeUtteranceLatticeFaster():decoder-wrappers.cc:285) Log-like per frame for utterance NI42FBQ_0101_1847350_1851200 is -3.85165 over 383 frames.
NI42FBQ_0101_1854990_1859640 他们 没有 他们 SECONDARY 有 五年 啊 我们 就是 你 的 
LOG (gmm-latgen-faster[5.1.60~1-b2d5d]:DecodeUtteranceLatticeFaster():decoder-wrappers.cc:285) Log-like per frame for utterance NI42FBQ_0101_1854990_1859640 is -4.00475 over 463 frames.
NI42FBQ_0101_1862710_1870390 是 他们 也是 有 O LEVEL ELEVEN 的 真 的 是 对 啊 而且 他们 比较 喜欢 讲 CHINESE 
LOG (gmm-latgen-faster[5.1.60~1-b2d5d]:DecodeUtteranceLatticeFaster():decoder-wrappers.cc:285) Log-like per frame for utterance NI42FBQ_0101_1862710_1870390 is -3.83955 over 766 frames.
NI42FBQ_0101_1870460_1884590 THEN 我们 比较 喜欢 讲 ENGLISH 因为 我们 这样 会 比 较 忙 啊 啊 所以 他们 讲 会 的 时候 就 全部 都 吗 LIKE CANNOT CATCH UP THEY ARE 就 在 WENT O K 这样 
LOG (gmm-latgen-faster[5.1.60~1-b2d5d]:DecodeUtteranceLatticeFaster():decoder-wrappers.cc:285) Log-like per frame for utterance NI42FBQ_0101_1870460_1884590 is -3.92942 over 1411 frames.
NI42FBQ_0101_1884620_1904060 对 啊 然后 啊 THEN AFTER 出 西 就 初 一 啊 啊 你 是 啊 BEGINNING THEN IS IT ABOUT I THINK WHAT ABOUT IT DELIVER 也是 THEN THEN ONE AT THIS PLACE 啊 
LOG (gmm-latgen-faster[5.1.60~1-b2d5d]:DecodeUtteranceLatticeFaster():decoder-wrappers.cc:285) Log-like per frame for utterance NI42FBQ_0101_1884620_1904060 is -3.58207 over 1942 frames.
NI42FBQ_0101_1904060_1914540 THEN THAT 那个 是 LIKE SO 办法 的 时候 啦 I MEAN CAN 对 己 的 时候 SIL2 SIL2 啊 一 TEAM 
LOG (gmm-latgen-faster[5.1.60~1-b2d5d]:DecodeUtteranceLatticeFaster():decoder-wrappers.cc:285) Log-like per frame for utterance NI42FBQ_0101_1904060_1914540 is -3.68646 over 1046 frames.
NI42FBQ_0101_1916930_1923670 没有 在 一个人 在 家 SIL2 是 没有 的 LIKE 每个 每年 都是 不同 人家 啊 
LOG (gmm-latgen-faster[5.1.60~1-b2d5d]:DecodeUtteranceLatticeFaster():decoder-wrappers.cc:285) Log-like per frame for utterance NI42FBQ_0101_1916930_1923670 is -3.78744 over 672 frames.
NI42FBQ_0101_1926270_1935340 因为 有 那个 GARDEN 所以 YAH THEN 你 可以 你 可以 有 很多 人 啦 THEN 啊 
LOG (gmm-latgen-faster[5.1.60~1-b2d5d]:DecodeUtteranceLatticeFaster():decoder-wrappers.cc:285) Log-like per frame for utterance NI42FBQ_0101_1926270_1935340 is -3.55942 over 905 frames.
NI42FBQ_0101_1937550_1956740 其实 是 会 说 算 是 很 大 的 是 OH 因为 你 啊 SIL2 SO IN N T 新加坡 的 还 少 的 给 MALAYSIA 都 会 给 MELISSA 的 啊 对 啊 
LOG (gmm-latgen-faster[5.1.60~1-b2d5d]:DecodeUtteranceLatticeFaster():decoder-wrappers.cc:285) Log-like per frame for utterance NI42FBQ_0101_1937550_1956740 is -3.64698 over 1917 frames.
NI42FBQ_0101_1964590_1970150 啊 对 对 他 可能 会 K SIL2 FOR 因为 他 到 
LOG (gmm-latgen-faster[5.1.60~1-b2d5d]:DecodeUtteranceLatticeFaster():decoder-wrappers.cc:285) Log-like per frame for utterance NI42FBQ_0101_1964590_1970150 is -3.71356 over 554 frames.
NI42FBQ_0101_1970150_1985610 THEN IN SINGAPORE 可能 只是 一块 都 会 啊 SIL2 THEY 啊 所以 我 很 少 啊 那些 我 新加坡 的 朋友 他们 都 讲 没有 GET FAMILY CAN PUBLISH RELATIVE DANCING 啊 
LOG (gmm-latgen-faster[5.1.60~1-b2d5d]:DecodeUtteranceLatticeFaster():decoder-wrappers.cc:285) Log-like per frame for utterance NI42FBQ_0101_1970150_1985610 is -3.72876 over 1544 frames.
NI42FBQ_0101_1985660_1991920 THEN 我 就 讲 ONE GOT FOUR IN A 对 啊 THEN 后来 COMPLAIN 很 很 少 
LOG (gmm-latgen-faster[5.1.60~1-b2d5d]:DecodeUtteranceLatticeFaster():decoder-wrappers.cc:285) Log-like per frame for utterance NI42FBQ_0101_1985660_1991920 is -3.9105 over 624 frames.
NI42FBQ_0101_1993480_1998570 他们 他 们 是 CANVASSING 啊 新加坡 的 朋友 
LOG (gmm-latgen-faster[5.1.60~1-b2d5d]:DecodeUtteranceLatticeFaster():decoder-wrappers.cc:285) Log-like per frame for utterance NI42FBQ_0101_1993480_1998570 is -3.85293 over 507 frames.
NI42FBQ_0101_2008250_2011660 没有 EH 这个 SIL2 
LOG (gmm-latgen-faster[5.1.60~1-b2d5d]:DecodeUtteranceLatticeFaster():decoder-wrappers.cc:285) Log-like per frame for utterance NI42FBQ_0101_2008250_2011660 is -3.49125 over 339 frames.
NI42FBQ_0101_2013390_2017430 我们 也是 一样 的 是 FOUR MINUTES 而已 这样 
LOG (gmm-latgen-faster[5.1.60~1-b2d5d]:DecodeUtteranceLatticeFaster():decoder-wrappers.cc:285) Log-like per frame for utterance NI42FBQ_0101_2013390_2017430 is -3.86181 over 402 frames.
NI42FBQ_0101_2018770_2027900 新加坡 没有 RELATIVES SIL2 就 一个 啦 那时 有 NEED TO 回去 新加坡 没有 什么 人 CASE SIL2 
LOG (gmm-latgen-faster[5.1.60~1-b2d5d]:DecodeUtteranceLatticeFaster():decoder-wrappers.cc:285) Log-like per frame for utterance NI42FBQ_0101_2018770_2027900 is -3.89626 over 911 frames.
NI42FBQ_0101_2032410_2037540 YAH 我 们 的 YEARS 没有 INCREASE 还是 没有 DECREASE SIL2 
LOG (gmm-latgen-faster[5.1.60~1-b2d5d]:DecodeUtteranceLatticeFaster():decoder-wrappers.cc:285) Log-like per frame for utterance NI42FBQ_0101_2032410_2037540 is -3.92039 over 511 frames.
NI42FBQ_0101_2037540_2042820 都是 SIGNING 只是 那个 EXCHANGE RATE 是 很 厉害 THEN 啊 
LOG (gmm-latgen-faster[5.1.60~1-b2d5d]:DecodeUtteranceLatticeFaster():decoder-wrappers.cc:285) Log-like per frame for utterance NI42FBQ_0101_2037540_2042820 is -3.82015 over 526 frames.
NI42FBQ_0101_2055370_2058550 OH 所以 样 SIL2 
LOG (gmm-latgen-faster[5.1.60~1-b2d5d]:DecodeUtteranceLatticeFaster():decoder-wrappers.cc:285) Log-like per frame for utterance NI42FBQ_0101_2055370_2058550 is -3.62103 over 316 frames.
NI42FBQ_0101_2061840_2063750 不错 啊 
LOG (gmm-latgen-faster[5.1.60~1-b2d5d]:DecodeUtteranceLatticeFaster():decoder-wrappers.cc:285) Log-like per frame for utterance NI42FBQ_0101_2061840_2063750 is -3.44373 over 189 frames.
NI42FBQ_0101_2065640_2068380 啊 有 一千 
LOG (gmm-latgen-faster[5.1.60~1-b2d5d]:DecodeUtteranceLatticeFaster():decoder-wrappers.cc:285) Log-like per frame for utterance NI42FBQ_0101_2065640_2068380 is -3.84794 over 272 frames.
NI42FBQ_0101_2075010_2080210 NO SIL2 岁 了 越 越 多 钱 吗 
LOG (gmm-latgen-faster[5.1.60~1-b2d5d]:DecodeUtteranceLatticeFaster():decoder-wrappers.cc:285) Log-like per frame for utterance NI42FBQ_0101_2075010_2080210 is -3.53212 over 518 frames.
NI42FBQ_0101_2080210_2085000 我 上次 很 好 THEN 大学 ACER 的 少 
LOG (gmm-latgen-faster[5.1.60~1-b2d5d]:DecodeUtteranceLatticeFaster():decoder-wrappers.cc:285) Log-like per frame for utterance NI42FBQ_0101_2080210_2085000 is -3.80627 over 477 frames.
NI42FBQ_0101_2088090_2090830 很多 一个人 K BUT 
LOG (gmm-latgen-faster[5.1.60~1-b2d5d]:DecodeUtteranceLatticeFaster():decoder-wrappers.cc:285) Log-like per frame for utterance NI42FBQ_0101_2088090_2090830 is -4.00845 over 272 frames.
NI42FBQ_0101_2104410_2108550 四个 人 一起 GATHER LA 
LOG (gmm-latgen-faster[5.1.60~1-b2d5d]:DecodeUtteranceLatticeFaster():decoder-wrappers.cc:285) Log-like per frame for utterance NI42FBQ_0101_2104410_2108550 is -3.59298 over 412 frames.
NI42FBQ_0101_2114190_2124150 啊 对 对 我们 有 们 的 亲切 啊 BUT 都是 少 啦 你们 这些 应该 比 我 的 很多 SIL2 对 啊 
LOG (gmm-latgen-faster[5.1.60~1-b2d5d]:DecodeUtteranceLatticeFaster():decoder-wrappers.cc:285) Log-like per frame for utterance NI42FBQ_0101_2114190_2124150 is -3.87503 over 994 frames.
NI42FBQ_0101_2131820_2144280 我 妈妈 也是 ABOUT SO 那时 我 有一个 朋友 他 的 妈妈 会 进 的 红 包 MONEY IS WORSE SIL2 就是 还是 的 钱 THEN 他 的 钱 所以 
LOG (gmm-latgen-faster[5.1.60~1-b2d5d]:DecodeUtteranceLatticeFaster():decoder-wrappers.cc:285) Log-like per frame for utterance NI42FBQ_0101_2131820_2144280 is -3.84411 over 1244 frames.
NI42FBQ_0101_2144280_2150050 我 的 朋友 好像 有 PORTER 以 没有 用 到 这样 子 啊 对 啊 
LOG (gmm-latgen-faster[5.1.60~1-b2d5d]:DecodeUtteranceLatticeFaster():decoder-wrappers.cc:285) Log-like per frame for utterance NI42FBQ_0101_2144280_2150050 is -3.62609 over 575 frames.
NI42FBQ_0101_2154480_2162770 没有 们 是 妈妈 每个 每个 LAKE YAH SIL2 ALLOWANCE 的 是 有 很多 钱 的 吗 好像 不算 啦 
LOG (gmm-latgen-faster[5.1.60~1-b2d5d]:DecodeUtteranceLatticeFaster():decoder-wrappers.cc:285) Log-like per frame for utterance NI42FBQ_0101_2154480_2162770 is -3.86141 over 827 frames.
NI42FBQ_0101_2167240_2169910 然后 会 有 三百 啊 
LOG (gmm-latgen-faster[5.1.60~1-b2d5d]:DecodeUtteranceLatticeFaster():decoder-wrappers.cc:285) Log-like per frame for utterance NI42FBQ_0101_2167240_2169910 is -3.82495 over 265 frames.
NI42FBQ_0101_2169910_2175680 啊 的 是 I ALWAYS NEVER USE ENGLISH 啊 所以 站 起来 
LOG (gmm-latgen-faster[5.1.60~1-b2d5d]:DecodeUtteranceLatticeFaster():decoder-wrappers.cc:285) Log-like per frame for utterance NI42FBQ_0101_2169910_2175680 is -3.76726 over 575 frames.
NI42FBQ_0101_2175680_2182180 我们 可以 我 也 是 他们 WEDNESDAY AH 三百 的 是 每 次 好玩 的 我们 说 话 的 时候 
LOG (gmm-latgen-faster[5.1.60~1-b2d5d]:DecodeUtteranceLatticeFaster():decoder-wrappers.cc:285) Log-like per frame for utterance NI42FBQ_0101_2175680_2182180 is -4.16817 over 648 frames.
NI42FBQ_0101_2184300_2190480 可能 上 会 啦 二 学校 要 PAY 你 两 块 多 啊 对 啊 
LOG (gmm-latgen-faster[5.1.60~1-b2d5d]:DecodeUtteranceLatticeFaster():decoder-wrappers.cc:285) Log-like per frame for utterance NI42FBQ_0101_2184300_2190480 is -3.85748 over 616 frames.
NI42FBQ_0101_2191970_2193730 其实 什么 
LOG (gmm-latgen-faster[5.1.60~1-b2d5d]:DecodeUtteranceLatticeFaster():decoder-wrappers.cc:285) Log-like per frame for utterance NI42FBQ_0101_2191970_2193730 is -3.81373 over 174 frames.
NI42FBQ_0101_2195590_2211300 没有 LEH 好像 没有 时间 出去 的 名 字 因为 BUSINESS SCHOOL 很多 PROJECTS 所以 LIKE AFTER LESSON 都是 有 PROJECT MEETING 你 会 JAM EATING UNTIL VERY LATE MAYBE LEMONADE 了 别人 
LOG (gmm-latgen-faster[5.1.60~1-b2d5d]:DecodeUtteranceLatticeFaster():decoder-wrappers.cc:285) Log-like per frame for utterance NI42FBQ_0101_2195590_2211300 is -3.912 over 1569 frames.
NI42FBQ_0101_2211300_2217830 THEN THAT 回去 HALL 就 洗 脚 就 没有 什么 时间 可以 RELAX 啦 
LOG (gmm-latgen-faster[5.1.60~1-b2d5d]:DecodeUtteranceLatticeFaster():decoder-wrappers.cc:285) Log-like per frame for utterance NI42FBQ_0101_2211300_2217830 is -3.81553 over 651 frames.
NI42FBQ_0101_2217830_2219240 对 啊 
LOG (gmm-latgen-faster[5.1.60~1-b2d5d]:DecodeUtteranceLatticeFaster():decoder-wrappers.cc:285) Log-like per frame for utterance NI42FBQ_0101_2217830_2219240 is -3.04224 over 139 frames.
NI42FBQ_0101_2220130_2226770 SIL2 是 很 辛苦 的 的 时候 IT IS 对 对 
LOG (gmm-latgen-faster[5.1.60~1-b2d5d]:DecodeUtteranceLatticeFaster():decoder-wrappers.cc:285) Log-like per frame for utterance NI42FBQ_0101_2220130_2226770 is -3.35398 over 662 frames.
NI42FBQ_0101_2228320_2240320 妈妈 那个 他 少 PROJECTS BY 很多 LAB WORK 啊 THAT BUT 要 啊 所以 THE SAME 他 的 SO 他们 没有 PROJECT SO 
LOG (gmm-latgen-faster[5.1.60~1-b2d5d]:DecodeUtteranceLatticeFaster():decoder-wrappers.cc:285) Log-like per frame for utterance NI42FBQ_0101_2228320_2240320 is -3.83822 over 1198 frames.
LOG (apply-cmvn[5.1.60~1-b2d5d]:main():apply-cmvn.cc:146) Applied cepstral mean normalization to 273 utterances, errors on 0
NI42FBQ_0101_2246590_2254720 进 不 了 ACCOUNTING 是 MEETING 就 你 MASTER 是 啊 对 啊 
LOG (gmm-latgen-faster[5.1.60~1-b2d5d]:DecodeUtteranceLatticeFaster():decoder-wrappers.cc:285) Log-like per frame for utterance NI42FBQ_0101_2246590_2254720 is -3.66055 over 811 frames.
NI42FBQ_0101_2257950_2259950 啊 
LOG (gmm-latgen-faster[5.1.60~1-b2d5d]:DecodeUtteranceLatticeFaster():decoder-wrappers.cc:285) Log-like per frame for utterance NI42FBQ_0101_2257950_2259950 is -3.27338 over 198 frames.
NI42FBQ_0101_2261810_2271050 ER QUITE EASY 啊 COS THEN 学生 都是 你 的 BEST FRIEND UNLESS ACCOUNTING BUSINESS SCHOOL 啊 INDEX 
LOG (gmm-latgen-faster[5.1.60~1-b2d5d]:DecodeUtteranceLatticeFaster():decoder-wrappers.cc:285) Log-like per frame for utterance NI42FBQ_0101_2261810_2271050 is -3.87891 over 922 frames.
LOG (transform-feats[5.1.60~1-b2d5d]:main():transform-feats.cc:158) Overall average [pseudo-]logdet is -92.5633 over 166795 frames.
LOG (transform-feats[5.1.60~1-b2d5d]:main():transform-feats.cc:161) Applied transform to 273 utterances; 0 had errors.
NI42FBQ_0101_2272200_2285170 因为 NO 我们 WHEN 好像 二十 多 美 啊 啊 最 FRIENDLY ANGELA'S MARRY 的 BUT THE WHAT I'M NOT VERY SURE SIL1 YAH 
LOG (gmm-latgen-faster[5.1.60~1-b2d5d]:DecodeUtteranceLatticeFaster():decoder-wrappers.cc:285) Log-like per frame for utterance NI42FBQ_0101_2272200_2285170 is -3.67039 over 1295 frames.
LOG (gmm-latgen-faster[5.1.60~1-b2d5d]:main():gmm-latgen-faster.cc:176) Time taken 2357.24s: real-time factor assuming 100 frames/sec is 1.41326
LOG (gmm-latgen-faster[5.1.60~1-b2d5d]:main():gmm-latgen-faster.cc:179) Done 273 utterances, failed for 0
LOG (gmm-latgen-faster[5.1.60~1-b2d5d]:main():gmm-latgen-faster.cc:181) Overall log-likelihood per frame is -3.76051 over 166795 frames.
# Accounting: time=2358 threads=1
# Ended (code 0) at Sat Apr 22 01:09:41 UTC 2017, elapsed time 2358 seconds
