# gmm-latgen-faster --max-active=7000 --beam=13.0 --lattice-beam=6.0 --acoustic-scale=0.083333 --allow-partial=true --word-symbol-table=exp/tri2/graph/words.txt exp/tri2/final.mdl exp/tri2/graph/HCLG.fst "ark,s,cs:apply-cmvn  --utt2spk=ark:data/test/split14/3/utt2spk scp:data/test/split14/3/cmvn.scp scp:data/test/split14/3/feats.scp ark:- | splice-feats --left-context=3 --right-context=3 ark:- ark:- | transform-feats exp/tri2/final.mat ark:- ark:- |" "ark:|gzip -c > exp/tri2/decode/lat.3.gz" 
# Started at Sat Apr 22 00:30:23 UTC 2017
#
gmm-latgen-faster --max-active=7000 --beam=13.0 --lattice-beam=6.0 --acoustic-scale=0.083333 --allow-partial=true --word-symbol-table=exp/tri2/graph/words.txt exp/tri2/final.mdl exp/tri2/graph/HCLG.fst 'ark,s,cs:apply-cmvn  --utt2spk=ark:data/test/split14/3/utt2spk scp:data/test/split14/3/cmvn.scp scp:data/test/split14/3/feats.scp ark:- | splice-feats --left-context=3 --right-context=3 ark:- ark:- | transform-feats exp/tri2/final.mat ark:- ark:- |' 'ark:|gzip -c > exp/tri2/decode/lat.3.gz' 
transform-feats exp/tri2/final.mat ark:- ark:- 
splice-feats --left-context=3 --right-context=3 ark:- ark:- 
apply-cmvn --utt2spk=ark:data/test/split14/3/utt2spk scp:data/test/split14/3/cmvn.scp scp:data/test/split14/3/feats.scp ark:- 
NC11MAX_0101_0045790_0049040 之 前 是 在 那 间 COMPANY SOME PART 
LOG (gmm-latgen-faster[5.1.60~1-b2d5d]:DecodeUtteranceLatticeFaster():decoder-wrappers.cc:285) Log-like per frame for utterance NC11MAX_0101_0045790_0049040 is -3.7718 over 323 frames.
NC11MAX_0101_0115500_0120570 P M 我 一 个 STUDY LIFE 的 你 的 OK 来 有时 我 DIFFERENCE AH 
LOG (gmm-latgen-faster[5.1.60~1-b2d5d]:DecodeUtteranceLatticeFaster():decoder-wrappers.cc:285) Log-like per frame for utterance NC11MAX_0101_0115500_0120570 is -3.76882 over 505 frames.
NC11MAX_0101_0283640_0286170 然后 有时候 TO 我 去 POLY 
LOG (gmm-latgen-faster[5.1.60~1-b2d5d]:DecodeUtteranceLatticeFaster():decoder-wrappers.cc:285) Log-like per frame for utterance NC11MAX_0101_0283640_0286170 is -3.55613 over 251 frames.
NC11MAX_0101_0287660_0290380 为什么 U SEND TO DO THE POLYMER 
LOG (gmm-latgen-faster[5.1.60~1-b2d5d]:DecodeUtteranceLatticeFaster():decoder-wrappers.cc:285) Log-like per frame for utterance NC11MAX_0101_0287660_0290380 is -3.93042 over 270 frames.
NC11MAX_0101_0340480_0342710 我们 也是 LICENSE 我 一个 HUMBLE 
LOG (gmm-latgen-faster[5.1.60~1-b2d5d]:DecodeUtteranceLatticeFaster():decoder-wrappers.cc:285) Log-like per frame for utterance NC11MAX_0101_0340480_0342710 is -4.19117 over 221 frames.
NC11MAX_0101_0343780_0345830 BE BE VERY BUSY 的 红 包 SIL2 
LOG (gmm-latgen-faster[5.1.60~1-b2d5d]:DecodeUtteranceLatticeFaster():decoder-wrappers.cc:285) Log-like per frame for utterance NC11MAX_0101_0343780_0345830 is -3.81882 over 203 frames.
NC11MAX_0101_0402110_0407380 那些 叫 PHOTOCOPIER 新加坡 那么 多 SHOPPING MALL 的 那个 TRANSPORT 就 什么 FARM THEN 
LOG (gmm-latgen-faster[5.1.60~1-b2d5d]:DecodeUtteranceLatticeFaster():decoder-wrappers.cc:285) Log-like per frame for utterance NC11MAX_0101_0402110_0407380 is -4.23696 over 525 frames.
NC11MAX_0101_0536390_0540990 IM 啊 一个 SINGLE SINGLE THEN 他 就 我 应该 IT'LL BE CALL 也是 
LOG (gmm-latgen-faster[5.1.60~1-b2d5d]:DecodeUtteranceLatticeFaster():decoder-wrappers.cc:285) Log-like per frame for utterance NC11MAX_0101_0536390_0540990 is -4.06885 over 458 frames.
NC11MAX_0101_0541683_0544403 一 没有 FOR NOW 我 那时 INCOMING CORE 啦 
LOG (gmm-latgen-faster[5.1.60~1-b2d5d]:DecodeUtteranceLatticeFaster():decoder-wrappers.cc:285) Log-like per frame for utterance NC11MAX_0101_0541683_0544403 is -4.23527 over 270 frames.
NC11MAX_0101_0610210_0612090 其实 他 们 的 Y P 很 少 了 
LOG (gmm-latgen-faster[5.1.60~1-b2d5d]:DecodeUtteranceLatticeFaster():decoder-wrappers.cc:285) Log-like per frame for utterance NC11MAX_0101_0610210_0612090 is -4.3884 over 186 frames.
NC11MAX_0101_0654550_0656260 我 NORMAL FOOD AH 
LOG (gmm-latgen-faster[5.1.60~1-b2d5d]:DecodeUtteranceLatticeFaster():decoder-wrappers.cc:285) Log-like per frame for utterance NC11MAX_0101_0654550_0656260 is -3.96983 over 169 frames.
NC11MAX_0101_0778030_0780870 OUR 觉得 有 什么 DIFFERENCE ALSO 
LOG (gmm-latgen-faster[5.1.60~1-b2d5d]:DecodeUtteranceLatticeFaster():decoder-wrappers.cc:285) Log-like per frame for utterance NC11MAX_0101_0778030_0780870 is -3.84553 over 282 frames.
NC11MAX_0101_0794680_0797480 ANOTHER PLACE COMPARED TO HIM THEN 很快 
LOG (gmm-latgen-faster[5.1.60~1-b2d5d]:DecodeUtteranceLatticeFaster():decoder-wrappers.cc:285) Log-like per frame for utterance NC11MAX_0101_0794680_0797480 is -3.88474 over 278 frames.
NC11MAX_0101_0821210_0824980 THEN 要 MOLECULAR 里面 我 的 PROFILE QUICKLY MAKE IT 是 THEN 
LOG (gmm-latgen-faster[5.1.60~1-b2d5d]:DecodeUtteranceLatticeFaster():decoder-wrappers.cc:285) Log-like per frame for utterance NC11MAX_0101_0821210_0824980 is -4.17468 over 375 frames.
NC11MAX_0101_0825200_0827930 有 没 有 说 FOR REST OF THE ONE OF THE 满 STRESSFUL 啊 
LOG (gmm-latgen-faster[5.1.60~1-b2d5d]:DecodeUtteranceLatticeFaster():decoder-wrappers.cc:285) Log-like per frame for utterance NC11MAX_0101_0825200_0827930 is -4.36692 over 271 frames.
NC11MAX_0101_0830660_0834640 因为 要 做 很多 那些 ER 我 来 的 INFORMATION THEN 
LOG (gmm-latgen-faster[5.1.60~1-b2d5d]:DecodeUtteranceLatticeFaster():decoder-wrappers.cc:285) Log-like per frame for utterance NC11MAX_0101_0830660_0834640 is -3.67767 over 396 frames.
NC11MAX_0101_0839530_0843120 ANY ANY 要 ME 那个 BAD LIAR 就要 COME FROM LIKE 
LOG (gmm-latgen-faster[5.1.60~1-b2d5d]:DecodeUtteranceLatticeFaster():decoder-wrappers.cc:285) Log-like per frame for utterance NC11MAX_0101_0839530_0843120 is -3.89554 over 357 frames.
NC11MAX_0101_0856890_0858840 DESIGN 一个 MICRO MORTAL SO I 
LOG (gmm-latgen-faster[5.1.60~1-b2d5d]:DecodeUtteranceLatticeFaster():decoder-wrappers.cc:285) Log-like per frame for utterance NC11MAX_0101_0856890_0858840 is -4.03942 over 193 frames.
NC11MAX_0101_0870370_0874640 有 CAMERA 可以 在 我 们 的 ER INTERESTING 里面 有 什么 问 你 
LOG (gmm-latgen-faster[5.1.60~1-b2d5d]:DecodeUtteranceLatticeFaster():decoder-wrappers.cc:285) Log-like per frame for utterance NC11MAX_0101_0870370_0874640 is -4.04936 over 425 frames.
NC11MAX_0101_0879100_0883810 其实 我 THE MORTAL SO 马 来 会 ARCHITECTURE ARE SOME IDOL TAKE 那个 CAMERA 
LOG (gmm-latgen-faster[5.1.60~1-b2d5d]:DecodeUtteranceLatticeFaster():decoder-wrappers.cc:285) Log-like per frame for utterance NC11MAX_0101_0879100_0883810 is -4.05932 over 469 frames.
NC11MAX_0101_0916540_0919510 他们 OK PRINCIPAL BASICALLY 差 不 多 一样 啊 
LOG (gmm-latgen-faster[5.1.60~1-b2d5d]:DecodeUtteranceLatticeFaster():decoder-wrappers.cc:285) Log-like per frame for utterance NC11MAX_0101_0916540_0919510 is -3.93832 over 295 frames.
NC11MAX_0101_0919920_0922870 它 是 自己 要 AFTER 啊 FUN 而已 LA LIKE 
LOG (gmm-latgen-faster[5.1.60~1-b2d5d]:DecodeUtteranceLatticeFaster():decoder-wrappers.cc:285) Log-like per frame for utterance NC11MAX_0101_0919920_0922870 is -3.79306 over 293 frames.
NC11MAX_0101_0923950_0927440 就 可能 要 SCORE FOR LIKE ONE MONTH LIKE CONTINUAL 
LOG (gmm-latgen-faster[5.1.60~1-b2d5d]:DecodeUtteranceLatticeFaster():decoder-wrappers.cc:285) Log-like per frame for utterance NC11MAX_0101_0923950_0927440 is -3.82925 over 347 frames.
NC11MAX_0101_0931760_0934900 我 其实 因为 之 前 HOBBY 对 吗 THEN 我 就 会 PEOPLE THEN 
LOG (gmm-latgen-faster[5.1.60~1-b2d5d]:DecodeUtteranceLatticeFaster():decoder-wrappers.cc:285) Log-like per frame for utterance NC11MAX_0101_0931760_0934900 is -4.11926 over 312 frames.
NC11MAX_0101_0989090_0991380 FINANCIAL 不是 很多 钱 啦 所以 
LOG (gmm-latgen-faster[5.1.60~1-b2d5d]:DecodeUtteranceLatticeFaster():decoder-wrappers.cc:285) Log-like per frame for utterance NC11MAX_0101_0989090_0991380 is -4.03752 over 227 frames.
NC11MAX_0101_1016490_1019930 我 B B P R 我 有 REGULARLY 去 EXERCISE SIL2 
LOG (gmm-latgen-faster[5.1.60~1-b2d5d]:DecodeUtteranceLatticeFaster():decoder-wrappers.cc:285) Log-like per frame for utterance NC11MAX_0101_1016490_1019930 is -4.0834 over 342 frames.
NC11MAX_0101_1035196_1038876 这个 方式 YEAR TWO TOTALLY C O LEVELS 来 的 
LOG (gmm-latgen-faster[5.1.60~1-b2d5d]:DecodeUtteranceLatticeFaster():decoder-wrappers.cc:285) Log-like per frame for utterance NC11MAX_0101_1035196_1038876 is -3.85106 over 366 frames.
NC11MAX_0101_1044470_1046080 我 的 时候 RIGHT 我们 家 
LOG (gmm-latgen-faster[5.1.60~1-b2d5d]:DecodeUtteranceLatticeFaster():decoder-wrappers.cc:285) Log-like per frame for utterance NC11MAX_0101_1044470_1046080 is -4.01067 over 159 frames.
NC11MAX_0101_1173380_1175900 有些 人 一个 THE VENUE 很 大 的 GAP 了 
LOG (gmm-latgen-faster[5.1.60~1-b2d5d]:DecodeUtteranceLatticeFaster():decoder-wrappers.cc:285) Log-like per frame for utterance NC11MAX_0101_1173380_1175900 is -4.13587 over 250 frames.
NC11MAX_0101_1252570_1256170 THEN 你 做 CUSTOMER SO RESULTS OR SUCCESSFULLY 啦 
LOG (gmm-latgen-faster[5.1.60~1-b2d5d]:DecodeUtteranceLatticeFaster():decoder-wrappers.cc:285) Log-like per frame for utterance NC11MAX_0101_1252570_1256170 is -4.16605 over 358 frames.
NC11MAX_0101_1367960_1370720 TICKET 五 块 也是 看 SO OTHER PERSON 是 
LOG (gmm-latgen-faster[5.1.60~1-b2d5d]:DecodeUtteranceLatticeFaster():decoder-wrappers.cc:285) Log-like per frame for utterance NC11MAX_0101_1367960_1370720 is -4.17308 over 274 frames.
NC11MAX_0101_1441960_1445330 我 只是 讲 一下 YOU ONE 就 SISTER SAY 华 语 
LOG (gmm-latgen-faster[5.1.60~1-b2d5d]:DecodeUtteranceLatticeFaster():decoder-wrappers.cc:285) Log-like per frame for utterance NC11MAX_0101_1441960_1445330 is -4.15954 over 335 frames.
NC11MAX_0101_1447830_1449980 DEPENDS ON 他 们 的 CULTURE 
LOG (gmm-latgen-faster[5.1.60~1-b2d5d]:DecodeUtteranceLatticeFaster():decoder-wrappers.cc:285) Log-like per frame for utterance NC11MAX_0101_1447830_1449980 is -4.07967 over 213 frames.
NC11MAX_0101_1491330_1493430 他们 UNDERSTANDING MUST ALSO 我 
LOG (gmm-latgen-faster[5.1.60~1-b2d5d]:DecodeUtteranceLatticeFaster():decoder-wrappers.cc:285) Log-like per frame for utterance NC11MAX_0101_1491330_1493430 is -4.09904 over 208 frames.
NC11MAX_0101_1596270_1598810 SPORTS SO 他们 也是 用 USE BALANCE SIL2 
LOG (gmm-latgen-faster[5.1.60~1-b2d5d]:DecodeUtteranceLatticeFaster():decoder-wrappers.cc:285) Log-like per frame for utterance NC11MAX_0101_1596270_1598810 is -4.02964 over 252 frames.
NC11MAX_0101_1653040_1654770 我 有 打 算 去 去 那个 
LOG (gmm-latgen-faster[5.1.60~1-b2d5d]:DecodeUtteranceLatticeFaster():decoder-wrappers.cc:285) Log-like per frame for utterance NC11MAX_0101_1653040_1654770 is -4.02006 over 171 frames.
NC11MAX_0101_1701890_1703820 打 算 THEN THEN 就 这样 下去 啊 
LOG (gmm-latgen-faster[5.1.60~1-b2d5d]:DecodeUtteranceLatticeFaster():decoder-wrappers.cc:285) Log-like per frame for utterance NC11MAX_0101_1701890_1703820 is -4.28577 over 191 frames.
NC11MAX_0101_1826500_1828520 我们 MONEY ON FORM 啊 
LOG (gmm-latgen-faster[5.1.60~1-b2d5d]:DecodeUtteranceLatticeFaster():decoder-wrappers.cc:285) Log-like per frame for utterance NC11MAX_0101_1826500_1828520 is -3.71388 over 200 frames.
NC11MAX_0101_1955680_1957200 这样 HIGH END UP SIL2 
LOG (gmm-latgen-faster[5.1.60~1-b2d5d]:DecodeUtteranceLatticeFaster():decoder-wrappers.cc:285) Log-like per frame for utterance NC11MAX_0101_1955680_1957200 is -4.00925 over 150 frames.
NC11MAX_0101_2076896_2078736 PROM 买 了 多少 个 人 做 
LOG (gmm-latgen-faster[5.1.60~1-b2d5d]:DecodeUtteranceLatticeFaster():decoder-wrappers.cc:285) Log-like per frame for utterance NC11MAX_0101_2076896_2078736 is -4.19762 over 182 frames.
NC11MAX_0101_2126156_2128266 对 啊 我 CONFIRM 我 MOST PERSON 
LOG (gmm-latgen-faster[5.1.60~1-b2d5d]:DecodeUtteranceLatticeFaster():decoder-wrappers.cc:285) Log-like per frame for utterance NC11MAX_0101_2126156_2128266 is -3.72932 over 209 frames.
NC11MAX_0101_2142680_2147410 THEN 你 去 要 做 所以 西 要 RELEASE 那个 所以 聚 会 觉得 WASTE MONEY 的 
LOG (gmm-latgen-faster[5.1.60~1-b2d5d]:DecodeUtteranceLatticeFaster():decoder-wrappers.cc:285) Log-like per frame for utterance NC11MAX_0101_2142680_2147410 is -4.055 over 471 frames.
NC11MAX_0101_2188250_2190550 IT'S A LEVEL 是 MULTI 他 STING 了 
LOG (gmm-latgen-faster[5.1.60~1-b2d5d]:DecodeUtteranceLatticeFaster():decoder-wrappers.cc:285) Log-like per frame for utterance NC11MAX_0101_2188250_2190550 is -4.04862 over 228 frames.
NC11MAX_0101_2220580_2222860 你 只是 要 开 很多 的 COW FARM FARM 
LOG (gmm-latgen-faster[5.1.60~1-b2d5d]:DecodeUtteranceLatticeFaster():decoder-wrappers.cc:285) Log-like per frame for utterance NC11MAX_0101_2220580_2222860 is -4.56248 over 226 frames.
NC11MAX_0101_2283640_2286920 IF I MENTIONED BASIN 有 什么 FROM WHAT I REALLY 了 
LOG (gmm-latgen-faster[5.1.60~1-b2d5d]:DecodeUtteranceLatticeFaster():decoder-wrappers.cc:285) Log-like per frame for utterance NC11MAX_0101_2283640_2286920 is -3.88561 over 326 frames.
NC11MAX_0101_2290490_2293990 一个 EXAMPLE 我 一个 ACCOUNTANT 我 我 可以 吗 
LOG (gmm-latgen-faster[5.1.60~1-b2d5d]:DecodeUtteranceLatticeFaster():decoder-wrappers.cc:285) Log-like per frame for utterance NC11MAX_0101_2290490_2293990 is -4.24763 over 348 frames.
NC11MAX_0101_2307370_2309630 所以 的 SALARY 是 PERFORMANCE 啊 POWERFUL 
LOG (gmm-latgen-faster[5.1.60~1-b2d5d]:DecodeUtteranceLatticeFaster():decoder-wrappers.cc:285) Log-like per frame for utterance NC11MAX_0101_2307370_2309630 is -4.23417 over 224 frames.
NC11MAX_0101_2466220_2471550 然后 VICTIM 已经 是 TWENTY FOUR YEARS AGO 的 你 找不到 人 去 做 法 吗 
LOG (gmm-latgen-faster[5.1.60~1-b2d5d]:DecodeUtteranceLatticeFaster():decoder-wrappers.cc:285) Log-like per frame for utterance NC11MAX_0101_2466220_2471550 is -3.84135 over 531 frames.
NC11MAX_0101_2476560_2479140 FOR POLY 没有 巴 进 过 这个 PROGRAMME 吗 
LOG (gmm-latgen-faster[5.1.60~1-b2d5d]:DecodeUtteranceLatticeFaster():decoder-wrappers.cc:285) Log-like per frame for utterance NC11MAX_0101_2476560_2479140 is -4.53951 over 256 frames.
NC11MAX_0101_2549340_2552950 就是 FISCAL SWIMMER 到 什么 BRIDGE 的 
LOG (gmm-latgen-faster[5.1.60~1-b2d5d]:DecodeUtteranceLatticeFaster():decoder-wrappers.cc:285) Log-like per frame for utterance NC11MAX_0101_2549340_2552950 is -3.87169 over 359 frames.
NC11MAX_0101_2565750_2567940 很多 都是 靠 EXPERIENCE SIL2 
LOG (gmm-latgen-faster[5.1.60~1-b2d5d]:DecodeUtteranceLatticeFaster():decoder-wrappers.cc:285) Log-like per frame for utterance NC11MAX_0101_2565750_2567940 is -3.90395 over 217 frames.
NC11MAX_0101_2595850_2598220 VERY I THINK 有 没 有 什么 POLITICAL 
LOG (gmm-latgen-faster[5.1.60~1-b2d5d]:DecodeUtteranceLatticeFaster():decoder-wrappers.cc:285) Log-like per frame for utterance NC11MAX_0101_2595850_2598220 is -4.30493 over 235 frames.
NC11MAX_0101_2620540_2622610 找 一些 PRESET 的 PRACTICE SIX 啊 
LOG (gmm-latgen-faster[5.1.60~1-b2d5d]:DecodeUtteranceLatticeFaster():decoder-wrappers.cc:285) Log-like per frame for utterance NC11MAX_0101_2620540_2622610 is -4.18533 over 205 frames.
NC11MAX_0101_2690330_2691950 啊 我 的 PROFESSOR 讲 我 
LOG (gmm-latgen-faster[5.1.60~1-b2d5d]:DecodeUtteranceLatticeFaster():decoder-wrappers.cc:285) Log-like per frame for utterance NC11MAX_0101_2690330_2691950 is -4.40637 over 160 frames.
NC11MAX_0101_2692360_2696280 THEN 我 做 EVERYTHING 不用 LIKE CONSIDER 到 这个 THEN 
LOG (gmm-latgen-faster[5.1.60~1-b2d5d]:DecodeUtteranceLatticeFaster():decoder-wrappers.cc:285) Log-like per frame for utterance NC11MAX_0101_2692360_2696280 is -4.00913 over 390 frames.
NC11MAX_0101_2839160_2841420 对 啦 去 考 FACTS 那些 就 人 的 
LOG (gmm-latgen-faster[5.1.60~1-b2d5d]:DecodeUtteranceLatticeFaster():decoder-wrappers.cc:285) Log-like per frame for utterance NC11MAX_0101_2839160_2841420 is -4.20375 over 224 frames.
NC11MAX_0101_2846700_2848990 你 就 ALSO 的 PROFESSOR PEOPLE 的 
LOG (gmm-latgen-faster[5.1.60~1-b2d5d]:DecodeUtteranceLatticeFaster():decoder-wrappers.cc:285) Log-like per frame for utterance NC11MAX_0101_2846700_2848990 is -4.22612 over 227 frames.
NC11MAX_0101_2904540_2906270 你 可以 CONTRIBUTE TO THE ER 
LOG (gmm-latgen-faster[5.1.60~1-b2d5d]:DecodeUtteranceLatticeFaster():decoder-wrappers.cc:285) Log-like per frame for utterance NC11MAX_0101_2904540_2906270 is -4.31569 over 171 frames.
NC11MAX_0101_3106780_3110290 穿 衣服 这样 子 AH NO 啊 THEM FIRST 啊 
LOG (gmm-latgen-faster[5.1.60~1-b2d5d]:DecodeUtteranceLatticeFaster():decoder-wrappers.cc:285) Log-like per frame for utterance NC11MAX_0101_3106780_3110290 is -4.10748 over 349 frames.
NC11MAX_0101_3179870_3184400 SITTING 在 大 了 THEN 我 就 至少 的 人 就 MORE 靠 
LOG (gmm-latgen-faster[5.1.60~1-b2d5d]:DecodeUtteranceLatticeFaster():decoder-wrappers.cc:285) Log-like per frame for utterance NC11MAX_0101_3179870_3184400 is -4.13707 over 451 frames.
NC11MAX_0101_3188350_3191540 EVERYDAY 我 是 TRYING TO SO 没有 做 FORTY FOUR 
LOG (gmm-latgen-faster[5.1.60~1-b2d5d]:DecodeUtteranceLatticeFaster():decoder-wrappers.cc:285) Log-like per frame for utterance NC11MAX_0101_3188350_3191540 is -4.28392 over 317 frames.
NC11MAX_0101_3201730_3206510 可以 RELEASE MY INTERVIEWER 好像 我 知道 我 就 SWITCHING CAN THIRTEEN 啊 
LOG (gmm-latgen-faster[5.1.60~1-b2d5d]:DecodeUtteranceLatticeFaster():decoder-wrappers.cc:285) Log-like per frame for utterance NC11MAX_0101_3201730_3206510 is -4.00521 over 476 frames.
NC11MAX_0101_3215550_3219190 AFTER BIRTHDAY PRESENT 我 的 RIGHT SO CALLED 我们 做 到 
LOG (gmm-latgen-faster[5.1.60~1-b2d5d]:DecodeUtteranceLatticeFaster():decoder-wrappers.cc:285) Log-like per frame for utterance NC11MAX_0101_3215550_3219190 is -4.3526 over 362 frames.
NC11MAX_0101_3234800_3236760 我 已经 有 去 这个 他 的 
LOG (gmm-latgen-faster[5.1.60~1-b2d5d]:DecodeUtteranceLatticeFaster():decoder-wrappers.cc:285) Log-like per frame for utterance NC11MAX_0101_3234800_3236760 is -4.29388 over 194 frames.
LOG (apply-cmvn[5.1.60~1-b2d5d]:main():apply-cmvn.cc:146) Applied cepstral mean normalization to 75 utterances, errors on 0
NC11MAX_0101_3240620_3242550 自杀 THEN 我 就 没有 我 的 东 西 是 啊 
LOG (gmm-latgen-faster[5.1.60~1-b2d5d]:DecodeUtteranceLatticeFaster():decoder-wrappers.cc:285) Log-like per frame for utterance NC11MAX_0101_3240620_3242550 is -4.24184 over 191 frames.
NC11MAX_0101_3246470_3249670 THE SIL 可以 是 BODY WHAT 就 的 LOR 对 
LOG (gmm-latgen-faster[5.1.60~1-b2d5d]:DecodeUtteranceLatticeFaster():decoder-wrappers.cc:285) Log-like per frame for utterance NC11MAX_0101_3246470_3249670 is -3.96498 over 318 frames.
NC11MAX_0101_3262230_3266550 哇 没有 PUBLISH AH AFTER 我 的 BOSS O C A 我 就 POST OFFICE 做 了 
LOG (gmm-latgen-faster[5.1.60~1-b2d5d]:DecodeUtteranceLatticeFaster():decoder-wrappers.cc:285) Log-like per frame for utterance NC11MAX_0101_3262230_3266550 is -4.23174 over 430 frames.
NC11MAX_0101_3356760_3359280 SO FOR SAFE 了 SO 一个 STORY 可以 REST 
LOG (gmm-latgen-faster[5.1.60~1-b2d5d]:DecodeUtteranceLatticeFaster():decoder-wrappers.cc:285) Log-like per frame for utterance NC11MAX_0101_3356760_3359280 is -4.29352 over 250 frames.
NC11MAX_0101_3521690_3523590 的 是 其实 一个 SIMPLE 吗 
LOG (gmm-latgen-faster[5.1.60~1-b2d5d]:DecodeUtteranceLatticeFaster():decoder-wrappers.cc:285) Log-like per frame for utterance NC11MAX_0101_3521690_3523590 is -3.94247 over 188 frames.
NC11MAX_0101_3545620_3548020 SO THEN DINNER 的 时候 我 去 CANTEEN THEN 
LOG (gmm-latgen-faster[5.1.60~1-b2d5d]:DecodeUtteranceLatticeFaster():decoder-wrappers.cc:285) Log-like per frame for utterance NC11MAX_0101_3545620_3548020 is -3.92501 over 238 frames.
NC11MAX_0101_3551820_3553520 自己 给 我 的 CHARACTER SO 
LOG (gmm-latgen-faster[5.1.60~1-b2d5d]:DecodeUtteranceLatticeFaster():decoder-wrappers.cc:285) Log-like per frame for utterance NC11MAX_0101_3551820_3553520 is -4.39008 over 168 frames.
NC11MAX_0101_3556380_3557990 很 贵 的 SCHOOL PARTY 
LOG (gmm-latgen-faster[5.1.60~1-b2d5d]:DecodeUtteranceLatticeFaster():decoder-wrappers.cc:285) Log-like per frame for utterance NC11MAX_0101_3556380_3557990 is -4.17393 over 159 frames.
LOG (transform-feats[5.1.60~1-b2d5d]:main():transform-feats.cc:158) Overall average [pseudo-]logdet is -92.5633 over 21192 frames.
LOG (transform-feats[5.1.60~1-b2d5d]:main():transform-feats.cc:161) Applied transform to 75 utterances; 0 had errors.
NC11MAX_0101_3575530_3577410 最 好 不要 FOR SCHOOL 有 
LOG (gmm-latgen-faster[5.1.60~1-b2d5d]:DecodeUtteranceLatticeFaster():decoder-wrappers.cc:285) Log-like per frame for utterance NC11MAX_0101_3575530_3577410 is -3.89446 over 186 frames.
NC11MAX_0101_3677070_3679040 BEFORE 我 来 有时 就 就 STUDY EH 
LOG (gmm-latgen-faster[5.1.60~1-b2d5d]:DecodeUtteranceLatticeFaster():decoder-wrappers.cc:285) Log-like per frame for utterance NC11MAX_0101_3677070_3679040 is -4.02581 over 195 frames.
NC11MAX_0101_3699340_3700970 所以 的 其实 是 ER LOUDER 
LOG (gmm-latgen-faster[5.1.60~1-b2d5d]:DecodeUtteranceLatticeFaster():decoder-wrappers.cc:285) Log-like per frame for utterance NC11MAX_0101_3699340_3700970 is -3.85938 over 161 frames.
LOG (gmm-latgen-faster[5.1.60~1-b2d5d]:main():gmm-latgen-faster.cc:176) Time taken 489.955s: real-time factor assuming 100 frames/sec is 2.31198
LOG (gmm-latgen-faster[5.1.60~1-b2d5d]:main():gmm-latgen-faster.cc:179) Done 75 utterances, failed for 0
LOG (gmm-latgen-faster[5.1.60~1-b2d5d]:main():gmm-latgen-faster.cc:181) Overall log-likelihood per frame is -4.05898 over 21192 frames.
# Accounting: time=491 threads=1
# Ended (code 0) at Sat Apr 22 00:38:34 UTC 2017, elapsed time 491 seconds
