# gmm-acc-stats-ali exp/tri2/18.mdl "ark,s,cs:apply-cmvn  --utt2spk=ark:data/train/split16/16/utt2spk scp:data/train/split16/16/cmvn.scp scp:data/train/split16/16/feats.scp ark:- | splice-feats --left-context=3 --right-context=3 ark:- ark:- | transform-feats exp/tri2/12.mat ark:- ark:- |" "ark,s,cs:gunzip -c exp/tri2/ali.16.gz|" exp/tri2/18.16.acc 
# Started at Sat Apr 22 00:19:43 UTC 2017
#
gmm-acc-stats-ali exp/tri2/18.mdl 'ark,s,cs:apply-cmvn  --utt2spk=ark:data/train/split16/16/utt2spk scp:data/train/split16/16/cmvn.scp scp:data/train/split16/16/feats.scp ark:- | splice-feats --left-context=3 --right-context=3 ark:- ark:- | transform-feats exp/tri2/12.mat ark:- ark:- |' 'ark,s,cs:gunzip -c exp/tri2/ali.16.gz|' exp/tri2/18.16.acc 
apply-cmvn --utt2spk=ark:data/train/split16/16/utt2spk scp:data/train/split16/16/cmvn.scp scp:data/train/split16/16/feats.scp ark:- 
splice-feats --left-context=3 --right-context=3 ark:- ark:- 
transform-feats exp/tri2/12.mat ark:- ark:- 
LOG (gmm-acc-stats-ali[5.1.60~1-b2d5d]:main():gmm-acc-stats-ali.cc:105) Processed 50 utterances; for utterance UI12FAZ_0101_0367828_0378645 avg. like is -39.3239 over 1080 frames.
LOG (gmm-acc-stats-ali[5.1.60~1-b2d5d]:main():gmm-acc-stats-ali.cc:105) Processed 100 utterances; for utterance UI12FAZ_0101_0734689_0740862 avg. like is -45.241 over 615 frames.
LOG (gmm-acc-stats-ali[5.1.60~1-b2d5d]:main():gmm-acc-stats-ali.cc:105) Processed 150 utterances; for utterance UI12FAZ_0101_1066503_1070959 avg. like is -50.4125 over 444 frames.
LOG (gmm-acc-stats-ali[5.1.60~1-b2d5d]:main():gmm-acc-stats-ali.cc:105) Processed 200 utterances; for utterance UI12FAZ_0102_0262326_0270511 avg. like is -44.5442 over 817 frames.
LOG (gmm-acc-stats-ali[5.1.60~1-b2d5d]:main():gmm-acc-stats-ali.cc:105) Processed 250 utterances; for utterance UI12FAZ_0102_0621273_0626425 avg. like is -46.7419 over 513 frames.
WARNING (gmm-acc-stats-ali[5.1.60~1-b2d5d]:main():gmm-acc-stats-ali.cc:79) No alignment for utterance UI12FAZ_0102_0859924_0864851
LOG (gmm-acc-stats-ali[5.1.60~1-b2d5d]:main():gmm-acc-stats-ali.cc:105) Processed 300 utterances; for utterance UI12FAZ_0102_1013228_1015809 avg. like is -51.3944 over 256 frames.
LOG (gmm-acc-stats-ali[5.1.60~1-b2d5d]:main():gmm-acc-stats-ali.cc:105) Processed 350 utterances; for utterance UI12FAZ_0103_0124184_0134098 avg. like is -48.9353 over 989 frames.
LOG (gmm-acc-stats-ali[5.1.60~1-b2d5d]:main():gmm-acc-stats-ali.cc:105) Processed 400 utterances; for utterance UI12FAZ_0103_0468805_0471052 avg. like is -40.2314 over 223 frames.
LOG (gmm-acc-stats-ali[5.1.60~1-b2d5d]:main():gmm-acc-stats-ali.cc:105) Processed 450 utterances; for utterance UI12FAZ_0103_0782586_0790495 avg. like is -43.9075 over 789 frames.
LOG (gmm-acc-stats-ali[5.1.60~1-b2d5d]:main():gmm-acc-stats-ali.cc:105) Processed 500 utterances; for utterance UI12FAZ_0103_1098117_1104898 avg. like is -43.4005 over 676 frames.
LOG (gmm-acc-stats-ali[5.1.60~1-b2d5d]:main():gmm-acc-stats-ali.cc:105) Processed 550 utterances; for utterance UI12FAZ_0104_0235144_0239685 avg. like is -49.6165 over 452 frames.
LOG (gmm-acc-stats-ali[5.1.60~1-b2d5d]:main():gmm-acc-stats-ali.cc:105) Processed 600 utterances; for utterance UI12FAZ_0104_0548688_0551632 avg. like is -40.9551 over 292 frames.
LOG (gmm-acc-stats-ali[5.1.60~1-b2d5d]:main():gmm-acc-stats-ali.cc:105) Processed 650 utterances; for utterance UI12FAZ_0104_0848610_0850408 avg. like is -46.2968 over 178 frames.
LOG (gmm-acc-stats-ali[5.1.60~1-b2d5d]:main():gmm-acc-stats-ali.cc:105) Processed 700 utterances; for utterance UI12FAZ_0104_1088554_1090670 avg. like is -46.3763 over 210 frames.
LOG (gmm-acc-stats-ali[5.1.60~1-b2d5d]:main():gmm-acc-stats-ali.cc:105) Processed 750 utterances; for utterance UI12FAZ_0105_0208354_0214197 avg. like is -38.3798 over 582 frames.
LOG (gmm-acc-stats-ali[5.1.60~1-b2d5d]:main():gmm-acc-stats-ali.cc:105) Processed 800 utterances; for utterance UI13FAZ_0101_0465449_0473881 avg. like is -46.7495 over 841 frames.
LOG (gmm-acc-stats-ali[5.1.60~1-b2d5d]:main():gmm-acc-stats-ali.cc:105) Processed 850 utterances; for utterance UI13FAZ_0101_0870496_0876394 avg. like is -49.1331 over 588 frames.
LOG (gmm-acc-stats-ali[5.1.60~1-b2d5d]:main():gmm-acc-stats-ali.cc:105) Processed 900 utterances; for utterance UI13FAZ_0102_0096241_0099894 avg. like is -48.1926 over 363 frames.
LOG (gmm-acc-stats-ali[5.1.60~1-b2d5d]:main():gmm-acc-stats-ali.cc:105) Processed 950 utterances; for utterance UI13FAZ_0102_0486054_0491240 avg. like is -48.7432 over 517 frames.
LOG (gmm-acc-stats-ali[5.1.60~1-b2d5d]:main():gmm-acc-stats-ali.cc:105) Processed 1000 utterances; for utterance UI13FAZ_0102_0918306_0922617 avg. like is -47.4409 over 429 frames.
LOG (gmm-acc-stats-ali[5.1.60~1-b2d5d]:main():gmm-acc-stats-ali.cc:105) Processed 1050 utterances; for utterance UI13FAZ_0103_0098679_0104956 avg. like is -46.0668 over 626 frames.
LOG (gmm-acc-stats-ali[5.1.60~1-b2d5d]:main():gmm-acc-stats-ali.cc:105) Processed 1100 utterances; for utterance UI13FAZ_0103_0502942_0514927 avg. like is -48.0196 over 1197 frames.
LOG (gmm-acc-stats-ali[5.1.60~1-b2d5d]:main():gmm-acc-stats-ali.cc:105) Processed 1150 utterances; for utterance UI13FAZ_0103_0914639_0918462 avg. like is -41.9425 over 380 frames.
LOG (gmm-acc-stats-ali[5.1.60~1-b2d5d]:main():gmm-acc-stats-ali.cc:105) Processed 1200 utterances; for utterance UI13FAZ_0104_0128684_0130735 avg. like is -43.6593 over 203 frames.
WARNING (gmm-acc-stats-ali[5.1.60~1-b2d5d]:main():gmm-acc-stats-ali.cc:79) No alignment for utterance UI13FAZ_0104_0231793_0238228
WARNING (gmm-acc-stats-ali[5.1.60~1-b2d5d]:main():gmm-acc-stats-ali.cc:79) No alignment for utterance UI13FAZ_0104_0542019_0549733
LOG (gmm-acc-stats-ali[5.1.60~1-b2d5d]:main():gmm-acc-stats-ali.cc:105) Processed 1250 utterances; for utterance UI13FAZ_0104_0604818_0611407 avg. like is -42.0803 over 657 frames.
LOG (gmm-acc-stats-ali[5.1.60~1-b2d5d]:main():gmm-acc-stats-ali.cc:105) Processed 1300 utterances; for utterance UI13FAZ_0105_0253828_0260020 avg. like is -47.9287 over 617 frames.
LOG (gmm-acc-stats-ali[5.1.60~1-b2d5d]:main():gmm-acc-stats-ali.cc:105) Processed 1350 utterances; for utterance UI14MAZ_0101_0303238_0313114 avg. like is -48.6271 over 986 frames.
LOG (gmm-acc-stats-ali[5.1.60~1-b2d5d]:main():gmm-acc-stats-ali.cc:105) Processed 1400 utterances; for utterance UI14MAZ_0101_0820415_0828995 avg. like is -47.7981 over 856 frames.
LOG (gmm-acc-stats-ali[5.1.60~1-b2d5d]:main():gmm-acc-stats-ali.cc:105) Processed 1450 utterances; for utterance UI14MAZ_0102_0136091_0141298 avg. like is -44.828 over 519 frames.
LOG (gmm-acc-stats-ali[5.1.60~1-b2d5d]:main():gmm-acc-stats-ali.cc:105) Processed 1500 utterances; for utterance UI14MAZ_0102_0649080_0660645 avg. like is -48.2678 over 1155 frames.
LOG (gmm-acc-stats-ali[5.1.60~1-b2d5d]:main():gmm-acc-stats-ali.cc:105) Processed 1550 utterances; for utterance UI14MAZ_0102_1179596_1187003 avg. like is -52.7804 over 739 frames.
LOG (gmm-acc-stats-ali[5.1.60~1-b2d5d]:main():gmm-acc-stats-ali.cc:105) Processed 1600 utterances; for utterance UI14MAZ_0103_0595705_0603724 avg. like is -42.5592 over 800 frames.
WARNING (gmm-acc-stats-ali[5.1.60~1-b2d5d]:main():gmm-acc-stats-ali.cc:79) No alignment for utterance UI14MAZ_0103_0741731_0744519
WARNING (gmm-acc-stats-ali[5.1.60~1-b2d5d]:main():gmm-acc-stats-ali.cc:79) No alignment for utterance UI14MAZ_0103_1015114_1029198
LOG (gmm-acc-stats-ali[5.1.60~1-b2d5d]:main():gmm-acc-stats-ali.cc:105) Processed 1650 utterances; for utterance UI14MAZ_0103_1176428_1177618 avg. like is -32.9039 over 117 frames.
LOG (gmm-acc-stats-ali[5.1.60~1-b2d5d]:main():gmm-acc-stats-ali.cc:105) Processed 1700 utterances; for utterance UI14MAZ_0104_0484891_0493442 avg. like is -49.5652 over 853 frames.
LOG (gmm-acc-stats-ali[5.1.60~1-b2d5d]:main():gmm-acc-stats-ali.cc:105) Processed 1750 utterances; for utterance UI14MAZ_0104_1047689_1060119 avg. like is -42.9555 over 1241 frames.
LOG (gmm-acc-stats-ali[5.1.60~1-b2d5d]:main():gmm-acc-stats-ali.cc:105) Processed 1800 utterances; for utterance UI15FAZ_0101_0581085_0585733 avg. like is -40.0905 over 463 frames.
LOG (gmm-acc-stats-ali[5.1.60~1-b2d5d]:main():gmm-acc-stats-ali.cc:105) Processed 1850 utterances; for utterance UI16MAZ_0101_0536341_0538854 avg. like is -47.6818 over 249 frames.
LOG (gmm-acc-stats-ali[5.1.60~1-b2d5d]:main():gmm-acc-stats-ali.cc:105) Processed 1900 utterances; for utterance UI16MAZ_0105_0624266_0625002 avg. like is -49.1037 over 72 frames.
LOG (gmm-acc-stats-ali[5.1.60~1-b2d5d]:main():gmm-acc-stats-ali.cc:105) Processed 1950 utterances; for utterance UI17FAZ_0102_0082219_0083931 avg. like is -45.96 over 169 frames.
LOG (gmm-acc-stats-ali[5.1.60~1-b2d5d]:main():gmm-acc-stats-ali.cc:105) Processed 2000 utterances; for utterance UI17FAZ_0103_0717640_0720839 avg. like is -33.7852 over 318 frames.
LOG (gmm-acc-stats-ali[5.1.60~1-b2d5d]:main():gmm-acc-stats-ali.cc:105) Processed 2050 utterances; for utterance UI17FAZ_0105_0198563_0199595 avg. like is -40.8295 over 101 frames.
LOG (gmm-acc-stats-ali[5.1.60~1-b2d5d]:main():gmm-acc-stats-ali.cc:105) Processed 2100 utterances; for utterance UI18MAZ_0102_0932213_0934701 avg. like is -48.854 over 247 frames.
LOG (gmm-acc-stats-ali[5.1.60~1-b2d5d]:main():gmm-acc-stats-ali.cc:105) Processed 2150 utterances; for utterance UI19MAZ_0101_0128094_0130410 avg. like is -50.6893 over 230 frames.
LOG (gmm-acc-stats-ali[5.1.60~1-b2d5d]:main():gmm-acc-stats-ali.cc:105) Processed 2200 utterances; for utterance UI19MAZ_0103_0451132_0451902 avg. like is -40.4412 over 75 frames.
LOG (gmm-acc-stats-ali[5.1.60~1-b2d5d]:main():gmm-acc-stats-ali.cc:105) Processed 2250 utterances; for utterance UI19MAZ_0105_0183244_0184926 avg. like is -51.6129 over 166 frames.
LOG (gmm-acc-stats-ali[5.1.60~1-b2d5d]:main():gmm-acc-stats-ali.cc:105) Processed 2300 utterances; for utterance UI20MAZ_0101_0801275_0803846 avg. like is -40.8168 over 255 frames.
LOG (gmm-acc-stats-ali[5.1.60~1-b2d5d]:main():gmm-acc-stats-ali.cc:105) Processed 2350 utterances; for utterance UI20MAZ_0104_0684137_0685272 avg. like is -41.2515 over 112 frames.
LOG (gmm-acc-stats-ali[5.1.60~1-b2d5d]:main():gmm-acc-stats-ali.cc:105) Processed 2400 utterances; for utterance UI21MAZ_0102_0507019_0508505 avg. like is -35.4539 over 147 frames.
LOG (gmm-acc-stats-ali[5.1.60~1-b2d5d]:main():gmm-acc-stats-ali.cc:105) Processed 2450 utterances; for utterance UI21MAZ_0104_0800672_0801823 avg. like is -45.2841 over 113 frames.
LOG (gmm-acc-stats-ali[5.1.60~1-b2d5d]:main():gmm-acc-stats-ali.cc:105) Processed 2500 utterances; for utterance UI22MAZ_0101_0707891_0710053 avg. like is -39.6254 over 214 frames.
LOG (gmm-acc-stats-ali[5.1.60~1-b2d5d]:main():gmm-acc-stats-ali.cc:105) Processed 2550 utterances; for utterance UI22MAZ_0103_0041081_0042500 avg. like is -38.9098 over 140 frames.
LOG (gmm-acc-stats-ali[5.1.60~1-b2d5d]:main():gmm-acc-stats-ali.cc:105) Processed 2600 utterances; for utterance UI22MAZ_0104_0006236_0006909 avg. like is -40.7797 over 65 frames.
LOG (gmm-acc-stats-ali[5.1.60~1-b2d5d]:main():gmm-acc-stats-ali.cc:105) Processed 2650 utterances; for utterance UI22MAZ_0104_0999541_1001233 avg. like is -48.0527 over 167 frames.
LOG (gmm-acc-stats-ali[5.1.60~1-b2d5d]:main():gmm-acc-stats-ali.cc:105) Processed 2700 utterances; for utterance UI23FAZ_0101_0047272_0052189 avg. like is -42.4731 over 490 frames.
LOG (gmm-acc-stats-ali[5.1.60~1-b2d5d]:main():gmm-acc-stats-ali.cc:105) Processed 2750 utterances; for utterance UI23FAZ_0102_0383585_0386245 avg. like is -51.2941 over 264 frames.
LOG (gmm-acc-stats-ali[5.1.60~1-b2d5d]:main():gmm-acc-stats-ali.cc:105) Processed 2800 utterances; for utterance UI23FAZ_0104_0074718_0076932 avg. like is -36.9278 over 219 frames.
LOG (gmm-acc-stats-ali[5.1.60~1-b2d5d]:main():gmm-acc-stats-ali.cc:105) Processed 2850 utterances; for utterance UI24MAZ_0101_0033201_0035548 avg. like is -47.1638 over 233 frames.
LOG (gmm-acc-stats-ali[5.1.60~1-b2d5d]:main():gmm-acc-stats-ali.cc:105) Processed 2900 utterances; for utterance UI24MAZ_0101_1125072_1132175 avg. like is -51.1405 over 708 frames.
LOG (gmm-acc-stats-ali[5.1.60~1-b2d5d]:main():gmm-acc-stats-ali.cc:105) Processed 2950 utterances; for utterance UI24MAZ_0102_0657096_0660688 avg. like is -48.2912 over 357 frames.
LOG (gmm-acc-stats-ali[5.1.60~1-b2d5d]:main():gmm-acc-stats-ali.cc:105) Processed 3000 utterances; for utterance UI24MAZ_0103_0403125_0403826 avg. like is -46.8577 over 68 frames.
LOG (gmm-acc-stats-ali[5.1.60~1-b2d5d]:main():gmm-acc-stats-ali.cc:105) Processed 3050 utterances; for utterance UI24MAZ_0104_0699604_0700866 avg. like is -45.7269 over 124 frames.
LOG (gmm-acc-stats-ali[5.1.60~1-b2d5d]:main():gmm-acc-stats-ali.cc:105) Processed 3100 utterances; for utterance UI25FAZ_0101_0736141_0740637 avg. like is -48.2719 over 448 frames.
LOG (gmm-acc-stats-ali[5.1.60~1-b2d5d]:main():gmm-acc-stats-ali.cc:105) Processed 3150 utterances; for utterance UI25FAZ_0102_0983324_0987377 avg. like is -48.1895 over 403 frames.
LOG (gmm-acc-stats-ali[5.1.60~1-b2d5d]:main():gmm-acc-stats-ali.cc:105) Processed 3200 utterances; for utterance UI25FAZ_0103_1020209_1023224 avg. like is -41.5968 over 300 frames.
LOG (gmm-acc-stats-ali[5.1.60~1-b2d5d]:main():gmm-acc-stats-ali.cc:105) Processed 3250 utterances; for utterance UI26MAZ_0101_0360934_0364703 avg. like is -44.4943 over 375 frames.
LOG (gmm-acc-stats-ali[5.1.60~1-b2d5d]:main():gmm-acc-stats-ali.cc:105) Processed 3300 utterances; for utterance UI26MAZ_0103_0428876_0433844 avg. like is -38.7317 over 495 frames.
LOG (gmm-acc-stats-ali[5.1.60~1-b2d5d]:main():gmm-acc-stats-ali.cc:105) Processed 3350 utterances; for utterance UI27FAZ_0101_0209818_0217748 avg. like is -43.0052 over 791 frames.
LOG (gmm-acc-stats-ali[5.1.60~1-b2d5d]:main():gmm-acc-stats-ali.cc:105) Processed 3400 utterances; for utterance UI27FAZ_0101_1182196_1193270 avg. like is -45.3696 over 1105 frames.
LOG (gmm-acc-stats-ali[5.1.60~1-b2d5d]:main():gmm-acc-stats-ali.cc:105) Processed 3450 utterances; for utterance UI27FAZ_0102_0886297_0890811 avg. like is -46.1025 over 449 frames.
LOG (gmm-acc-stats-ali[5.1.60~1-b2d5d]:main():gmm-acc-stats-ali.cc:105) Processed 3500 utterances; for utterance UI27FAZ_0103_0781484_0786393 avg. like is -42.3802 over 489 frames.
LOG (gmm-acc-stats-ali[5.1.60~1-b2d5d]:main():gmm-acc-stats-ali.cc:105) Processed 3550 utterances; for utterance UI27FAZ_0104_1030311_1031765 avg. like is -29.8678 over 143 frames.
LOG (gmm-acc-stats-ali[5.1.60~1-b2d5d]:main():gmm-acc-stats-ali.cc:105) Processed 3600 utterances; for utterance UI28FAZ_0102_0660139_0661957 avg. like is -45.4778 over 180 frames.
LOG (apply-cmvn[5.1.60~1-b2d5d]:main():apply-cmvn.cc:146) Applied cepstral mean normalization to 3640 utterances, errors on 0
LOG (transform-feats[5.1.60~1-b2d5d]:main():transform-feats.cc:158) Overall average [pseudo-]logdet is -92.5633 over 1.81682e+06 frames.
LOG (transform-feats[5.1.60~1-b2d5d]:main():transform-feats.cc:161) Applied transform to 3640 utterances; 0 had errors.
LOG (gmm-acc-stats-ali[5.1.60~1-b2d5d]:main():gmm-acc-stats-ali.cc:112) Done 3635 files, 5 with errors.
LOG (gmm-acc-stats-ali[5.1.60~1-b2d5d]:main():gmm-acc-stats-ali.cc:115) Overall avg like per frame (Gaussian only) = -45.37 over 1813235 frames.
LOG (gmm-acc-stats-ali[5.1.60~1-b2d5d]:main():gmm-acc-stats-ali.cc:123) Written accs.
# Accounting: time=13 threads=1
# Ended (code 0) at Sat Apr 22 00:19:56 UTC 2017, elapsed time 13 seconds
