# gmm-acc-stats-ali exp/tri2/9.mdl "ark,s,cs:apply-cmvn  --utt2spk=ark:data/train/split16/15/utt2spk scp:data/train/split16/15/cmvn.scp scp:data/train/split16/15/feats.scp ark:- | splice-feats --left-context=3 --right-context=3 ark:- ark:- | transform-feats exp/tri2/6.mat ark:- ark:- |" "ark,s,cs:gunzip -c exp/tri2/ali.15.gz|" exp/tri2/9.15.acc 
# Started at Sat Apr 22 00:14:53 UTC 2017
#
gmm-acc-stats-ali exp/tri2/9.mdl 'ark,s,cs:apply-cmvn  --utt2spk=ark:data/train/split16/15/utt2spk scp:data/train/split16/15/cmvn.scp scp:data/train/split16/15/feats.scp ark:- | splice-feats --left-context=3 --right-context=3 ark:- ark:- | transform-feats exp/tri2/6.mat ark:- ark:- |' 'ark,s,cs:gunzip -c exp/tri2/ali.15.gz|' exp/tri2/9.15.acc 
apply-cmvn --utt2spk=ark:data/train/split16/15/utt2spk scp:data/train/split16/15/cmvn.scp scp:data/train/split16/15/feats.scp ark:- 
transform-feats exp/tri2/6.mat ark:- ark:- 
splice-feats --left-context=3 --right-context=3 ark:- ark:- 
LOG (gmm-acc-stats-ali[5.1.60~1-b2d5d]:main():gmm-acc-stats-ali.cc:105) Processed 50 utterances; for utterance UI06MAZ_0101_0344760_0353046 avg. like is -45.5122 over 827 frames.
WARNING (gmm-acc-stats-ali[5.1.60~1-b2d5d]:main():gmm-acc-stats-ali.cc:79) No alignment for utterance UI06MAZ_0101_0531900_0539291
LOG (gmm-acc-stats-ali[5.1.60~1-b2d5d]:main():gmm-acc-stats-ali.cc:105) Processed 100 utterances; for utterance UI06MAZ_0101_0700731_0709736 avg. like is -47.8876 over 899 frames.
LOG (gmm-acc-stats-ali[5.1.60~1-b2d5d]:main():gmm-acc-stats-ali.cc:105) Processed 150 utterances; for utterance UI06MAZ_0101_1042749_1047096 avg. like is -44.8349 over 433 frames.
LOG (gmm-acc-stats-ali[5.1.60~1-b2d5d]:main():gmm-acc-stats-ali.cc:105) Processed 200 utterances; for utterance UI06MAZ_0102_0207250_0214745 avg. like is -50.7378 over 748 frames.
LOG (gmm-acc-stats-ali[5.1.60~1-b2d5d]:main():gmm-acc-stats-ali.cc:105) Processed 250 utterances; for utterance UI06MAZ_0102_0579701_0587380 avg. like is -45.4187 over 766 frames.
LOG (gmm-acc-stats-ali[5.1.60~1-b2d5d]:main():gmm-acc-stats-ali.cc:105) Processed 300 utterances; for utterance UI06MAZ_0102_0945159_0951733 avg. like is -46.0358 over 655 frames.
WARNING (gmm-acc-stats-ali[5.1.60~1-b2d5d]:main():gmm-acc-stats-ali.cc:79) No alignment for utterance UI06MAZ_0102_1190108_1196887
LOG (gmm-acc-stats-ali[5.1.60~1-b2d5d]:main():gmm-acc-stats-ali.cc:105) Processed 350 utterances; for utterance UI06MAZ_0103_0100046_0104311 avg. like is -44.3243 over 425 frames.
LOG (gmm-acc-stats-ali[5.1.60~1-b2d5d]:main():gmm-acc-stats-ali.cc:105) Processed 400 utterances; for utterance UI06MAZ_0103_0426495_0431683 avg. like is -46.1039 over 517 frames.
LOG (gmm-acc-stats-ali[5.1.60~1-b2d5d]:main():gmm-acc-stats-ali.cc:105) Processed 450 utterances; for utterance UI06MAZ_0103_0734179_0744470 avg. like is -43.6021 over 1027 frames.
LOG (gmm-acc-stats-ali[5.1.60~1-b2d5d]:main():gmm-acc-stats-ali.cc:105) Processed 500 utterances; for utterance UI06MAZ_0103_1041100_1045620 avg. like is -50.8988 over 450 frames.
LOG (gmm-acc-stats-ali[5.1.60~1-b2d5d]:main():gmm-acc-stats-ali.cc:105) Processed 550 utterances; for utterance UI06MAZ_0104_0170209_0179194 avg. like is -47.0481 over 897 frames.
LOG (gmm-acc-stats-ali[5.1.60~1-b2d5d]:main():gmm-acc-stats-ali.cc:105) Processed 600 utterances; for utterance UI06MAZ_0104_0510446_0512944 avg. like is -45.8201 over 248 frames.
LOG (gmm-acc-stats-ali[5.1.60~1-b2d5d]:main():gmm-acc-stats-ali.cc:105) Processed 650 utterances; for utterance UI06MAZ_0104_0835276_0842786 avg. like is -40.8241 over 749 frames.
LOG (gmm-acc-stats-ali[5.1.60~1-b2d5d]:main():gmm-acc-stats-ali.cc:105) Processed 700 utterances; for utterance UI06MAZ_0104_1154834_1165288 avg. like is -48.5575 over 1043 frames.
LOG (gmm-acc-stats-ali[5.1.60~1-b2d5d]:main():gmm-acc-stats-ali.cc:105) Processed 750 utterances; for utterance UI06MAZ_0105_0285260_0293158 avg. like is -41.5523 over 788 frames.
LOG (gmm-acc-stats-ali[5.1.60~1-b2d5d]:main():gmm-acc-stats-ali.cc:105) Processed 800 utterances; for utterance UI06MAZ_0105_0585905_0591909 avg. like is -49.1741 over 598 frames.
LOG (gmm-acc-stats-ali[5.1.60~1-b2d5d]:main():gmm-acc-stats-ali.cc:105) Processed 850 utterances; for utterance UI07FAZ_0101_0143450_0150607 avg. like is -47.4573 over 714 frames.
LOG (gmm-acc-stats-ali[5.1.60~1-b2d5d]:main():gmm-acc-stats-ali.cc:105) Processed 900 utterances; for utterance UI07FAZ_0101_0462471_0466719 avg. like is -53.1991 over 423 frames.
LOG (gmm-acc-stats-ali[5.1.60~1-b2d5d]:main():gmm-acc-stats-ali.cc:105) Processed 950 utterances; for utterance UI07FAZ_0101_0832480_0839510 avg. like is -50.5846 over 701 frames.
LOG (gmm-acc-stats-ali[5.1.60~1-b2d5d]:main():gmm-acc-stats-ali.cc:105) Processed 1000 utterances; for utterance UI07FAZ_0101_1176126_1184677 avg. like is -48.4403 over 853 frames.
LOG (gmm-acc-stats-ali[5.1.60~1-b2d5d]:main():gmm-acc-stats-ali.cc:105) Processed 1050 utterances; for utterance UI07FAZ_0102_0274253_0276816 avg. like is -47.2352 over 254 frames.
LOG (gmm-acc-stats-ali[5.1.60~1-b2d5d]:main():gmm-acc-stats-ali.cc:105) Processed 1100 utterances; for utterance UI07FAZ_0102_0595347_0602821 avg. like is -53.9273 over 745 frames.
WARNING (gmm-acc-stats-ali[5.1.60~1-b2d5d]:main():gmm-acc-stats-ali.cc:79) No alignment for utterance UI07FAZ_0102_0602821_0611683
LOG (gmm-acc-stats-ali[5.1.60~1-b2d5d]:main():gmm-acc-stats-ali.cc:105) Processed 1150 utterances; for utterance UI07FAZ_0102_0934637_0937636 avg. like is -45.0598 over 298 frames.
LOG (gmm-acc-stats-ali[5.1.60~1-b2d5d]:main():gmm-acc-stats-ali.cc:105) Processed 1200 utterances; for utterance UI07FAZ_0103_0012989_0020254 avg. like is -48.4124 over 725 frames.
LOG (gmm-acc-stats-ali[5.1.60~1-b2d5d]:main():gmm-acc-stats-ali.cc:105) Processed 1250 utterances; for utterance UI07FAZ_0103_0306150_0309575 avg. like is -42.497 over 341 frames.
LOG (gmm-acc-stats-ali[5.1.60~1-b2d5d]:main():gmm-acc-stats-ali.cc:105) Processed 1300 utterances; for utterance UI07FAZ_0103_0598687_0601924 avg. like is -49.9773 over 322 frames.
LOG (gmm-acc-stats-ali[5.1.60~1-b2d5d]:main():gmm-acc-stats-ali.cc:105) Processed 1350 utterances; for utterance UI07FAZ_0103_0895261_0905390 avg. like is -53.8202 over 1011 frames.
LOG (gmm-acc-stats-ali[5.1.60~1-b2d5d]:main():gmm-acc-stats-ali.cc:105) Processed 1400 utterances; for utterance UI07FAZ_0104_0002880_0005137 avg. like is -58.4439 over 224 frames.
WARNING (gmm-acc-stats-ali[5.1.60~1-b2d5d]:main():gmm-acc-stats-ali.cc:79) No alignment for utterance UI07FAZ_0104_0074918_0078352
LOG (gmm-acc-stats-ali[5.1.60~1-b2d5d]:main():gmm-acc-stats-ali.cc:105) Processed 1450 utterances; for utterance UI07FAZ_0104_0282825_0292827 avg. like is -46.4782 over 998 frames.
LOG (gmm-acc-stats-ali[5.1.60~1-b2d5d]:main():gmm-acc-stats-ali.cc:105) Processed 1500 utterances; for utterance UI07FAZ_0104_0550336_0555845 avg. like is -52.3851 over 549 frames.
LOG (gmm-acc-stats-ali[5.1.60~1-b2d5d]:main():gmm-acc-stats-ali.cc:105) Processed 1550 utterances; for utterance UI07FAZ_0104_0803484_0811412 avg. like is -60.7072 over 791 frames.
LOG (gmm-acc-stats-ali[5.1.60~1-b2d5d]:main():gmm-acc-stats-ali.cc:105) Processed 1600 utterances; for utterance UI07FAZ_0104_1072561_1076273 avg. like is -48.879 over 369 frames.
LOG (gmm-acc-stats-ali[5.1.60~1-b2d5d]:main():gmm-acc-stats-ali.cc:105) Processed 1650 utterances; for utterance UI07FAZ_0105_0148336_0157242 avg. like is -53.0686 over 889 frames.
LOG (gmm-acc-stats-ali[5.1.60~1-b2d5d]:main():gmm-acc-stats-ali.cc:105) Processed 1700 utterances; for utterance UI07FAZ_0105_0417013_0422127 avg. like is -59.4385 over 509 frames.
LOG (gmm-acc-stats-ali[5.1.60~1-b2d5d]:main():gmm-acc-stats-ali.cc:105) Processed 1750 utterances; for utterance UI07FAZ_0105_0680706_0682798 avg. like is -44.538 over 207 frames.
LOG (gmm-acc-stats-ali[5.1.60~1-b2d5d]:main():gmm-acc-stats-ali.cc:105) Processed 1800 utterances; for utterance UI07FAZ_0105_0977845_0983745 avg. like is -49.9886 over 588 frames.
LOG (gmm-acc-stats-ali[5.1.60~1-b2d5d]:main():gmm-acc-stats-ali.cc:105) Processed 1850 utterances; for utterance UI09MAZ_0101_0561970_0564572 avg. like is -46.1128 over 258 frames.
LOG (gmm-acc-stats-ali[5.1.60~1-b2d5d]:main():gmm-acc-stats-ali.cc:105) Processed 1900 utterances; for utterance UI09MAZ_0101_1178354_1189578 avg. like is -38.3298 over 1120 frames.
LOG (gmm-acc-stats-ali[5.1.60~1-b2d5d]:main():gmm-acc-stats-ali.cc:105) Processed 1950 utterances; for utterance UI09MAZ_0102_0390233_0393555 avg. like is -44.2002 over 330 frames.
LOG (gmm-acc-stats-ali[5.1.60~1-b2d5d]:main():gmm-acc-stats-ali.cc:105) Processed 2000 utterances; for utterance UI09MAZ_0102_0939940_0953097 avg. like is -40.515 over 1314 frames.
LOG (gmm-acc-stats-ali[5.1.60~1-b2d5d]:main():gmm-acc-stats-ali.cc:105) Processed 2050 utterances; for utterance UI09MAZ_0103_0318940_0324199 avg. like is -44.4455 over 524 frames.
LOG (gmm-acc-stats-ali[5.1.60~1-b2d5d]:main():gmm-acc-stats-ali.cc:105) Processed 2100 utterances; for utterance UI09MAZ_0103_1099125_1102915 avg. like is -40.1222 over 377 frames.
LOG (gmm-acc-stats-ali[5.1.60~1-b2d5d]:main():gmm-acc-stats-ali.cc:105) Processed 2150 utterances; for utterance UI09MAZ_0104_0401946_0411803 avg. like is -49.7972 over 984 frames.
LOG (gmm-acc-stats-ali[5.1.60~1-b2d5d]:main():gmm-acc-stats-ali.cc:105) Processed 2200 utterances; for utterance UI09MAZ_0104_0901303_0905882 avg. like is -43.4398 over 456 frames.
LOG (gmm-acc-stats-ali[5.1.60~1-b2d5d]:main():gmm-acc-stats-ali.cc:105) Processed 2250 utterances; for utterance UI09MAZ_0105_0244586_0248767 avg. like is -42.1416 over 416 frames.
LOG (gmm-acc-stats-ali[5.1.60~1-b2d5d]:main():gmm-acc-stats-ali.cc:105) Processed 2300 utterances; for utterance UI10FAZ_0101_0015818_0021096 avg. like is -42.5691 over 526 frames.
LOG (gmm-acc-stats-ali[5.1.60~1-b2d5d]:main():gmm-acc-stats-ali.cc:105) Processed 2350 utterances; for utterance UI10FAZ_0101_0349804_0359252 avg. like is -46.2216 over 943 frames.
LOG (gmm-acc-stats-ali[5.1.60~1-b2d5d]:main():gmm-acc-stats-ali.cc:105) Processed 2400 utterances; for utterance UI10FAZ_0101_0827393_0829732 avg. like is -42.4103 over 232 frames.
LOG (gmm-acc-stats-ali[5.1.60~1-b2d5d]:main():gmm-acc-stats-ali.cc:105) Processed 2450 utterances; for utterance UI10FAZ_0101_1194628_1198191 avg. like is -42.6286 over 354 frames.
LOG (gmm-acc-stats-ali[5.1.60~1-b2d5d]:main():gmm-acc-stats-ali.cc:105) Processed 2500 utterances; for utterance UI10FAZ_0102_0402743_0410243 avg. like is -42.0887 over 748 frames.
LOG (gmm-acc-stats-ali[5.1.60~1-b2d5d]:main():gmm-acc-stats-ali.cc:105) Processed 2550 utterances; for utterance UI10FAZ_0102_0815811_0819010 avg. like is -41.6921 over 318 frames.
LOG (gmm-acc-stats-ali[5.1.60~1-b2d5d]:main():gmm-acc-stats-ali.cc:105) Processed 2600 utterances; for utterance UI10FAZ_0102_1165264_1172679 avg. like is -39.9907 over 740 frames.
LOG (gmm-acc-stats-ali[5.1.60~1-b2d5d]:main():gmm-acc-stats-ali.cc:105) Processed 2650 utterances; for utterance UI10FAZ_0103_0325920_0332825 avg. like is -45.6226 over 689 frames.
LOG (gmm-acc-stats-ali[5.1.60~1-b2d5d]:main():gmm-acc-stats-ali.cc:105) Processed 2700 utterances; for utterance UI10FAZ_0103_0714771_0720420 avg. like is -44.3019 over 563 frames.
LOG (gmm-acc-stats-ali[5.1.60~1-b2d5d]:main():gmm-acc-stats-ali.cc:105) Processed 2750 utterances; for utterance UI10FAZ_0103_1062138_1064858 avg. like is -32.6944 over 270 frames.
LOG (gmm-acc-stats-ali[5.1.60~1-b2d5d]:main():gmm-acc-stats-ali.cc:105) Processed 2800 utterances; for utterance UI10FAZ_0104_0246286_0255302 avg. like is -44.1345 over 900 frames.
LOG (gmm-acc-stats-ali[5.1.60~1-b2d5d]:main():gmm-acc-stats-ali.cc:105) Processed 2850 utterances; for utterance UI10FAZ_0104_0757395_0764525 avg. like is -43.6476 over 711 frames.
LOG (gmm-acc-stats-ali[5.1.60~1-b2d5d]:main():gmm-acc-stats-ali.cc:105) Processed 2900 utterances; for utterance UI10FAZ_0105_0012495_0018902 avg. like is -47.422 over 639 frames.
LOG (gmm-acc-stats-ali[5.1.60~1-b2d5d]:main():gmm-acc-stats-ali.cc:105) Processed 2950 utterances; for utterance UI10FAZ_0105_0419966_0428261 avg. like is -37.8039 over 828 frames.
LOG (gmm-acc-stats-ali[5.1.60~1-b2d5d]:main():gmm-acc-stats-ali.cc:105) Processed 3000 utterances; for utterance UI10FAZ_0105_0755579_0763117 avg. like is -42.9662 over 752 frames.
LOG (gmm-acc-stats-ali[5.1.60~1-b2d5d]:main():gmm-acc-stats-ali.cc:105) Processed 3050 utterances; for utterance UI11FAZ_0101_0281592_0289102 avg. like is -45.9982 over 749 frames.
LOG (gmm-acc-stats-ali[5.1.60~1-b2d5d]:main():gmm-acc-stats-ali.cc:105) Processed 3100 utterances; for utterance UI11FAZ_0102_0209558_0213081 avg. like is -50.3633 over 350 frames.
WARNING (gmm-acc-stats-ali[5.1.60~1-b2d5d]:main():gmm-acc-stats-ali.cc:79) No alignment for utterance UI11FAZ_0102_0306578_0308414
LOG (gmm-acc-stats-ali[5.1.60~1-b2d5d]:main():gmm-acc-stats-ali.cc:105) Processed 3150 utterances; for utterance UI11FAZ_0103_0159263_0165355 avg. like is -48.0908 over 607 frames.
LOG (apply-cmvn[5.1.60~1-b2d5d]:main():apply-cmvn.cc:146) Applied cepstral mean normalization to 3201 utterances, errors on 0
LOG (transform-feats[5.1.60~1-b2d5d]:main():transform-feats.cc:158) Overall average [pseudo-]logdet is -92.8291 over 1.93206e+06 frames.
LOG (transform-feats[5.1.60~1-b2d5d]:main():transform-feats.cc:161) Applied transform to 3201 utterances; 0 had errors.
LOG (gmm-acc-stats-ali[5.1.60~1-b2d5d]:main():gmm-acc-stats-ali.cc:112) Done 3196 files, 5 with errors.
LOG (gmm-acc-stats-ali[5.1.60~1-b2d5d]:main():gmm-acc-stats-ali.cc:115) Overall avg like per frame (Gaussian only) = -45.9358 over 1929243 frames.
LOG (gmm-acc-stats-ali[5.1.60~1-b2d5d]:main():gmm-acc-stats-ali.cc:123) Written accs.
# Accounting: time=11 threads=1
# Ended (code 0) at Sat Apr 22 00:15:04 UTC 2017, elapsed time 11 seconds
