# gmm-acc-stats-ali exp/tri2/30.mdl "ark,s,cs:apply-cmvn  --utt2spk=ark:data/train/split16/1/utt2spk scp:data/train/split16/1/cmvn.scp scp:data/train/split16/1/feats.scp ark:- | splice-feats --left-context=3 --right-context=3 ark:- ark:- | transform-feats exp/tri2/12.mat ark:- ark:- |" "ark,s,cs:gunzip -c exp/tri2/ali.1.gz|" exp/tri2/30.1.acc 
# Started at Sat Apr 22 00:27:59 UTC 2017
#
gmm-acc-stats-ali exp/tri2/30.mdl 'ark,s,cs:apply-cmvn  --utt2spk=ark:data/train/split16/1/utt2spk scp:data/train/split16/1/cmvn.scp scp:data/train/split16/1/feats.scp ark:- | splice-feats --left-context=3 --right-context=3 ark:- ark:- | transform-feats exp/tri2/12.mat ark:- ark:- |' 'ark,s,cs:gunzip -c exp/tri2/ali.1.gz|' exp/tri2/30.1.acc 
transform-feats exp/tri2/12.mat ark:- ark:- 
splice-feats --left-context=3 --right-context=3 ark:- ark:- 
apply-cmvn --utt2spk=ark:data/train/split16/1/utt2spk scp:data/train/split16/1/cmvn.scp scp:data/train/split16/1/feats.scp ark:- 
WARNING (gmm-acc-stats-ali[5.1.60~1-b2d5d]:main():gmm-acc-stats-ali.cc:79) No alignment for utterance NC03FBX_020101_0191930_0193600
LOG (gmm-acc-stats-ali[5.1.60~1-b2d5d]:main():gmm-acc-stats-ali.cc:105) Processed 50 utterances; for utterance NC03FBX_020101_2422380_2423750 avg. like is -54.0256 over 135 frames.
LOG (gmm-acc-stats-ali[5.1.60~1-b2d5d]:main():gmm-acc-stats-ali.cc:105) Processed 100 utterances; for utterance NC03FBX_020201_1060310_1063780 avg. like is -53.1509 over 345 frames.
LOG (gmm-acc-stats-ali[5.1.60~1-b2d5d]:main():gmm-acc-stats-ali.cc:105) Processed 150 utterances; for utterance NC03FBX_020201_2349760_2351480 avg. like is -54.4217 over 170 frames.
LOG (gmm-acc-stats-ali[5.1.60~1-b2d5d]:main():gmm-acc-stats-ali.cc:105) Processed 200 utterances; for utterance NC04FBY_020101_1217480_1223650 avg. like is -57.6077 over 615 frames.
LOG (gmm-acc-stats-ali[5.1.60~1-b2d5d]:main():gmm-acc-stats-ali.cc:105) Processed 250 utterances; for utterance NC04FBY_020201_3305746_3307996 avg. like is -55.6431 over 223 frames.
LOG (gmm-acc-stats-ali[5.1.60~1-b2d5d]:main():gmm-acc-stats-ali.cc:105) Processed 300 utterances; for utterance NC05FAX_030201_1066470_1067600 avg. like is -47.2719 over 111 frames.
LOG (gmm-acc-stats-ali[5.1.60~1-b2d5d]:main():gmm-acc-stats-ali.cc:105) Processed 350 utterances; for utterance NC06FAY_030101_0658640_0665140 avg. like is -60.0576 over 648 frames.
LOG (gmm-acc-stats-ali[5.1.60~1-b2d5d]:main():gmm-acc-stats-ali.cc:105) Processed 400 utterances; for utterance NC06FAY_030201_1148070_1150250 avg. like is -54.931 over 216 frames.
LOG (gmm-acc-stats-ali[5.1.60~1-b2d5d]:main():gmm-acc-stats-ali.cc:105) Processed 450 utterances; for utterance NC07FBX_040101_0809399_0811079 avg. like is -48.8317 over 166 frames.
LOG (gmm-acc-stats-ali[5.1.60~1-b2d5d]:main():gmm-acc-stats-ali.cc:105) Processed 500 utterances; for utterance NC07FBX_040101_2474562_2476282 avg. like is -49.2227 over 170 frames.
LOG (gmm-acc-stats-ali[5.1.60~1-b2d5d]:main():gmm-acc-stats-ali.cc:105) Processed 550 utterances; for utterance NC07FBX_040201_0437970_0441910 avg. like is -45.5945 over 392 frames.
LOG (gmm-acc-stats-ali[5.1.60~1-b2d5d]:main():gmm-acc-stats-ali.cc:105) Processed 600 utterances; for utterance NC07FBX_040201_1773160_1786420 avg. like is -46.2605 over 1324 frames.
LOG (gmm-acc-stats-ali[5.1.60~1-b2d5d]:main():gmm-acc-stats-ali.cc:105) Processed 650 utterances; for utterance NC07FBX_040201_3040455_3042035 avg. like is -49.3066 over 156 frames.
LOG (gmm-acc-stats-ali[5.1.60~1-b2d5d]:main():gmm-acc-stats-ali.cc:105) Processed 700 utterances; for utterance NC08FBY_040101_0608453_0612533 avg. like is -54.4242 over 406 frames.
LOG (gmm-acc-stats-ali[5.1.60~1-b2d5d]:main():gmm-acc-stats-ali.cc:105) Processed 750 utterances; for utterance NC08FBY_040101_2192823_2197323 avg. like is -51.9495 over 448 frames.
LOG (gmm-acc-stats-ali[5.1.60~1-b2d5d]:main():gmm-acc-stats-ali.cc:105) Processed 800 utterances; for utterance NC08FBY_040201_0070160_0073520 avg. like is -49.0957 over 334 frames.
LOG (gmm-acc-stats-ali[5.1.60~1-b2d5d]:main():gmm-acc-stats-ali.cc:105) Processed 850 utterances; for utterance NC08FBY_040201_1237884_1246974 avg. like is -55.4597 over 907 frames.
LOG (gmm-acc-stats-ali[5.1.60~1-b2d5d]:main():gmm-acc-stats-ali.cc:105) Processed 900 utterances; for utterance NC08FBY_040201_2313910_2316090 avg. like is -52.2671 over 216 frames.
LOG (gmm-acc-stats-ali[5.1.60~1-b2d5d]:main():gmm-acc-stats-ali.cc:105) Processed 950 utterances; for utterance NC08FBY_040201_3224967_3227357 avg. like is -50.9093 over 237 frames.
LOG (gmm-acc-stats-ali[5.1.60~1-b2d5d]:main():gmm-acc-stats-ali.cc:105) Processed 1000 utterances; for utterance NC09FAX_050101_0894630_0896700 avg. like is -47.5002 over 205 frames.
LOG (gmm-acc-stats-ali[5.1.60~1-b2d5d]:main():gmm-acc-stats-ali.cc:105) Processed 1050 utterances; for utterance NC09FAX_050101_2486970_2488810 avg. like is -39.1765 over 182 frames.
LOG (gmm-acc-stats-ali[5.1.60~1-b2d5d]:main():gmm-acc-stats-ali.cc:105) Processed 1100 utterances; for utterance NC09FAX_050201_0773820_0778120 avg. like is -50.7648 over 428 frames.
LOG (gmm-acc-stats-ali[5.1.60~1-b2d5d]:main():gmm-acc-stats-ali.cc:105) Processed 1150 utterances; for utterance NC09FAX_050201_2350280_2352650 avg. like is -51.7315 over 235 frames.
LOG (gmm-acc-stats-ali[5.1.60~1-b2d5d]:main():gmm-acc-stats-ali.cc:105) Processed 1200 utterances; for utterance NC10MAY_050201_0036520_0040210 avg. like is -54.4628 over 367 frames.
LOG (gmm-acc-stats-ali[5.1.60~1-b2d5d]:main():gmm-acc-stats-ali.cc:105) Processed 1250 utterances; for utterance NC10MAY_050201_2258900_2260180 avg. like is -52.678 over 126 frames.
LOG (gmm-acc-stats-ali[5.1.60~1-b2d5d]:main():gmm-acc-stats-ali.cc:105) Processed 1300 utterances; for utterance NC13MBP_0101_1859080_1861620 avg. like is -56.9867 over 252 frames.
LOG (gmm-acc-stats-ali[5.1.60~1-b2d5d]:main():gmm-acc-stats-ali.cc:105) Processed 1350 utterances; for utterance NC14FBQ_0101_0408420_0411690 avg. like is -52.2664 over 325 frames.
LOG (gmm-acc-stats-ali[5.1.60~1-b2d5d]:main():gmm-acc-stats-ali.cc:105) Processed 1400 utterances; for utterance NC14FBQ_0101_1637789_1640399 avg. like is -47.4333 over 259 frames.
LOG (gmm-acc-stats-ali[5.1.60~1-b2d5d]:main():gmm-acc-stats-ali.cc:105) Processed 1450 utterances; for utterance NC15MBP_0101_0490360_0494290 avg. like is -52.8354 over 391 frames.
WARNING (gmm-acc-stats-ali[5.1.60~1-b2d5d]:main():gmm-acc-stats-ali.cc:79) No alignment for utterance NC17FBP_0101_0059230_0062890
LOG (gmm-acc-stats-ali[5.1.60~1-b2d5d]:main():gmm-acc-stats-ali.cc:105) Processed 1500 utterances; for utterance NC17FBP_0101_0229270_0230960 avg. like is -45.4946 over 167 frames.
LOG (gmm-acc-stats-ali[5.1.60~1-b2d5d]:main():gmm-acc-stats-ali.cc:105) Processed 1550 utterances; for utterance NC17FBP_0101_1007880_1010980 avg. like is -45.1047 over 308 frames.
LOG (gmm-acc-stats-ali[5.1.60~1-b2d5d]:main():gmm-acc-stats-ali.cc:105) Processed 1600 utterances; for utterance NC17FBP_0101_1757830_1759940 avg. like is -56.1357 over 209 frames.
LOG (gmm-acc-stats-ali[5.1.60~1-b2d5d]:main():gmm-acc-stats-ali.cc:105) Processed 1650 utterances; for utterance NC17FBP_0101_2464800_2468220 avg. like is -41.648 over 340 frames.
LOG (gmm-acc-stats-ali[5.1.60~1-b2d5d]:main():gmm-acc-stats-ali.cc:105) Processed 1700 utterances; for utterance NC17FBP_0101_2906662_2907832 avg. like is -61.6201 over 115 frames.
LOG (gmm-acc-stats-ali[5.1.60~1-b2d5d]:main():gmm-acc-stats-ali.cc:105) Processed 1750 utterances; for utterance NC17FBP_0101_3212970_3219160 avg. like is -49.8922 over 617 frames.
LOG (apply-cmvn[5.1.60~1-b2d5d]:main():apply-cmvn.cc:146) Applied cepstral mean normalization to 1788 utterances, errors on 0
LOG (transform-feats[5.1.60~1-b2d5d]:main():transform-feats.cc:158) Overall average [pseudo-]logdet is -92.5633 over 685168 frames.
LOG (transform-feats[5.1.60~1-b2d5d]:main():transform-feats.cc:161) Applied transform to 1788 utterances; 0 had errors.
LOG (gmm-acc-stats-ali[5.1.60~1-b2d5d]:main():gmm-acc-stats-ali.cc:112) Done 1786 files, 2 with errors.
LOG (gmm-acc-stats-ali[5.1.60~1-b2d5d]:main():gmm-acc-stats-ali.cc:115) Overall avg like per frame (Gaussian only) = -51.0145 over 684639 frames.
LOG (gmm-acc-stats-ali[5.1.60~1-b2d5d]:main():gmm-acc-stats-ali.cc:123) Written accs.
# Accounting: time=6 threads=1
# Ended (code 0) at Sat Apr 22 00:28:05 UTC 2017, elapsed time 6 seconds
