# gmm-acc-stats-ali exp/tri2/9.mdl "ark,s,cs:apply-cmvn  --utt2spk=ark:data/train/split16/3/utt2spk scp:data/train/split16/3/cmvn.scp scp:data/train/split16/3/feats.scp ark:- | splice-feats --left-context=3 --right-context=3 ark:- ark:- | transform-feats exp/tri2/6.mat ark:- ark:- |" "ark,s,cs:gunzip -c exp/tri2/ali.3.gz|" exp/tri2/9.3.acc 
# Started at Sat Apr 22 00:14:53 UTC 2017
#
gmm-acc-stats-ali exp/tri2/9.mdl 'ark,s,cs:apply-cmvn  --utt2spk=ark:data/train/split16/3/utt2spk scp:data/train/split16/3/cmvn.scp scp:data/train/split16/3/feats.scp ark:- | splice-feats --left-context=3 --right-context=3 ark:- ark:- | transform-feats exp/tri2/6.mat ark:- ark:- |' 'ark,s,cs:gunzip -c exp/tri2/ali.3.gz|' exp/tri2/9.3.acc 
apply-cmvn --utt2spk=ark:data/train/split16/3/utt2spk scp:data/train/split16/3/cmvn.scp scp:data/train/split16/3/feats.scp ark:- 
splice-feats --left-context=3 --right-context=3 ark:- ark:- 
transform-feats exp/tri2/6.mat ark:- ark:- 
LOG (gmm-acc-stats-ali[5.1.60~1-b2d5d]:main():gmm-acc-stats-ali.cc:105) Processed 50 utterances; for utterance NC25MBP_0101_0866877_0869217 avg. like is -49.0259 over 232 frames.
LOG (gmm-acc-stats-ali[5.1.60~1-b2d5d]:main():gmm-acc-stats-ali.cc:105) Processed 100 utterances; for utterance NC25MBP_0101_1573999_1576879 avg. like is -55.8006 over 286 frames.
WARNING (gmm-acc-stats-ali[5.1.60~1-b2d5d]:main():gmm-acc-stats-ali.cc:79) No alignment for utterance NC25MBP_0101_1707009_1711529
LOG (gmm-acc-stats-ali[5.1.60~1-b2d5d]:main():gmm-acc-stats-ali.cc:105) Processed 150 utterances; for utterance NC25MBP_0101_2181311_2182861 avg. like is -52.0763 over 153 frames.
LOG (gmm-acc-stats-ali[5.1.60~1-b2d5d]:main():gmm-acc-stats-ali.cc:105) Processed 200 utterances; for utterance NC25MBP_0101_2692490_2694120 avg. like is -55.7928 over 161 frames.
LOG (gmm-acc-stats-ali[5.1.60~1-b2d5d]:main():gmm-acc-stats-ali.cc:105) Processed 250 utterances; for utterance NC25MBP_0101_3481890_3486411 avg. like is -53.8339 over 450 frames.
LOG (gmm-acc-stats-ali[5.1.60~1-b2d5d]:main():gmm-acc-stats-ali.cc:105) Processed 300 utterances; for utterance NC26MBQ_0101_0311085_0313715 avg. like is -48.9558 over 261 frames.
LOG (gmm-acc-stats-ali[5.1.60~1-b2d5d]:main():gmm-acc-stats-ali.cc:105) Processed 350 utterances; for utterance NC26MBQ_0101_1116401_1117751 avg. like is -60.2919 over 133 frames.
LOG (gmm-acc-stats-ali[5.1.60~1-b2d5d]:main():gmm-acc-stats-ali.cc:105) Processed 400 utterances; for utterance NC26MBQ_0101_2401348_2403618 avg. like is -46.2244 over 225 frames.
LOG (gmm-acc-stats-ali[5.1.60~1-b2d5d]:main():gmm-acc-stats-ali.cc:105) Processed 450 utterances; for utterance NC26MBQ_0101_2967653_2969013 avg. like is -52.5233 over 134 frames.
LOG (gmm-acc-stats-ali[5.1.60~1-b2d5d]:main():gmm-acc-stats-ali.cc:105) Processed 500 utterances; for utterance NC26MBQ_0101_3626511_3628731 avg. like is -54.8486 over 220 frames.
LOG (gmm-acc-stats-ali[5.1.60~1-b2d5d]:main():gmm-acc-stats-ali.cc:105) Processed 550 utterances; for utterance NC27MBP_0101_3151318_3153218 avg. like is -54.3686 over 188 frames.
LOG (gmm-acc-stats-ali[5.1.60~1-b2d5d]:main():gmm-acc-stats-ali.cc:105) Processed 600 utterances; for utterance NC29FBP_0101_0222260_0224950 avg. like is -65.7495 over 267 frames.
WARNING (gmm-acc-stats-ali[5.1.60~1-b2d5d]:main():gmm-acc-stats-ali.cc:79) No alignment for utterance NC29FBP_0101_0312799_0322449
WARNING (gmm-acc-stats-ali[5.1.60~1-b2d5d]:main():gmm-acc-stats-ali.cc:79) No alignment for utterance NC29FBP_0101_0977739_0981799
LOG (gmm-acc-stats-ali[5.1.60~1-b2d5d]:main():gmm-acc-stats-ali.cc:105) Processed 650 utterances; for utterance NC29FBP_0101_1202469_1204459 avg. like is -58.4291 over 197 frames.
WARNING (gmm-acc-stats-ali[5.1.60~1-b2d5d]:main():gmm-acc-stats-ali.cc:79) No alignment for utterance NC29FBP_0101_1666330_1668750
WARNING (gmm-acc-stats-ali[5.1.60~1-b2d5d]:main():gmm-acc-stats-ali.cc:79) No alignment for utterance NC29FBP_0101_2116299_2120049
LOG (gmm-acc-stats-ali[5.1.60~1-b2d5d]:main():gmm-acc-stats-ali.cc:105) Processed 700 utterances; for utterance NC29FBP_0101_2415949_2417919 avg. like is -50.5201 over 195 frames.
LOG (gmm-acc-stats-ali[5.1.60~1-b2d5d]:main():gmm-acc-stats-ali.cc:105) Processed 750 utterances; for utterance NC30MBQ_0101_1697129_1701269 avg. like is -43.8264 over 412 frames.
LOG (gmm-acc-stats-ali[5.1.60~1-b2d5d]:main():gmm-acc-stats-ali.cc:105) Processed 800 utterances; for utterance NC31FBP_0101_0126284_0130694 avg. like is -51.4801 over 439 frames.
LOG (gmm-acc-stats-ali[5.1.60~1-b2d5d]:main():gmm-acc-stats-ali.cc:105) Processed 850 utterances; for utterance NC31FBP_0101_0606860_0611600 avg. like is -55.2704 over 472 frames.
LOG (gmm-acc-stats-ali[5.1.60~1-b2d5d]:main():gmm-acc-stats-ali.cc:105) Processed 900 utterances; for utterance NC31FBP_0101_1245470_1246350 avg. like is -45.5118 over 86 frames.
LOG (gmm-acc-stats-ali[5.1.60~1-b2d5d]:main():gmm-acc-stats-ali.cc:105) Processed 950 utterances; for utterance NC31FBP_0101_1918120_1921110 avg. like is -52.4834 over 297 frames.
LOG (gmm-acc-stats-ali[5.1.60~1-b2d5d]:main():gmm-acc-stats-ali.cc:105) Processed 1000 utterances; for utterance NC31FBP_0101_2563900_2566151 avg. like is -54.0964 over 223 frames.
LOG (gmm-acc-stats-ali[5.1.60~1-b2d5d]:main():gmm-acc-stats-ali.cc:105) Processed 1050 utterances; for utterance NC31FBP_0101_3343379_3345381 avg. like is -58.8357 over 198 frames.
LOG (gmm-acc-stats-ali[5.1.60~1-b2d5d]:main():gmm-acc-stats-ali.cc:105) Processed 1100 utterances; for utterance NC32FBQ_0101_0625101_0627601 avg. like is -52.0451 over 248 frames.
LOG (gmm-acc-stats-ali[5.1.60~1-b2d5d]:main():gmm-acc-stats-ali.cc:105) Processed 1150 utterances; for utterance NC32FBQ_0101_1196191_1197981 avg. like is -46.768 over 177 frames.
LOG (gmm-acc-stats-ali[5.1.60~1-b2d5d]:main():gmm-acc-stats-ali.cc:105) Processed 1200 utterances; for utterance NC32FBQ_0101_1773020_1774760 avg. like is -48.2109 over 172 frames.
LOG (gmm-acc-stats-ali[5.1.60~1-b2d5d]:main():gmm-acc-stats-ali.cc:105) Processed 1250 utterances; for utterance NC32FBQ_0101_2668540_2670070 avg. like is -53.0815 over 151 frames.
LOG (gmm-acc-stats-ali[5.1.60~1-b2d5d]:main():gmm-acc-stats-ali.cc:105) Processed 1300 utterances; for utterance NC32FBQ_0101_3314590_3317840 avg. like is -52.6413 over 323 frames.
LOG (gmm-acc-stats-ali[5.1.60~1-b2d5d]:main():gmm-acc-stats-ali.cc:105) Processed 1350 utterances; for utterance NC33FBP_0101_0753286_0756596 avg. like is -55.6974 over 329 frames.
LOG (gmm-acc-stats-ali[5.1.60~1-b2d5d]:main():gmm-acc-stats-ali.cc:105) Processed 1400 utterances; for utterance NC33FBP_0101_2787147_2788477 avg. like is -55.7122 over 131 frames.
LOG (gmm-acc-stats-ali[5.1.60~1-b2d5d]:main():gmm-acc-stats-ali.cc:105) Processed 1450 utterances; for utterance NC34FBQ_0101_0558030_0560420 avg. like is -49.5685 over 237 frames.
LOG (gmm-acc-stats-ali[5.1.60~1-b2d5d]:main():gmm-acc-stats-ali.cc:105) Processed 1500 utterances; for utterance NC34FBQ_0101_1972115_1973845 avg. like is -49.838 over 171 frames.
LOG (gmm-acc-stats-ali[5.1.60~1-b2d5d]:main():gmm-acc-stats-ali.cc:105) Processed 1550 utterances; for utterance NC35FBP_0101_0823324_0827264 avg. like is -52.104 over 392 frames.
LOG (gmm-acc-stats-ali[5.1.60~1-b2d5d]:main():gmm-acc-stats-ali.cc:105) Processed 1600 utterances; for utterance NC35FBP_0101_2665571_2670131 avg. like is -60.2637 over 454 frames.
LOG (gmm-acc-stats-ali[5.1.60~1-b2d5d]:main():gmm-acc-stats-ali.cc:105) Processed 1650 utterances; for utterance NC35FBQ_310101_0036801_0041311 avg. like is -45.9822 over 449 frames.
LOG (gmm-acc-stats-ali[5.1.60~1-b2d5d]:main():gmm-acc-stats-ali.cc:105) Processed 1700 utterances; for utterance NC35FBQ_310101_0790648_0791848 avg. like is -50.0676 over 118 frames.
LOG (gmm-acc-stats-ali[5.1.60~1-b2d5d]:main():gmm-acc-stats-ali.cc:105) Processed 1750 utterances; for utterance NC35FBQ_310101_1225757_1228587 avg. like is -52.2966 over 281 frames.
LOG (gmm-acc-stats-ali[5.1.60~1-b2d5d]:main():gmm-acc-stats-ali.cc:105) Processed 1800 utterances; for utterance NC35FBQ_310101_1951177_1953467 avg. like is -50.8896 over 227 frames.
LOG (apply-cmvn[5.1.60~1-b2d5d]:main():apply-cmvn.cc:146) Applied cepstral mean normalization to 1843 utterances, errors on 0
LOG (transform-feats[5.1.60~1-b2d5d]:main():transform-feats.cc:158) Overall average [pseudo-]logdet is -92.8291 over 541808 frames.
LOG (transform-feats[5.1.60~1-b2d5d]:main():transform-feats.cc:161) Applied transform to 1843 utterances; 0 had errors.
LOG (gmm-acc-stats-ali[5.1.60~1-b2d5d]:main():gmm-acc-stats-ali.cc:112) Done 1838 files, 5 with errors.
LOG (gmm-acc-stats-ali[5.1.60~1-b2d5d]:main():gmm-acc-stats-ali.cc:115) Overall avg like per frame (Gaussian only) = -52.9872 over 539378 frames.
LOG (gmm-acc-stats-ali[5.1.60~1-b2d5d]:main():gmm-acc-stats-ali.cc:123) Written accs.
# Accounting: time=5 threads=1
# Ended (code 0) at Sat Apr 22 00:14:58 UTC 2017, elapsed time 5 seconds
