# compile-train-graphs --read-disambig-syms=data/lang/phones/disambig.int exp/tri2/tree exp/tri2/1.mdl data/lang/L.fst "ark:utils/sym2int.pl --map-oov 1 -f 2- data/lang/words.txt < data/train/split16/5/text |" "ark:|gzip -c >exp/tri2/fsts.5.gz" 
# Started at Sat Apr 22 00:11:04 UTC 2017
#
compile-train-graphs --read-disambig-syms=data/lang/phones/disambig.int exp/tri2/tree exp/tri2/1.mdl data/lang/L.fst 'ark:utils/sym2int.pl --map-oov 1 -f 2- data/lang/words.txt < data/train/split16/5/text |' 'ark:|gzip -c >exp/tri2/fsts.5.gz' 
sym2int.pl: replacing HOKKIEN with 1
sym2int.pl: replacing FINALISED with 1
sym2int.pl: replacing SEM with 1
sym2int.pl: replacing SEM with 1
sym2int.pl: replacing SEM with 1
sym2int.pl: replacing SEM with 1
sym2int.pl: replacing 哦 with 1
sym2int.pl: replacing SPECIALISATION with 1
sym2int.pl: replacing 教 with 1
sym2int.pl: replacing 教 with 1
sym2int.pl: replacing 教 with 1
sym2int.pl: replacing 教 with 1
sym2int.pl: replacing 教 with 1
sym2int.pl: replacing 值 with 1
sym2int.pl: replacing SEM with 1
sym2int.pl: replacing 逛 with 1
sym2int.pl: replacing 逛 with 1
sym2int.pl: replacing 糟 with 1
sym2int.pl: replacing 糕 with 1
sym2int.pl: replacing 驾 with 1
sym2int.pl: not warning for OOVs any more times
** Replaced 813 instances of OOVs with 1
LOG (compile-train-graphs[5.1.60~1-b2d5d]:main():compile-train-graphs.cc:147) compile-train-graphs: succeeded for 2478 graphs, failed for 0
# Accounting: time=37 threads=1
# Ended (code 0) at Sat Apr 22 00:11:41 UTC 2017, elapsed time 37 seconds
