# compile-train-graphs --read-disambig-syms=data/lang/phones/disambig.int exp/tri2/tree exp/tri2/1.mdl data/lang/L.fst "ark:utils/sym2int.pl --map-oov 1 -f 2- data/lang/words.txt < data/train/split16/6/text |" "ark:|gzip -c >exp/tri2/fsts.6.gz" 
# Started at Sat Apr 22 00:11:04 UTC 2017
#
compile-train-graphs --read-disambig-syms=data/lang/phones/disambig.int exp/tri2/tree exp/tri2/1.mdl data/lang/L.fst 'ark:utils/sym2int.pl --map-oov 1 -f 2- data/lang/words.txt < data/train/split16/6/text |' 'ark:|gzip -c >exp/tri2/fsts.6.gz' 
sym2int.pl: replacing PPL with 1
sym2int.pl: replacing 念 with 1
sym2int.pl: replacing MEH with 1
sym2int.pl: replacing NEH with 1
sym2int.pl: replacing HOR with 1
sym2int.pl: replacing ORH with 1
sym2int.pl: replacing 懂 with 1
sym2int.pl: replacing 么 with 1
sym2int.pl: replacing SPECIALISATION with 1
sym2int.pl: replacing SPECIALISATION with 1
sym2int.pl: replacing HOR with 1
sym2int.pl: replacing HOR with 1
sym2int.pl: replacing ORH with 1
sym2int.pl: replacing ORH with 1
sym2int.pl: replacing 哎 with 1
sym2int.pl: replacing PPL with 1
sym2int.pl: replacing JOHOR with 1
sym2int.pl: replacing ORH with 1
sym2int.pl: replacing ORH with 1
sym2int.pl: replacing 宏 with 1
sym2int.pl: not warning for OOVs any more times
** Replaced 837 instances of OOVs with 1
LOG (compile-train-graphs[5.1.60~1-b2d5d]:main():compile-train-graphs.cc:147) compile-train-graphs: succeeded for 2518 graphs, failed for 0
# Accounting: time=37 threads=1
# Ended (code 0) at Sat Apr 22 00:11:41 UTC 2017, elapsed time 37 seconds
