# compile-train-graphs --read-disambig-syms=data/lang/phones/disambig.int exp/tri2/tree exp/tri2/1.mdl data/lang/L.fst "ark:utils/sym2int.pl --map-oov 1 -f 2- data/lang/words.txt < data/train/split16/7/text |" "ark:|gzip -c >exp/tri2/fsts.7.gz" 
# Started at Sat Apr 22 00:11:04 UTC 2017
#
compile-train-graphs --read-disambig-syms=data/lang/phones/disambig.int exp/tri2/tree exp/tri2/1.mdl data/lang/L.fst 'ark:utils/sym2int.pl --map-oov 1 -f 2- data/lang/words.txt < data/train/split16/7/text |' 'ark:|gzip -c >exp/tri2/fsts.7.gz' 
sym2int.pl: replacing NEWSCASTLE with 1
sym2int.pl: replacing LAH with 1
sym2int.pl: replacing LORH with 1
sym2int.pl: replacing NEWSCASTLE with 1
sym2int.pl: replacing 么 with 1
sym2int.pl: replacing LAH with 1
sym2int.pl: replacing MEH with 1
sym2int.pl: replacing 骗 with 1
sym2int.pl: replacing 骗 with 1
sym2int.pl: replacing LAH with 1
sym2int.pl: replacing 蛮 with 1
sym2int.pl: replacing 懒 with 1
sym2int.pl: replacing 么 with 1
sym2int.pl: replacing MEH with 1
sym2int.pl: replacing JOJO with 1
sym2int.pl: replacing CHEY with 1
sym2int.pl: replacing AIYA with 1
sym2int.pl: replacing LAH with 1
sym2int.pl: replacing 蛮 with 1
sym2int.pl: replacing 粒 with 1
sym2int.pl: not warning for OOVs any more times
** Replaced 1039 instances of OOVs with 1
LOG (compile-train-graphs[5.1.60~1-b2d5d]:main():compile-train-graphs.cc:147) compile-train-graphs: succeeded for 2486 graphs, failed for 0
# Accounting: time=39 threads=1
# Ended (code 0) at Sat Apr 22 00:11:43 UTC 2017, elapsed time 39 seconds
