# gmm-est --write-occs=exp/tri2/9.occs --mix-up=3800 --power=0.25 exp/tri2/8.mdl "gmm-sum-accs - exp/tri2/8.*.acc |" exp/tri2/9.mdl 
# Started at Sat Apr 22 00:14:53 UTC 2017
#
gmm-est --write-occs=exp/tri2/9.occs --mix-up=3800 --power=0.25 exp/tri2/8.mdl 'gmm-sum-accs - exp/tri2/8.*.acc |' exp/tri2/9.mdl 
gmm-sum-accs - exp/tri2/8.1.acc exp/tri2/8.10.acc exp/tri2/8.11.acc exp/tri2/8.12.acc exp/tri2/8.13.acc exp/tri2/8.14.acc exp/tri2/8.15.acc exp/tri2/8.16.acc exp/tri2/8.2.acc exp/tri2/8.3.acc exp/tri2/8.4.acc exp/tri2/8.5.acc exp/tri2/8.6.acc exp/tri2/8.7.acc exp/tri2/8.8.acc exp/tri2/8.9.acc 
LOG (gmm-sum-accs[5.1.60~1-b2d5d]:main():gmm-sum-accs.cc:63) Summed 16 stats, total count 1.77513e+07, avg like/frame -50.2582
LOG (gmm-sum-accs[5.1.60~1-b2d5d]:main():gmm-sum-accs.cc:66) Total count of stats is 1.77513e+07
LOG (gmm-sum-accs[5.1.60~1-b2d5d]:main():gmm-sum-accs.cc:67) Written stats to -
LOG (gmm-est[5.1.60~1-b2d5d]:MleUpdate():transition-model.cc:517) TransitionModel::Update, objf change is -5.14745e-12 per frame over 1.77513e+07 frames. 
LOG (gmm-est[5.1.60~1-b2d5d]:MleUpdate():transition-model.cc:520) 405 probabilities floored, 2499 out of 5008 transition-states skipped due to insuffient data (it is normal to have some skipped.)
LOG (gmm-est[5.1.60~1-b2d5d]:main():gmm-est.cc:102) Transition model update: Overall -5.14745e-12 log-like improvement per frame over 1.77513e+07 frames.
WARNING (gmm-est[5.1.60~1-b2d5d]:MleDiagGmmUpdate():mle-diag-gmm.cc:365) Gaussian has too little data but not removing it because it is the last Gaussian: i = 0, occ = 0, weight = 1
WARNING (gmm-est[5.1.60~1-b2d5d]:MleDiagGmmUpdate():mle-diag-gmm.cc:365) Gaussian has too little data but not removing it because it is the last Gaussian: i = 0, occ = 0, weight = 1
WARNING (gmm-est[5.1.60~1-b2d5d]:MleDiagGmmUpdate():mle-diag-gmm.cc:365) Gaussian has too little data but not removing it because it is the last Gaussian: i = 0, occ = 9, weight = 1
WARNING (gmm-est[5.1.60~1-b2d5d]:MleDiagGmmUpdate():mle-diag-gmm.cc:365) Gaussian has too little data but not removing it because it is the last Gaussian: i = 0, occ = 10, weight = 1
LOG (gmm-est[5.1.60~1-b2d5d]:MleAmDiagGmmUpdate():mle-am-diag-gmm.cc:225) 0 variance elements floored in 0 Gaussians, out of 3400
LOG (gmm-est[5.1.60~1-b2d5d]:MleAmDiagGmmUpdate():mle-am-diag-gmm.cc:229) Removed 0 Gaussians due to counts < --min-gaussian-occupancy=10 and --remove-low-count-gaussians=true
LOG (gmm-est[5.1.60~1-b2d5d]:main():gmm-est.cc:113) GMM update: Overall 0.163763 objective function improvement per frame over 1.77513e+07 frames
LOG (gmm-est[5.1.60~1-b2d5d]:main():gmm-est.cc:116) GMM update: Overall avg like per frame = -50.2582 over 1.77513e+07 frames.
LOG (gmm-est[5.1.60~1-b2d5d]:SplitByCount():am-diag-gmm.cc:116) Split 939 states with target = 3800, power = 0.25, perturb_factor = 0.01 and min_count = 20, split #Gauss from 3400 to 3800
LOG (gmm-est[5.1.60~1-b2d5d]:main():gmm-est.cc:146) Written model to exp/tri2/9.mdl
# Accounting: time=0 threads=1
# Ended (code 0) at Sat Apr 22 00:14:53 UTC 2017, elapsed time 0 seconds
