# gmm-acc-stats-ali exp/tri22/9.mdl "ark,s,cs:apply-cmvn  --utt2spk=ark:data/train/split16/9/utt2spk scp:data/train/split16/9/cmvn.scp scp:data/train/split16/9/feats.scp ark:- | splice-feats --left-context=3 --right-context=3 ark:- ark:- | transform-feats exp/tri22/6.mat ark:- ark:- |" "ark,s,cs:gunzip -c exp/tri22/ali.9.gz|" exp/tri22/9.9.acc 
# Started at Sat Apr 22 03:39:28 UTC 2017
#
gmm-acc-stats-ali exp/tri22/9.mdl 'ark,s,cs:apply-cmvn  --utt2spk=ark:data/train/split16/9/utt2spk scp:data/train/split16/9/cmvn.scp scp:data/train/split16/9/feats.scp ark:- | splice-feats --left-context=3 --right-context=3 ark:- ark:- | transform-feats exp/tri22/6.mat ark:- ark:- |' 'ark,s,cs:gunzip -c exp/tri22/ali.9.gz|' exp/tri22/9.9.acc 
splice-feats --left-context=3 --right-context=3 ark:- ark:- 
apply-cmvn --utt2spk=ark:data/train/split16/9/utt2spk scp:data/train/split16/9/cmvn.scp scp:data/train/split16/9/feats.scp ark:- 
transform-feats exp/tri22/6.mat ark:- ark:- 
LOG (gmm-acc-stats-ali[5.1.60~1-b2d5d]:main():gmm-acc-stats-ali.cc:105) Processed 50 utterances; for utterance NI15FBQ_0101_0848184_0850874 avg. like is -59.9148 over 267 frames.
LOG (gmm-acc-stats-ali[5.1.60~1-b2d5d]:main():gmm-acc-stats-ali.cc:105) Processed 100 utterances; for utterance NI15FBQ_0101_2167041_2169451 avg. like is -60.0078 over 239 frames.
LOG (gmm-acc-stats-ali[5.1.60~1-b2d5d]:main():gmm-acc-stats-ali.cc:105) Processed 150 utterances; for utterance NI16FBP_0101_0315461_0321721 avg. like is -51.4262 over 624 frames.
LOG (gmm-acc-stats-ali[5.1.60~1-b2d5d]:main():gmm-acc-stats-ali.cc:105) Processed 200 utterances; for utterance NI16FBP_0101_0658210_0660790 avg. like is -48.5733 over 256 frames.
LOG (gmm-acc-stats-ali[5.1.60~1-b2d5d]:main():gmm-acc-stats-ali.cc:105) Processed 250 utterances; for utterance NI16FBP_0101_1002546_1006486 avg. like is -53.3497 over 392 frames.
LOG (gmm-acc-stats-ali[5.1.60~1-b2d5d]:main():gmm-acc-stats-ali.cc:105) Processed 300 utterances; for utterance NI16FBP_0101_1390772_1394612 avg. like is -57.0402 over 382 frames.
LOG (gmm-acc-stats-ali[5.1.60~1-b2d5d]:main():gmm-acc-stats-ali.cc:105) Processed 350 utterances; for utterance NI16FBP_0101_1716274_1721724 avg. like is -54.8416 over 543 frames.
LOG (gmm-acc-stats-ali[5.1.60~1-b2d5d]:main():gmm-acc-stats-ali.cc:105) Processed 400 utterances; for utterance NI16FBP_0101_2028467_2031887 avg. like is -55.1611 over 340 frames.
LOG (gmm-acc-stats-ali[5.1.60~1-b2d5d]:main():gmm-acc-stats-ali.cc:105) Processed 450 utterances; for utterance NI16FBP_0101_2339729_2343009 avg. like is -55.6348 over 326 frames.
LOG (gmm-acc-stats-ali[5.1.60~1-b2d5d]:main():gmm-acc-stats-ali.cc:105) Processed 500 utterances; for utterance NI16FBP_0101_2684691_2689081 avg. like is -47.1398 over 437 frames.
LOG (gmm-acc-stats-ali[5.1.60~1-b2d5d]:main():gmm-acc-stats-ali.cc:105) Processed 550 utterances; for utterance NI16FBP_0101_3076365_3085455 avg. like is -51.8152 over 907 frames.
LOG (gmm-acc-stats-ali[5.1.60~1-b2d5d]:main():gmm-acc-stats-ali.cc:105) Processed 600 utterances; for utterance NI18MBP_0101_0079960_0085020 avg. like is -49.1464 over 504 frames.
LOG (gmm-acc-stats-ali[5.1.60~1-b2d5d]:main():gmm-acc-stats-ali.cc:105) Processed 650 utterances; for utterance NI18MBP_0101_0803640_0806290 avg. like is -49.2149 over 263 frames.
LOG (gmm-acc-stats-ali[5.1.60~1-b2d5d]:main():gmm-acc-stats-ali.cc:105) Processed 700 utterances; for utterance NI18MBP_0101_1701317_1704447 avg. like is -49.5638 over 311 frames.
LOG (gmm-acc-stats-ali[5.1.60~1-b2d5d]:main():gmm-acc-stats-ali.cc:105) Processed 750 utterances; for utterance NI18MBP_0101_2596307_2598317 avg. like is -47.433 over 199 frames.
LOG (gmm-acc-stats-ali[5.1.60~1-b2d5d]:main():gmm-acc-stats-ali.cc:105) Processed 800 utterances; for utterance NI19MBQ_0101_1620688_1624988 avg. like is -47.2277 over 428 frames.
LOG (gmm-acc-stats-ali[5.1.60~1-b2d5d]:main():gmm-acc-stats-ali.cc:105) Processed 850 utterances; for utterance NI20MBP_0101_0198420_0199810 avg. like is -51.792 over 137 frames.
LOG (gmm-acc-stats-ali[5.1.60~1-b2d5d]:main():gmm-acc-stats-ali.cc:105) Processed 900 utterances; for utterance NI20MBP_0101_0558590_0561360 avg. like is -46.8274 over 275 frames.
LOG (gmm-acc-stats-ali[5.1.60~1-b2d5d]:main():gmm-acc-stats-ali.cc:105) Processed 950 utterances; for utterance NI20MBP_0101_1153650_1155600 avg. like is -46.8211 over 193 frames.
LOG (gmm-acc-stats-ali[5.1.60~1-b2d5d]:main():gmm-acc-stats-ali.cc:105) Processed 1000 utterances; for utterance NI20MBP_0101_1978340_1981740 avg. like is -50.5211 over 338 frames.
LOG (gmm-acc-stats-ali[5.1.60~1-b2d5d]:main():gmm-acc-stats-ali.cc:105) Processed 1050 utterances; for utterance NI21MBQ_0101_0633720_0635420 avg. like is -50.1805 over 168 frames.
LOG (gmm-acc-stats-ali[5.1.60~1-b2d5d]:main():gmm-acc-stats-ali.cc:105) Processed 1100 utterances; for utterance NI21MBQ_0101_2300070_2301780 avg. like is -52.3772 over 169 frames.
LOG (gmm-acc-stats-ali[5.1.60~1-b2d5d]:main():gmm-acc-stats-ali.cc:105) Processed 1150 utterances; for utterance NI22FBP_0101_0005445_0006260 avg. like is -51.9084 over 80 frames.
LOG (gmm-acc-stats-ali[5.1.60~1-b2d5d]:main():gmm-acc-stats-ali.cc:105) Processed 1200 utterances; for utterance NI22FBP_0101_0156429_0161356 avg. like is -53.4562 over 491 frames.
LOG (gmm-acc-stats-ali[5.1.60~1-b2d5d]:main():gmm-acc-stats-ali.cc:105) Processed 1250 utterances; for utterance NI22FBP_0101_0305406_0307074 avg. like is -54.7054 over 165 frames.
LOG (gmm-acc-stats-ali[5.1.60~1-b2d5d]:main():gmm-acc-stats-ali.cc:105) Processed 1300 utterances; for utterance NI22FBP_0101_0411264_0413526 avg. like is -56.818 over 224 frames.
LOG (gmm-acc-stats-ali[5.1.60~1-b2d5d]:main():gmm-acc-stats-ali.cc:105) Processed 1350 utterances; for utterance NI22FBP_0101_0524544_0525450 avg. like is -53.8271 over 89 frames.
LOG (gmm-acc-stats-ali[5.1.60~1-b2d5d]:main():gmm-acc-stats-ali.cc:105) Processed 1400 utterances; for utterance NI22FBP_0101_0637038_0638034 avg. like is -53.6793 over 98 frames.
LOG (gmm-acc-stats-ali[5.1.60~1-b2d5d]:main():gmm-acc-stats-ali.cc:105) Processed 1450 utterances; for utterance NI22FBP_0101_0730613_0731640 avg. like is -56.9589 over 101 frames.
LOG (gmm-acc-stats-ali[5.1.60~1-b2d5d]:main():gmm-acc-stats-ali.cc:105) Processed 1500 utterances; for utterance NI22FBP_0101_0840736_0843869 avg. like is -55.0333 over 311 frames.
LOG (gmm-acc-stats-ali[5.1.60~1-b2d5d]:main():gmm-acc-stats-ali.cc:105) Processed 1550 utterances; for utterance NI22FBP_0101_0964132_0966381 avg. like is -56.1545 over 223 frames.
LOG (gmm-acc-stats-ali[5.1.60~1-b2d5d]:main():gmm-acc-stats-ali.cc:105) Processed 1600 utterances; for utterance NI22FBP_0101_1107925_1109511 avg. like is -52.333 over 157 frames.
LOG (gmm-acc-stats-ali[5.1.60~1-b2d5d]:main():gmm-acc-stats-ali.cc:105) Processed 1650 utterances; for utterance NI22FBP_0101_1232699_1234935 avg. like is -51.9318 over 222 frames.
LOG (gmm-acc-stats-ali[5.1.60~1-b2d5d]:main():gmm-acc-stats-ali.cc:105) Processed 1700 utterances; for utterance NI22FBP_0101_1377142_1379209 avg. like is -58.1696 over 205 frames.
LOG (gmm-acc-stats-ali[5.1.60~1-b2d5d]:main():gmm-acc-stats-ali.cc:105) Processed 1750 utterances; for utterance NI22FBP_0101_1525628_1527981 avg. like is -56.688 over 233 frames.
LOG (gmm-acc-stats-ali[5.1.60~1-b2d5d]:main():gmm-acc-stats-ali.cc:105) Processed 1800 utterances; for utterance NI22FBP_0101_1719198_1720771 avg. like is -44.6294 over 155 frames.
LOG (gmm-acc-stats-ali[5.1.60~1-b2d5d]:main():gmm-acc-stats-ali.cc:105) Processed 1850 utterances; for utterance NI22FBP_0101_1867502_1869517 avg. like is -57.1873 over 200 frames.
LOG (gmm-acc-stats-ali[5.1.60~1-b2d5d]:main():gmm-acc-stats-ali.cc:105) Processed 1900 utterances; for utterance NI22FBP_0101_2047214_2049814 avg. like is -56.6153 over 258 frames.
LOG (gmm-acc-stats-ali[5.1.60~1-b2d5d]:main():gmm-acc-stats-ali.cc:105) Processed 1950 utterances; for utterance NI22FBP_0101_2225821_2227186 avg. like is -50.793 over 135 frames.
LOG (gmm-acc-stats-ali[5.1.60~1-b2d5d]:main():gmm-acc-stats-ali.cc:105) Processed 2000 utterances; for utterance NI22FBP_0101_2392949_2396667 avg. like is -55.9488 over 370 frames.
LOG (gmm-acc-stats-ali[5.1.60~1-b2d5d]:main():gmm-acc-stats-ali.cc:105) Processed 2050 utterances; for utterance NI22FBP_0101_2580383_2584348 avg. like is -57.1445 over 395 frames.
LOG (gmm-acc-stats-ali[5.1.60~1-b2d5d]:main():gmm-acc-stats-ali.cc:105) Processed 2100 utterances; for utterance NI22FBP_0101_2778015_2780420 avg. like is -52.3291 over 239 frames.
LOG (gmm-acc-stats-ali[5.1.60~1-b2d5d]:main():gmm-acc-stats-ali.cc:105) Processed 2150 utterances; for utterance NI22FBP_0101_2950389_2952625 avg. like is -61.181 over 222 frames.
WARNING (gmm-acc-stats-ali[5.1.60~1-b2d5d]:main():gmm-acc-stats-ali.cc:79) No alignment for utterance NI22FBP_0101_3007875_3010839
LOG (gmm-acc-stats-ali[5.1.60~1-b2d5d]:main():gmm-acc-stats-ali.cc:105) Processed 2200 utterances; for utterance NI23FBQ_0101_0284419_0285914 avg. like is -60.4791 over 148 frames.
LOG (gmm-acc-stats-ali[5.1.60~1-b2d5d]:main():gmm-acc-stats-ali.cc:105) Processed 2250 utterances; for utterance NI23FBQ_0101_0607815_0610987 avg. like is -50.7682 over 315 frames.
LOG (gmm-acc-stats-ali[5.1.60~1-b2d5d]:main():gmm-acc-stats-ali.cc:105) Processed 2300 utterances; for utterance NI23FBQ_0101_0906180_0911460 avg. like is -50.7259 over 526 frames.
LOG (gmm-acc-stats-ali[5.1.60~1-b2d5d]:main():gmm-acc-stats-ali.cc:105) Processed 2350 utterances; for utterance NI23FBQ_0101_1130485_1133826 avg. like is -55.5683 over 332 frames.
LOG (gmm-acc-stats-ali[5.1.60~1-b2d5d]:main():gmm-acc-stats-ali.cc:105) Processed 2400 utterances; for utterance NI23FBQ_0101_1391448_1393736 avg. like is -61.601 over 227 frames.
LOG (gmm-acc-stats-ali[5.1.60~1-b2d5d]:main():gmm-acc-stats-ali.cc:105) Processed 2450 utterances; for utterance NI23FBQ_0101_1641386_1643570 avg. like is -54.8209 over 216 frames.
WARNING (gmm-acc-stats-ali[5.1.60~1-b2d5d]:main():gmm-acc-stats-ali.cc:79) No alignment for utterance NI23FBQ_0101_1704683_1706971
LOG (gmm-acc-stats-ali[5.1.60~1-b2d5d]:main():gmm-acc-stats-ali.cc:105) Processed 2500 utterances; for utterance NI23FBQ_0101_1947257_1950949 avg. like is -50.4867 over 367 frames.
WARNING (gmm-acc-stats-ali[5.1.60~1-b2d5d]:main():gmm-acc-stats-ali.cc:79) No alignment for utterance NI23FBQ_0101_1982201_1983592
LOG (gmm-acc-stats-ali[5.1.60~1-b2d5d]:main():gmm-acc-stats-ali.cc:105) Processed 2550 utterances; for utterance NI23FBQ_0101_2172131_2175550 avg. like is -48.3827 over 340 frames.
LOG (gmm-acc-stats-ali[5.1.60~1-b2d5d]:main():gmm-acc-stats-ali.cc:105) Processed 2600 utterances; for utterance NI23FBQ_0101_2437331_2439320 avg. like is -52.075 over 197 frames.
LOG (gmm-acc-stats-ali[5.1.60~1-b2d5d]:main():gmm-acc-stats-ali.cc:105) Processed 2650 utterances; for utterance NI23FBQ_0101_2688855_2690298 avg. like is -47.831 over 142 frames.
LOG (gmm-acc-stats-ali[5.1.60~1-b2d5d]:main():gmm-acc-stats-ali.cc:105) Processed 2700 utterances; for utterance NI23FBQ_0101_2959268_2962544 avg. like is -41.7503 over 326 frames.
LOG (gmm-acc-stats-ali[5.1.60~1-b2d5d]:main():gmm-acc-stats-ali.cc:105) Processed 2750 utterances; for utterance NI24MBP_0101_1107250_1110660 avg. like is -49.351 over 339 frames.
LOG (gmm-acc-stats-ali[5.1.60~1-b2d5d]:main():gmm-acc-stats-ali.cc:105) Processed 2800 utterances; for utterance NI24MBP_0101_2074330_2077280 avg. like is -49.6857 over 293 frames.
LOG (apply-cmvn[5.1.60~1-b2d5d]:main():apply-cmvn.cc:146) Applied cepstral mean normalization to 2821 utterances, errors on 0
LOG (transform-feats[5.1.60~1-b2d5d]:main():transform-feats.cc:158) Overall average [pseudo-]logdet is -92.1898 over 860384 frames.
LOG (transform-feats[5.1.60~1-b2d5d]:main():transform-feats.cc:161) Applied transform to 2821 utterances; 0 had errors.
LOG (gmm-acc-stats-ali[5.1.60~1-b2d5d]:main():gmm-acc-stats-ali.cc:112) Done 2818 files, 3 with errors.
LOG (gmm-acc-stats-ali[5.1.60~1-b2d5d]:main():gmm-acc-stats-ali.cc:115) Overall avg like per frame (Gaussian only) = -52.3437 over 859726 frames.
LOG (gmm-acc-stats-ali[5.1.60~1-b2d5d]:main():gmm-acc-stats-ali.cc:123) Written accs.
# Accounting: time=7 threads=1
# Ended (code 0) at Sat Apr 22 03:39:35 UTC 2017, elapsed time 7 seconds
