# gmm-acc-stats-ali exp/tri22/2.mdl "ark,s,cs:apply-cmvn  --utt2spk=ark:data/train/split16/2/utt2spk scp:data/train/split16/2/cmvn.scp scp:data/train/split16/2/feats.scp ark:- | splice-feats --left-context=3 --right-context=3 ark:- ark:- | transform-feats exp/tri22/2.mat ark:- ark:- |" "ark,s,cs:gunzip -c exp/tri22/ali.2.gz|" exp/tri22/2.2.acc 
# Started at Sat Apr 22 03:37:17 UTC 2017
#
gmm-acc-stats-ali exp/tri22/2.mdl 'ark,s,cs:apply-cmvn  --utt2spk=ark:data/train/split16/2/utt2spk scp:data/train/split16/2/cmvn.scp scp:data/train/split16/2/feats.scp ark:- | splice-feats --left-context=3 --right-context=3 ark:- ark:- | transform-feats exp/tri22/2.mat ark:- ark:- |' 'ark,s,cs:gunzip -c exp/tri22/ali.2.gz|' exp/tri22/2.2.acc 
apply-cmvn --utt2spk=ark:data/train/split16/2/utt2spk scp:data/train/split16/2/cmvn.scp scp:data/train/split16/2/feats.scp ark:- 
transform-feats exp/tri22/2.mat ark:- ark:- 
splice-feats --left-context=3 --right-context=3 ark:- ark:- 
LOG (gmm-acc-stats-ali[5.1.60~1-b2d5d]:main():gmm-acc-stats-ali.cc:105) Processed 50 utterances; for utterance NC18MBQ_0101_0754440_0755990 avg. like is -58.2984 over 153 frames.
LOG (gmm-acc-stats-ali[5.1.60~1-b2d5d]:main():gmm-acc-stats-ali.cc:105) Processed 100 utterances; for utterance NC18MBQ_0101_1206180_1210990 avg. like is -58.0916 over 479 frames.
LOG (gmm-acc-stats-ali[5.1.60~1-b2d5d]:main():gmm-acc-stats-ali.cc:105) Processed 150 utterances; for utterance NC18MBQ_0101_1939760_1942440 avg. like is -54.2149 over 266 frames.
LOG (gmm-acc-stats-ali[5.1.60~1-b2d5d]:main():gmm-acc-stats-ali.cc:105) Processed 200 utterances; for utterance NC18MBQ_0101_2475590_2477380 avg. like is -59.7458 over 177 frames.
LOG (gmm-acc-stats-ali[5.1.60~1-b2d5d]:main():gmm-acc-stats-ali.cc:105) Processed 250 utterances; for utterance NC18MBQ_0101_3576700_3578450 avg. like is -59.199 over 173 frames.
LOG (gmm-acc-stats-ali[5.1.60~1-b2d5d]:main():gmm-acc-stats-ali.cc:105) Processed 300 utterances; for utterance NC19MBP_0101_0797920_0799470 avg. like is -53.4087 over 153 frames.
LOG (gmm-acc-stats-ali[5.1.60~1-b2d5d]:main():gmm-acc-stats-ali.cc:105) Processed 350 utterances; for utterance NC19MBP_0101_1493850_1497030 avg. like is -54.8961 over 316 frames.
LOG (gmm-acc-stats-ali[5.1.60~1-b2d5d]:main():gmm-acc-stats-ali.cc:105) Processed 400 utterances; for utterance NC19MBP_0101_2501430_2504540 avg. like is -53.3977 over 309 frames.
LOG (gmm-acc-stats-ali[5.1.60~1-b2d5d]:main():gmm-acc-stats-ali.cc:105) Processed 450 utterances; for utterance NC19MBP_0101_3548450_3550720 avg. like is -48.169 over 225 frames.
LOG (gmm-acc-stats-ali[5.1.60~1-b2d5d]:main():gmm-acc-stats-ali.cc:105) Processed 500 utterances; for utterance NC20MBQ_0101_0450261_0452511 avg. like is -52.3671 over 223 frames.
LOG (gmm-acc-stats-ali[5.1.60~1-b2d5d]:main():gmm-acc-stats-ali.cc:105) Processed 550 utterances; for utterance NC20MBQ_0101_1153311_1154881 avg. like is -46.8999 over 155 frames.
LOG (gmm-acc-stats-ali[5.1.60~1-b2d5d]:main():gmm-acc-stats-ali.cc:105) Processed 600 utterances; for utterance NC20MBQ_0101_1924591_1926621 avg. like is -50.13 over 201 frames.
LOG (gmm-acc-stats-ali[5.1.60~1-b2d5d]:main():gmm-acc-stats-ali.cc:105) Processed 650 utterances; for utterance NC20MBQ_0101_2540650_2542750 avg. like is -50.925 over 208 frames.
LOG (gmm-acc-stats-ali[5.1.60~1-b2d5d]:main():gmm-acc-stats-ali.cc:105) Processed 700 utterances; for utterance NC20MBQ_0101_3158190_3159820 avg. like is -55.698 over 161 frames.
LOG (gmm-acc-stats-ali[5.1.60~1-b2d5d]:main():gmm-acc-stats-ali.cc:105) Processed 750 utterances; for utterance NC20MBQ_0101_3875364_3876244 avg. like is -52.5842 over 86 frames.
LOG (gmm-acc-stats-ali[5.1.60~1-b2d5d]:main():gmm-acc-stats-ali.cc:105) Processed 800 utterances; for utterance NC21FBP_0101_0792240_0795080 avg. like is -58.1202 over 282 frames.
LOG (gmm-acc-stats-ali[5.1.60~1-b2d5d]:main():gmm-acc-stats-ali.cc:105) Processed 850 utterances; for utterance NC21FBP_0101_2533600_2537450 avg. like is -61.7187 over 383 frames.
LOG (gmm-acc-stats-ali[5.1.60~1-b2d5d]:main():gmm-acc-stats-ali.cc:105) Processed 900 utterances; for utterance NC22MBQ_110101_0704028_0710358 avg. like is -56.3052 over 631 frames.
LOG (gmm-acc-stats-ali[5.1.60~1-b2d5d]:main():gmm-acc-stats-ali.cc:105) Processed 950 utterances; for utterance NC22MBQ_110101_2556049_2560729 avg. like is -57.9715 over 466 frames.
LOG (gmm-acc-stats-ali[5.1.60~1-b2d5d]:main():gmm-acc-stats-ali.cc:105) Processed 1000 utterances; for utterance NC22MBQ_450101_0215835_0216775 avg. like is -49.6711 over 92 frames.
LOG (gmm-acc-stats-ali[5.1.60~1-b2d5d]:main():gmm-acc-stats-ali.cc:105) Processed 1050 utterances; for utterance NC22MBQ_450101_0547185_0548975 avg. like is -58.328 over 177 frames.
LOG (gmm-acc-stats-ali[5.1.60~1-b2d5d]:main():gmm-acc-stats-ali.cc:105) Processed 1100 utterances; for utterance NC22MBQ_450101_0848046_0850616 avg. like is -53.9829 over 255 frames.
LOG (gmm-acc-stats-ali[5.1.60~1-b2d5d]:main():gmm-acc-stats-ali.cc:105) Processed 1150 utterances; for utterance NC22MBQ_450101_1188838_1194228 avg. like is -52.9918 over 537 frames.
LOG (gmm-acc-stats-ali[5.1.60~1-b2d5d]:main():gmm-acc-stats-ali.cc:105) Processed 1200 utterances; for utterance NC22MBQ_450101_1456933_1461443 avg. like is -46.9045 over 449 frames.
LOG (gmm-acc-stats-ali[5.1.60~1-b2d5d]:main():gmm-acc-stats-ali.cc:105) Processed 1250 utterances; for utterance NC22MBQ_450101_1901872_1904150 avg. like is -55.9784 over 226 frames.
LOG (gmm-acc-stats-ali[5.1.60~1-b2d5d]:main():gmm-acc-stats-ali.cc:105) Processed 1300 utterances; for utterance NC23FBP_0101_0524987_0534957 avg. like is -54.1673 over 995 frames.
LOG (gmm-acc-stats-ali[5.1.60~1-b2d5d]:main():gmm-acc-stats-ali.cc:105) Processed 1350 utterances; for utterance NC23FBP_0101_1293927_1296777 avg. like is -56.4537 over 283 frames.
LOG (gmm-acc-stats-ali[5.1.60~1-b2d5d]:main():gmm-acc-stats-ali.cc:105) Processed 1400 utterances; for utterance NC23FBP_0101_1976397_1979617 avg. like is -58.3747 over 320 frames.
LOG (gmm-acc-stats-ali[5.1.60~1-b2d5d]:main():gmm-acc-stats-ali.cc:105) Processed 1450 utterances; for utterance NC23FBP_0101_2661597_2664117 avg. like is -59.4341 over 250 frames.
LOG (gmm-acc-stats-ali[5.1.60~1-b2d5d]:main():gmm-acc-stats-ali.cc:105) Processed 1500 utterances; for utterance NC23FBP_0101_3511694_3515074 avg. like is -55.7542 over 336 frames.
LOG (gmm-acc-stats-ali[5.1.60~1-b2d5d]:main():gmm-acc-stats-ali.cc:105) Processed 1550 utterances; for utterance NC24FBQ_0101_0365260_0366480 avg. like is -56.4596 over 120 frames.
LOG (gmm-acc-stats-ali[5.1.60~1-b2d5d]:main():gmm-acc-stats-ali.cc:105) Processed 1600 utterances; for utterance NC24FBQ_0101_0784610_0785770 avg. like is -54.8507 over 114 frames.
LOG (gmm-acc-stats-ali[5.1.60~1-b2d5d]:main():gmm-acc-stats-ali.cc:105) Processed 1650 utterances; for utterance NC24FBQ_0101_1086574_1087934 avg. like is -51.0825 over 134 frames.
LOG (gmm-acc-stats-ali[5.1.60~1-b2d5d]:main():gmm-acc-stats-ali.cc:105) Processed 1700 utterances; for utterance NC24FBQ_0101_1507234_1515144 avg. like is -56.688 over 789 frames.
LOG (gmm-acc-stats-ali[5.1.60~1-b2d5d]:main():gmm-acc-stats-ali.cc:105) Processed 1750 utterances; for utterance NC24FBQ_0101_1876844_1880574 avg. like is -54.9464 over 371 frames.
WARNING (gmm-acc-stats-ali[5.1.60~1-b2d5d]:main():gmm-acc-stats-ali.cc:79) No alignment for utterance NC24FBQ_0101_1992344_1996534
LOG (gmm-acc-stats-ali[5.1.60~1-b2d5d]:main():gmm-acc-stats-ali.cc:105) Processed 1800 utterances; for utterance NC24FBQ_0101_2314830_2317010 avg. like is -55.4852 over 216 frames.
LOG (gmm-acc-stats-ali[5.1.60~1-b2d5d]:main():gmm-acc-stats-ali.cc:105) Processed 1850 utterances; for utterance NC24FBQ_0101_2768270_2769770 avg. like is -51.2161 over 148 frames.
LOG (gmm-acc-stats-ali[5.1.60~1-b2d5d]:main():gmm-acc-stats-ali.cc:105) Processed 1900 utterances; for utterance NC24FBQ_0101_3196860_3199200 avg. like is -63.2928 over 232 frames.
LOG (apply-cmvn[5.1.60~1-b2d5d]:main():apply-cmvn.cc:146) Applied cepstral mean normalization to 1943 utterances, errors on 0
LOG (transform-feats[5.1.60~1-b2d5d]:main():transform-feats.cc:158) Overall average [pseudo-]logdet is -93.0538 over 537229 frames.
LOG (transform-feats[5.1.60~1-b2d5d]:main():transform-feats.cc:161) Applied transform to 1943 utterances; 0 had errors.
LOG (gmm-acc-stats-ali[5.1.60~1-b2d5d]:main():gmm-acc-stats-ali.cc:112) Done 1942 files, 1 with errors.
LOG (gmm-acc-stats-ali[5.1.60~1-b2d5d]:main():gmm-acc-stats-ali.cc:115) Overall avg like per frame (Gaussian only) = -55.0191 over 536812 frames.
LOG (gmm-acc-stats-ali[5.1.60~1-b2d5d]:main():gmm-acc-stats-ali.cc:123) Written accs.
# Accounting: time=4 threads=1
# Ended (code 0) at Sat Apr 22 03:37:21 UTC 2017, elapsed time 4 seconds
