# gmm-acc-stats-ali exp/tri22/14.mdl "ark,s,cs:apply-cmvn  --utt2spk=ark:data/train/split16/16/utt2spk scp:data/train/split16/16/cmvn.scp scp:data/train/split16/16/feats.scp ark:- | splice-feats --left-context=3 --right-context=3 ark:- ark:- | transform-feats exp/tri22/12.mat ark:- ark:- |" "ark,s,cs:gunzip -c exp/tri22/ali.16.gz|" exp/tri22/14.16.acc 
# Started at Sat Apr 22 03:43:23 UTC 2017
#
gmm-acc-stats-ali exp/tri22/14.mdl 'ark,s,cs:apply-cmvn  --utt2spk=ark:data/train/split16/16/utt2spk scp:data/train/split16/16/cmvn.scp scp:data/train/split16/16/feats.scp ark:- | splice-feats --left-context=3 --right-context=3 ark:- ark:- | transform-feats exp/tri22/12.mat ark:- ark:- |' 'ark,s,cs:gunzip -c exp/tri22/ali.16.gz|' exp/tri22/14.16.acc 
apply-cmvn --utt2spk=ark:data/train/split16/16/utt2spk scp:data/train/split16/16/cmvn.scp scp:data/train/split16/16/feats.scp ark:- 
transform-feats exp/tri22/12.mat ark:- ark:- 
splice-feats --left-context=3 --right-context=3 ark:- ark:- 
LOG (gmm-acc-stats-ali[5.1.60~1-b2d5d]:main():gmm-acc-stats-ali.cc:105) Processed 50 utterances; for utterance UI12FAZ_0101_0367828_0378645 avg. like is -39.9157 over 1080 frames.
LOG (gmm-acc-stats-ali[5.1.60~1-b2d5d]:main():gmm-acc-stats-ali.cc:105) Processed 100 utterances; for utterance UI12FAZ_0101_0734689_0740862 avg. like is -45.5915 over 615 frames.
LOG (gmm-acc-stats-ali[5.1.60~1-b2d5d]:main():gmm-acc-stats-ali.cc:105) Processed 150 utterances; for utterance UI12FAZ_0101_1066503_1070959 avg. like is -50.606 over 444 frames.
LOG (gmm-acc-stats-ali[5.1.60~1-b2d5d]:main():gmm-acc-stats-ali.cc:105) Processed 200 utterances; for utterance UI12FAZ_0102_0262326_0270511 avg. like is -45.107 over 817 frames.
LOG (gmm-acc-stats-ali[5.1.60~1-b2d5d]:main():gmm-acc-stats-ali.cc:105) Processed 250 utterances; for utterance UI12FAZ_0102_0621273_0626425 avg. like is -47.3643 over 513 frames.
WARNING (gmm-acc-stats-ali[5.1.60~1-b2d5d]:main():gmm-acc-stats-ali.cc:79) No alignment for utterance UI12FAZ_0102_0859924_0864851
LOG (gmm-acc-stats-ali[5.1.60~1-b2d5d]:main():gmm-acc-stats-ali.cc:105) Processed 300 utterances; for utterance UI12FAZ_0102_1013228_1015809 avg. like is -51.5636 over 256 frames.
LOG (gmm-acc-stats-ali[5.1.60~1-b2d5d]:main():gmm-acc-stats-ali.cc:105) Processed 350 utterances; for utterance UI12FAZ_0103_0124184_0134098 avg. like is -49.7263 over 989 frames.
LOG (gmm-acc-stats-ali[5.1.60~1-b2d5d]:main():gmm-acc-stats-ali.cc:105) Processed 400 utterances; for utterance UI12FAZ_0103_0468805_0471052 avg. like is -41.2844 over 223 frames.
LOG (gmm-acc-stats-ali[5.1.60~1-b2d5d]:main():gmm-acc-stats-ali.cc:105) Processed 450 utterances; for utterance UI12FAZ_0103_0782586_0790495 avg. like is -44.3803 over 789 frames.
LOG (gmm-acc-stats-ali[5.1.60~1-b2d5d]:main():gmm-acc-stats-ali.cc:105) Processed 500 utterances; for utterance UI12FAZ_0103_1098117_1104898 avg. like is -43.692 over 676 frames.
LOG (gmm-acc-stats-ali[5.1.60~1-b2d5d]:main():gmm-acc-stats-ali.cc:105) Processed 550 utterances; for utterance UI12FAZ_0104_0235144_0239685 avg. like is -50.2242 over 452 frames.
LOG (gmm-acc-stats-ali[5.1.60~1-b2d5d]:main():gmm-acc-stats-ali.cc:105) Processed 600 utterances; for utterance UI12FAZ_0104_0548688_0551632 avg. like is -41.2658 over 292 frames.
LOG (gmm-acc-stats-ali[5.1.60~1-b2d5d]:main():gmm-acc-stats-ali.cc:105) Processed 650 utterances; for utterance UI12FAZ_0104_0848610_0850408 avg. like is -46.6361 over 178 frames.
WARNING (gmm-acc-stats-ali[5.1.60~1-b2d5d]:main():gmm-acc-stats-ali.cc:79) No alignment for utterance UI12FAZ_0104_0947867_0949654
LOG (gmm-acc-stats-ali[5.1.60~1-b2d5d]:main():gmm-acc-stats-ali.cc:105) Processed 700 utterances; for utterance UI12FAZ_0104_1092207_1097594 avg. like is -49.9333 over 537 frames.
LOG (gmm-acc-stats-ali[5.1.60~1-b2d5d]:main():gmm-acc-stats-ali.cc:105) Processed 750 utterances; for utterance UI12FAZ_0105_0218867_0223351 avg. like is -38.1101 over 446 frames.
LOG (gmm-acc-stats-ali[5.1.60~1-b2d5d]:main():gmm-acc-stats-ali.cc:105) Processed 800 utterances; for utterance UI13FAZ_0101_0473881_0480079 avg. like is -46.5184 over 618 frames.
LOG (gmm-acc-stats-ali[5.1.60~1-b2d5d]:main():gmm-acc-stats-ali.cc:105) Processed 850 utterances; for utterance UI13FAZ_0101_0876394_0884411 avg. like is -44.4719 over 800 frames.
LOG (gmm-acc-stats-ali[5.1.60~1-b2d5d]:main():gmm-acc-stats-ali.cc:105) Processed 900 utterances; for utterance UI13FAZ_0102_0099894_0106381 avg. like is -46.5425 over 647 frames.
LOG (gmm-acc-stats-ali[5.1.60~1-b2d5d]:main():gmm-acc-stats-ali.cc:105) Processed 950 utterances; for utterance UI13FAZ_0102_0491240_0500303 avg. like is -44.0444 over 904 frames.
LOG (gmm-acc-stats-ali[5.1.60~1-b2d5d]:main():gmm-acc-stats-ali.cc:105) Processed 1000 utterances; for utterance UI13FAZ_0102_0922617_0930069 avg. like is -47.3728 over 743 frames.
LOG (gmm-acc-stats-ali[5.1.60~1-b2d5d]:main():gmm-acc-stats-ali.cc:105) Processed 1050 utterances; for utterance UI13FAZ_0103_0106390_0111557 avg. like is -48.731 over 515 frames.
LOG (gmm-acc-stats-ali[5.1.60~1-b2d5d]:main():gmm-acc-stats-ali.cc:105) Processed 1100 utterances; for utterance UI13FAZ_0103_0514927_0516845 avg. like is -41.8214 over 190 frames.
LOG (gmm-acc-stats-ali[5.1.60~1-b2d5d]:main():gmm-acc-stats-ali.cc:105) Processed 1150 utterances; for utterance UI13FAZ_0103_0918462_0922981 avg. like is -45.0184 over 450 frames.
LOG (gmm-acc-stats-ali[5.1.60~1-b2d5d]:main():gmm-acc-stats-ali.cc:105) Processed 1200 utterances; for utterance UI13FAZ_0104_0132223_0141638 avg. like is -49.7205 over 940 frames.
WARNING (gmm-acc-stats-ali[5.1.60~1-b2d5d]:main():gmm-acc-stats-ali.cc:79) No alignment for utterance UI13FAZ_0104_0231793_0238228
LOG (gmm-acc-stats-ali[5.1.60~1-b2d5d]:main():gmm-acc-stats-ali.cc:105) Processed 1250 utterances; for utterance UI13FAZ_0104_0604818_0611407 avg. like is -42.345 over 657 frames.
LOG (gmm-acc-stats-ali[5.1.60~1-b2d5d]:main():gmm-acc-stats-ali.cc:105) Processed 1300 utterances; for utterance UI13FAZ_0105_0253828_0260020 avg. like is -48.0122 over 617 frames.
LOG (gmm-acc-stats-ali[5.1.60~1-b2d5d]:main():gmm-acc-stats-ali.cc:105) Processed 1350 utterances; for utterance UI14MAZ_0101_0303238_0313114 avg. like is -49.3469 over 986 frames.
LOG (gmm-acc-stats-ali[5.1.60~1-b2d5d]:main():gmm-acc-stats-ali.cc:105) Processed 1400 utterances; for utterance UI14MAZ_0101_0820415_0828995 avg. like is -48.5012 over 856 frames.
LOG (gmm-acc-stats-ali[5.1.60~1-b2d5d]:main():gmm-acc-stats-ali.cc:105) Processed 1450 utterances; for utterance UI14MAZ_0102_0136091_0141298 avg. like is -45.1698 over 519 frames.
LOG (gmm-acc-stats-ali[5.1.60~1-b2d5d]:main():gmm-acc-stats-ali.cc:105) Processed 1500 utterances; for utterance UI14MAZ_0102_0649080_0660645 avg. like is -48.857 over 1155 frames.
LOG (gmm-acc-stats-ali[5.1.60~1-b2d5d]:main():gmm-acc-stats-ali.cc:105) Processed 1550 utterances; for utterance UI14MAZ_0102_1179596_1187003 avg. like is -53.4268 over 739 frames.
LOG (gmm-acc-stats-ali[5.1.60~1-b2d5d]:main():gmm-acc-stats-ali.cc:105) Processed 1600 utterances; for utterance UI14MAZ_0103_0595705_0603724 avg. like is -43.3561 over 800 frames.
WARNING (gmm-acc-stats-ali[5.1.60~1-b2d5d]:main():gmm-acc-stats-ali.cc:79) No alignment for utterance UI14MAZ_0103_0741731_0744519
WARNING (gmm-acc-stats-ali[5.1.60~1-b2d5d]:main():gmm-acc-stats-ali.cc:79) No alignment for utterance UI14MAZ_0103_1015114_1029198
LOG (gmm-acc-stats-ali[5.1.60~1-b2d5d]:main():gmm-acc-stats-ali.cc:105) Processed 1650 utterances; for utterance UI14MAZ_0103_1176428_1177618 avg. like is -32.6534 over 117 frames.
LOG (gmm-acc-stats-ali[5.1.60~1-b2d5d]:main():gmm-acc-stats-ali.cc:105) Processed 1700 utterances; for utterance UI14MAZ_0104_0484891_0493442 avg. like is -50.3058 over 853 frames.
LOG (gmm-acc-stats-ali[5.1.60~1-b2d5d]:main():gmm-acc-stats-ali.cc:105) Processed 1750 utterances; for utterance UI14MAZ_0104_1047689_1060119 avg. like is -43.8166 over 1241 frames.
LOG (gmm-acc-stats-ali[5.1.60~1-b2d5d]:main():gmm-acc-stats-ali.cc:105) Processed 1800 utterances; for utterance UI15FAZ_0101_0581085_0585733 avg. like is -41.0913 over 463 frames.
LOG (gmm-acc-stats-ali[5.1.60~1-b2d5d]:main():gmm-acc-stats-ali.cc:105) Processed 1850 utterances; for utterance UI16MAZ_0101_0536341_0538854 avg. like is -47.6279 over 249 frames.
LOG (gmm-acc-stats-ali[5.1.60~1-b2d5d]:main():gmm-acc-stats-ali.cc:105) Processed 1900 utterances; for utterance UI16MAZ_0105_0624266_0625002 avg. like is -48.5906 over 72 frames.
LOG (gmm-acc-stats-ali[5.1.60~1-b2d5d]:main():gmm-acc-stats-ali.cc:105) Processed 1950 utterances; for utterance UI17FAZ_0102_0082219_0083931 avg. like is -46.3993 over 169 frames.
LOG (gmm-acc-stats-ali[5.1.60~1-b2d5d]:main():gmm-acc-stats-ali.cc:105) Processed 2000 utterances; for utterance UI17FAZ_0103_0717640_0720839 avg. like is -34.2765 over 318 frames.
LOG (gmm-acc-stats-ali[5.1.60~1-b2d5d]:main():gmm-acc-stats-ali.cc:105) Processed 2050 utterances; for utterance UI17FAZ_0105_0198563_0199595 avg. like is -41.5007 over 101 frames.
LOG (gmm-acc-stats-ali[5.1.60~1-b2d5d]:main():gmm-acc-stats-ali.cc:105) Processed 2100 utterances; for utterance UI18MAZ_0102_0932213_0934701 avg. like is -49.2024 over 247 frames.
LOG (gmm-acc-stats-ali[5.1.60~1-b2d5d]:main():gmm-acc-stats-ali.cc:105) Processed 2150 utterances; for utterance UI19MAZ_0101_0128094_0130410 avg. like is -51.4334 over 230 frames.
LOG (gmm-acc-stats-ali[5.1.60~1-b2d5d]:main():gmm-acc-stats-ali.cc:105) Processed 2200 utterances; for utterance UI19MAZ_0103_0451132_0451902 avg. like is -41.2208 over 75 frames.
LOG (gmm-acc-stats-ali[5.1.60~1-b2d5d]:main():gmm-acc-stats-ali.cc:105) Processed 2250 utterances; for utterance UI19MAZ_0105_0183244_0184926 avg. like is -52.4575 over 166 frames.
LOG (gmm-acc-stats-ali[5.1.60~1-b2d5d]:main():gmm-acc-stats-ali.cc:105) Processed 2300 utterances; for utterance UI20MAZ_0101_0801275_0803846 avg. like is -41.6847 over 255 frames.
LOG (gmm-acc-stats-ali[5.1.60~1-b2d5d]:main():gmm-acc-stats-ali.cc:105) Processed 2350 utterances; for utterance UI20MAZ_0104_0684137_0685272 avg. like is -42.566 over 112 frames.
LOG (gmm-acc-stats-ali[5.1.60~1-b2d5d]:main():gmm-acc-stats-ali.cc:105) Processed 2400 utterances; for utterance UI21MAZ_0102_0507019_0508505 avg. like is -35.909 over 147 frames.
LOG (gmm-acc-stats-ali[5.1.60~1-b2d5d]:main():gmm-acc-stats-ali.cc:105) Processed 2450 utterances; for utterance UI21MAZ_0104_0800672_0801823 avg. like is -45.6973 over 113 frames.
LOG (gmm-acc-stats-ali[5.1.60~1-b2d5d]:main():gmm-acc-stats-ali.cc:105) Processed 2500 utterances; for utterance UI22MAZ_0101_0707891_0710053 avg. like is -40.1748 over 214 frames.
LOG (gmm-acc-stats-ali[5.1.60~1-b2d5d]:main():gmm-acc-stats-ali.cc:105) Processed 2550 utterances; for utterance UI22MAZ_0103_0041081_0042500 avg. like is -39.3316 over 140 frames.
LOG (gmm-acc-stats-ali[5.1.60~1-b2d5d]:main():gmm-acc-stats-ali.cc:105) Processed 2600 utterances; for utterance UI22MAZ_0104_0006236_0006909 avg. like is -41.7202 over 65 frames.
LOG (gmm-acc-stats-ali[5.1.60~1-b2d5d]:main():gmm-acc-stats-ali.cc:105) Processed 2650 utterances; for utterance UI22MAZ_0104_0999541_1001233 avg. like is -48.4181 over 167 frames.
LOG (gmm-acc-stats-ali[5.1.60~1-b2d5d]:main():gmm-acc-stats-ali.cc:105) Processed 2700 utterances; for utterance UI23FAZ_0101_0047272_0052189 avg. like is -43.2211 over 490 frames.
LOG (gmm-acc-stats-ali[5.1.60~1-b2d5d]:main():gmm-acc-stats-ali.cc:105) Processed 2750 utterances; for utterance UI23FAZ_0102_0383585_0386245 avg. like is -51.5607 over 264 frames.
LOG (gmm-acc-stats-ali[5.1.60~1-b2d5d]:main():gmm-acc-stats-ali.cc:105) Processed 2800 utterances; for utterance UI23FAZ_0104_0074718_0076932 avg. like is -37.4001 over 219 frames.
LOG (gmm-acc-stats-ali[5.1.60~1-b2d5d]:main():gmm-acc-stats-ali.cc:105) Processed 2850 utterances; for utterance UI24MAZ_0101_0033201_0035548 avg. like is -47.6537 over 233 frames.
LOG (gmm-acc-stats-ali[5.1.60~1-b2d5d]:main():gmm-acc-stats-ali.cc:105) Processed 2900 utterances; for utterance UI24MAZ_0101_1125072_1132175 avg. like is -51.4311 over 708 frames.
LOG (gmm-acc-stats-ali[5.1.60~1-b2d5d]:main():gmm-acc-stats-ali.cc:105) Processed 2950 utterances; for utterance UI24MAZ_0102_0657096_0660688 avg. like is -48.7343 over 357 frames.
LOG (gmm-acc-stats-ali[5.1.60~1-b2d5d]:main():gmm-acc-stats-ali.cc:105) Processed 3000 utterances; for utterance UI24MAZ_0103_0403125_0403826 avg. like is -47.3383 over 68 frames.
LOG (gmm-acc-stats-ali[5.1.60~1-b2d5d]:main():gmm-acc-stats-ali.cc:105) Processed 3050 utterances; for utterance UI24MAZ_0104_0699604_0700866 avg. like is -45.8364 over 124 frames.
LOG (gmm-acc-stats-ali[5.1.60~1-b2d5d]:main():gmm-acc-stats-ali.cc:105) Processed 3100 utterances; for utterance UI25FAZ_0101_0736141_0740637 avg. like is -48.976 over 448 frames.
LOG (gmm-acc-stats-ali[5.1.60~1-b2d5d]:main():gmm-acc-stats-ali.cc:105) Processed 3150 utterances; for utterance UI25FAZ_0102_0983324_0987377 avg. like is -48.7756 over 403 frames.
LOG (gmm-acc-stats-ali[5.1.60~1-b2d5d]:main():gmm-acc-stats-ali.cc:105) Processed 3200 utterances; for utterance UI25FAZ_0103_1020209_1023224 avg. like is -41.9256 over 300 frames.
LOG (gmm-acc-stats-ali[5.1.60~1-b2d5d]:main():gmm-acc-stats-ali.cc:105) Processed 3250 utterances; for utterance UI26MAZ_0101_0360934_0364703 avg. like is -45.2149 over 375 frames.
LOG (gmm-acc-stats-ali[5.1.60~1-b2d5d]:main():gmm-acc-stats-ali.cc:105) Processed 3300 utterances; for utterance UI26MAZ_0103_0428876_0433844 avg. like is -39.3947 over 495 frames.
LOG (gmm-acc-stats-ali[5.1.60~1-b2d5d]:main():gmm-acc-stats-ali.cc:105) Processed 3350 utterances; for utterance UI27FAZ_0101_0209818_0217748 avg. like is -43.5194 over 791 frames.
LOG (gmm-acc-stats-ali[5.1.60~1-b2d5d]:main():gmm-acc-stats-ali.cc:105) Processed 3400 utterances; for utterance UI27FAZ_0101_1182196_1193270 avg. like is -45.8749 over 1105 frames.
LOG (gmm-acc-stats-ali[5.1.60~1-b2d5d]:main():gmm-acc-stats-ali.cc:105) Processed 3450 utterances; for utterance UI27FAZ_0102_0886297_0890811 avg. like is -46.6976 over 449 frames.
LOG (gmm-acc-stats-ali[5.1.60~1-b2d5d]:main():gmm-acc-stats-ali.cc:105) Processed 3500 utterances; for utterance UI27FAZ_0103_0781484_0786393 avg. like is -43.0074 over 489 frames.
LOG (gmm-acc-stats-ali[5.1.60~1-b2d5d]:main():gmm-acc-stats-ali.cc:105) Processed 3550 utterances; for utterance UI27FAZ_0104_1030311_1031765 avg. like is -30.3667 over 143 frames.
LOG (gmm-acc-stats-ali[5.1.60~1-b2d5d]:main():gmm-acc-stats-ali.cc:105) Processed 3600 utterances; for utterance UI28FAZ_0102_0660139_0661957 avg. like is -45.8507 over 180 frames.
LOG (apply-cmvn[5.1.60~1-b2d5d]:main():apply-cmvn.cc:146) Applied cepstral mean normalization to 3640 utterances, errors on 0
LOG (transform-feats[5.1.60~1-b2d5d]:main():transform-feats.cc:158) Overall average [pseudo-]logdet is -91.9256 over 1.81682e+06 frames.
LOG (transform-feats[5.1.60~1-b2d5d]:main():transform-feats.cc:161) Applied transform to 3640 utterances; 0 had errors.
LOG (gmm-acc-stats-ali[5.1.60~1-b2d5d]:main():gmm-acc-stats-ali.cc:112) Done 3635 files, 5 with errors.
LOG (gmm-acc-stats-ali[5.1.60~1-b2d5d]:main():gmm-acc-stats-ali.cc:115) Overall avg like per frame (Gaussian only) = -45.8659 over 1813827 frames.
LOG (gmm-acc-stats-ali[5.1.60~1-b2d5d]:main():gmm-acc-stats-ali.cc:123) Written accs.
# Accounting: time=13 threads=1
# Ended (code 0) at Sat Apr 22 03:43:36 UTC 2017, elapsed time 13 seconds
