# gmm-acc-stats-ali exp/tri22/24.mdl "ark,s,cs:apply-cmvn  --utt2spk=ark:data/train/split16/2/utt2spk scp:data/train/split16/2/cmvn.scp scp:data/train/split16/2/feats.scp ark:- | splice-feats --left-context=3 --right-context=3 ark:- ark:- | transform-feats exp/tri22/12.mat ark:- ark:- |" "ark,s,cs:gunzip -c exp/tri22/ali.2.gz|" exp/tri22/24.2.acc 
# Started at Sat Apr 22 03:48:17 UTC 2017
#
gmm-acc-stats-ali exp/tri22/24.mdl 'ark,s,cs:apply-cmvn  --utt2spk=ark:data/train/split16/2/utt2spk scp:data/train/split16/2/cmvn.scp scp:data/train/split16/2/feats.scp ark:- | splice-feats --left-context=3 --right-context=3 ark:- ark:- | transform-feats exp/tri22/12.mat ark:- ark:- |' 'ark,s,cs:gunzip -c exp/tri22/ali.2.gz|' exp/tri22/24.2.acc 
apply-cmvn --utt2spk=ark:data/train/split16/2/utt2spk scp:data/train/split16/2/cmvn.scp scp:data/train/split16/2/feats.scp ark:- 
transform-feats exp/tri22/12.mat ark:- ark:- 
splice-feats --left-context=3 --right-context=3 ark:- ark:- 
LOG (gmm-acc-stats-ali[5.1.60~1-b2d5d]:main():gmm-acc-stats-ali.cc:105) Processed 50 utterances; for utterance NC18MBQ_0101_0754440_0755990 avg. like is -51.9594 over 153 frames.
LOG (gmm-acc-stats-ali[5.1.60~1-b2d5d]:main():gmm-acc-stats-ali.cc:105) Processed 100 utterances; for utterance NC18MBQ_0101_1206180_1210990 avg. like is -52.1938 over 479 frames.
LOG (gmm-acc-stats-ali[5.1.60~1-b2d5d]:main():gmm-acc-stats-ali.cc:105) Processed 150 utterances; for utterance NC18MBQ_0101_1939760_1942440 avg. like is -50.1949 over 266 frames.
LOG (gmm-acc-stats-ali[5.1.60~1-b2d5d]:main():gmm-acc-stats-ali.cc:105) Processed 200 utterances; for utterance NC18MBQ_0101_2475590_2477380 avg. like is -56.4474 over 177 frames.
LOG (gmm-acc-stats-ali[5.1.60~1-b2d5d]:main():gmm-acc-stats-ali.cc:105) Processed 250 utterances; for utterance NC18MBQ_0101_3576700_3578450 avg. like is -52.7628 over 173 frames.
LOG (gmm-acc-stats-ali[5.1.60~1-b2d5d]:main():gmm-acc-stats-ali.cc:105) Processed 300 utterances; for utterance NC19MBP_0101_0797920_0799470 avg. like is -47.5477 over 153 frames.
LOG (gmm-acc-stats-ali[5.1.60~1-b2d5d]:main():gmm-acc-stats-ali.cc:105) Processed 350 utterances; for utterance NC19MBP_0101_1493850_1497030 avg. like is -49.8803 over 316 frames.
LOG (gmm-acc-stats-ali[5.1.60~1-b2d5d]:main():gmm-acc-stats-ali.cc:105) Processed 400 utterances; for utterance NC19MBP_0101_2501430_2504540 avg. like is -47.5382 over 309 frames.
LOG (gmm-acc-stats-ali[5.1.60~1-b2d5d]:main():gmm-acc-stats-ali.cc:105) Processed 450 utterances; for utterance NC19MBP_0101_3548450_3550720 avg. like is -42.5453 over 225 frames.
LOG (gmm-acc-stats-ali[5.1.60~1-b2d5d]:main():gmm-acc-stats-ali.cc:105) Processed 500 utterances; for utterance NC20MBQ_0101_0450261_0452511 avg. like is -46.357 over 223 frames.
LOG (gmm-acc-stats-ali[5.1.60~1-b2d5d]:main():gmm-acc-stats-ali.cc:105) Processed 550 utterances; for utterance NC20MBQ_0101_1153311_1154881 avg. like is -42.157 over 155 frames.
LOG (gmm-acc-stats-ali[5.1.60~1-b2d5d]:main():gmm-acc-stats-ali.cc:105) Processed 600 utterances; for utterance NC20MBQ_0101_1924591_1926621 avg. like is -42.8882 over 201 frames.
LOG (gmm-acc-stats-ali[5.1.60~1-b2d5d]:main():gmm-acc-stats-ali.cc:105) Processed 650 utterances; for utterance NC20MBQ_0101_2540650_2542750 avg. like is -44.3304 over 208 frames.
LOG (gmm-acc-stats-ali[5.1.60~1-b2d5d]:main():gmm-acc-stats-ali.cc:105) Processed 700 utterances; for utterance NC20MBQ_0101_3158190_3159820 avg. like is -49.2785 over 161 frames.
LOG (gmm-acc-stats-ali[5.1.60~1-b2d5d]:main():gmm-acc-stats-ali.cc:105) Processed 750 utterances; for utterance NC20MBQ_0101_3875364_3876244 avg. like is -47.3367 over 86 frames.
LOG (gmm-acc-stats-ali[5.1.60~1-b2d5d]:main():gmm-acc-stats-ali.cc:105) Processed 800 utterances; for utterance NC21FBP_0101_0792240_0795080 avg. like is -53.3461 over 282 frames.
LOG (gmm-acc-stats-ali[5.1.60~1-b2d5d]:main():gmm-acc-stats-ali.cc:105) Processed 850 utterances; for utterance NC21FBP_0101_2533600_2537450 avg. like is -56.7022 over 383 frames.
LOG (gmm-acc-stats-ali[5.1.60~1-b2d5d]:main():gmm-acc-stats-ali.cc:105) Processed 900 utterances; for utterance NC22MBQ_110101_0704028_0710358 avg. like is -51.2195 over 631 frames.
LOG (gmm-acc-stats-ali[5.1.60~1-b2d5d]:main():gmm-acc-stats-ali.cc:105) Processed 950 utterances; for utterance NC22MBQ_110101_2556049_2560729 avg. like is -52.1835 over 466 frames.
LOG (gmm-acc-stats-ali[5.1.60~1-b2d5d]:main():gmm-acc-stats-ali.cc:105) Processed 1000 utterances; for utterance NC22MBQ_450101_0215835_0216775 avg. like is -44.713 over 92 frames.
LOG (gmm-acc-stats-ali[5.1.60~1-b2d5d]:main():gmm-acc-stats-ali.cc:105) Processed 1050 utterances; for utterance NC22MBQ_450101_0547185_0548975 avg. like is -54.6115 over 177 frames.
LOG (gmm-acc-stats-ali[5.1.60~1-b2d5d]:main():gmm-acc-stats-ali.cc:105) Processed 1100 utterances; for utterance NC22MBQ_450101_0848046_0850616 avg. like is -47.2718 over 255 frames.
LOG (gmm-acc-stats-ali[5.1.60~1-b2d5d]:main():gmm-acc-stats-ali.cc:105) Processed 1150 utterances; for utterance NC22MBQ_450101_1188838_1194228 avg. like is -48.6736 over 537 frames.
LOG (gmm-acc-stats-ali[5.1.60~1-b2d5d]:main():gmm-acc-stats-ali.cc:105) Processed 1200 utterances; for utterance NC22MBQ_450101_1456933_1461443 avg. like is -40.7856 over 449 frames.
LOG (gmm-acc-stats-ali[5.1.60~1-b2d5d]:main():gmm-acc-stats-ali.cc:105) Processed 1250 utterances; for utterance NC22MBQ_450101_1901872_1904150 avg. like is -50.6504 over 226 frames.
LOG (gmm-acc-stats-ali[5.1.60~1-b2d5d]:main():gmm-acc-stats-ali.cc:105) Processed 1300 utterances; for utterance NC23FBP_0101_0524987_0534957 avg. like is -48.9521 over 995 frames.
LOG (gmm-acc-stats-ali[5.1.60~1-b2d5d]:main():gmm-acc-stats-ali.cc:105) Processed 1350 utterances; for utterance NC23FBP_0101_1293927_1296777 avg. like is -50.142 over 283 frames.
LOG (gmm-acc-stats-ali[5.1.60~1-b2d5d]:main():gmm-acc-stats-ali.cc:105) Processed 1400 utterances; for utterance NC23FBP_0101_1976397_1979617 avg. like is -53.7604 over 320 frames.
LOG (gmm-acc-stats-ali[5.1.60~1-b2d5d]:main():gmm-acc-stats-ali.cc:105) Processed 1450 utterances; for utterance NC23FBP_0101_2661597_2664117 avg. like is -53.8792 over 250 frames.
LOG (gmm-acc-stats-ali[5.1.60~1-b2d5d]:main():gmm-acc-stats-ali.cc:105) Processed 1500 utterances; for utterance NC23FBP_0101_3511694_3515074 avg. like is -50.6755 over 336 frames.
LOG (gmm-acc-stats-ali[5.1.60~1-b2d5d]:main():gmm-acc-stats-ali.cc:105) Processed 1550 utterances; for utterance NC24FBQ_0101_0365260_0366480 avg. like is -51.0669 over 120 frames.
LOG (gmm-acc-stats-ali[5.1.60~1-b2d5d]:main():gmm-acc-stats-ali.cc:105) Processed 1600 utterances; for utterance NC24FBQ_0101_0784610_0785770 avg. like is -51.3299 over 114 frames.
LOG (gmm-acc-stats-ali[5.1.60~1-b2d5d]:main():gmm-acc-stats-ali.cc:105) Processed 1650 utterances; for utterance NC24FBQ_0101_1086574_1087934 avg. like is -45.9899 over 134 frames.
LOG (gmm-acc-stats-ali[5.1.60~1-b2d5d]:main():gmm-acc-stats-ali.cc:105) Processed 1700 utterances; for utterance NC24FBQ_0101_1507234_1515144 avg. like is -52.731 over 789 frames.
LOG (gmm-acc-stats-ali[5.1.60~1-b2d5d]:main():gmm-acc-stats-ali.cc:105) Processed 1750 utterances; for utterance NC24FBQ_0101_1876844_1880574 avg. like is -50.4562 over 371 frames.
WARNING (gmm-acc-stats-ali[5.1.60~1-b2d5d]:main():gmm-acc-stats-ali.cc:79) No alignment for utterance NC24FBQ_0101_1992344_1996534
LOG (gmm-acc-stats-ali[5.1.60~1-b2d5d]:main():gmm-acc-stats-ali.cc:105) Processed 1800 utterances; for utterance NC24FBQ_0101_2314830_2317010 avg. like is -51.8413 over 216 frames.
LOG (gmm-acc-stats-ali[5.1.60~1-b2d5d]:main():gmm-acc-stats-ali.cc:105) Processed 1850 utterances; for utterance NC24FBQ_0101_2768270_2769770 avg. like is -46.9405 over 148 frames.
LOG (gmm-acc-stats-ali[5.1.60~1-b2d5d]:main():gmm-acc-stats-ali.cc:105) Processed 1900 utterances; for utterance NC24FBQ_0101_3196860_3199200 avg. like is -59.7564 over 232 frames.
LOG (apply-cmvn[5.1.60~1-b2d5d]:main():apply-cmvn.cc:146) Applied cepstral mean normalization to 1943 utterances, errors on 0
LOG (transform-feats[5.1.60~1-b2d5d]:main():transform-feats.cc:158) Overall average [pseudo-]logdet is -91.9256 over 537229 frames.
LOG (transform-feats[5.1.60~1-b2d5d]:main():transform-feats.cc:161) Applied transform to 1943 utterances; 0 had errors.
LOG (gmm-acc-stats-ali[5.1.60~1-b2d5d]:main():gmm-acc-stats-ali.cc:112) Done 1942 files, 1 with errors.
LOG (gmm-acc-stats-ali[5.1.60~1-b2d5d]:main():gmm-acc-stats-ali.cc:115) Overall avg like per frame (Gaussian only) = -49.7107 over 536812 frames.
LOG (gmm-acc-stats-ali[5.1.60~1-b2d5d]:main():gmm-acc-stats-ali.cc:123) Written accs.
# Accounting: time=6 threads=1
# Ended (code 0) at Sat Apr 22 03:48:23 UTC 2017, elapsed time 6 seconds
