# gmm-align-compiled --transition-scale=1.0 --acoustic-scale=0.1 --self-loop-scale=0.1 --beam=10 --retry-beam=40 --careful=false "gmm-boost-silence --boost=1.0 1 exp/tri22/10.mdl - |" "ark:gunzip -c exp/tri22/fsts.5.gz|" "ark,s,cs:apply-cmvn  --utt2spk=ark:data/train/split16/5/utt2spk scp:data/train/split16/5/cmvn.scp scp:data/train/split16/5/feats.scp ark:- | splice-feats --left-context=3 --right-context=3 ark:- ark:- | transform-feats exp/tri22/6.mat ark:- ark:- |" "ark:|gzip -c >exp/tri22/ali.5.gz" 
# Started at Sat Apr 22 03:39:40 UTC 2017
#
gmm-align-compiled --transition-scale=1.0 --acoustic-scale=0.1 --self-loop-scale=0.1 --beam=10 --retry-beam=40 --careful=false 'gmm-boost-silence --boost=1.0 1 exp/tri22/10.mdl - |' 'ark:gunzip -c exp/tri22/fsts.5.gz|' 'ark,s,cs:apply-cmvn  --utt2spk=ark:data/train/split16/5/utt2spk scp:data/train/split16/5/cmvn.scp scp:data/train/split16/5/feats.scp ark:- | splice-feats --left-context=3 --right-context=3 ark:- ark:- | transform-feats exp/tri22/6.mat ark:- ark:- |' 'ark:|gzip -c >exp/tri22/ali.5.gz' 
gmm-boost-silence --boost=1.0 1 exp/tri22/10.mdl - 
WARNING (gmm-boost-silence[5.1.60~1-b2d5d]:main():gmm-boost-silence.cc:82) The pdfs for the silence phones may be shared by other phones (note: this probably does not matter.)
LOG (gmm-boost-silence[5.1.60~1-b2d5d]:main():gmm-boost-silence.cc:93) Boosted weights for 5 pdfs, by factor of 1
LOG (gmm-boost-silence[5.1.60~1-b2d5d]:main():gmm-boost-silence.cc:103) Wrote model to -
splice-feats --left-context=3 --right-context=3 ark:- ark:- 
apply-cmvn --utt2spk=ark:data/train/split16/5/utt2spk scp:data/train/split16/5/cmvn.scp scp:data/train/split16/5/feats.scp ark:- 
transform-feats exp/tri22/6.mat ark:- ark:- 
WARNING (gmm-align-compiled[5.1.60~1-b2d5d]:AlignUtteranceWrapper():decoder-wrappers.cc:466) Retrying utterance NC43FBQ_250101_0391240_0394950 with beam 40
WARNING (gmm-align-compiled[5.1.60~1-b2d5d]:AlignUtteranceWrapper():decoder-wrappers.cc:466) Retrying utterance NC43FBQ_250101_0923880_0927990 with beam 40
WARNING (gmm-align-compiled[5.1.60~1-b2d5d]:AlignUtteranceWrapper():decoder-wrappers.cc:466) Retrying utterance NC43FBQ_250101_1231410_1234250 with beam 40
WARNING (gmm-align-compiled[5.1.60~1-b2d5d]:AlignUtteranceWrapper():decoder-wrappers.cc:466) Retrying utterance NC43FBQ_250101_1534570_1542580 with beam 40
WARNING (gmm-align-compiled[5.1.60~1-b2d5d]:AlignUtteranceWrapper():decoder-wrappers.cc:466) Retrying utterance NC43FBQ_250101_1567430_1571740 with beam 40
WARNING (gmm-align-compiled[5.1.60~1-b2d5d]:AlignUtteranceWrapper():decoder-wrappers.cc:466) Retrying utterance NC43FBQ_250101_1625850_1629420 with beam 40
WARNING (gmm-align-compiled[5.1.60~1-b2d5d]:AlignUtteranceWrapper():decoder-wrappers.cc:466) Retrying utterance NC43FBQ_250101_1661690_1667640 with beam 40
WARNING (gmm-align-compiled[5.1.60~1-b2d5d]:AlignUtteranceWrapper():decoder-wrappers.cc:466) Retrying utterance NC43FBQ_250101_1849900_1857570 with beam 40
WARNING (gmm-align-compiled[5.1.60~1-b2d5d]:AlignUtteranceWrapper():decoder-wrappers.cc:466) Retrying utterance NC43FBQ_250101_1876560_1881250 with beam 40
WARNING (gmm-align-compiled[5.1.60~1-b2d5d]:AlignUtteranceWrapper():decoder-wrappers.cc:466) Retrying utterance NC43FBQ_250101_1992860_1997400 with beam 40
WARNING (gmm-align-compiled[5.1.60~1-b2d5d]:AlignUtteranceWrapper():decoder-wrappers.cc:466) Retrying utterance NC43FBQ_250101_2318770_2321650 with beam 40
WARNING (gmm-align-compiled[5.1.60~1-b2d5d]:AlignUtteranceWrapper():decoder-wrappers.cc:466) Retrying utterance NC43FBQ_250101_2433930_2437220 with beam 40
WARNING (gmm-align-compiled[5.1.60~1-b2d5d]:AlignUtteranceWrapper():decoder-wrappers.cc:466) Retrying utterance NC43FBQ_250101_2441840_2448510 with beam 40
WARNING (gmm-align-compiled[5.1.60~1-b2d5d]:AlignUtteranceWrapper():decoder-wrappers.cc:466) Retrying utterance NC43FBQ_250101_2719467_2722707 with beam 40
WARNING (gmm-align-compiled[5.1.60~1-b2d5d]:AlignUtteranceWrapper():decoder-wrappers.cc:466) Retrying utterance NC43FBQ_250101_2723637_2735517 with beam 40
WARNING (gmm-align-compiled[5.1.60~1-b2d5d]:AlignUtteranceWrapper():decoder-wrappers.cc:466) Retrying utterance NC43FBQ_250101_2828637_2837517 with beam 40
WARNING (gmm-align-compiled[5.1.60~1-b2d5d]:AlignUtteranceWrapper():decoder-wrappers.cc:466) Retrying utterance NC43FBQ_250101_3331797_3334797 with beam 40
WARNING (gmm-align-compiled[5.1.60~1-b2d5d]:AlignUtteranceWrapper():decoder-wrappers.cc:466) Retrying utterance NC43FBQ_250101_3584047_3592517 with beam 40
WARNING (gmm-align-compiled[5.1.60~1-b2d5d]:AlignUtteranceWrapper():decoder-wrappers.cc:466) Retrying utterance NC43FBQ_330101_0098290_0101190 with beam 40
WARNING (gmm-align-compiled[5.1.60~1-b2d5d]:AlignUtteranceWrapper():decoder-wrappers.cc:466) Retrying utterance NC43FBQ_330101_0528537_0529977 with beam 40
WARNING (gmm-align-compiled[5.1.60~1-b2d5d]:AlignUtteranceWrapper():decoder-wrappers.cc:466) Retrying utterance NC43FBQ_330101_0643157_0644687 with beam 40
WARNING (gmm-align-compiled[5.1.60~1-b2d5d]:AlignUtteranceWrapper():decoder-wrappers.cc:466) Retrying utterance NC43FBQ_330101_0654787_0656437 with beam 40
WARNING (gmm-align-compiled[5.1.60~1-b2d5d]:AlignUtteranceWrapper():decoder-wrappers.cc:466) Retrying utterance NC43FBQ_330101_0669627_0670467 with beam 40
WARNING (gmm-align-compiled[5.1.60~1-b2d5d]:AlignUtteranceWrapper():decoder-wrappers.cc:466) Retrying utterance NC43FBQ_330101_0805294_0807794 with beam 40
WARNING (gmm-align-compiled[5.1.60~1-b2d5d]:AlignUtteranceWrapper():decoder-wrappers.cc:466) Retrying utterance NC43FBQ_330101_0921595_0923685 with beam 40
WARNING (gmm-align-compiled[5.1.60~1-b2d5d]:AlignUtteranceWrapper():decoder-wrappers.cc:466) Retrying utterance NC43FBQ_330101_0926445_0929515 with beam 40
WARNING (gmm-align-compiled[5.1.60~1-b2d5d]:AlignUtteranceWrapper():decoder-wrappers.cc:466) Retrying utterance NC43FBQ_330101_0932273_0938133 with beam 40
WARNING (gmm-align-compiled[5.1.60~1-b2d5d]:AlignUtteranceWrapper():decoder-wrappers.cc:475) Did not successfully decode file NC43FBQ_330101_0932273_0938133, len = 584
WARNING (gmm-align-compiled[5.1.60~1-b2d5d]:AlignUtteranceWrapper():decoder-wrappers.cc:466) Retrying utterance NC43FBQ_330101_0938573_0941273 with beam 40
WARNING (gmm-align-compiled[5.1.60~1-b2d5d]:AlignUtteranceWrapper():decoder-wrappers.cc:475) Did not successfully decode file NC43FBQ_330101_0938573_0941273, len = 268
WARNING (gmm-align-compiled[5.1.60~1-b2d5d]:AlignUtteranceWrapper():decoder-wrappers.cc:466) Retrying utterance NC43FBQ_330101_0959783_0960740 with beam 40
WARNING (gmm-align-compiled[5.1.60~1-b2d5d]:AlignUtteranceWrapper():decoder-wrappers.cc:466) Retrying utterance NC43FBQ_330101_0965980_0967850 with beam 40
WARNING (gmm-align-compiled[5.1.60~1-b2d5d]:AlignUtteranceWrapper():decoder-wrappers.cc:466) Retrying utterance NC43FBQ_330101_0971270_0972770 with beam 40
WARNING (gmm-align-compiled[5.1.60~1-b2d5d]:AlignUtteranceWrapper():decoder-wrappers.cc:466) Retrying utterance NC43FBQ_330101_0975180_0977020 with beam 40
WARNING (gmm-align-compiled[5.1.60~1-b2d5d]:AlignUtteranceWrapper():decoder-wrappers.cc:466) Retrying utterance NC43FBQ_330101_0977740_0979390 with beam 40
WARNING (gmm-align-compiled[5.1.60~1-b2d5d]:AlignUtteranceWrapper():decoder-wrappers.cc:466) Retrying utterance NC43FBQ_330101_1012196_1015136 with beam 40
WARNING (gmm-align-compiled[5.1.60~1-b2d5d]:AlignUtteranceWrapper():decoder-wrappers.cc:466) Retrying utterance NC43FBQ_330101_1024776_1030436 with beam 40
WARNING (gmm-align-compiled[5.1.60~1-b2d5d]:AlignUtteranceWrapper():decoder-wrappers.cc:466) Retrying utterance NC43FBQ_330101_1119591_1122471 with beam 40
WARNING (gmm-align-compiled[5.1.60~1-b2d5d]:AlignUtteranceWrapper():decoder-wrappers.cc:466) Retrying utterance NC43FBQ_330101_1333966_1336486 with beam 40
WARNING (gmm-align-compiled[5.1.60~1-b2d5d]:AlignUtteranceWrapper():decoder-wrappers.cc:466) Retrying utterance NC43FBQ_330101_1392081_1395401 with beam 40
WARNING (gmm-align-compiled[5.1.60~1-b2d5d]:AlignUtteranceWrapper():decoder-wrappers.cc:466) Retrying utterance NC43FBQ_330101_1395611_1396981 with beam 40
WARNING (gmm-align-compiled[5.1.60~1-b2d5d]:AlignUtteranceWrapper():decoder-wrappers.cc:466) Retrying utterance NC43FBQ_330101_1408725_1410275 with beam 40
WARNING (gmm-align-compiled[5.1.60~1-b2d5d]:AlignUtteranceWrapper():decoder-wrappers.cc:466) Retrying utterance NC43FBQ_330101_1448291_1449300 with beam 40
WARNING (gmm-align-compiled[5.1.60~1-b2d5d]:AlignUtteranceWrapper():decoder-wrappers.cc:466) Retrying utterance NC43FBQ_330101_1484403_1486923 with beam 40
WARNING (gmm-align-compiled[5.1.60~1-b2d5d]:AlignUtteranceWrapper():decoder-wrappers.cc:466) Retrying utterance NC43FBQ_330101_1513346_1515336 with beam 40
WARNING (gmm-align-compiled[5.1.60~1-b2d5d]:AlignUtteranceWrapper():decoder-wrappers.cc:466) Retrying utterance NC43FBQ_330101_1607411_1609011 with beam 40
WARNING (gmm-align-compiled[5.1.60~1-b2d5d]:AlignUtteranceWrapper():decoder-wrappers.cc:466) Retrying utterance NC43FBQ_330101_1693412_1696482 with beam 40
WARNING (gmm-align-compiled[5.1.60~1-b2d5d]:AlignUtteranceWrapper():decoder-wrappers.cc:466) Retrying utterance NC43FBQ_330101_1709562_1716012 with beam 40
WARNING (gmm-align-compiled[5.1.60~1-b2d5d]:AlignUtteranceWrapper():decoder-wrappers.cc:466) Retrying utterance NC43FBQ_330101_1836022_1838342 with beam 40
WARNING (gmm-align-compiled[5.1.60~1-b2d5d]:AlignUtteranceWrapper():decoder-wrappers.cc:466) Retrying utterance NC43FBQ_330101_1907794_1912954 with beam 40
WARNING (gmm-align-compiled[5.1.60~1-b2d5d]:AlignUtteranceWrapper():decoder-wrappers.cc:466) Retrying utterance NC43FBQ_330101_1953532_1956510 with beam 40
WARNING (gmm-align-compiled[5.1.60~1-b2d5d]:AlignUtteranceWrapper():decoder-wrappers.cc:466) Retrying utterance NC43FBQ_330101_1965372_1967652 with beam 40
WARNING (gmm-align-compiled[5.1.60~1-b2d5d]:AlignUtteranceWrapper():decoder-wrappers.cc:466) Retrying utterance NC43FBQ_330101_2060942_2063632 with beam 40
WARNING (gmm-align-compiled[5.1.60~1-b2d5d]:AlignUtteranceWrapper():decoder-wrappers.cc:466) Retrying utterance NC43FBQ_330101_2092873_2095233 with beam 40
WARNING (gmm-align-compiled[5.1.60~1-b2d5d]:AlignUtteranceWrapper():decoder-wrappers.cc:466) Retrying utterance NC43FBQ_330101_2099543_2104213 with beam 40
WARNING (gmm-align-compiled[5.1.60~1-b2d5d]:AlignUtteranceWrapper():decoder-wrappers.cc:475) Did not successfully decode file NC43FBQ_330101_2099543_2104213, len = 465
WARNING (gmm-align-compiled[5.1.60~1-b2d5d]:AlignUtteranceWrapper():decoder-wrappers.cc:466) Retrying utterance NC43FBQ_330101_2132073_2133473 with beam 40
WARNING (gmm-align-compiled[5.1.60~1-b2d5d]:AlignUtteranceWrapper():decoder-wrappers.cc:466) Retrying utterance NC43FBQ_330101_2135293_2137693 with beam 40
WARNING (gmm-align-compiled[5.1.60~1-b2d5d]:AlignUtteranceWrapper():decoder-wrappers.cc:466) Retrying utterance NC43FBQ_330101_2221023_2223383 with beam 40
WARNING (gmm-align-compiled[5.1.60~1-b2d5d]:AlignUtteranceWrapper():decoder-wrappers.cc:466) Retrying utterance NC43FBQ_330101_2223963_2230523 with beam 40
WARNING (gmm-align-compiled[5.1.60~1-b2d5d]:AlignUtteranceWrapper():decoder-wrappers.cc:466) Retrying utterance NC43FBQ_330101_2240933_2242673 with beam 40
WARNING (gmm-align-compiled[5.1.60~1-b2d5d]:AlignUtteranceWrapper():decoder-wrappers.cc:466) Retrying utterance NC43FBQ_330101_2341537_2344967 with beam 40
WARNING (gmm-align-compiled[5.1.60~1-b2d5d]:AlignUtteranceWrapper():decoder-wrappers.cc:466) Retrying utterance NC43FBQ_330101_2433814_2434814 with beam 40
WARNING (gmm-align-compiled[5.1.60~1-b2d5d]:AlignUtteranceWrapper():decoder-wrappers.cc:466) Retrying utterance NC43FBQ_330101_2443254_2445784 with beam 40
WARNING (gmm-align-compiled[5.1.60~1-b2d5d]:AlignUtteranceWrapper():decoder-wrappers.cc:466) Retrying utterance NC43FBQ_330101_2460461_2464251 with beam 40
WARNING (gmm-align-compiled[5.1.60~1-b2d5d]:AlignUtteranceWrapper():decoder-wrappers.cc:466) Retrying utterance NC43FBQ_330101_2473361_2476821 with beam 40
WARNING (gmm-align-compiled[5.1.60~1-b2d5d]:AlignUtteranceWrapper():decoder-wrappers.cc:466) Retrying utterance NC43FBQ_330101_2496031_2501361 with beam 40
WARNING (gmm-align-compiled[5.1.60~1-b2d5d]:AlignUtteranceWrapper():decoder-wrappers.cc:466) Retrying utterance NC43FBQ_330101_2561300_2564095 with beam 40
WARNING (gmm-align-compiled[5.1.60~1-b2d5d]:AlignUtteranceWrapper():decoder-wrappers.cc:466) Retrying utterance NC43FBQ_330101_2666601_2672241 with beam 40
WARNING (gmm-align-compiled[5.1.60~1-b2d5d]:AlignUtteranceWrapper():decoder-wrappers.cc:466) Retrying utterance NC43FBQ_330101_2791781_2795961 with beam 40
WARNING (gmm-align-compiled[5.1.60~1-b2d5d]:AlignUtteranceWrapper():decoder-wrappers.cc:466) Retrying utterance NC43FBQ_330101_2800671_2802261 with beam 40
WARNING (gmm-align-compiled[5.1.60~1-b2d5d]:AlignUtteranceWrapper():decoder-wrappers.cc:466) Retrying utterance NC43FBQ_330101_2905376_2906606 with beam 40
WARNING (gmm-align-compiled[5.1.60~1-b2d5d]:AlignUtteranceWrapper():decoder-wrappers.cc:466) Retrying utterance NC43FBQ_330101_2946436_2954786 with beam 40
WARNING (gmm-align-compiled[5.1.60~1-b2d5d]:AlignUtteranceWrapper():decoder-wrappers.cc:466) Retrying utterance NC43FBQ_330101_3058637_3060437 with beam 40
WARNING (gmm-align-compiled[5.1.60~1-b2d5d]:AlignUtteranceWrapper():decoder-wrappers.cc:466) Retrying utterance NC43FBQ_330101_3061857_3065007 with beam 40
WARNING (gmm-align-compiled[5.1.60~1-b2d5d]:AlignUtteranceWrapper():decoder-wrappers.cc:466) Retrying utterance NC43FBQ_330101_3162623_3164673 with beam 40
WARNING (gmm-align-compiled[5.1.60~1-b2d5d]:AlignUtteranceWrapper():decoder-wrappers.cc:466) Retrying utterance NC43FBQ_330101_3200370_3203243 with beam 40
WARNING (gmm-align-compiled[5.1.60~1-b2d5d]:AlignUtteranceWrapper():decoder-wrappers.cc:466) Retrying utterance NC43FBQ_330101_3253171_3255830 with beam 40
WARNING (gmm-align-compiled[5.1.60~1-b2d5d]:AlignUtteranceWrapper():decoder-wrappers.cc:466) Retrying utterance NC43FBQ_330101_3287981_3289491 with beam 40
WARNING (gmm-align-compiled[5.1.60~1-b2d5d]:AlignUtteranceWrapper():decoder-wrappers.cc:466) Retrying utterance NC43FBQ_330101_3345161_3347981 with beam 40
WARNING (gmm-align-compiled[5.1.60~1-b2d5d]:AlignUtteranceWrapper():decoder-wrappers.cc:466) Retrying utterance NC43FBQ_330101_3409319_3411819 with beam 40
WARNING (gmm-align-compiled[5.1.60~1-b2d5d]:AlignUtteranceWrapper():decoder-wrappers.cc:466) Retrying utterance NC43FBQ_330101_3412039_3414199 with beam 40
WARNING (gmm-align-compiled[5.1.60~1-b2d5d]:AlignUtteranceWrapper():decoder-wrappers.cc:466) Retrying utterance NC43FBQ_330101_3477280_3483504 with beam 40
WARNING (gmm-align-compiled[5.1.60~1-b2d5d]:AlignUtteranceWrapper():decoder-wrappers.cc:466) Retrying utterance NC43FBQ_330101_3504940_3508820 with beam 40
WARNING (gmm-align-compiled[5.1.60~1-b2d5d]:AlignUtteranceWrapper():decoder-wrappers.cc:466) Retrying utterance NC43FBQ_330101_3543440_3546550 with beam 40
WARNING (gmm-align-compiled[5.1.60~1-b2d5d]:AlignUtteranceWrapper():decoder-wrappers.cc:466) Retrying utterance NC43FBQ_330101_3592481_3594460 with beam 40
WARNING (gmm-align-compiled[5.1.60~1-b2d5d]:AlignUtteranceWrapper():decoder-wrappers.cc:466) Retrying utterance NC44MBQ_220101_0371270_0373350 with beam 40
WARNING (gmm-align-compiled[5.1.60~1-b2d5d]:AlignUtteranceWrapper():decoder-wrappers.cc:466) Retrying utterance NC44MBQ_220101_1304690_1307300 with beam 40
WARNING (gmm-align-compiled[5.1.60~1-b2d5d]:AlignUtteranceWrapper():decoder-wrappers.cc:466) Retrying utterance NC44MBQ_220101_1948760_1952369 with beam 40
WARNING (gmm-align-compiled[5.1.60~1-b2d5d]:AlignUtteranceWrapper():decoder-wrappers.cc:466) Retrying utterance NC44MBQ_220101_2136709_2139109 with beam 40
WARNING (gmm-align-compiled[5.1.60~1-b2d5d]:AlignUtteranceWrapper():decoder-wrappers.cc:466) Retrying utterance NC44MBQ_220101_2185070_2188960 with beam 40
WARNING (gmm-align-compiled[5.1.60~1-b2d5d]:AlignUtteranceWrapper():decoder-wrappers.cc:466) Retrying utterance NC44MBQ_220101_2643580_2650456 with beam 40
WARNING (gmm-align-compiled[5.1.60~1-b2d5d]:AlignUtteranceWrapper():decoder-wrappers.cc:466) Retrying utterance NC44MBQ_440101_0465709_0468049 with beam 40
WARNING (gmm-align-compiled[5.1.60~1-b2d5d]:AlignUtteranceWrapper():decoder-wrappers.cc:466) Retrying utterance NC44MBQ_440101_0548020_0553650 with beam 40
WARNING (gmm-align-compiled[5.1.60~1-b2d5d]:AlignUtteranceWrapper():decoder-wrappers.cc:466) Retrying utterance NC44MBQ_440101_0713491_0716311 with beam 40
WARNING (gmm-align-compiled[5.1.60~1-b2d5d]:AlignUtteranceWrapper():decoder-wrappers.cc:466) Retrying utterance NC44MBQ_440101_0789951_0792091 with beam 40
WARNING (gmm-align-compiled[5.1.60~1-b2d5d]:AlignUtteranceWrapper():decoder-wrappers.cc:466) Retrying utterance NC44MBQ_440101_1520399_1522189 with beam 40
WARNING (gmm-align-compiled[5.1.60~1-b2d5d]:AlignUtteranceWrapper():decoder-wrappers.cc:466) Retrying utterance NC44MBQ_440101_1523809_1525319 with beam 40
WARNING (gmm-align-compiled[5.1.60~1-b2d5d]:AlignUtteranceWrapper():decoder-wrappers.cc:466) Retrying utterance NC44MBQ_440101_1541349_1543599 with beam 40
WARNING (gmm-align-compiled[5.1.60~1-b2d5d]:AlignUtteranceWrapper():decoder-wrappers.cc:466) Retrying utterance NC44MBQ_440101_1568139_1572509 with beam 40
WARNING (gmm-align-compiled[5.1.60~1-b2d5d]:AlignUtteranceWrapper():decoder-wrappers.cc:466) Retrying utterance NC44MBQ_440101_1609432_1614502 with beam 40
WARNING (gmm-align-compiled[5.1.60~1-b2d5d]:AlignUtteranceWrapper():decoder-wrappers.cc:466) Retrying utterance NC44MBQ_440101_1614772_1617712 with beam 40
WARNING (gmm-align-compiled[5.1.60~1-b2d5d]:AlignUtteranceWrapper():decoder-wrappers.cc:466) Retrying utterance NC44MBQ_440101_1618182_1620592 with beam 40
WARNING (gmm-align-compiled[5.1.60~1-b2d5d]:AlignUtteranceWrapper():decoder-wrappers.cc:466) Retrying utterance NC44MBQ_440101_2392266_2394336 with beam 40
WARNING (gmm-align-compiled[5.1.60~1-b2d5d]:AlignUtteranceWrapper():decoder-wrappers.cc:466) Retrying utterance NC44MBQ_440101_2438331_2440031 with beam 40
WARNING (gmm-align-compiled[5.1.60~1-b2d5d]:AlignUtteranceWrapper():decoder-wrappers.cc:466) Retrying utterance NC44MBQ_440101_2470453_2473503 with beam 40
WARNING (gmm-align-compiled[5.1.60~1-b2d5d]:AlignUtteranceWrapper():decoder-wrappers.cc:466) Retrying utterance NC44MBQ_440101_2668155_2672615 with beam 40
WARNING (gmm-align-compiled[5.1.60~1-b2d5d]:AlignUtteranceWrapper():decoder-wrappers.cc:466) Retrying utterance NC44MBQ_440101_2712965_2718755 with beam 40
WARNING (gmm-align-compiled[5.1.60~1-b2d5d]:AlignUtteranceWrapper():decoder-wrappers.cc:466) Retrying utterance NC44MBQ_440101_2805109_2810859 with beam 40
WARNING (gmm-align-compiled[5.1.60~1-b2d5d]:AlignUtteranceWrapper():decoder-wrappers.cc:466) Retrying utterance NC44MBQ_440101_2813759_2817839 with beam 40
WARNING (gmm-align-compiled[5.1.60~1-b2d5d]:AlignUtteranceWrapper():decoder-wrappers.cc:466) Retrying utterance NC44MBQ_440101_3039351_3046040 with beam 40
WARNING (gmm-align-compiled[5.1.60~1-b2d5d]:AlignUtteranceWrapper():decoder-wrappers.cc:466) Retrying utterance NC44MBQ_440101_3107741_3110811 with beam 40
WARNING (gmm-align-compiled[5.1.60~1-b2d5d]:AlignUtteranceWrapper():decoder-wrappers.cc:466) Retrying utterance NC44MBQ_440101_3126971_3129281 with beam 40
WARNING (gmm-align-compiled[5.1.60~1-b2d5d]:AlignUtteranceWrapper():decoder-wrappers.cc:466) Retrying utterance NC44MBQ_440101_3158991_3162731 with beam 40
WARNING (gmm-align-compiled[5.1.60~1-b2d5d]:AlignUtteranceWrapper():decoder-wrappers.cc:466) Retrying utterance NC44MBQ_440101_3179741_3183441 with beam 40
WARNING (gmm-align-compiled[5.1.60~1-b2d5d]:AlignUtteranceWrapper():decoder-wrappers.cc:466) Retrying utterance NC44MBQ_440101_3287001_3289261 with beam 40
WARNING (gmm-align-compiled[5.1.60~1-b2d5d]:AlignUtteranceWrapper():decoder-wrappers.cc:466) Retrying utterance NC44MBQ_440101_3390303_3392333 with beam 40
WARNING (gmm-align-compiled[5.1.60~1-b2d5d]:AlignUtteranceWrapper():decoder-wrappers.cc:466) Retrying utterance NC45MBP_240101_2507790_2512750 with beam 40
WARNING (gmm-align-compiled[5.1.60~1-b2d5d]:AlignUtteranceWrapper():decoder-wrappers.cc:466) Retrying utterance NC45MBP_370101_3298881_3307481 with beam 40
WARNING (gmm-align-compiled[5.1.60~1-b2d5d]:AlignUtteranceWrapper():decoder-wrappers.cc:466) Retrying utterance NC47MBQ_0101_1588456_1592616 with beam 40
WARNING (gmm-align-compiled[5.1.60~1-b2d5d]:AlignUtteranceWrapper():decoder-wrappers.cc:466) Retrying utterance NC47MBQ_0101_1598156_1604446 with beam 40
WARNING (gmm-align-compiled[5.1.60~1-b2d5d]:AlignUtteranceWrapper():decoder-wrappers.cc:466) Retrying utterance NC47MBQ_0101_1694976_1698806 with beam 40
WARNING (gmm-align-compiled[5.1.60~1-b2d5d]:AlignUtteranceWrapper():decoder-wrappers.cc:466) Retrying utterance NC47MBQ_0101_2026697_2032107 with beam 40
WARNING (gmm-align-compiled[5.1.60~1-b2d5d]:AlignUtteranceWrapper():decoder-wrappers.cc:466) Retrying utterance NC47MBQ_0101_2159089_2163709 with beam 40
WARNING (gmm-align-compiled[5.1.60~1-b2d5d]:AlignUtteranceWrapper():decoder-wrappers.cc:466) Retrying utterance NC47MBQ_0101_2771397_2777717 with beam 40
WARNING (gmm-align-compiled[5.1.60~1-b2d5d]:AlignUtteranceWrapper():decoder-wrappers.cc:466) Retrying utterance NC47MBQ_0101_2777787_2785327 with beam 40
WARNING (gmm-align-compiled[5.1.60~1-b2d5d]:AlignUtteranceWrapper():decoder-wrappers.cc:466) Retrying utterance NC48FBP_260101_0027541_0030241 with beam 40
WARNING (gmm-align-compiled[5.1.60~1-b2d5d]:AlignUtteranceWrapper():decoder-wrappers.cc:466) Retrying utterance NC48FBP_260101_0034881_0037781 with beam 40
WARNING (gmm-align-compiled[5.1.60~1-b2d5d]:AlignUtteranceWrapper():decoder-wrappers.cc:466) Retrying utterance NC48FBP_260101_0111172_0113872 with beam 40
WARNING (gmm-align-compiled[5.1.60~1-b2d5d]:AlignUtteranceWrapper():decoder-wrappers.cc:466) Retrying utterance NC48FBP_260101_0171293_0173013 with beam 40
WARNING (gmm-align-compiled[5.1.60~1-b2d5d]:AlignUtteranceWrapper():decoder-wrappers.cc:466) Retrying utterance NC48FBP_260101_0176613_0178993 with beam 40
WARNING (gmm-align-compiled[5.1.60~1-b2d5d]:AlignUtteranceWrapper():decoder-wrappers.cc:466) Retrying utterance NC48FBP_260101_0193133_0196633 with beam 40
WARNING (gmm-align-compiled[5.1.60~1-b2d5d]:AlignUtteranceWrapper():decoder-wrappers.cc:466) Retrying utterance NC48FBP_260101_0228925_0230065 with beam 40
WARNING (gmm-align-compiled[5.1.60~1-b2d5d]:AlignUtteranceWrapper():decoder-wrappers.cc:466) Retrying utterance NC48FBP_260101_0249860_0253420 with beam 40
WARNING (gmm-align-compiled[5.1.60~1-b2d5d]:AlignUtteranceWrapper():decoder-wrappers.cc:466) Retrying utterance NC48FBP_260101_0285625_0286565 with beam 40
WARNING (gmm-align-compiled[5.1.60~1-b2d5d]:AlignUtteranceWrapper():decoder-wrappers.cc:466) Retrying utterance NC48FBP_260101_0353159_0355910 with beam 40
WARNING (gmm-align-compiled[5.1.60~1-b2d5d]:AlignUtteranceWrapper():decoder-wrappers.cc:475) Did not successfully decode file NC48FBP_260101_0353159_0355910, len = 273
WARNING (gmm-align-compiled[5.1.60~1-b2d5d]:AlignUtteranceWrapper():decoder-wrappers.cc:466) Retrying utterance NC48FBP_260101_0357639_0362259 with beam 40
WARNING (gmm-align-compiled[5.1.60~1-b2d5d]:AlignUtteranceWrapper():decoder-wrappers.cc:466) Retrying utterance NC48FBP_260101_0369679_0374589 with beam 40
WARNING (gmm-align-compiled[5.1.60~1-b2d5d]:AlignUtteranceWrapper():decoder-wrappers.cc:466) Retrying utterance NC48FBP_260101_0405584_0408804 with beam 40
WARNING (gmm-align-compiled[5.1.60~1-b2d5d]:AlignUtteranceWrapper():decoder-wrappers.cc:466) Retrying utterance NC48FBP_260101_0442564_0444864 with beam 40
WARNING (gmm-align-compiled[5.1.60~1-b2d5d]:AlignUtteranceWrapper():decoder-wrappers.cc:466) Retrying utterance NC48FBP_260101_0448104_0453224 with beam 40
WARNING (gmm-align-compiled[5.1.60~1-b2d5d]:AlignUtteranceWrapper():decoder-wrappers.cc:466) Retrying utterance NC48FBP_260101_0492427_0496067 with beam 40
WARNING (gmm-align-compiled[5.1.60~1-b2d5d]:AlignUtteranceWrapper():decoder-wrappers.cc:466) Retrying utterance NC48FBP_260101_0619515_0625125 with beam 40
WARNING (gmm-align-compiled[5.1.60~1-b2d5d]:AlignUtteranceWrapper():decoder-wrappers.cc:466) Retrying utterance NC48FBP_260101_0637715_0641395 with beam 40
WARNING (gmm-align-compiled[5.1.60~1-b2d5d]:AlignUtteranceWrapper():decoder-wrappers.cc:466) Retrying utterance NC48FBP_260101_0652095_0654315 with beam 40
WARNING (gmm-align-compiled[5.1.60~1-b2d5d]:AlignUtteranceWrapper():decoder-wrappers.cc:466) Retrying utterance NC48FBP_260101_0673825_0675940 with beam 40
WARNING (gmm-align-compiled[5.1.60~1-b2d5d]:AlignUtteranceWrapper():decoder-wrappers.cc:466) Retrying utterance NC48FBP_260101_0688390_0690910 with beam 40
WARNING (gmm-align-compiled[5.1.60~1-b2d5d]:AlignUtteranceWrapper():decoder-wrappers.cc:466) Retrying utterance NC48FBP_260101_0692140_0694850 with beam 40
WARNING (gmm-align-compiled[5.1.60~1-b2d5d]:AlignUtteranceWrapper():decoder-wrappers.cc:466) Retrying utterance NC48FBP_260101_0706192_0710142 with beam 40
WARNING (gmm-align-compiled[5.1.60~1-b2d5d]:AlignUtteranceWrapper():decoder-wrappers.cc:466) Retrying utterance NC48FBP_260101_0747511_0751361 with beam 40
WARNING (gmm-align-compiled[5.1.60~1-b2d5d]:AlignUtteranceWrapper():decoder-wrappers.cc:466) Retrying utterance NC48FBP_260101_0752181_0757191 with beam 40
WARNING (gmm-align-compiled[5.1.60~1-b2d5d]:AlignUtteranceWrapper():decoder-wrappers.cc:475) Did not successfully decode file NC48FBP_260101_0752181_0757191, len = 499
WARNING (gmm-align-compiled[5.1.60~1-b2d5d]:AlignUtteranceWrapper():decoder-wrappers.cc:466) Retrying utterance NC48FBP_260101_0765381_0768191 with beam 40
WARNING (gmm-align-compiled[5.1.60~1-b2d5d]:AlignUtteranceWrapper():decoder-wrappers.cc:466) Retrying utterance NC48FBP_260101_0771351_0773461 with beam 40
WARNING (gmm-align-compiled[5.1.60~1-b2d5d]:AlignUtteranceWrapper():decoder-wrappers.cc:475) Did not successfully decode file NC48FBP_260101_0771351_0773461, len = 209
WARNING (gmm-align-compiled[5.1.60~1-b2d5d]:AlignUtteranceWrapper():decoder-wrappers.cc:466) Retrying utterance NC48FBP_260101_0773461_0776291 with beam 40
WARNING (gmm-align-compiled[5.1.60~1-b2d5d]:AlignUtteranceWrapper():decoder-wrappers.cc:466) Retrying utterance NC48FBP_260101_0784121_0786421 with beam 40
WARNING (gmm-align-compiled[5.1.60~1-b2d5d]:AlignUtteranceWrapper():decoder-wrappers.cc:466) Retrying utterance NC48FBP_260101_0790175_0791490 with beam 40
WARNING (gmm-align-compiled[5.1.60~1-b2d5d]:AlignUtteranceWrapper():decoder-wrappers.cc:466) Retrying utterance NC48FBP_260101_0809371_0811841 with beam 40
WARNING (gmm-align-compiled[5.1.60~1-b2d5d]:AlignUtteranceWrapper():decoder-wrappers.cc:466) Retrying utterance NC48FBP_260101_0837561_0840921 with beam 40
WARNING (gmm-align-compiled[5.1.60~1-b2d5d]:AlignUtteranceWrapper():decoder-wrappers.cc:475) Did not successfully decode file NC48FBP_260101_0837561_0840921, len = 334
WARNING (gmm-align-compiled[5.1.60~1-b2d5d]:AlignUtteranceWrapper():decoder-wrappers.cc:466) Retrying utterance NC48FBP_260101_0847843_0852820 with beam 40
WARNING (gmm-align-compiled[5.1.60~1-b2d5d]:AlignUtteranceWrapper():decoder-wrappers.cc:466) Retrying utterance NC48FBP_260101_0883940_0889520 with beam 40
WARNING (gmm-align-compiled[5.1.60~1-b2d5d]:AlignUtteranceWrapper():decoder-wrappers.cc:466) Retrying utterance NC48FBP_260101_0901069_0905079 with beam 40
WARNING (gmm-align-compiled[5.1.60~1-b2d5d]:AlignUtteranceWrapper():decoder-wrappers.cc:466) Retrying utterance NC48FBP_260101_0910389_0913799 with beam 40
WARNING (gmm-align-compiled[5.1.60~1-b2d5d]:AlignUtteranceWrapper():decoder-wrappers.cc:466) Retrying utterance NC48FBP_260101_0923839_0925769 with beam 40
WARNING (gmm-align-compiled[5.1.60~1-b2d5d]:AlignUtteranceWrapper():decoder-wrappers.cc:466) Retrying utterance NC48FBP_260101_0930189_0933359 with beam 40
WARNING (gmm-align-compiled[5.1.60~1-b2d5d]:AlignUtteranceWrapper():decoder-wrappers.cc:466) Retrying utterance NC48FBP_260101_0943177_0945987 with beam 40
WARNING (gmm-align-compiled[5.1.60~1-b2d5d]:AlignUtteranceWrapper():decoder-wrappers.cc:466) Retrying utterance NC48FBP_260101_0948967_0953767 with beam 40
WARNING (gmm-align-compiled[5.1.60~1-b2d5d]:AlignUtteranceWrapper():decoder-wrappers.cc:466) Retrying utterance NC48FBP_260101_0954057_0957177 with beam 40
WARNING (gmm-align-compiled[5.1.60~1-b2d5d]:AlignUtteranceWrapper():decoder-wrappers.cc:475) Did not successfully decode file NC48FBP_260101_0954057_0957177, len = 310
WARNING (gmm-align-compiled[5.1.60~1-b2d5d]:AlignUtteranceWrapper():decoder-wrappers.cc:466) Retrying utterance NC48FBP_260101_0960757_0966757 with beam 40
WARNING (gmm-align-compiled[5.1.60~1-b2d5d]:AlignUtteranceWrapper():decoder-wrappers.cc:475) Did not successfully decode file NC48FBP_260101_0960757_0966757, len = 598
WARNING (gmm-align-compiled[5.1.60~1-b2d5d]:AlignUtteranceWrapper():decoder-wrappers.cc:466) Retrying utterance NC48FBP_260101_0967447_0972757 with beam 40
WARNING (gmm-align-compiled[5.1.60~1-b2d5d]:AlignUtteranceWrapper():decoder-wrappers.cc:466) Retrying utterance NC48FBP_260101_0993877_0996377 with beam 40
WARNING (gmm-align-compiled[5.1.60~1-b2d5d]:AlignUtteranceWrapper():decoder-wrappers.cc:475) Did not successfully decode file NC48FBP_260101_0993877_0996377, len = 248
WARNING (gmm-align-compiled[5.1.60~1-b2d5d]:AlignUtteranceWrapper():decoder-wrappers.cc:466) Retrying utterance NC48FBP_260101_1017297_1022767 with beam 40
WARNING (gmm-align-compiled[5.1.60~1-b2d5d]:AlignUtteranceWrapper():decoder-wrappers.cc:466) Retrying utterance NC48FBP_260101_1023852_1027842 with beam 40
WARNING (gmm-align-compiled[5.1.60~1-b2d5d]:AlignUtteranceWrapper():decoder-wrappers.cc:466) Retrying utterance NC48FBP_260101_1031992_1033892 with beam 40
WARNING (gmm-align-compiled[5.1.60~1-b2d5d]:AlignUtteranceWrapper():decoder-wrappers.cc:475) Did not successfully decode file NC48FBP_260101_1031992_1033892, len = 188
WARNING (gmm-align-compiled[5.1.60~1-b2d5d]:AlignUtteranceWrapper():decoder-wrappers.cc:466) Retrying utterance NC48FBP_260101_1033902_1036152 with beam 40
WARNING (gmm-align-compiled[5.1.60~1-b2d5d]:AlignUtteranceWrapper():decoder-wrappers.cc:466) Retrying utterance NC48FBP_260101_1048393_1053933 with beam 40
WARNING (gmm-align-compiled[5.1.60~1-b2d5d]:AlignUtteranceWrapper():decoder-wrappers.cc:466) Retrying utterance NC48FBP_260101_1061363_1066763 with beam 40
WARNING (gmm-align-compiled[5.1.60~1-b2d5d]:AlignUtteranceWrapper():decoder-wrappers.cc:475) Did not successfully decode file NC48FBP_260101_1061363_1066763, len = 538
WARNING (gmm-align-compiled[5.1.60~1-b2d5d]:AlignUtteranceWrapper():decoder-wrappers.cc:466) Retrying utterance NC48FBP_260101_1134467_1138497 with beam 40
WARNING (gmm-align-compiled[5.1.60~1-b2d5d]:AlignUtteranceWrapper():decoder-wrappers.cc:466) Retrying utterance NC48FBP_260101_1176687_1180657 with beam 40
WARNING (gmm-align-compiled[5.1.60~1-b2d5d]:AlignUtteranceWrapper():decoder-wrappers.cc:466) Retrying utterance NC48FBP_260101_1182837_1187297 with beam 40
WARNING (gmm-align-compiled[5.1.60~1-b2d5d]:AlignUtteranceWrapper():decoder-wrappers.cc:475) Did not successfully decode file NC48FBP_260101_1182837_1187297, len = 444
WARNING (gmm-align-compiled[5.1.60~1-b2d5d]:AlignUtteranceWrapper():decoder-wrappers.cc:466) Retrying utterance NC48FBP_260101_1199587_1201497 with beam 40
WARNING (gmm-align-compiled[5.1.60~1-b2d5d]:AlignUtteranceWrapper():decoder-wrappers.cc:466) Retrying utterance NC48FBP_260101_1238925_1243135 with beam 40
WARNING (gmm-align-compiled[5.1.60~1-b2d5d]:AlignUtteranceWrapper():decoder-wrappers.cc:466) Retrying utterance NC48FBP_260101_1277906_1281576 with beam 40
WARNING (gmm-align-compiled[5.1.60~1-b2d5d]:AlignUtteranceWrapper():decoder-wrappers.cc:466) Retrying utterance NC48FBP_260101_1316268_1319848 with beam 40
WARNING (gmm-align-compiled[5.1.60~1-b2d5d]:AlignUtteranceWrapper():decoder-wrappers.cc:466) Retrying utterance NC48FBP_260101_1321561_1322470 with beam 40
WARNING (gmm-align-compiled[5.1.60~1-b2d5d]:AlignUtteranceWrapper():decoder-wrappers.cc:466) Retrying utterance NC48FBP_260101_1323531_1326611 with beam 40
WARNING (gmm-align-compiled[5.1.60~1-b2d5d]:AlignUtteranceWrapper():decoder-wrappers.cc:466) Retrying utterance NC48FBP_260101_1343430_1346840 with beam 40
WARNING (gmm-align-compiled[5.1.60~1-b2d5d]:AlignUtteranceWrapper():decoder-wrappers.cc:466) Retrying utterance NC48FBP_260101_1356491_1360281 with beam 40
WARNING (gmm-align-compiled[5.1.60~1-b2d5d]:AlignUtteranceWrapper():decoder-wrappers.cc:466) Retrying utterance NC48FBP_260101_1396545_1398955 with beam 40
WARNING (gmm-align-compiled[5.1.60~1-b2d5d]:AlignUtteranceWrapper():decoder-wrappers.cc:466) Retrying utterance NC48FBP_260101_1536481_1539241 with beam 40
WARNING (gmm-align-compiled[5.1.60~1-b2d5d]:AlignUtteranceWrapper():decoder-wrappers.cc:475) Did not successfully decode file NC48FBP_260101_1536481_1539241, len = 274
WARNING (gmm-align-compiled[5.1.60~1-b2d5d]:AlignUtteranceWrapper():decoder-wrappers.cc:466) Retrying utterance NC48FBP_260101_1553656_1554646 with beam 40
WARNING (gmm-align-compiled[5.1.60~1-b2d5d]:AlignUtteranceWrapper():decoder-wrappers.cc:466) Retrying utterance NC48FBP_260101_1574130_1575878 with beam 40
WARNING (gmm-align-compiled[5.1.60~1-b2d5d]:AlignUtteranceWrapper():decoder-wrappers.cc:466) Retrying utterance NC48FBP_260101_1693067_1696287 with beam 40
WARNING (gmm-align-compiled[5.1.60~1-b2d5d]:AlignUtteranceWrapper():decoder-wrappers.cc:466) Retrying utterance NC48FBP_260101_1867619_1870119 with beam 40
WARNING (gmm-align-compiled[5.1.60~1-b2d5d]:AlignUtteranceWrapper():decoder-wrappers.cc:466) Retrying utterance NC48FBP_260101_1894371_1896271 with beam 40
WARNING (gmm-align-compiled[5.1.60~1-b2d5d]:AlignUtteranceWrapper():decoder-wrappers.cc:466) Retrying utterance NC48FBP_260101_1897180_1898431 with beam 40
WARNING (gmm-align-compiled[5.1.60~1-b2d5d]:AlignUtteranceWrapper():decoder-wrappers.cc:475) Did not successfully decode file NC48FBP_260101_1897180_1898431, len = 123
WARNING (gmm-align-compiled[5.1.60~1-b2d5d]:AlignUtteranceWrapper():decoder-wrappers.cc:466) Retrying utterance NC48FBP_260101_1933447_1937010 with beam 40
WARNING (gmm-align-compiled[5.1.60~1-b2d5d]:AlignUtteranceWrapper():decoder-wrappers.cc:466) Retrying utterance NC48FBP_260101_1939680_1943060 with beam 40
WARNING (gmm-align-compiled[5.1.60~1-b2d5d]:AlignUtteranceWrapper():decoder-wrappers.cc:466) Retrying utterance NC48FBP_260101_1960873_1962393 with beam 40
WARNING (gmm-align-compiled[5.1.60~1-b2d5d]:AlignUtteranceWrapper():decoder-wrappers.cc:475) Did not successfully decode file NC48FBP_260101_1960873_1962393, len = 150
WARNING (gmm-align-compiled[5.1.60~1-b2d5d]:AlignUtteranceWrapper():decoder-wrappers.cc:466) Retrying utterance NC48FBP_260101_1995278_1997468 with beam 40
WARNING (gmm-align-compiled[5.1.60~1-b2d5d]:AlignUtteranceWrapper():decoder-wrappers.cc:466) Retrying utterance NC48FBP_260101_2000458_2001848 with beam 40
WARNING (gmm-align-compiled[5.1.60~1-b2d5d]:AlignUtteranceWrapper():decoder-wrappers.cc:466) Retrying utterance NC48FBP_260101_2017112_2018902 with beam 40
WARNING (gmm-align-compiled[5.1.60~1-b2d5d]:AlignUtteranceWrapper():decoder-wrappers.cc:466) Retrying utterance NC48FBP_260101_2027942_2029492 with beam 40
WARNING (gmm-align-compiled[5.1.60~1-b2d5d]:AlignUtteranceWrapper():decoder-wrappers.cc:466) Retrying utterance NC48FBP_260101_2080421_2083781 with beam 40
WARNING (gmm-align-compiled[5.1.60~1-b2d5d]:AlignUtteranceWrapper():decoder-wrappers.cc:466) Retrying utterance NC48FBP_260101_2106950_2111290 with beam 40
WARNING (gmm-align-compiled[5.1.60~1-b2d5d]:AlignUtteranceWrapper():decoder-wrappers.cc:475) Did not successfully decode file NC48FBP_260101_2106950_2111290, len = 432
WARNING (gmm-align-compiled[5.1.60~1-b2d5d]:AlignUtteranceWrapper():decoder-wrappers.cc:466) Retrying utterance NC48FBP_260101_2140550_2143610 with beam 40
WARNING (gmm-align-compiled[5.1.60~1-b2d5d]:AlignUtteranceWrapper():decoder-wrappers.cc:466) Retrying utterance NC48FBP_260101_2175440_2176970 with beam 40
WARNING (gmm-align-compiled[5.1.60~1-b2d5d]:AlignUtteranceWrapper():decoder-wrappers.cc:466) Retrying utterance NC48FBP_260101_2178230_2181820 with beam 40
WARNING (gmm-align-compiled[5.1.60~1-b2d5d]:AlignUtteranceWrapper():decoder-wrappers.cc:466) Retrying utterance NC48FBP_260101_2230381_2232971 with beam 40
WARNING (gmm-align-compiled[5.1.60~1-b2d5d]:AlignUtteranceWrapper():decoder-wrappers.cc:475) Did not successfully decode file NC48FBP_260101_2230381_2232971, len = 257
WARNING (gmm-align-compiled[5.1.60~1-b2d5d]:AlignUtteranceWrapper():decoder-wrappers.cc:466) Retrying utterance NC48FBP_260101_2238414_2242104 with beam 40
WARNING (gmm-align-compiled[5.1.60~1-b2d5d]:AlignUtteranceWrapper():decoder-wrappers.cc:466) Retrying utterance NC48FBP_260101_2268224_2272074 with beam 40
WARNING (gmm-align-compiled[5.1.60~1-b2d5d]:AlignUtteranceWrapper():decoder-wrappers.cc:466) Retrying utterance NC48FBP_260101_2282664_2286560 with beam 40
WARNING (gmm-align-compiled[5.1.60~1-b2d5d]:AlignUtteranceWrapper():decoder-wrappers.cc:466) Retrying utterance NC48FBP_260101_2320541_2323861 with beam 40
WARNING (gmm-align-compiled[5.1.60~1-b2d5d]:AlignUtteranceWrapper():decoder-wrappers.cc:466) Retrying utterance NC48FBP_260101_2383090_2387180 with beam 40
WARNING (gmm-align-compiled[5.1.60~1-b2d5d]:AlignUtteranceWrapper():decoder-wrappers.cc:475) Did not successfully decode file NC48FBP_260101_2383090_2387180, len = 407
WARNING (gmm-align-compiled[5.1.60~1-b2d5d]:AlignUtteranceWrapper():decoder-wrappers.cc:466) Retrying utterance NC48FBP_260101_2405658_2406998 with beam 40
WARNING (gmm-align-compiled[5.1.60~1-b2d5d]:AlignUtteranceWrapper():decoder-wrappers.cc:466) Retrying utterance NC48FBP_260101_2420000_2421875 with beam 40
WARNING (gmm-align-compiled[5.1.60~1-b2d5d]:AlignUtteranceWrapper():decoder-wrappers.cc:475) Did not successfully decode file NC48FBP_260101_2420000_2421875, len = 186
WARNING (gmm-align-compiled[5.1.60~1-b2d5d]:AlignUtteranceWrapper():decoder-wrappers.cc:466) Retrying utterance NC48FBP_260101_2422155_2425625 with beam 40
WARNING (gmm-align-compiled[5.1.60~1-b2d5d]:AlignUtteranceWrapper():decoder-wrappers.cc:466) Retrying utterance NC48FBP_260101_2427425_2428505 with beam 40
WARNING (gmm-align-compiled[5.1.60~1-b2d5d]:AlignUtteranceWrapper():decoder-wrappers.cc:466) Retrying utterance NC48FBP_260101_2430035_2432755 with beam 40
WARNING (gmm-align-compiled[5.1.60~1-b2d5d]:AlignUtteranceWrapper():decoder-wrappers.cc:466) Retrying utterance NC48FBP_260101_2439325_2441175 with beam 40
WARNING (gmm-align-compiled[5.1.60~1-b2d5d]:AlignUtteranceWrapper():decoder-wrappers.cc:466) Retrying utterance NC48FBP_260101_2453305_2455595 with beam 40
WARNING (gmm-align-compiled[5.1.60~1-b2d5d]:AlignUtteranceWrapper():decoder-wrappers.cc:466) Retrying utterance NC48FBP_260101_2456325_2459365 with beam 40
WARNING (gmm-align-compiled[5.1.60~1-b2d5d]:AlignUtteranceWrapper():decoder-wrappers.cc:466) Retrying utterance NC48FBP_260101_2480615_2483155 with beam 40
WARNING (gmm-align-compiled[5.1.60~1-b2d5d]:AlignUtteranceWrapper():decoder-wrappers.cc:466) Retrying utterance NC48FBP_260101_2489506_2495130 with beam 40
WARNING (gmm-align-compiled[5.1.60~1-b2d5d]:AlignUtteranceWrapper():decoder-wrappers.cc:466) Retrying utterance NC48FBP_260101_2515406_2518436 with beam 40
WARNING (gmm-align-compiled[5.1.60~1-b2d5d]:AlignUtteranceWrapper():decoder-wrappers.cc:466) Retrying utterance NC48FBP_260101_2530599_2532509 with beam 40
WARNING (gmm-align-compiled[5.1.60~1-b2d5d]:AlignUtteranceWrapper():decoder-wrappers.cc:466) Retrying utterance NC48FBP_260101_2535510_2537560 with beam 40
WARNING (gmm-align-compiled[5.1.60~1-b2d5d]:AlignUtteranceWrapper():decoder-wrappers.cc:466) Retrying utterance NC48FBP_260101_2542597_2544597 with beam 40
WARNING (gmm-align-compiled[5.1.60~1-b2d5d]:AlignUtteranceWrapper():decoder-wrappers.cc:466) Retrying utterance NC48FBP_260101_2549267_2550997 with beam 40
WARNING (gmm-align-compiled[5.1.60~1-b2d5d]:AlignUtteranceWrapper():decoder-wrappers.cc:466) Retrying utterance NC48FBP_260101_2550997_2553107 with beam 40
WARNING (gmm-align-compiled[5.1.60~1-b2d5d]:AlignUtteranceWrapper():decoder-wrappers.cc:466) Retrying utterance NC48FBP_260101_2581883_2583173 with beam 40
WARNING (gmm-align-compiled[5.1.60~1-b2d5d]:AlignUtteranceWrapper():decoder-wrappers.cc:466) Retrying utterance NC48FBP_260101_2590063_2591803 with beam 40
WARNING (gmm-align-compiled[5.1.60~1-b2d5d]:AlignUtteranceWrapper():decoder-wrappers.cc:466) Retrying utterance NC48FBP_260101_2651984_2654150 with beam 40
WARNING (gmm-align-compiled[5.1.60~1-b2d5d]:AlignUtteranceWrapper():decoder-wrappers.cc:466) Retrying utterance NC48FBP_260101_2656804_2658304 with beam 40
WARNING (gmm-align-compiled[5.1.60~1-b2d5d]:AlignUtteranceWrapper():decoder-wrappers.cc:466) Retrying utterance NC48FBP_260101_2658304_2660544 with beam 40
WARNING (gmm-align-compiled[5.1.60~1-b2d5d]:AlignUtteranceWrapper():decoder-wrappers.cc:466) Retrying utterance NC48FBP_260101_2667763_2669713 with beam 40
WARNING (gmm-align-compiled[5.1.60~1-b2d5d]:AlignUtteranceWrapper():decoder-wrappers.cc:466) Retrying utterance NC48FBP_260101_2678633_2679963 with beam 40
WARNING (gmm-align-compiled[5.1.60~1-b2d5d]:AlignUtteranceWrapper():decoder-wrappers.cc:466) Retrying utterance NC48FBP_260101_2684188_2685618 with beam 40
WARNING (gmm-align-compiled[5.1.60~1-b2d5d]:AlignUtteranceWrapper():decoder-wrappers.cc:466) Retrying utterance NC48FBP_260101_2695040_2696740 with beam 40
WARNING (gmm-align-compiled[5.1.60~1-b2d5d]:AlignUtteranceWrapper():decoder-wrappers.cc:466) Retrying utterance NC48FBP_260101_2730060_2734600 with beam 40
WARNING (gmm-align-compiled[5.1.60~1-b2d5d]:AlignUtteranceWrapper():decoder-wrappers.cc:475) Did not successfully decode file NC48FBP_260101_2730060_2734600, len = 452
WARNING (gmm-align-compiled[5.1.60~1-b2d5d]:AlignUtteranceWrapper():decoder-wrappers.cc:466) Retrying utterance NC48FBP_260101_2740080_2741990 with beam 40
WARNING (gmm-align-compiled[5.1.60~1-b2d5d]:AlignUtteranceWrapper():decoder-wrappers.cc:466) Retrying utterance NC48FBP_260101_2765111_2766421 with beam 40
WARNING (gmm-align-compiled[5.1.60~1-b2d5d]:AlignUtteranceWrapper():decoder-wrappers.cc:466) Retrying utterance NC48FBP_260101_2799651_2802261 with beam 40
WARNING (gmm-align-compiled[5.1.60~1-b2d5d]:AlignUtteranceWrapper():decoder-wrappers.cc:475) Did not successfully decode file NC48FBP_260101_2799651_2802261, len = 259
WARNING (gmm-align-compiled[5.1.60~1-b2d5d]:AlignUtteranceWrapper():decoder-wrappers.cc:466) Retrying utterance NC48FBP_260101_2821192_2823852 with beam 40
WARNING (gmm-align-compiled[5.1.60~1-b2d5d]:AlignUtteranceWrapper():decoder-wrappers.cc:475) Did not successfully decode file NC48FBP_260101_2821192_2823852, len = 264
WARNING (gmm-align-compiled[5.1.60~1-b2d5d]:AlignUtteranceWrapper():decoder-wrappers.cc:466) Retrying utterance NC48FBP_260101_2823922_2826062 with beam 40
WARNING (gmm-align-compiled[5.1.60~1-b2d5d]:AlignUtteranceWrapper():decoder-wrappers.cc:475) Did not successfully decode file NC48FBP_260101_2823922_2826062, len = 212
WARNING (gmm-align-compiled[5.1.60~1-b2d5d]:AlignUtteranceWrapper():decoder-wrappers.cc:466) Retrying utterance NC48FBP_260101_2847626_2850396 with beam 40
WARNING (gmm-align-compiled[5.1.60~1-b2d5d]:AlignUtteranceWrapper():decoder-wrappers.cc:466) Retrying utterance NC48FBP_260101_2861366_2863806 with beam 40
WARNING (gmm-align-compiled[5.1.60~1-b2d5d]:AlignUtteranceWrapper():decoder-wrappers.cc:466) Retrying utterance NC48FBP_260101_2882676_2884136 with beam 40
WARNING (gmm-align-compiled[5.1.60~1-b2d5d]:AlignUtteranceWrapper():decoder-wrappers.cc:466) Retrying utterance NC48FBP_260101_2904564_2906390 with beam 40
WARNING (gmm-align-compiled[5.1.60~1-b2d5d]:AlignUtteranceWrapper():decoder-wrappers.cc:475) Did not successfully decode file NC48FBP_260101_2904564_2906390, len = 181
WARNING (gmm-align-compiled[5.1.60~1-b2d5d]:AlignUtteranceWrapper():decoder-wrappers.cc:466) Retrying utterance NC48FBP_260101_2912674_2914764 with beam 40
WARNING (gmm-align-compiled[5.1.60~1-b2d5d]:AlignUtteranceWrapper():decoder-wrappers.cc:466) Retrying utterance NC48FBP_260101_2916484_2919274 with beam 40
WARNING (gmm-align-compiled[5.1.60~1-b2d5d]:AlignUtteranceWrapper():decoder-wrappers.cc:466) Retrying utterance NC48FBP_260101_2962080_2963850 with beam 40
WARNING (gmm-align-compiled[5.1.60~1-b2d5d]:AlignUtteranceWrapper():decoder-wrappers.cc:466) Retrying utterance NC48FBP_260101_2964590_2966960 with beam 40
WARNING (gmm-align-compiled[5.1.60~1-b2d5d]:AlignUtteranceWrapper():decoder-wrappers.cc:475) Did not successfully decode file NC48FBP_260101_2964590_2966960, len = 235
WARNING (gmm-align-compiled[5.1.60~1-b2d5d]:AlignUtteranceWrapper():decoder-wrappers.cc:466) Retrying utterance NC48FBP_260101_2969364_2971544 with beam 40
WARNING (gmm-align-compiled[5.1.60~1-b2d5d]:AlignUtteranceWrapper():decoder-wrappers.cc:466) Retrying utterance NC48FBP_260101_2971544_2974294 with beam 40
WARNING (gmm-align-compiled[5.1.60~1-b2d5d]:AlignUtteranceWrapper():decoder-wrappers.cc:466) Retrying utterance NC48FBP_260101_2976584_2978860 with beam 40
WARNING (gmm-align-compiled[5.1.60~1-b2d5d]:AlignUtteranceWrapper():decoder-wrappers.cc:466) Retrying utterance NC48FBP_260101_2981754_2983324 with beam 40
WARNING (gmm-align-compiled[5.1.60~1-b2d5d]:AlignUtteranceWrapper():decoder-wrappers.cc:466) Retrying utterance NC48FBP_300101_0263900_0265780 with beam 40
WARNING (gmm-align-compiled[5.1.60~1-b2d5d]:AlignUtteranceWrapper():decoder-wrappers.cc:466) Retrying utterance NC48FBP_300101_0324791_0326141 with beam 40
WARNING (gmm-align-compiled[5.1.60~1-b2d5d]:AlignUtteranceWrapper():decoder-wrappers.cc:466) Retrying utterance NC48FBP_300101_0464550_0465890 with beam 40
WARNING (gmm-align-compiled[5.1.60~1-b2d5d]:AlignUtteranceWrapper():decoder-wrappers.cc:466) Retrying utterance NC48FBP_300101_0574350_0577160 with beam 40
WARNING (gmm-align-compiled[5.1.60~1-b2d5d]:AlignUtteranceWrapper():decoder-wrappers.cc:466) Retrying utterance NC48FBP_300101_0578090_0579710 with beam 40
WARNING (gmm-align-compiled[5.1.60~1-b2d5d]:AlignUtteranceWrapper():decoder-wrappers.cc:466) Retrying utterance NC48FBP_300101_0657601_0659571 with beam 40
WARNING (gmm-align-compiled[5.1.60~1-b2d5d]:AlignUtteranceWrapper():decoder-wrappers.cc:466) Retrying utterance NC48FBP_300101_0861471_0862891 with beam 40
WARNING (gmm-align-compiled[5.1.60~1-b2d5d]:AlignUtteranceWrapper():decoder-wrappers.cc:466) Retrying utterance NC48FBP_300101_0887731_0889671 with beam 40
WARNING (gmm-align-compiled[5.1.60~1-b2d5d]:AlignUtteranceWrapper():decoder-wrappers.cc:466) Retrying utterance NC48FBP_300101_0895441_0898291 with beam 40
WARNING (gmm-align-compiled[5.1.60~1-b2d5d]:AlignUtteranceWrapper():decoder-wrappers.cc:466) Retrying utterance NC48FBP_300101_0957101_0960051 with beam 40
WARNING (gmm-align-compiled[5.1.60~1-b2d5d]:AlignUtteranceWrapper():decoder-wrappers.cc:466) Retrying utterance NC48FBP_300101_0997291_0999121 with beam 40
WARNING (gmm-align-compiled[5.1.60~1-b2d5d]:AlignUtteranceWrapper():decoder-wrappers.cc:475) Did not successfully decode file NC48FBP_300101_0997291_0999121, len = 181
WARNING (gmm-align-compiled[5.1.60~1-b2d5d]:AlignUtteranceWrapper():decoder-wrappers.cc:466) Retrying utterance NC48FBP_300101_1064326_1067386 with beam 40
WARNING (gmm-align-compiled[5.1.60~1-b2d5d]:AlignUtteranceWrapper():decoder-wrappers.cc:466) Retrying utterance NC48FBP_300101_1176851_1181521 with beam 40
WARNING (gmm-align-compiled[5.1.60~1-b2d5d]:AlignUtteranceWrapper():decoder-wrappers.cc:466) Retrying utterance NC48FBP_300101_1218268_1220238 with beam 40
WARNING (gmm-align-compiled[5.1.60~1-b2d5d]:AlignUtteranceWrapper():decoder-wrappers.cc:466) Retrying utterance NC48FBP_300101_1263241_1265821 with beam 40
WARNING (gmm-align-compiled[5.1.60~1-b2d5d]:AlignUtteranceWrapper():decoder-wrappers.cc:475) Did not successfully decode file NC48FBP_300101_1263241_1265821, len = 256
WARNING (gmm-align-compiled[5.1.60~1-b2d5d]:AlignUtteranceWrapper():decoder-wrappers.cc:466) Retrying utterance NC48FBP_300101_1347181_1349941 with beam 40
WARNING (gmm-align-compiled[5.1.60~1-b2d5d]:AlignUtteranceWrapper():decoder-wrappers.cc:466) Retrying utterance NC48FBP_300101_1360511_1362481 with beam 40
WARNING (gmm-align-compiled[5.1.60~1-b2d5d]:AlignUtteranceWrapper():decoder-wrappers.cc:466) Retrying utterance NC48FBP_300101_1388200_1390870 with beam 40
WARNING (gmm-align-compiled[5.1.60~1-b2d5d]:AlignUtteranceWrapper():decoder-wrappers.cc:466) Retrying utterance NC48FBP_300101_1405690_1408890 with beam 40
WARNING (gmm-align-compiled[5.1.60~1-b2d5d]:AlignUtteranceWrapper():decoder-wrappers.cc:466) Retrying utterance NC48FBP_300101_1410010_1412330 with beam 40
WARNING (gmm-align-compiled[5.1.60~1-b2d5d]:AlignUtteranceWrapper():decoder-wrappers.cc:475) Did not successfully decode file NC48FBP_300101_1410010_1412330, len = 230
WARNING (gmm-align-compiled[5.1.60~1-b2d5d]:AlignUtteranceWrapper():decoder-wrappers.cc:466) Retrying utterance NC48FBP_300101_1412700_1415250 with beam 40
WARNING (gmm-align-compiled[5.1.60~1-b2d5d]:AlignUtteranceWrapper():decoder-wrappers.cc:466) Retrying utterance NC48FBP_300101_1423870_1427740 with beam 40
WARNING (gmm-align-compiled[5.1.60~1-b2d5d]:AlignUtteranceWrapper():decoder-wrappers.cc:466) Retrying utterance NC48FBP_300101_1447060_1449700 with beam 40
WARNING (gmm-align-compiled[5.1.60~1-b2d5d]:AlignUtteranceWrapper():decoder-wrappers.cc:466) Retrying utterance NC48FBP_300101_1458270_1460290 with beam 40
WARNING (gmm-align-compiled[5.1.60~1-b2d5d]:AlignUtteranceWrapper():decoder-wrappers.cc:466) Retrying utterance NC48FBP_300101_1474268_1477618 with beam 40
WARNING (gmm-align-compiled[5.1.60~1-b2d5d]:AlignUtteranceWrapper():decoder-wrappers.cc:466) Retrying utterance NC48FBP_300101_1626050_1627320 with beam 40
WARNING (gmm-align-compiled[5.1.60~1-b2d5d]:AlignUtteranceWrapper():decoder-wrappers.cc:466) Retrying utterance NC48FBP_300101_1637251_1641391 with beam 40
WARNING (gmm-align-compiled[5.1.60~1-b2d5d]:AlignUtteranceWrapper():decoder-wrappers.cc:466) Retrying utterance NC48FBP_300101_1686741_1689251 with beam 40
WARNING (gmm-align-compiled[5.1.60~1-b2d5d]:AlignUtteranceWrapper():decoder-wrappers.cc:466) Retrying utterance NC48FBP_300101_1783770_1785700 with beam 40
WARNING (gmm-align-compiled[5.1.60~1-b2d5d]:AlignUtteranceWrapper():decoder-wrappers.cc:466) Retrying utterance NC48FBP_300101_1792110_1796640 with beam 40
WARNING (gmm-align-compiled[5.1.60~1-b2d5d]:AlignUtteranceWrapper():decoder-wrappers.cc:466) Retrying utterance NC48FBP_300101_1805310_1807380 with beam 40
WARNING (gmm-align-compiled[5.1.60~1-b2d5d]:AlignUtteranceWrapper():decoder-wrappers.cc:466) Retrying utterance NC48FBP_300101_1895900_1899060 with beam 40
WARNING (gmm-align-compiled[5.1.60~1-b2d5d]:AlignUtteranceWrapper():decoder-wrappers.cc:466) Retrying utterance NC48FBP_300101_1901510_1902950 with beam 40
WARNING (gmm-align-compiled[5.1.60~1-b2d5d]:AlignUtteranceWrapper():decoder-wrappers.cc:466) Retrying utterance NC48FBP_300101_1909820_1911340 with beam 40
WARNING (gmm-align-compiled[5.1.60~1-b2d5d]:AlignUtteranceWrapper():decoder-wrappers.cc:475) Did not successfully decode file NC48FBP_300101_1909820_1911340, len = 150
WARNING (gmm-align-compiled[5.1.60~1-b2d5d]:AlignUtteranceWrapper():decoder-wrappers.cc:466) Retrying utterance NC48FBP_300101_1952271_1954661 with beam 40
WARNING (gmm-align-compiled[5.1.60~1-b2d5d]:AlignUtteranceWrapper():decoder-wrappers.cc:475) Did not successfully decode file NC48FBP_300101_1952271_1954661, len = 237
WARNING (gmm-align-compiled[5.1.60~1-b2d5d]:AlignUtteranceWrapper():decoder-wrappers.cc:466) Retrying utterance NC48FBP_300101_2072001_2073221 with beam 40
WARNING (gmm-align-compiled[5.1.60~1-b2d5d]:AlignUtteranceWrapper():decoder-wrappers.cc:466) Retrying utterance NC48FBP_300101_2185750_2187390 with beam 40
WARNING (gmm-align-compiled[5.1.60~1-b2d5d]:AlignUtteranceWrapper():decoder-wrappers.cc:466) Retrying utterance NC48FBP_300101_2228627_2234410 with beam 40
WARNING (gmm-align-compiled[5.1.60~1-b2d5d]:AlignUtteranceWrapper():decoder-wrappers.cc:475) Did not successfully decode file NC48FBP_300101_2228627_2234410, len = 576
WARNING (gmm-align-compiled[5.1.60~1-b2d5d]:AlignUtteranceWrapper():decoder-wrappers.cc:466) Retrying utterance NC48FBP_300101_2375197_2378147 with beam 40
WARNING (gmm-align-compiled[5.1.60~1-b2d5d]:AlignUtteranceWrapper():decoder-wrappers.cc:466) Retrying utterance NC48FBP_300101_2413250_2417070 with beam 40
WARNING (gmm-align-compiled[5.1.60~1-b2d5d]:AlignUtteranceWrapper():decoder-wrappers.cc:466) Retrying utterance NC48FBP_300101_2434920_2435950 with beam 40
WARNING (gmm-align-compiled[5.1.60~1-b2d5d]:AlignUtteranceWrapper():decoder-wrappers.cc:466) Retrying utterance NC48FBP_300101_2508230_2509820 with beam 40
WARNING (gmm-align-compiled[5.1.60~1-b2d5d]:AlignUtteranceWrapper():decoder-wrappers.cc:466) Retrying utterance NC48FBP_300101_2583321_2584891 with beam 40
WARNING (gmm-align-compiled[5.1.60~1-b2d5d]:AlignUtteranceWrapper():decoder-wrappers.cc:466) Retrying utterance NC48FBP_300101_2587450_2589370 with beam 40
WARNING (gmm-align-compiled[5.1.60~1-b2d5d]:AlignUtteranceWrapper():decoder-wrappers.cc:466) Retrying utterance NC48FBP_300101_2592870_2595920 with beam 40
WARNING (gmm-align-compiled[5.1.60~1-b2d5d]:AlignUtteranceWrapper():decoder-wrappers.cc:466) Retrying utterance NC48FBP_300101_2604060_2606740 with beam 40
WARNING (gmm-align-compiled[5.1.60~1-b2d5d]:AlignUtteranceWrapper():decoder-wrappers.cc:466) Retrying utterance NC48FBP_300101_2653230_2656520 with beam 40
WARNING (gmm-align-compiled[5.1.60~1-b2d5d]:AlignUtteranceWrapper():decoder-wrappers.cc:475) Did not successfully decode file NC48FBP_300101_2653230_2656520, len = 327
WARNING (gmm-align-compiled[5.1.60~1-b2d5d]:AlignUtteranceWrapper():decoder-wrappers.cc:466) Retrying utterance NC48FBP_300101_2704790_2706260 with beam 40
WARNING (gmm-align-compiled[5.1.60~1-b2d5d]:AlignUtteranceWrapper():decoder-wrappers.cc:466) Retrying utterance NC48FBP_300101_2720190_2725170 with beam 40
WARNING (gmm-align-compiled[5.1.60~1-b2d5d]:AlignUtteranceWrapper():decoder-wrappers.cc:466) Retrying utterance NC48FBP_300101_2731180_2734100 with beam 40
WARNING (gmm-align-compiled[5.1.60~1-b2d5d]:AlignUtteranceWrapper():decoder-wrappers.cc:466) Retrying utterance NC48FBP_300101_2770140_2774850 with beam 40
WARNING (gmm-align-compiled[5.1.60~1-b2d5d]:AlignUtteranceWrapper():decoder-wrappers.cc:466) Retrying utterance NC48FBP_300101_2802191_2805251 with beam 40
WARNING (gmm-align-compiled[5.1.60~1-b2d5d]:AlignUtteranceWrapper():decoder-wrappers.cc:466) Retrying utterance NC48FBP_300101_2888911_2891221 with beam 40
WARNING (gmm-align-compiled[5.1.60~1-b2d5d]:AlignUtteranceWrapper():decoder-wrappers.cc:466) Retrying utterance NC48FBP_300101_2924920_2929960 with beam 40
WARNING (gmm-align-compiled[5.1.60~1-b2d5d]:AlignUtteranceWrapper():decoder-wrappers.cc:466) Retrying utterance NC48FBP_300101_2930110_2931570 with beam 40
WARNING (gmm-align-compiled[5.1.60~1-b2d5d]:AlignUtteranceWrapper():decoder-wrappers.cc:466) Retrying utterance NC48FBP_300101_2984720_2987570 with beam 40
WARNING (gmm-align-compiled[5.1.60~1-b2d5d]:AlignUtteranceWrapper():decoder-wrappers.cc:466) Retrying utterance NC48FBP_300101_2992490_2995570 with beam 40
WARNING (gmm-align-compiled[5.1.60~1-b2d5d]:AlignUtteranceWrapper():decoder-wrappers.cc:466) Retrying utterance NC48FBP_300101_3124531_3126521 with beam 40
WARNING (gmm-align-compiled[5.1.60~1-b2d5d]:AlignUtteranceWrapper():decoder-wrappers.cc:466) Retrying utterance NC48FBP_300101_3308460_3310850 with beam 40
WARNING (gmm-align-compiled[5.1.60~1-b2d5d]:AlignUtteranceWrapper():decoder-wrappers.cc:466) Retrying utterance NC48FBP_300101_3399330_3401250 with beam 40
WARNING (gmm-align-compiled[5.1.60~1-b2d5d]:AlignUtteranceWrapper():decoder-wrappers.cc:475) Did not successfully decode file NC48FBP_300101_3399330_3401250, len = 190
WARNING (gmm-align-compiled[5.1.60~1-b2d5d]:AlignUtteranceWrapper():decoder-wrappers.cc:466) Retrying utterance NC48FBP_300101_3565790_3570280 with beam 40
WARNING (gmm-align-compiled[5.1.60~1-b2d5d]:AlignUtteranceWrapper():decoder-wrappers.cc:466) Retrying utterance NC48FBP_300101_3698666_3701496 with beam 40
WARNING (gmm-align-compiled[5.1.60~1-b2d5d]:AlignUtteranceWrapper():decoder-wrappers.cc:466) Retrying utterance NC48FBP_300101_3838570_3841830 with beam 40
LOG (apply-cmvn[5.1.60~1-b2d5d]:main():apply-cmvn.cc:146) Applied cepstral mean normalization to 2478 utterances, errors on 0
LOG (transform-feats[5.1.60~1-b2d5d]:main():transform-feats.cc:158) Overall average [pseudo-]logdet is -92.1898 over 821125 frames.
LOG (transform-feats[5.1.60~1-b2d5d]:main():transform-feats.cc:161) Applied transform to 2478 utterances; 0 had errors.
WARNING (gmm-align-compiled[5.1.60~1-b2d5d]:AlignUtteranceWrapper():decoder-wrappers.cc:466) Retrying utterance NC48FBP_300101_3933010_3933980 with beam 40
WARNING (gmm-align-compiled[5.1.60~1-b2d5d]:AlignUtteranceWrapper():decoder-wrappers.cc:466) Retrying utterance NC48FBP_300101_3940140_3941870 with beam 40
LOG (gmm-align-compiled[5.1.60~1-b2d5d]:main():gmm-align-compiled.cc:129) Overall log-likelihood per frame is -52.0398 over 810588 frames.
LOG (gmm-align-compiled[5.1.60~1-b2d5d]:main():gmm-align-compiled.cc:131) Retried 318 out of 2478 utterances.
LOG (gmm-align-compiled[5.1.60~1-b2d5d]:main():gmm-align-compiled.cc:133) Done 2444, errors on 34
# Accounting: time=83 threads=1
# Ended (code 0) at Sat Apr 22 03:41:03 UTC 2017, elapsed time 83 seconds
