# compile-train-graphs --read-disambig-syms=data/lang/phones/disambig.int exp/tri22/tree exp/tri22/1.mdl data/lang/L.fst "ark:utils/sym2int.pl --map-oov 1 -f 2- data/lang/words.txt < data/train/split16/10/text |" "ark:|gzip -c >exp/tri22/fsts.10.gz" 
# Started at Sat Apr 22 03:35:40 UTC 2017
#
compile-train-graphs --read-disambig-syms=data/lang/phones/disambig.int exp/tri22/tree exp/tri22/1.mdl data/lang/L.fst 'ark:utils/sym2int.pl --map-oov 1 -f 2- data/lang/words.txt < data/train/split16/10/text |' 'ark:|gzip -c >exp/tri22/fsts.10.gz' 
sym2int.pl: replacing HWA-CHONG with 1
sym2int.pl: replacing 露 with 1
sym2int.pl: replacing HOL with 1
sym2int.pl: replacing ZHI with 1
sym2int.pl: replacing ZHI with 1
sym2int.pl: replacing ZHI with 1
sym2int.pl: replacing 紧 with 1
sym2int.pl: replacing SAY-MING with 1
sym2int.pl: replacing 校 with 1
sym2int.pl: replacing 么 with 1
sym2int.pl: replacing SEM with 1
sym2int.pl: replacing SEM with 1
sym2int.pl: replacing SAY-MING with 1
sym2int.pl: replacing BIATHLON with 1
sym2int.pl: replacing ZHI-RUI with 1
sym2int.pl: replacing 懂 with 1
sym2int.pl: replacing GARANG-GUNI with 1
sym2int.pl: replacing 候 with 1
sym2int.pl: replacing HAIX with 1
sym2int.pl: replacing 毒 with 1
sym2int.pl: not warning for OOVs any more times
** Replaced 1085 instances of OOVs with 1
LOG (compile-train-graphs[5.1.60~1-b2d5d]:main():compile-train-graphs.cc:147) compile-train-graphs: succeeded for 2744 graphs, failed for 0
# Accounting: time=49 threads=1
# Ended (code 0) at Sat Apr 22 03:36:29 UTC 2017, elapsed time 49 seconds
