# compile-train-graphs --read-disambig-syms=data/lang/phones/disambig.int exp/tri22/tree exp/tri22/1.mdl data/lang/L.fst "ark:utils/sym2int.pl --map-oov 1 -f 2- data/lang/words.txt < data/train/split16/8/text |" "ark:|gzip -c >exp/tri22/fsts.8.gz" 
# Started at Sat Apr 22 03:35:40 UTC 2017
#
compile-train-graphs --read-disambig-syms=data/lang/phones/disambig.int exp/tri22/tree exp/tri22/1.mdl data/lang/L.fst 'ark:utils/sym2int.pl --map-oov 1 -f 2- data/lang/words.txt < data/train/split16/8/text |' 'ark:|gzip -c >exp/tri22/fsts.8.gz' 
sym2int.pl: replacing 煮 with 1
sym2int.pl: replacing 煮 with 1
sym2int.pl: replacing 捕 with 1
sym2int.pl: replacing CHANGI with 1
sym2int.pl: replacing CHANGI with 1
sym2int.pl: replacing CHANGI with 1
sym2int.pl: replacing 捕 with 1
sym2int.pl: replacing CHANGI with 1
sym2int.pl: replacing 钓 with 1
sym2int.pl: replacing PPB with 1
sym2int.pl: replacing PPB with 1
sym2int.pl: replacing PPB with 1
sym2int.pl: replacing PPB with 1
sym2int.pl: replacing PPO with 1
sym2int.pl: replacing 煮 with 1
sym2int.pl: replacing PPB with 1
sym2int.pl: replacing PPB with 1
sym2int.pl: replacing PPB with 1
sym2int.pl: replacing ORH with 1
sym2int.pl: replacing PPB with 1
sym2int.pl: not warning for OOVs any more times
** Replaced 2434 instances of OOVs with 1
LOG (compile-train-graphs[5.1.60~1-b2d5d]:main():compile-train-graphs.cc:147) compile-train-graphs: succeeded for 2755 graphs, failed for 0
# Accounting: time=49 threads=1
# Ended (code 0) at Sat Apr 22 03:36:29 UTC 2017, elapsed time 49 seconds
