# ali-to-post "ark:gunzip -c exp/tri2_ali/ali.11.gz|" ark:- | weight-silence-post 0.0 1:2:3:4:5:6:7:8:9:10:11:12:13:14:15 exp/tri2_ali/final.mdl ark:- ark:- | acc-lda --rand-prune=4.0 exp/tri2_ali/final.mdl "ark,s,cs:apply-cmvn  --utt2spk=ark:data/train/split16/11/utt2spk scp:data/train/split16/11/cmvn.scp scp:data/train/split16/11/feats.scp ark:- | splice-feats --left-context=3 --right-context=3 ark:- ark:- |" ark,s,cs:- exp/tri22/lda.11.acc 
# Started at Sat Apr 22 03:33:04 UTC 2017
#
ali-to-post 'ark:gunzip -c exp/tri2_ali/ali.11.gz|' ark:- 
weight-silence-post 0.0 1:2:3:4:5:6:7:8:9:10:11:12:13:14:15 exp/tri2_ali/final.mdl ark:- ark:- 
acc-lda --rand-prune=4.0 exp/tri2_ali/final.mdl 'ark,s,cs:apply-cmvn  --utt2spk=ark:data/train/split16/11/utt2spk scp:data/train/split16/11/cmvn.scp scp:data/train/split16/11/feats.scp ark:- | splice-feats --left-context=3 --right-context=3 ark:- ark:- |' ark,s,cs:- exp/tri22/lda.11.acc 
apply-cmvn --utt2spk=ark:data/train/split16/11/utt2spk scp:data/train/split16/11/cmvn.scp scp:data/train/split16/11/feats.scp ark:- 
splice-feats --left-context=3 --right-context=3 ark:- ark:- 
LOG (acc-lda[5.1.60~1-b2d5d]:main():acc-lda.cc:114) Done 100 utterances.
LOG (acc-lda[5.1.60~1-b2d5d]:main():acc-lda.cc:114) Done 200 utterances.
LOG (acc-lda[5.1.60~1-b2d5d]:main():acc-lda.cc:114) Done 300 utterances.
LOG (acc-lda[5.1.60~1-b2d5d]:main():acc-lda.cc:114) Done 400 utterances.
WARNING (acc-lda[5.1.60~1-b2d5d]:main():acc-lda.cc:77) No posteriors for utterance NI36MBQ_0101_0289990_0297870
WARNING (acc-lda[5.1.60~1-b2d5d]:main():acc-lda.cc:77) No posteriors for utterance NI36MBQ_0101_0375100_0381520
WARNING (acc-lda[5.1.60~1-b2d5d]:main():acc-lda.cc:77) No posteriors for utterance NI36MBQ_0101_0537350_0541820
LOG (acc-lda[5.1.60~1-b2d5d]:main():acc-lda.cc:114) Done 500 utterances.
WARNING (acc-lda[5.1.60~1-b2d5d]:main():acc-lda.cc:77) No posteriors for utterance NI36MBQ_0101_1233130_1242000
LOG (acc-lda[5.1.60~1-b2d5d]:main():acc-lda.cc:114) Done 600 utterances.
WARNING (acc-lda[5.1.60~1-b2d5d]:main():acc-lda.cc:77) No posteriors for utterance NI36MBQ_0101_1993645_1996005
LOG (acc-lda[5.1.60~1-b2d5d]:main():acc-lda.cc:114) Done 700 utterances.
WARNING (acc-lda[5.1.60~1-b2d5d]:main():acc-lda.cc:77) No posteriors for utterance NI36MBQ_0101_2100505_2102255
LOG (acc-lda[5.1.60~1-b2d5d]:main():acc-lda.cc:114) Done 800 utterances.
WARNING (acc-lda[5.1.60~1-b2d5d]:main():acc-lda.cc:77) No posteriors for utterance NI36MBQ_0101_3019775_3027415
LOG (acc-lda[5.1.60~1-b2d5d]:main():acc-lda.cc:114) Done 900 utterances.
LOG (acc-lda[5.1.60~1-b2d5d]:main():acc-lda.cc:114) Done 1000 utterances.
LOG (acc-lda[5.1.60~1-b2d5d]:main():acc-lda.cc:114) Done 1100 utterances.
WARNING (acc-lda[5.1.60~1-b2d5d]:main():acc-lda.cc:77) No posteriors for utterance NI39FBP_0101_0208720_0219400
LOG (acc-lda[5.1.60~1-b2d5d]:main():acc-lda.cc:114) Done 1200 utterances.
WARNING (acc-lda[5.1.60~1-b2d5d]:main():acc-lda.cc:77) No posteriors for utterance NI39FBP_0101_0710940_0715460
WARNING (acc-lda[5.1.60~1-b2d5d]:main():acc-lda.cc:77) No posteriors for utterance NI39FBP_0101_0824750_0834090
LOG (acc-lda[5.1.60~1-b2d5d]:main():acc-lda.cc:114) Done 1300 utterances.
WARNING (acc-lda[5.1.60~1-b2d5d]:main():acc-lda.cc:77) No posteriors for utterance NI39FBP_0101_1203980_1209240
WARNING (acc-lda[5.1.60~1-b2d5d]:main():acc-lda.cc:77) No posteriors for utterance NI39FBP_0101_1218280_1225020
WARNING (acc-lda[5.1.60~1-b2d5d]:main():acc-lda.cc:77) No posteriors for utterance NI39FBP_0101_1316640_1322010
WARNING (acc-lda[5.1.60~1-b2d5d]:main():acc-lda.cc:77) No posteriors for utterance NI39FBP_0101_1409230_1414650
LOG (acc-lda[5.1.60~1-b2d5d]:main():acc-lda.cc:114) Done 1400 utterances.
LOG (acc-lda[5.1.60~1-b2d5d]:main():acc-lda.cc:114) Done 1500 utterances.
WARNING (acc-lda[5.1.60~1-b2d5d]:main():acc-lda.cc:77) No posteriors for utterance NI39FBP_0101_2461203_2467683
LOG (acc-lda[5.1.60~1-b2d5d]:main():acc-lda.cc:114) Done 1600 utterances.
LOG (acc-lda[5.1.60~1-b2d5d]:main():acc-lda.cc:114) Done 1700 utterances.
LOG (acc-lda[5.1.60~1-b2d5d]:main():acc-lda.cc:114) Done 1800 utterances.
LOG (acc-lda[5.1.60~1-b2d5d]:main():acc-lda.cc:114) Done 1900 utterances.
LOG (acc-lda[5.1.60~1-b2d5d]:main():acc-lda.cc:114) Done 2000 utterances.
WARNING (acc-lda[5.1.60~1-b2d5d]:main():acc-lda.cc:77) No posteriors for utterance NI39FBP_0101_6574757_6579677
LOG (acc-lda[5.1.60~1-b2d5d]:main():acc-lda.cc:114) Done 2100 utterances.
LOG (acc-lda[5.1.60~1-b2d5d]:main():acc-lda.cc:114) Done 2200 utterances.
LOG (acc-lda[5.1.60~1-b2d5d]:main():acc-lda.cc:114) Done 2300 utterances.
LOG (acc-lda[5.1.60~1-b2d5d]:main():acc-lda.cc:114) Done 2400 utterances.
LOG (acc-lda[5.1.60~1-b2d5d]:main():acc-lda.cc:114) Done 2500 utterances.
LOG (acc-lda[5.1.60~1-b2d5d]:main():acc-lda.cc:114) Done 2600 utterances.
LOG (acc-lda[5.1.60~1-b2d5d]:main():acc-lda.cc:114) Done 2700 utterances.
LOG (ali-to-post[5.1.60~1-b2d5d]:main():ali-to-post.cc:65) Converted 2803 alignments.
LOG (weight-silence-post[5.1.60~1-b2d5d]:main():weight-silence-post.cc:95) Done 2803 posteriors.
LOG (apply-cmvn[5.1.60~1-b2d5d]:main():apply-cmvn.cc:146) Applied cepstral mean normalization to 2819 utterances, errors on 0
LOG (acc-lda[5.1.60~1-b2d5d]:main():acc-lda.cc:114) Done 2800 utterances.
LOG (acc-lda[5.1.60~1-b2d5d]:main():acc-lda.cc:117) Done 2803 files, failed for 16
LOG (acc-lda[5.1.60~1-b2d5d]:main():acc-lda.cc:122) Written statistics.
# Accounting: time=9 threads=1
# Ended (code 0) at Sat Apr 22 03:33:13 UTC 2017, elapsed time 9 seconds
