# gmm-est --write-occs=exp/tri22/2.occs --mix-up=1000 --power=0.25 exp/tri22/1.mdl "gmm-sum-accs - exp/tri22/1.*.acc |" exp/tri22/2.mdl 
# Started at Sat Apr 22 03:36:48 UTC 2017
#
gmm-est --write-occs=exp/tri22/2.occs --mix-up=1000 --power=0.25 exp/tri22/1.mdl 'gmm-sum-accs - exp/tri22/1.*.acc |' exp/tri22/2.mdl 
gmm-sum-accs - exp/tri22/1.1.acc exp/tri22/1.10.acc exp/tri22/1.11.acc exp/tri22/1.12.acc exp/tri22/1.13.acc exp/tri22/1.14.acc exp/tri22/1.15.acc exp/tri22/1.16.acc exp/tri22/1.2.acc exp/tri22/1.3.acc exp/tri22/1.4.acc exp/tri22/1.5.acc exp/tri22/1.6.acc exp/tri22/1.7.acc exp/tri22/1.8.acc exp/tri22/1.9.acc 
LOG (gmm-sum-accs[5.1.60~1-b2d5d]:main():gmm-sum-accs.cc:63) Summed 16 stats, total count 1.77427e+07, avg like/frame -53.2862
LOG (gmm-sum-accs[5.1.60~1-b2d5d]:main():gmm-sum-accs.cc:66) Total count of stats is 1.77427e+07
LOG (gmm-sum-accs[5.1.60~1-b2d5d]:main():gmm-sum-accs.cc:67) Written stats to -
LOG (gmm-est[5.1.60~1-b2d5d]:MleUpdate():transition-model.cc:517) TransitionModel::Update, objf change is 0.291207 per frame over 1.77427e+07 frames. 
LOG (gmm-est[5.1.60~1-b2d5d]:MleUpdate():transition-model.cc:520) 554 probabilities floored, 2578 out of 5102 transition-states skipped due to insuffient data (it is normal to have some skipped.)
LOG (gmm-est[5.1.60~1-b2d5d]:main():gmm-est.cc:102) Transition model update: Overall 0.291207 log-like improvement per frame over 1.77427e+07 frames.
WARNING (gmm-est[5.1.60~1-b2d5d]:MleDiagGmmUpdate():mle-diag-gmm.cc:365) Gaussian has too little data but not removing it because it is the last Gaussian: i = 0, occ = 0, weight = 1
WARNING (gmm-est[5.1.60~1-b2d5d]:MleDiagGmmUpdate():mle-diag-gmm.cc:365) Gaussian has too little data but not removing it because it is the last Gaussian: i = 0, occ = 0, weight = 1
WARNING (gmm-est[5.1.60~1-b2d5d]:MleDiagGmmUpdate():mle-diag-gmm.cc:365) Gaussian has too little data but not removing it because it is the last Gaussian: i = 0, occ = 9, weight = 1
LOG (gmm-est[5.1.60~1-b2d5d]:MleAmDiagGmmUpdate():mle-am-diag-gmm.cc:225) 0 variance elements floored in 0 Gaussians, out of 932
LOG (gmm-est[5.1.60~1-b2d5d]:MleAmDiagGmmUpdate():mle-am-diag-gmm.cc:229) Removed 0 Gaussians due to counts < --min-gaussian-occupancy=10 and --remove-low-count-gaussians=true
LOG (gmm-est[5.1.60~1-b2d5d]:main():gmm-est.cc:113) GMM update: Overall 9.97158e-08 objective function improvement per frame over 1.77427e+07 frames
LOG (gmm-est[5.1.60~1-b2d5d]:main():gmm-est.cc:116) GMM update: Overall avg like per frame = -53.2862 over 1.77427e+07 frames.
LOG (gmm-est[5.1.60~1-b2d5d]:SplitByCount():am-diag-gmm.cc:116) Split 932 states with target = 1000, power = 0.25, perturb_factor = 0.01 and min_count = 20, split #Gauss from 932 to 1000
LOG (gmm-est[5.1.60~1-b2d5d]:main():gmm-est.cc:146) Written model to exp/tri22/2.mdl
# Accounting: time=0 threads=1
# Ended (code 0) at Sat Apr 22 03:36:48 UTC 2017, elapsed time 0 seconds
