# gmm-est --write-occs=exp/tri22/30.occs --mix-up=11000 --power=0.25 exp/tri22/29.mdl "gmm-sum-accs - exp/tri22/29.*.acc |" exp/tri22/30.mdl 
# Started at Sat Apr 22 03:49:50 UTC 2017
#
gmm-est --write-occs=exp/tri22/30.occs --mix-up=11000 --power=0.25 exp/tri22/29.mdl 'gmm-sum-accs - exp/tri22/29.*.acc |' exp/tri22/30.mdl 
gmm-sum-accs - exp/tri22/29.1.acc exp/tri22/29.10.acc exp/tri22/29.11.acc exp/tri22/29.12.acc exp/tri22/29.13.acc exp/tri22/29.14.acc exp/tri22/29.15.acc exp/tri22/29.16.acc exp/tri22/29.2.acc exp/tri22/29.3.acc exp/tri22/29.4.acc exp/tri22/29.5.acc exp/tri22/29.6.acc exp/tri22/29.7.acc exp/tri22/29.8.acc exp/tri22/29.9.acc 
LOG (gmm-sum-accs[5.1.60~1-b2d5d]:main():gmm-sum-accs.cc:63) Summed 16 stats, total count 1.77208e+07, avg like/frame -47.6315
LOG (gmm-sum-accs[5.1.60~1-b2d5d]:main():gmm-sum-accs.cc:66) Total count of stats is 1.77208e+07
LOG (gmm-sum-accs[5.1.60~1-b2d5d]:main():gmm-sum-accs.cc:67) Written stats to -
LOG (gmm-est[5.1.60~1-b2d5d]:MleUpdate():transition-model.cc:517) TransitionModel::Update, objf change is -3.61851e-11 per frame over 1.77208e+07 frames. 
LOG (gmm-est[5.1.60~1-b2d5d]:MleUpdate():transition-model.cc:520) 621 probabilities floored, 2578 out of 5102 transition-states skipped due to insuffient data (it is normal to have some skipped.)
LOG (gmm-est[5.1.60~1-b2d5d]:main():gmm-est.cc:102) Transition model update: Overall -3.61851e-11 log-like improvement per frame over 1.77208e+07 frames.
WARNING (gmm-est[5.1.60~1-b2d5d]:MleDiagGmmUpdate():mle-diag-gmm.cc:365) Gaussian has too little data but not removing it because it is the last Gaussian: i = 0, occ = 0, weight = 1
WARNING (gmm-est[5.1.60~1-b2d5d]:MleDiagGmmUpdate():mle-diag-gmm.cc:365) Gaussian has too little data but not removing it because it is the last Gaussian: i = 0, occ = 0, weight = 1
WARNING (gmm-est[5.1.60~1-b2d5d]:MleDiagGmmUpdate():mle-diag-gmm.cc:365) Gaussian has too little data but not removing it because it is the last Gaussian: i = 0, occ = 9, weight = 1
LOG (gmm-est[5.1.60~1-b2d5d]:MleAmDiagGmmUpdate():mle-am-diag-gmm.cc:225) 0 variance elements floored in 0 Gaussians, out of 11000
LOG (gmm-est[5.1.60~1-b2d5d]:MleAmDiagGmmUpdate():mle-am-diag-gmm.cc:229) Removed 0 Gaussians due to counts < --min-gaussian-occupancy=10 and --remove-low-count-gaussians=true
LOG (gmm-est[5.1.60~1-b2d5d]:main():gmm-est.cc:113) GMM update: Overall 0.0220848 objective function improvement per frame over 1.77208e+07 frames
LOG (gmm-est[5.1.60~1-b2d5d]:main():gmm-est.cc:116) GMM update: Overall avg like per frame = -47.6315 over 1.77208e+07 frames.
LOG (gmm-est[5.1.60~1-b2d5d]:SplitByCount():am-diag-gmm.cc:116) Split 932 states with target = 11000, power = 0.25, perturb_factor = 0.01 and min_count = 20, split #Gauss from 11000 to 11000
LOG (gmm-est[5.1.60~1-b2d5d]:main():gmm-est.cc:146) Written model to exp/tri22/30.mdl
# Accounting: time=0 threads=1
# Ended (code 0) at Sat Apr 22 03:49:50 UTC 2017, elapsed time 0 seconds
