# gmm-acc-stats-ali exp/tri22/20.mdl "ark,s,cs:apply-cmvn  --utt2spk=ark:data/train/split16/11/utt2spk scp:data/train/split16/11/cmvn.scp scp:data/train/split16/11/feats.scp ark:- | splice-feats --left-context=3 --right-context=3 ark:- ark:- | transform-feats exp/tri22/12.mat ark:- ark:- |" "ark,s,cs:gunzip -c exp/tri22/ali.11.gz|" exp/tri22/20.11.acc 
# Started at Sat Apr 22 03:47:20 UTC 2017
#
gmm-acc-stats-ali exp/tri22/20.mdl 'ark,s,cs:apply-cmvn  --utt2spk=ark:data/train/split16/11/utt2spk scp:data/train/split16/11/cmvn.scp scp:data/train/split16/11/feats.scp ark:- | splice-feats --left-context=3 --right-context=3 ark:- ark:- | transform-feats exp/tri22/12.mat ark:- ark:- |' 'ark,s,cs:gunzip -c exp/tri22/ali.11.gz|' exp/tri22/20.11.acc 
transform-feats exp/tri22/12.mat ark:- ark:- 
apply-cmvn --utt2spk=ark:data/train/split16/11/utt2spk scp:data/train/split16/11/cmvn.scp scp:data/train/split16/11/feats.scp ark:- 
splice-feats --left-context=3 --right-context=3 ark:- ark:- 
LOG (gmm-acc-stats-ali[5.1.60~1-b2d5d]:main():gmm-acc-stats-ali.cc:105) Processed 50 utterances; for utterance NI35FBP_0101_0352850_0364370 avg. like is -52.1326 over 1150 frames.
LOG (gmm-acc-stats-ali[5.1.60~1-b2d5d]:main():gmm-acc-stats-ali.cc:105) Processed 100 utterances; for utterance NI35FBP_0101_0779040_0787250 avg. like is -50.6253 over 819 frames.
LOG (gmm-acc-stats-ali[5.1.60~1-b2d5d]:main():gmm-acc-stats-ali.cc:105) Processed 150 utterances; for utterance NI35FBP_0101_1238200_1246740 avg. like is -49.5194 over 852 frames.
LOG (gmm-acc-stats-ali[5.1.60~1-b2d5d]:main():gmm-acc-stats-ali.cc:105) Processed 200 utterances; for utterance NI35FBP_0101_1633515_1641085 avg. like is -49.0717 over 755 frames.
LOG (gmm-acc-stats-ali[5.1.60~1-b2d5d]:main():gmm-acc-stats-ali.cc:105) Processed 250 utterances; for utterance NI35FBP_0101_2072545_2083015 avg. like is -46.8756 over 1045 frames.
LOG (gmm-acc-stats-ali[5.1.60~1-b2d5d]:main():gmm-acc-stats-ali.cc:105) Processed 300 utterances; for utterance NI35FBP_0101_2434805_2447115 avg. like is -50.9684 over 1229 frames.
WARNING (gmm-acc-stats-ali[5.1.60~1-b2d5d]:main():gmm-acc-stats-ali.cc:79) No alignment for utterance NI35FBP_0101_2477345_2484255
LOG (gmm-acc-stats-ali[5.1.60~1-b2d5d]:main():gmm-acc-stats-ali.cc:105) Processed 350 utterances; for utterance NI35FBP_0101_2845675_2850445 avg. like is -52.242 over 475 frames.
LOG (gmm-acc-stats-ali[5.1.60~1-b2d5d]:main():gmm-acc-stats-ali.cc:105) Processed 400 utterances; for utterance NI35FBP_0101_3243535_3248145 avg. like is -54.7813 over 459 frames.
LOG (gmm-acc-stats-ali[5.1.60~1-b2d5d]:main():gmm-acc-stats-ali.cc:105) Processed 450 utterances; for utterance NI36MBQ_0101_0194530_0206930 avg. like is -46.7561 over 1238 frames.
WARNING (gmm-acc-stats-ali[5.1.60~1-b2d5d]:main():gmm-acc-stats-ali.cc:79) No alignment for utterance NI36MBQ_0101_0289990_0297870
WARNING (gmm-acc-stats-ali[5.1.60~1-b2d5d]:main():gmm-acc-stats-ali.cc:79) No alignment for utterance NI36MBQ_0101_0375100_0381520
WARNING (gmm-acc-stats-ali[5.1.60~1-b2d5d]:main():gmm-acc-stats-ali.cc:79) No alignment for utterance NI36MBQ_0101_0537350_0541820
LOG (gmm-acc-stats-ali[5.1.60~1-b2d5d]:main():gmm-acc-stats-ali.cc:105) Processed 500 utterances; for utterance NI36MBQ_0101_0574950_0578630 avg. like is -47.6578 over 366 frames.
LOG (gmm-acc-stats-ali[5.1.60~1-b2d5d]:main():gmm-acc-stats-ali.cc:105) Processed 550 utterances; for utterance NI36MBQ_0101_0962350_0967350 avg. like is -44.5347 over 498 frames.
WARNING (gmm-acc-stats-ali[5.1.60~1-b2d5d]:main():gmm-acc-stats-ali.cc:79) No alignment for utterance NI36MBQ_0101_1233130_1242000
LOG (gmm-acc-stats-ali[5.1.60~1-b2d5d]:main():gmm-acc-stats-ali.cc:105) Processed 600 utterances; for utterance NI36MBQ_0101_1354280_1362000 avg. like is -45.0608 over 770 frames.
LOG (gmm-acc-stats-ali[5.1.60~1-b2d5d]:main():gmm-acc-stats-ali.cc:105) Processed 650 utterances; for utterance NI36MBQ_0101_1675045_1679675 avg. like is -46.8229 over 461 frames.
WARNING (gmm-acc-stats-ali[5.1.60~1-b2d5d]:main():gmm-acc-stats-ali.cc:79) No alignment for utterance NI36MBQ_0101_1993645_1996005
WARNING (gmm-acc-stats-ali[5.1.60~1-b2d5d]:main():gmm-acc-stats-ali.cc:79) No alignment for utterance NI36MBQ_0101_2100505_2102255
LOG (gmm-acc-stats-ali[5.1.60~1-b2d5d]:main():gmm-acc-stats-ali.cc:105) Processed 700 utterances; for utterance NI36MBQ_0101_2102255_2106665 avg. like is -44.4717 over 439 frames.
LOG (gmm-acc-stats-ali[5.1.60~1-b2d5d]:main():gmm-acc-stats-ali.cc:105) Processed 750 utterances; for utterance NI36MBQ_0101_2454285_2459725 avg. like is -43.2728 over 542 frames.
LOG (gmm-acc-stats-ali[5.1.60~1-b2d5d]:main():gmm-acc-stats-ali.cc:105) Processed 800 utterances; for utterance NI36MBQ_0101_2797875_2803655 avg. like is -48.8367 over 576 frames.
WARNING (gmm-acc-stats-ali[5.1.60~1-b2d5d]:main():gmm-acc-stats-ali.cc:79) No alignment for utterance NI36MBQ_0101_3019775_3027415
LOG (gmm-acc-stats-ali[5.1.60~1-b2d5d]:main():gmm-acc-stats-ali.cc:105) Processed 850 utterances; for utterance NI36MBQ_0101_3374115_3382035 avg. like is -46.6886 over 790 frames.
WARNING (gmm-acc-stats-ali[5.1.60~1-b2d5d]:main():gmm-acc-stats-ali.cc:79) No alignment for utterance NI37MBP_0101_0685437_0689597
LOG (gmm-acc-stats-ali[5.1.60~1-b2d5d]:main():gmm-acc-stats-ali.cc:105) Processed 900 utterances; for utterance NI37MBP_0101_1371457_1374657 avg. like is -47.8242 over 318 frames.
LOG (gmm-acc-stats-ali[5.1.60~1-b2d5d]:main():gmm-acc-stats-ali.cc:105) Processed 950 utterances; for utterance NI37MBP_0101_1745377_1759387 avg. like is -43.0782 over 1399 frames.
LOG (gmm-acc-stats-ali[5.1.60~1-b2d5d]:main():gmm-acc-stats-ali.cc:105) Processed 1000 utterances; for utterance NI37MBP_0101_2075387_2082477 avg. like is -48.9433 over 707 frames.
LOG (gmm-acc-stats-ali[5.1.60~1-b2d5d]:main():gmm-acc-stats-ali.cc:105) Processed 1050 utterances; for utterance NI37MBP_0101_2451007_2455337 avg. like is -49.3126 over 431 frames.
LOG (gmm-acc-stats-ali[5.1.60~1-b2d5d]:main():gmm-acc-stats-ali.cc:105) Processed 1100 utterances; for utterance NI37MBP_0101_2827973_2834193 avg. like is -48.854 over 620 frames.
LOG (gmm-acc-stats-ali[5.1.60~1-b2d5d]:main():gmm-acc-stats-ali.cc:105) Processed 1150 utterances; for utterance NI37MBP_0101_3130792_3133482 avg. like is -40.2898 over 267 frames.
WARNING (gmm-acc-stats-ali[5.1.60~1-b2d5d]:main():gmm-acc-stats-ali.cc:79) No alignment for utterance NI39FBP_0101_0208720_0219400
LOG (gmm-acc-stats-ali[5.1.60~1-b2d5d]:main():gmm-acc-stats-ali.cc:105) Processed 1200 utterances; for utterance NI39FBP_0101_0339480_0347960 avg. like is -49.8211 over 846 frames.
LOG (gmm-acc-stats-ali[5.1.60~1-b2d5d]:main():gmm-acc-stats-ali.cc:105) Processed 1250 utterances; for utterance NI39FBP_0101_0675410_0681560 avg. like is -51.2418 over 613 frames.
WARNING (gmm-acc-stats-ali[5.1.60~1-b2d5d]:main():gmm-acc-stats-ali.cc:79) No alignment for utterance NI39FBP_0101_0689010_0695770
WARNING (gmm-acc-stats-ali[5.1.60~1-b2d5d]:main():gmm-acc-stats-ali.cc:79) No alignment for utterance NI39FBP_0101_0710940_0715460
WARNING (gmm-acc-stats-ali[5.1.60~1-b2d5d]:main():gmm-acc-stats-ali.cc:79) No alignment for utterance NI39FBP_0101_0824750_0834090
LOG (gmm-acc-stats-ali[5.1.60~1-b2d5d]:main():gmm-acc-stats-ali.cc:105) Processed 1300 utterances; for utterance NI39FBP_0101_1044270_1048080 avg. like is -55.685 over 379 frames.
WARNING (gmm-acc-stats-ali[5.1.60~1-b2d5d]:main():gmm-acc-stats-ali.cc:79) No alignment for utterance NI39FBP_0101_1203980_1209240
WARNING (gmm-acc-stats-ali[5.1.60~1-b2d5d]:main():gmm-acc-stats-ali.cc:79) No alignment for utterance NI39FBP_0101_1218280_1225020
WARNING (gmm-acc-stats-ali[5.1.60~1-b2d5d]:main():gmm-acc-stats-ali.cc:79) No alignment for utterance NI39FBP_0101_1316640_1322010
LOG (gmm-acc-stats-ali[5.1.60~1-b2d5d]:main():gmm-acc-stats-ali.cc:105) Processed 1350 utterances; for utterance NI39FBP_0101_1357620_1360150 avg. like is -42.5964 over 251 frames.
WARNING (gmm-acc-stats-ali[5.1.60~1-b2d5d]:main():gmm-acc-stats-ali.cc:79) No alignment for utterance NI39FBP_0101_1409230_1414650
LOG (gmm-acc-stats-ali[5.1.60~1-b2d5d]:main():gmm-acc-stats-ali.cc:105) Processed 1400 utterances; for utterance NI39FBP_0101_1693850_1702870 avg. like is -54.3093 over 900 frames.
LOG (gmm-acc-stats-ali[5.1.60~1-b2d5d]:main():gmm-acc-stats-ali.cc:105) Processed 1450 utterances; for utterance NI39FBP_0101_2026430_2030860 avg. like is -59.1857 over 441 frames.
LOG (gmm-acc-stats-ali[5.1.60~1-b2d5d]:main():gmm-acc-stats-ali.cc:105) Processed 1500 utterances; for utterance NI39FBP_0101_2335843_2339923 avg. like is -50.2968 over 406 frames.
WARNING (gmm-acc-stats-ali[5.1.60~1-b2d5d]:main():gmm-acc-stats-ali.cc:79) No alignment for utterance NI39FBP_0101_2461203_2467683
LOG (gmm-acc-stats-ali[5.1.60~1-b2d5d]:main():gmm-acc-stats-ali.cc:105) Processed 1550 utterances; for utterance NI39FBP_0101_2631143_2633033 avg. like is -50.9514 over 187 frames.
LOG (gmm-acc-stats-ali[5.1.60~1-b2d5d]:main():gmm-acc-stats-ali.cc:105) Processed 1600 utterances; for utterance NI39FBP_0101_2935213_2939033 avg. like is -47.5058 over 380 frames.
LOG (gmm-acc-stats-ali[5.1.60~1-b2d5d]:main():gmm-acc-stats-ali.cc:105) Processed 1650 utterances; for utterance NI39FBP_0101_3272737_3279227 avg. like is -60.3435 over 647 frames.
LOG (gmm-acc-stats-ali[5.1.60~1-b2d5d]:main():gmm-acc-stats-ali.cc:105) Processed 1700 utterances; for utterance NI39FBP_0101_3608397_3618087 avg. like is -52.0619 over 967 frames.
LOG (gmm-acc-stats-ali[5.1.60~1-b2d5d]:main():gmm-acc-stats-ali.cc:105) Processed 1750 utterances; for utterance NI39FBP_0101_3977207_3980457 avg. like is -53.1556 over 323 frames.
LOG (gmm-acc-stats-ali[5.1.60~1-b2d5d]:main():gmm-acc-stats-ali.cc:105) Processed 1800 utterances; for utterance NI39FBP_0101_4340147_4347457 avg. like is -51.1645 over 729 frames.
LOG (gmm-acc-stats-ali[5.1.60~1-b2d5d]:main():gmm-acc-stats-ali.cc:105) Processed 1850 utterances; for utterance NI39FBP_0101_4727567_4735297 avg. like is -54.2935 over 771 frames.
LOG (gmm-acc-stats-ali[5.1.60~1-b2d5d]:main():gmm-acc-stats-ali.cc:105) Processed 1900 utterances; for utterance NI39FBP_0101_5089077_5096427 avg. like is -49.2938 over 733 frames.
LOG (gmm-acc-stats-ali[5.1.60~1-b2d5d]:main():gmm-acc-stats-ali.cc:105) Processed 1950 utterances; for utterance NI39FBP_0101_5471767_5475557 avg. like is -51.4078 over 377 frames.
LOG (gmm-acc-stats-ali[5.1.60~1-b2d5d]:main():gmm-acc-stats-ali.cc:105) Processed 2000 utterances; for utterance NI39FBP_0101_5884647_5885877 avg. like is -48.5171 over 121 frames.
LOG (gmm-acc-stats-ali[5.1.60~1-b2d5d]:main():gmm-acc-stats-ali.cc:105) Processed 2050 utterances; for utterance NI39FBP_0101_6345747_6347077 avg. like is -42.1177 over 131 frames.
WARNING (gmm-acc-stats-ali[5.1.60~1-b2d5d]:main():gmm-acc-stats-ali.cc:79) No alignment for utterance NI39FBP_0101_6574757_6579677
LOG (gmm-acc-stats-ali[5.1.60~1-b2d5d]:main():gmm-acc-stats-ali.cc:105) Processed 2100 utterances; for utterance NI39FBP_0101_6774077_6776287 avg. like is -50.9146 over 219 frames.
LOG (gmm-acc-stats-ali[5.1.60~1-b2d5d]:main():gmm-acc-stats-ali.cc:105) Processed 2150 utterances; for utterance NI40FBQ_0101_0148030_0150390 avg. like is -44.6413 over 234 frames.
LOG (gmm-acc-stats-ali[5.1.60~1-b2d5d]:main():gmm-acc-stats-ali.cc:105) Processed 2200 utterances; for utterance NI40FBQ_0101_0580500_0584160 avg. like is -54.0654 over 364 frames.
LOG (gmm-acc-stats-ali[5.1.60~1-b2d5d]:main():gmm-acc-stats-ali.cc:105) Processed 2250 utterances; for utterance NI40FBQ_0101_0971310_0980830 avg. like is -45.1824 over 950 frames.
LOG (gmm-acc-stats-ali[5.1.60~1-b2d5d]:main():gmm-acc-stats-ali.cc:105) Processed 2300 utterances; for utterance NI40FBQ_0101_1401250_1407180 avg. like is -46.7431 over 591 frames.
LOG (gmm-acc-stats-ali[5.1.60~1-b2d5d]:main():gmm-acc-stats-ali.cc:105) Processed 2350 utterances; for utterance NI40FBQ_0101_1844536_1850766 avg. like is -45.5565 over 621 frames.
LOG (gmm-acc-stats-ali[5.1.60~1-b2d5d]:main():gmm-acc-stats-ali.cc:105) Processed 2400 utterances; for utterance NI40FBQ_0101_2301896_2306936 avg. like is -40.9068 over 502 frames.
LOG (gmm-acc-stats-ali[5.1.60~1-b2d5d]:main():gmm-acc-stats-ali.cc:105) Processed 2450 utterances; for utterance NI41MBP_0101_0028980_0036580 avg. like is -45.9741 over 758 frames.
LOG (gmm-acc-stats-ali[5.1.60~1-b2d5d]:main():gmm-acc-stats-ali.cc:105) Processed 2500 utterances; for utterance NI41MBP_0101_0406490_0412530 avg. like is -42.5382 over 602 frames.
LOG (gmm-acc-stats-ali[5.1.60~1-b2d5d]:main():gmm-acc-stats-ali.cc:105) Processed 2550 utterances; for utterance NI41MBP_0101_0830720_0833030 avg. like is -44.8326 over 229 frames.
LOG (gmm-acc-stats-ali[5.1.60~1-b2d5d]:main():gmm-acc-stats-ali.cc:105) Processed 2600 utterances; for utterance NI41MBP_0101_1242410_1245530 avg. like is -50.1718 over 310 frames.
LOG (gmm-acc-stats-ali[5.1.60~1-b2d5d]:main():gmm-acc-stats-ali.cc:105) Processed 2650 utterances; for utterance NI41MBP_0101_1675560_1678970 avg. like is -40.6579 over 339 frames.
LOG (gmm-acc-stats-ali[5.1.60~1-b2d5d]:main():gmm-acc-stats-ali.cc:105) Processed 2700 utterances; for utterance NI41MBP_0101_2105830_2109450 avg. like is -44.3211 over 360 frames.
LOG (gmm-acc-stats-ali[5.1.60~1-b2d5d]:main():gmm-acc-stats-ali.cc:105) Processed 2750 utterances; for utterance NI41MBP_0101_2559050_2572570 avg. like is -44.649 over 1350 frames.
LOG (apply-cmvn[5.1.60~1-b2d5d]:main():apply-cmvn.cc:146) Applied cepstral mean normalization to 2819 utterances, errors on 0
LOG (transform-feats[5.1.60~1-b2d5d]:main():transform-feats.cc:158) Overall average [pseudo-]logdet is -91.9256 over 1.59199e+06 frames.
LOG (transform-feats[5.1.60~1-b2d5d]:main():transform-feats.cc:161) Applied transform to 2819 utterances; 0 had errors.
LOG (gmm-acc-stats-ali[5.1.60~1-b2d5d]:main():gmm-acc-stats-ali.cc:105) Processed 2800 utterances; for utterance NI41MBP_0101_3011120_3013580 avg. like is -50.0167 over 244 frames.
LOG (gmm-acc-stats-ali[5.1.60~1-b2d5d]:main():gmm-acc-stats-ali.cc:112) Done 2800 files, 19 with errors.
LOG (gmm-acc-stats-ali[5.1.60~1-b2d5d]:main():gmm-acc-stats-ali.cc:115) Overall avg like per frame (Gaussian only) = -48.0303 over 1580430 frames.
LOG (gmm-acc-stats-ali[5.1.60~1-b2d5d]:main():gmm-acc-stats-ali.cc:123) Written accs.
# Accounting: time=11 threads=1
# Ended (code 0) at Sat Apr 22 03:47:31 UTC 2017, elapsed time 11 seconds
