# gmm-acc-stats-ali exp/tri22/3.mdl "ark,s,cs:apply-cmvn  --utt2spk=ark:data/train/split16/2/utt2spk scp:data/train/split16/2/cmvn.scp scp:data/train/split16/2/feats.scp ark:- | splice-feats --left-context=3 --right-context=3 ark:- ark:- | transform-feats exp/tri22/2.mat ark:- ark:- |" "ark,s,cs:gunzip -c exp/tri22/ali.2.gz|" exp/tri22/3.2.acc 
# Started at Sat Apr 22 03:37:27 UTC 2017
#
gmm-acc-stats-ali exp/tri22/3.mdl 'ark,s,cs:apply-cmvn  --utt2spk=ark:data/train/split16/2/utt2spk scp:data/train/split16/2/cmvn.scp scp:data/train/split16/2/feats.scp ark:- | splice-feats --left-context=3 --right-context=3 ark:- ark:- | transform-feats exp/tri22/2.mat ark:- ark:- |' 'ark,s,cs:gunzip -c exp/tri22/ali.2.gz|' exp/tri22/3.2.acc 
apply-cmvn --utt2spk=ark:data/train/split16/2/utt2spk scp:data/train/split16/2/cmvn.scp scp:data/train/split16/2/feats.scp ark:- 
splice-feats --left-context=3 --right-context=3 ark:- ark:- 
transform-feats exp/tri22/2.mat ark:- ark:- 
LOG (gmm-acc-stats-ali[5.1.60~1-b2d5d]:main():gmm-acc-stats-ali.cc:105) Processed 50 utterances; for utterance NC18MBQ_0101_0754440_0755990 avg. like is -57.4441 over 153 frames.
LOG (gmm-acc-stats-ali[5.1.60~1-b2d5d]:main():gmm-acc-stats-ali.cc:105) Processed 100 utterances; for utterance NC18MBQ_0101_1206180_1210990 avg. like is -57.4227 over 479 frames.
LOG (gmm-acc-stats-ali[5.1.60~1-b2d5d]:main():gmm-acc-stats-ali.cc:105) Processed 150 utterances; for utterance NC18MBQ_0101_1939760_1942440 avg. like is -53.577 over 266 frames.
LOG (gmm-acc-stats-ali[5.1.60~1-b2d5d]:main():gmm-acc-stats-ali.cc:105) Processed 200 utterances; for utterance NC18MBQ_0101_2475590_2477380 avg. like is -59.8474 over 177 frames.
LOG (gmm-acc-stats-ali[5.1.60~1-b2d5d]:main():gmm-acc-stats-ali.cc:105) Processed 250 utterances; for utterance NC18MBQ_0101_3576700_3578450 avg. like is -57.8812 over 173 frames.
LOG (gmm-acc-stats-ali[5.1.60~1-b2d5d]:main():gmm-acc-stats-ali.cc:105) Processed 300 utterances; for utterance NC19MBP_0101_0797920_0799470 avg. like is -52.167 over 153 frames.
LOG (gmm-acc-stats-ali[5.1.60~1-b2d5d]:main():gmm-acc-stats-ali.cc:105) Processed 350 utterances; for utterance NC19MBP_0101_1493850_1497030 avg. like is -54.4067 over 316 frames.
LOG (gmm-acc-stats-ali[5.1.60~1-b2d5d]:main():gmm-acc-stats-ali.cc:105) Processed 400 utterances; for utterance NC19MBP_0101_2501430_2504540 avg. like is -52.1498 over 309 frames.
LOG (gmm-acc-stats-ali[5.1.60~1-b2d5d]:main():gmm-acc-stats-ali.cc:105) Processed 450 utterances; for utterance NC19MBP_0101_3548450_3550720 avg. like is -47.1887 over 225 frames.
LOG (gmm-acc-stats-ali[5.1.60~1-b2d5d]:main():gmm-acc-stats-ali.cc:105) Processed 500 utterances; for utterance NC20MBQ_0101_0450261_0452511 avg. like is -51.2962 over 223 frames.
LOG (gmm-acc-stats-ali[5.1.60~1-b2d5d]:main():gmm-acc-stats-ali.cc:105) Processed 550 utterances; for utterance NC20MBQ_0101_1153311_1154881 avg. like is -45.834 over 155 frames.
LOG (gmm-acc-stats-ali[5.1.60~1-b2d5d]:main():gmm-acc-stats-ali.cc:105) Processed 600 utterances; for utterance NC20MBQ_0101_1924591_1926621 avg. like is -48.4788 over 201 frames.
LOG (gmm-acc-stats-ali[5.1.60~1-b2d5d]:main():gmm-acc-stats-ali.cc:105) Processed 650 utterances; for utterance NC20MBQ_0101_2540650_2542750 avg. like is -49.8779 over 208 frames.
LOG (gmm-acc-stats-ali[5.1.60~1-b2d5d]:main():gmm-acc-stats-ali.cc:105) Processed 700 utterances; for utterance NC20MBQ_0101_3158190_3159820 avg. like is -54.7477 over 161 frames.
LOG (gmm-acc-stats-ali[5.1.60~1-b2d5d]:main():gmm-acc-stats-ali.cc:105) Processed 750 utterances; for utterance NC20MBQ_0101_3875364_3876244 avg. like is -51.2108 over 86 frames.
LOG (gmm-acc-stats-ali[5.1.60~1-b2d5d]:main():gmm-acc-stats-ali.cc:105) Processed 800 utterances; for utterance NC21FBP_0101_0792240_0795080 avg. like is -56.9571 over 282 frames.
LOG (gmm-acc-stats-ali[5.1.60~1-b2d5d]:main():gmm-acc-stats-ali.cc:105) Processed 850 utterances; for utterance NC21FBP_0101_2533600_2537450 avg. like is -60.5498 over 383 frames.
LOG (gmm-acc-stats-ali[5.1.60~1-b2d5d]:main():gmm-acc-stats-ali.cc:105) Processed 900 utterances; for utterance NC22MBQ_110101_0704028_0710358 avg. like is -55.4338 over 631 frames.
LOG (gmm-acc-stats-ali[5.1.60~1-b2d5d]:main():gmm-acc-stats-ali.cc:105) Processed 950 utterances; for utterance NC22MBQ_110101_2556049_2560729 avg. like is -56.4319 over 466 frames.
LOG (gmm-acc-stats-ali[5.1.60~1-b2d5d]:main():gmm-acc-stats-ali.cc:105) Processed 1000 utterances; for utterance NC22MBQ_450101_0215835_0216775 avg. like is -48.5646 over 92 frames.
LOG (gmm-acc-stats-ali[5.1.60~1-b2d5d]:main():gmm-acc-stats-ali.cc:105) Processed 1050 utterances; for utterance NC22MBQ_450101_0547185_0548975 avg. like is -58.0039 over 177 frames.
LOG (gmm-acc-stats-ali[5.1.60~1-b2d5d]:main():gmm-acc-stats-ali.cc:105) Processed 1100 utterances; for utterance NC22MBQ_450101_0848046_0850616 avg. like is -53.073 over 255 frames.
LOG (gmm-acc-stats-ali[5.1.60~1-b2d5d]:main():gmm-acc-stats-ali.cc:105) Processed 1150 utterances; for utterance NC22MBQ_450101_1188838_1194228 avg. like is -52.1371 over 537 frames.
LOG (gmm-acc-stats-ali[5.1.60~1-b2d5d]:main():gmm-acc-stats-ali.cc:105) Processed 1200 utterances; for utterance NC22MBQ_450101_1456933_1461443 avg. like is -45.7001 over 449 frames.
LOG (gmm-acc-stats-ali[5.1.60~1-b2d5d]:main():gmm-acc-stats-ali.cc:105) Processed 1250 utterances; for utterance NC22MBQ_450101_1901872_1904150 avg. like is -55.1415 over 226 frames.
LOG (gmm-acc-stats-ali[5.1.60~1-b2d5d]:main():gmm-acc-stats-ali.cc:105) Processed 1300 utterances; for utterance NC23FBP_0101_0524987_0534957 avg. like is -52.8765 over 995 frames.
LOG (gmm-acc-stats-ali[5.1.60~1-b2d5d]:main():gmm-acc-stats-ali.cc:105) Processed 1350 utterances; for utterance NC23FBP_0101_1293927_1296777 avg. like is -55.5211 over 283 frames.
LOG (gmm-acc-stats-ali[5.1.60~1-b2d5d]:main():gmm-acc-stats-ali.cc:105) Processed 1400 utterances; for utterance NC23FBP_0101_1976397_1979617 avg. like is -57.7835 over 320 frames.
LOG (gmm-acc-stats-ali[5.1.60~1-b2d5d]:main():gmm-acc-stats-ali.cc:105) Processed 1450 utterances; for utterance NC23FBP_0101_2661597_2664117 avg. like is -58.7509 over 250 frames.
LOG (gmm-acc-stats-ali[5.1.60~1-b2d5d]:main():gmm-acc-stats-ali.cc:105) Processed 1500 utterances; for utterance NC23FBP_0101_3511694_3515074 avg. like is -54.7034 over 336 frames.
LOG (gmm-acc-stats-ali[5.1.60~1-b2d5d]:main():gmm-acc-stats-ali.cc:105) Processed 1550 utterances; for utterance NC24FBQ_0101_0365260_0366480 avg. like is -56.3992 over 120 frames.
LOG (gmm-acc-stats-ali[5.1.60~1-b2d5d]:main():gmm-acc-stats-ali.cc:105) Processed 1600 utterances; for utterance NC24FBQ_0101_0784610_0785770 avg. like is -54.1525 over 114 frames.
LOG (gmm-acc-stats-ali[5.1.60~1-b2d5d]:main():gmm-acc-stats-ali.cc:105) Processed 1650 utterances; for utterance NC24FBQ_0101_1086574_1087934 avg. like is -50.687 over 134 frames.
LOG (gmm-acc-stats-ali[5.1.60~1-b2d5d]:main():gmm-acc-stats-ali.cc:105) Processed 1700 utterances; for utterance NC24FBQ_0101_1507234_1515144 avg. like is -56.0688 over 789 frames.
LOG (gmm-acc-stats-ali[5.1.60~1-b2d5d]:main():gmm-acc-stats-ali.cc:105) Processed 1750 utterances; for utterance NC24FBQ_0101_1876844_1880574 avg. like is -53.9718 over 371 frames.
WARNING (gmm-acc-stats-ali[5.1.60~1-b2d5d]:main():gmm-acc-stats-ali.cc:79) No alignment for utterance NC24FBQ_0101_1992344_1996534
LOG (gmm-acc-stats-ali[5.1.60~1-b2d5d]:main():gmm-acc-stats-ali.cc:105) Processed 1800 utterances; for utterance NC24FBQ_0101_2314830_2317010 avg. like is -54.9534 over 216 frames.
LOG (gmm-acc-stats-ali[5.1.60~1-b2d5d]:main():gmm-acc-stats-ali.cc:105) Processed 1850 utterances; for utterance NC24FBQ_0101_2768270_2769770 avg. like is -50.8361 over 148 frames.
LOG (gmm-acc-stats-ali[5.1.60~1-b2d5d]:main():gmm-acc-stats-ali.cc:105) Processed 1900 utterances; for utterance NC24FBQ_0101_3196860_3199200 avg. like is -62.8723 over 232 frames.
LOG (apply-cmvn[5.1.60~1-b2d5d]:main():apply-cmvn.cc:146) Applied cepstral mean normalization to 1943 utterances, errors on 0
LOG (transform-feats[5.1.60~1-b2d5d]:main():transform-feats.cc:158) Overall average [pseudo-]logdet is -93.0538 over 537229 frames.
LOG (transform-feats[5.1.60~1-b2d5d]:main():transform-feats.cc:161) Applied transform to 1943 utterances; 0 had errors.
LOG (gmm-acc-stats-ali[5.1.60~1-b2d5d]:main():gmm-acc-stats-ali.cc:112) Done 1942 files, 1 with errors.
LOG (gmm-acc-stats-ali[5.1.60~1-b2d5d]:main():gmm-acc-stats-ali.cc:115) Overall avg like per frame (Gaussian only) = -54.0261 over 536812 frames.
LOG (gmm-acc-stats-ali[5.1.60~1-b2d5d]:main():gmm-acc-stats-ali.cc:123) Written accs.
# Accounting: time=4 threads=1
# Ended (code 0) at Sat Apr 22 03:37:31 UTC 2017, elapsed time 4 seconds
