# gmm-align-compiled --transition-scale=1.0 --acoustic-scale=0.1 --self-loop-scale=0.1 --beam=10 --retry-beam=40 --careful=false "gmm-boost-silence --boost=1.0 1 exp/tri22/30.mdl - |" "ark:gunzip -c exp/tri22/fsts.11.gz|" "ark,s,cs:apply-cmvn  --utt2spk=ark:data/train/split16/11/utt2spk scp:data/train/split16/11/cmvn.scp scp:data/train/split16/11/feats.scp ark:- | splice-feats --left-context=3 --right-context=3 ark:- ark:- | transform-feats exp/tri22/12.mat ark:- ark:- |" "ark:|gzip -c >exp/tri22/ali.11.gz" 
# Started at Sat Apr 22 03:49:50 UTC 2017
#
gmm-align-compiled --transition-scale=1.0 --acoustic-scale=0.1 --self-loop-scale=0.1 --beam=10 --retry-beam=40 --careful=false 'gmm-boost-silence --boost=1.0 1 exp/tri22/30.mdl - |' 'ark:gunzip -c exp/tri22/fsts.11.gz|' 'ark,s,cs:apply-cmvn  --utt2spk=ark:data/train/split16/11/utt2spk scp:data/train/split16/11/cmvn.scp scp:data/train/split16/11/feats.scp ark:- | splice-feats --left-context=3 --right-context=3 ark:- ark:- | transform-feats exp/tri22/12.mat ark:- ark:- |' 'ark:|gzip -c >exp/tri22/ali.11.gz' 
gmm-boost-silence --boost=1.0 1 exp/tri22/30.mdl - 
WARNING (gmm-boost-silence[5.1.60~1-b2d5d]:main():gmm-boost-silence.cc:82) The pdfs for the silence phones may be shared by other phones (note: this probably does not matter.)
LOG (gmm-boost-silence[5.1.60~1-b2d5d]:main():gmm-boost-silence.cc:93) Boosted weights for 5 pdfs, by factor of 1
LOG (gmm-boost-silence[5.1.60~1-b2d5d]:main():gmm-boost-silence.cc:103) Wrote model to -
transform-feats exp/tri22/12.mat ark:- ark:- 
splice-feats --left-context=3 --right-context=3 ark:- ark:- 
apply-cmvn --utt2spk=ark:data/train/split16/11/utt2spk scp:data/train/split16/11/cmvn.scp scp:data/train/split16/11/feats.scp ark:- 
WARNING (gmm-align-compiled[5.1.60~1-b2d5d]:AlignUtteranceWrapper():decoder-wrappers.cc:466) Retrying utterance NI35FBP_0101_0886740_0897460 with beam 40
WARNING (gmm-align-compiled[5.1.60~1-b2d5d]:AlignUtteranceWrapper():decoder-wrappers.cc:466) Retrying utterance NI35FBP_0101_0970040_0979210 with beam 40
WARNING (gmm-align-compiled[5.1.60~1-b2d5d]:AlignUtteranceWrapper():decoder-wrappers.cc:466) Retrying utterance NI35FBP_0101_1251950_1256860 with beam 40
WARNING (gmm-align-compiled[5.1.60~1-b2d5d]:AlignUtteranceWrapper():decoder-wrappers.cc:466) Retrying utterance NI35FBP_0101_1568625_1577365 with beam 40
WARNING (gmm-align-compiled[5.1.60~1-b2d5d]:AlignUtteranceWrapper():decoder-wrappers.cc:466) Retrying utterance NI35FBP_0101_1601345_1606925 with beam 40
WARNING (gmm-align-compiled[5.1.60~1-b2d5d]:AlignUtteranceWrapper():decoder-wrappers.cc:466) Retrying utterance NI35FBP_0101_1633515_1641085 with beam 40
WARNING (gmm-align-compiled[5.1.60~1-b2d5d]:AlignUtteranceWrapper():decoder-wrappers.cc:466) Retrying utterance NI35FBP_0101_1675385_1680925 with beam 40
WARNING (gmm-align-compiled[5.1.60~1-b2d5d]:AlignUtteranceWrapper():decoder-wrappers.cc:466) Retrying utterance NI35FBP_0101_1719885_1731305 with beam 40
WARNING (gmm-align-compiled[5.1.60~1-b2d5d]:AlignUtteranceWrapper():decoder-wrappers.cc:466) Retrying utterance NI35FBP_0101_1739255_1756465 with beam 40
WARNING (gmm-align-compiled[5.1.60~1-b2d5d]:AlignUtteranceWrapper():decoder-wrappers.cc:466) Retrying utterance NI35FBP_0101_1770755_1778645 with beam 40
WARNING (gmm-align-compiled[5.1.60~1-b2d5d]:AlignUtteranceWrapper():decoder-wrappers.cc:466) Retrying utterance NI35FBP_0101_1804865_1811225 with beam 40
WARNING (gmm-align-compiled[5.1.60~1-b2d5d]:AlignUtteranceWrapper():decoder-wrappers.cc:466) Retrying utterance NI35FBP_0101_2154405_2161385 with beam 40
WARNING (gmm-align-compiled[5.1.60~1-b2d5d]:AlignUtteranceWrapper():decoder-wrappers.cc:466) Retrying utterance NI35FBP_0101_2453835_2457815 with beam 40
WARNING (gmm-align-compiled[5.1.60~1-b2d5d]:AlignUtteranceWrapper():decoder-wrappers.cc:466) Retrying utterance NI35FBP_0101_2465805_2471545 with beam 40
WARNING (gmm-align-compiled[5.1.60~1-b2d5d]:AlignUtteranceWrapper():decoder-wrappers.cc:466) Retrying utterance NI35FBP_0101_2477345_2484255 with beam 40
WARNING (gmm-align-compiled[5.1.60~1-b2d5d]:AlignUtteranceWrapper():decoder-wrappers.cc:475) Did not successfully decode file NI35FBP_0101_2477345_2484255, len = 689
WARNING (gmm-align-compiled[5.1.60~1-b2d5d]:AlignUtteranceWrapper():decoder-wrappers.cc:466) Retrying utterance NI35FBP_0101_2519405_2526965 with beam 40
WARNING (gmm-align-compiled[5.1.60~1-b2d5d]:AlignUtteranceWrapper():decoder-wrappers.cc:466) Retrying utterance NI35FBP_0101_2625295_2631905 with beam 40
WARNING (gmm-align-compiled[5.1.60~1-b2d5d]:AlignUtteranceWrapper():decoder-wrappers.cc:466) Retrying utterance NI35FBP_0101_2631915_2644335 with beam 40
WARNING (gmm-align-compiled[5.1.60~1-b2d5d]:AlignUtteranceWrapper():decoder-wrappers.cc:466) Retrying utterance NI35FBP_0101_2644445_2652455 with beam 40
WARNING (gmm-align-compiled[5.1.60~1-b2d5d]:AlignUtteranceWrapper():decoder-wrappers.cc:466) Retrying utterance NI35FBP_0101_2873665_2887535 with beam 40
WARNING (gmm-align-compiled[5.1.60~1-b2d5d]:AlignUtteranceWrapper():decoder-wrappers.cc:466) Retrying utterance NI35FBP_0101_2947235_2950475 with beam 40
WARNING (gmm-align-compiled[5.1.60~1-b2d5d]:AlignUtteranceWrapper():decoder-wrappers.cc:466) Retrying utterance NI35FBP_0101_3078955_3091115 with beam 40
WARNING (gmm-align-compiled[5.1.60~1-b2d5d]:AlignUtteranceWrapper():decoder-wrappers.cc:466) Retrying utterance NI35FBP_0101_3103935_3111775 with beam 40
WARNING (gmm-align-compiled[5.1.60~1-b2d5d]:AlignUtteranceWrapper():decoder-wrappers.cc:466) Retrying utterance NI35FBP_0101_3124735_3131525 with beam 40
WARNING (gmm-align-compiled[5.1.60~1-b2d5d]:AlignUtteranceWrapper():decoder-wrappers.cc:466) Retrying utterance NI35FBP_0101_3258255_3266765 with beam 40
WARNING (gmm-align-compiled[5.1.60~1-b2d5d]:AlignUtteranceWrapper():decoder-wrappers.cc:466) Retrying utterance NI35FBP_0101_3314635_3321295 with beam 40
WARNING (gmm-align-compiled[5.1.60~1-b2d5d]:AlignUtteranceWrapper():decoder-wrappers.cc:466) Retrying utterance NI36MBQ_0101_0289990_0297870 with beam 40
WARNING (gmm-align-compiled[5.1.60~1-b2d5d]:AlignUtteranceWrapper():decoder-wrappers.cc:475) Did not successfully decode file NI36MBQ_0101_0289990_0297870, len = 786
WARNING (gmm-align-compiled[5.1.60~1-b2d5d]:AlignUtteranceWrapper():decoder-wrappers.cc:466) Retrying utterance NI36MBQ_0101_0375100_0381520 with beam 40
WARNING (gmm-align-compiled[5.1.60~1-b2d5d]:AlignUtteranceWrapper():decoder-wrappers.cc:475) Did not successfully decode file NI36MBQ_0101_0375100_0381520, len = 640
WARNING (gmm-align-compiled[5.1.60~1-b2d5d]:AlignUtteranceWrapper():decoder-wrappers.cc:466) Retrying utterance NI36MBQ_0101_0537350_0541820 with beam 40
WARNING (gmm-align-compiled[5.1.60~1-b2d5d]:AlignUtteranceWrapper():decoder-wrappers.cc:475) Did not successfully decode file NI36MBQ_0101_0537350_0541820, len = 445
WARNING (gmm-align-compiled[5.1.60~1-b2d5d]:AlignUtteranceWrapper():decoder-wrappers.cc:466) Retrying utterance NI36MBQ_0101_0831560_0835440 with beam 40
WARNING (gmm-align-compiled[5.1.60~1-b2d5d]:AlignUtteranceWrapper():decoder-wrappers.cc:466) Retrying utterance NI36MBQ_0101_0993070_0997210 with beam 40
WARNING (gmm-align-compiled[5.1.60~1-b2d5d]:AlignUtteranceWrapper():decoder-wrappers.cc:466) Retrying utterance NI36MBQ_0101_1054150_1064780 with beam 40
WARNING (gmm-align-compiled[5.1.60~1-b2d5d]:AlignUtteranceWrapper():decoder-wrappers.cc:466) Retrying utterance NI36MBQ_0101_1065580_1076030 with beam 40
WARNING (gmm-align-compiled[5.1.60~1-b2d5d]:AlignUtteranceWrapper():decoder-wrappers.cc:466) Retrying utterance NI36MBQ_0101_1163080_1173480 with beam 40
WARNING (gmm-align-compiled[5.1.60~1-b2d5d]:AlignUtteranceWrapper():decoder-wrappers.cc:466) Retrying utterance NI36MBQ_0101_1233130_1242000 with beam 40
WARNING (gmm-align-compiled[5.1.60~1-b2d5d]:AlignUtteranceWrapper():decoder-wrappers.cc:475) Did not successfully decode file NI36MBQ_0101_1233130_1242000, len = 885
WARNING (gmm-align-compiled[5.1.60~1-b2d5d]:AlignUtteranceWrapper():decoder-wrappers.cc:466) Retrying utterance NI36MBQ_0101_1244820_1254350 with beam 40
WARNING (gmm-align-compiled[5.1.60~1-b2d5d]:AlignUtteranceWrapper():decoder-wrappers.cc:466) Retrying utterance NI36MBQ_0101_1390840_1400130 with beam 40
WARNING (gmm-align-compiled[5.1.60~1-b2d5d]:AlignUtteranceWrapper():decoder-wrappers.cc:466) Retrying utterance NI36MBQ_0101_1410720_1417880 with beam 40
WARNING (gmm-align-compiled[5.1.60~1-b2d5d]:AlignUtteranceWrapper():decoder-wrappers.cc:466) Retrying utterance NI36MBQ_0101_1618785_1625965 with beam 40
WARNING (gmm-align-compiled[5.1.60~1-b2d5d]:AlignUtteranceWrapper():decoder-wrappers.cc:466) Retrying utterance NI36MBQ_0101_1750845_1753895 with beam 40
WARNING (gmm-align-compiled[5.1.60~1-b2d5d]:AlignUtteranceWrapper():decoder-wrappers.cc:466) Retrying utterance NI36MBQ_0101_1799825_1804345 with beam 40
WARNING (gmm-align-compiled[5.1.60~1-b2d5d]:AlignUtteranceWrapper():decoder-wrappers.cc:466) Retrying utterance NI36MBQ_0101_1832525_1836965 with beam 40
WARNING (gmm-align-compiled[5.1.60~1-b2d5d]:AlignUtteranceWrapper():decoder-wrappers.cc:466) Retrying utterance NI36MBQ_0101_1993645_1996005 with beam 40
WARNING (gmm-align-compiled[5.1.60~1-b2d5d]:AlignUtteranceWrapper():decoder-wrappers.cc:475) Did not successfully decode file NI36MBQ_0101_1993645_1996005, len = 234
WARNING (gmm-align-compiled[5.1.60~1-b2d5d]:AlignUtteranceWrapper():decoder-wrappers.cc:466) Retrying utterance NI36MBQ_0101_2100505_2102255 with beam 40
WARNING (gmm-align-compiled[5.1.60~1-b2d5d]:AlignUtteranceWrapper():decoder-wrappers.cc:475) Did not successfully decode file NI36MBQ_0101_2100505_2102255, len = 173
WARNING (gmm-align-compiled[5.1.60~1-b2d5d]:AlignUtteranceWrapper():decoder-wrappers.cc:466) Retrying utterance NI36MBQ_0101_2113405_2118295 with beam 40
WARNING (gmm-align-compiled[5.1.60~1-b2d5d]:AlignUtteranceWrapper():decoder-wrappers.cc:466) Retrying utterance NI36MBQ_0101_2227025_2235695 with beam 40
WARNING (gmm-align-compiled[5.1.60~1-b2d5d]:AlignUtteranceWrapper():decoder-wrappers.cc:466) Retrying utterance NI36MBQ_0101_2236005_2245815 with beam 40
WARNING (gmm-align-compiled[5.1.60~1-b2d5d]:AlignUtteranceWrapper():decoder-wrappers.cc:466) Retrying utterance NI36MBQ_0101_2316855_2325425 with beam 40
WARNING (gmm-align-compiled[5.1.60~1-b2d5d]:AlignUtteranceWrapper():decoder-wrappers.cc:466) Retrying utterance NI36MBQ_0101_2390145_2393765 with beam 40
WARNING (gmm-align-compiled[5.1.60~1-b2d5d]:AlignUtteranceWrapper():decoder-wrappers.cc:466) Retrying utterance NI36MBQ_0101_2447315_2454285 with beam 40
WARNING (gmm-align-compiled[5.1.60~1-b2d5d]:AlignUtteranceWrapper():decoder-wrappers.cc:466) Retrying utterance NI36MBQ_0101_2511655_2517215 with beam 40
WARNING (gmm-align-compiled[5.1.60~1-b2d5d]:AlignUtteranceWrapper():decoder-wrappers.cc:466) Retrying utterance NI36MBQ_0101_2616435_2625275 with beam 40
WARNING (gmm-align-compiled[5.1.60~1-b2d5d]:AlignUtteranceWrapper():decoder-wrappers.cc:466) Retrying utterance NI36MBQ_0101_3019775_3027415 with beam 40
WARNING (gmm-align-compiled[5.1.60~1-b2d5d]:AlignUtteranceWrapper():decoder-wrappers.cc:475) Did not successfully decode file NI36MBQ_0101_3019775_3027415, len = 762
WARNING (gmm-align-compiled[5.1.60~1-b2d5d]:AlignUtteranceWrapper():decoder-wrappers.cc:466) Retrying utterance NI36MBQ_0101_3464995_3467785 with beam 40
WARNING (gmm-align-compiled[5.1.60~1-b2d5d]:AlignUtteranceWrapper():decoder-wrappers.cc:466) Retrying utterance NI36MBQ_0101_3500915_3505015 with beam 40
WARNING (gmm-align-compiled[5.1.60~1-b2d5d]:AlignUtteranceWrapper():decoder-wrappers.cc:466) Retrying utterance NI36MBQ_0101_3565425_3568865 with beam 40
WARNING (gmm-align-compiled[5.1.60~1-b2d5d]:AlignUtteranceWrapper():decoder-wrappers.cc:466) Retrying utterance NI37MBP_0101_0685437_0689597 with beam 40
WARNING (gmm-align-compiled[5.1.60~1-b2d5d]:AlignUtteranceWrapper():decoder-wrappers.cc:466) Retrying utterance NI37MBP_0101_1083807_1088817 with beam 40
WARNING (gmm-align-compiled[5.1.60~1-b2d5d]:AlignUtteranceWrapper():decoder-wrappers.cc:466) Retrying utterance NI37MBP_0101_1257707_1261467 with beam 40
WARNING (gmm-align-compiled[5.1.60~1-b2d5d]:AlignUtteranceWrapper():decoder-wrappers.cc:466) Retrying utterance NI37MBP_0101_1423677_1430667 with beam 40
WARNING (gmm-align-compiled[5.1.60~1-b2d5d]:AlignUtteranceWrapper():decoder-wrappers.cc:466) Retrying utterance NI37MBP_0101_1442907_1449677 with beam 40
WARNING (gmm-align-compiled[5.1.60~1-b2d5d]:AlignUtteranceWrapper():decoder-wrappers.cc:466) Retrying utterance NI37MBP_0101_1473677_1479137 with beam 40
WARNING (gmm-align-compiled[5.1.60~1-b2d5d]:AlignUtteranceWrapper():decoder-wrappers.cc:466) Retrying utterance NI37MBP_0101_1482557_1492237 with beam 40
WARNING (gmm-align-compiled[5.1.60~1-b2d5d]:AlignUtteranceWrapper():decoder-wrappers.cc:466) Retrying utterance NI37MBP_0101_1806827_1818077 with beam 40
WARNING (gmm-align-compiled[5.1.60~1-b2d5d]:AlignUtteranceWrapper():decoder-wrappers.cc:466) Retrying utterance NI37MBP_0101_1851707_1855047 with beam 40
WARNING (gmm-align-compiled[5.1.60~1-b2d5d]:AlignUtteranceWrapper():decoder-wrappers.cc:466) Retrying utterance NI37MBP_0101_1867767_1872367 with beam 40
WARNING (gmm-align-compiled[5.1.60~1-b2d5d]:AlignUtteranceWrapper():decoder-wrappers.cc:466) Retrying utterance NI37MBP_0101_1932777_1936927 with beam 40
WARNING (gmm-align-compiled[5.1.60~1-b2d5d]:AlignUtteranceWrapper():decoder-wrappers.cc:466) Retrying utterance NI37MBP_0101_1938057_1944317 with beam 40
WARNING (gmm-align-compiled[5.1.60~1-b2d5d]:AlignUtteranceWrapper():decoder-wrappers.cc:466) Retrying utterance NI37MBP_0101_2036477_2039337 with beam 40
WARNING (gmm-align-compiled[5.1.60~1-b2d5d]:AlignUtteranceWrapper():decoder-wrappers.cc:466) Retrying utterance NI37MBP_0101_2090887_2095969 with beam 40
WARNING (gmm-align-compiled[5.1.60~1-b2d5d]:AlignUtteranceWrapper():decoder-wrappers.cc:466) Retrying utterance NI37MBP_0101_2135637_2137457 with beam 40
WARNING (gmm-align-compiled[5.1.60~1-b2d5d]:AlignUtteranceWrapper():decoder-wrappers.cc:466) Retrying utterance NI37MBP_0101_2138527_2143947 with beam 40
WARNING (gmm-align-compiled[5.1.60~1-b2d5d]:AlignUtteranceWrapper():decoder-wrappers.cc:466) Retrying utterance NI37MBP_0101_2263707_2268337 with beam 40
WARNING (gmm-align-compiled[5.1.60~1-b2d5d]:AlignUtteranceWrapper():decoder-wrappers.cc:466) Retrying utterance NI37MBP_0101_2346787_2351857 with beam 40
WARNING (gmm-align-compiled[5.1.60~1-b2d5d]:AlignUtteranceWrapper():decoder-wrappers.cc:466) Retrying utterance NI37MBP_0101_2575937_2579167 with beam 40
WARNING (gmm-align-compiled[5.1.60~1-b2d5d]:AlignUtteranceWrapper():decoder-wrappers.cc:466) Retrying utterance NI37MBP_0101_2715473_2722243 with beam 40
WARNING (gmm-align-compiled[5.1.60~1-b2d5d]:AlignUtteranceWrapper():decoder-wrappers.cc:466) Retrying utterance NI37MBP_0101_2811253_2814433 with beam 40
WARNING (gmm-align-compiled[5.1.60~1-b2d5d]:AlignUtteranceWrapper():decoder-wrappers.cc:466) Retrying utterance NI37MBP_0101_3007642_3017892 with beam 40
WARNING (gmm-align-compiled[5.1.60~1-b2d5d]:AlignUtteranceWrapper():decoder-wrappers.cc:466) Retrying utterance NI37MBP_0101_3023662_3028502 with beam 40
WARNING (gmm-align-compiled[5.1.60~1-b2d5d]:AlignUtteranceWrapper():decoder-wrappers.cc:466) Retrying utterance NI37MBP_0101_3028852_3036452 with beam 40
WARNING (gmm-align-compiled[5.1.60~1-b2d5d]:AlignUtteranceWrapper():decoder-wrappers.cc:466) Retrying utterance NI37MBP_0101_3083092_3090002 with beam 40
WARNING (gmm-align-compiled[5.1.60~1-b2d5d]:AlignUtteranceWrapper():decoder-wrappers.cc:466) Retrying utterance NI37MBP_0101_3113982_3121542 with beam 40
WARNING (gmm-align-compiled[5.1.60~1-b2d5d]:AlignUtteranceWrapper():decoder-wrappers.cc:466) Retrying utterance NI37MBP_0101_3124852_3130122 with beam 40
WARNING (gmm-align-compiled[5.1.60~1-b2d5d]:AlignUtteranceWrapper():decoder-wrappers.cc:466) Retrying utterance NI37MBP_0101_3141912_3148602 with beam 40
WARNING (gmm-align-compiled[5.1.60~1-b2d5d]:AlignUtteranceWrapper():decoder-wrappers.cc:466) Retrying utterance NI39FBP_0101_0062440_0071980 with beam 40
WARNING (gmm-align-compiled[5.1.60~1-b2d5d]:AlignUtteranceWrapper():decoder-wrappers.cc:466) Retrying utterance NI39FBP_0101_0101890_0108390 with beam 40
WARNING (gmm-align-compiled[5.1.60~1-b2d5d]:AlignUtteranceWrapper():decoder-wrappers.cc:466) Retrying utterance NI39FBP_0101_0147900_0152570 with beam 40
WARNING (gmm-align-compiled[5.1.60~1-b2d5d]:AlignUtteranceWrapper():decoder-wrappers.cc:466) Retrying utterance NI39FBP_0101_0208720_0219400 with beam 40
WARNING (gmm-align-compiled[5.1.60~1-b2d5d]:AlignUtteranceWrapper():decoder-wrappers.cc:475) Did not successfully decode file NI39FBP_0101_0208720_0219400, len = 1066
WARNING (gmm-align-compiled[5.1.60~1-b2d5d]:AlignUtteranceWrapper():decoder-wrappers.cc:466) Retrying utterance NI39FBP_0101_0237780_0247510 with beam 40
WARNING (gmm-align-compiled[5.1.60~1-b2d5d]:AlignUtteranceWrapper():decoder-wrappers.cc:466) Retrying utterance NI39FBP_0101_0385260_0393490 with beam 40
WARNING (gmm-align-compiled[5.1.60~1-b2d5d]:AlignUtteranceWrapper():decoder-wrappers.cc:466) Retrying utterance NI39FBP_0101_0415890_0422220 with beam 40
WARNING (gmm-align-compiled[5.1.60~1-b2d5d]:AlignUtteranceWrapper():decoder-wrappers.cc:466) Retrying utterance NI39FBP_0101_0424540_0433390 with beam 40
WARNING (gmm-align-compiled[5.1.60~1-b2d5d]:AlignUtteranceWrapper():decoder-wrappers.cc:466) Retrying utterance NI39FBP_0101_0446550_0455150 with beam 40
WARNING (gmm-align-compiled[5.1.60~1-b2d5d]:AlignUtteranceWrapper():decoder-wrappers.cc:466) Retrying utterance NI39FBP_0101_0462040_0465710 with beam 40
WARNING (gmm-align-compiled[5.1.60~1-b2d5d]:AlignUtteranceWrapper():decoder-wrappers.cc:466) Retrying utterance NI39FBP_0101_0472290_0479490 with beam 40
WARNING (gmm-align-compiled[5.1.60~1-b2d5d]:AlignUtteranceWrapper():decoder-wrappers.cc:466) Retrying utterance NI39FBP_0101_0490960_0498910 with beam 40
WARNING (gmm-align-compiled[5.1.60~1-b2d5d]:AlignUtteranceWrapper():decoder-wrappers.cc:466) Retrying utterance NI39FBP_0101_0498920_0507950 with beam 40
WARNING (gmm-align-compiled[5.1.60~1-b2d5d]:AlignUtteranceWrapper():decoder-wrappers.cc:466) Retrying utterance NI39FBP_0101_0522900_0534690 with beam 40
WARNING (gmm-align-compiled[5.1.60~1-b2d5d]:AlignUtteranceWrapper():decoder-wrappers.cc:466) Retrying utterance NI39FBP_0101_0554510_0561450 with beam 40
WARNING (gmm-align-compiled[5.1.60~1-b2d5d]:AlignUtteranceWrapper():decoder-wrappers.cc:466) Retrying utterance NI39FBP_0101_0561460_0572870 with beam 40
WARNING (gmm-align-compiled[5.1.60~1-b2d5d]:AlignUtteranceWrapper():decoder-wrappers.cc:466) Retrying utterance NI39FBP_0101_0572870_0581580 with beam 40
WARNING (gmm-align-compiled[5.1.60~1-b2d5d]:AlignUtteranceWrapper():decoder-wrappers.cc:466) Retrying utterance NI39FBP_0101_0595800_0600720 with beam 40
WARNING (gmm-align-compiled[5.1.60~1-b2d5d]:AlignUtteranceWrapper():decoder-wrappers.cc:466) Retrying utterance NI39FBP_0101_0603760_0615170 with beam 40
WARNING (gmm-align-compiled[5.1.60~1-b2d5d]:AlignUtteranceWrapper():decoder-wrappers.cc:466) Retrying utterance NI39FBP_0101_0615170_0620380 with beam 40
WARNING (gmm-align-compiled[5.1.60~1-b2d5d]:AlignUtteranceWrapper():decoder-wrappers.cc:466) Retrying utterance NI39FBP_0101_0630190_0642360 with beam 40
WARNING (gmm-align-compiled[5.1.60~1-b2d5d]:AlignUtteranceWrapper():decoder-wrappers.cc:466) Retrying utterance NI39FBP_0101_0642360_0652620 with beam 40
WARNING (gmm-align-compiled[5.1.60~1-b2d5d]:AlignUtteranceWrapper():decoder-wrappers.cc:466) Retrying utterance NI39FBP_0101_0681620_0688980 with beam 40
WARNING (gmm-align-compiled[5.1.60~1-b2d5d]:AlignUtteranceWrapper():decoder-wrappers.cc:466) Retrying utterance NI39FBP_0101_0689010_0695770 with beam 40
WARNING (gmm-align-compiled[5.1.60~1-b2d5d]:AlignUtteranceWrapper():decoder-wrappers.cc:475) Did not successfully decode file NI39FBP_0101_0689010_0695770, len = 674
WARNING (gmm-align-compiled[5.1.60~1-b2d5d]:AlignUtteranceWrapper():decoder-wrappers.cc:466) Retrying utterance NI39FBP_0101_0695770_0702060 with beam 40
WARNING (gmm-align-compiled[5.1.60~1-b2d5d]:AlignUtteranceWrapper():decoder-wrappers.cc:466) Retrying utterance NI39FBP_0101_0702060_0705060 with beam 40
WARNING (gmm-align-compiled[5.1.60~1-b2d5d]:AlignUtteranceWrapper():decoder-wrappers.cc:466) Retrying utterance NI39FBP_0101_0710940_0715460 with beam 40
WARNING (gmm-align-compiled[5.1.60~1-b2d5d]:AlignUtteranceWrapper():decoder-wrappers.cc:475) Did not successfully decode file NI39FBP_0101_0710940_0715460, len = 450
WARNING (gmm-align-compiled[5.1.60~1-b2d5d]:AlignUtteranceWrapper():decoder-wrappers.cc:466) Retrying utterance NI39FBP_0101_0740180_0752600 with beam 40
WARNING (gmm-align-compiled[5.1.60~1-b2d5d]:AlignUtteranceWrapper():decoder-wrappers.cc:466) Retrying utterance NI39FBP_0101_0768780_0774020 with beam 40
WARNING (gmm-align-compiled[5.1.60~1-b2d5d]:AlignUtteranceWrapper():decoder-wrappers.cc:466) Retrying utterance NI39FBP_0101_0774030_0778100 with beam 40
WARNING (gmm-align-compiled[5.1.60~1-b2d5d]:AlignUtteranceWrapper():decoder-wrappers.cc:466) Retrying utterance NI39FBP_0101_0824750_0834090 with beam 40
WARNING (gmm-align-compiled[5.1.60~1-b2d5d]:AlignUtteranceWrapper():decoder-wrappers.cc:475) Did not successfully decode file NI39FBP_0101_0824750_0834090, len = 932
WARNING (gmm-align-compiled[5.1.60~1-b2d5d]:AlignUtteranceWrapper():decoder-wrappers.cc:466) Retrying utterance NI39FBP_0101_0834090_0840000 with beam 40
WARNING (gmm-align-compiled[5.1.60~1-b2d5d]:AlignUtteranceWrapper():decoder-wrappers.cc:466) Retrying utterance NI39FBP_0101_0949180_0956770 with beam 40
WARNING (gmm-align-compiled[5.1.60~1-b2d5d]:AlignUtteranceWrapper():decoder-wrappers.cc:466) Retrying utterance NI39FBP_0101_0958860_0964780 with beam 40
WARNING (gmm-align-compiled[5.1.60~1-b2d5d]:AlignUtteranceWrapper():decoder-wrappers.cc:466) Retrying utterance NI39FBP_0101_0972840_0982040 with beam 40
WARNING (gmm-align-compiled[5.1.60~1-b2d5d]:AlignUtteranceWrapper():decoder-wrappers.cc:466) Retrying utterance NI39FBP_0101_0982040_0997490 with beam 40
WARNING (gmm-align-compiled[5.1.60~1-b2d5d]:AlignUtteranceWrapper():decoder-wrappers.cc:466) Retrying utterance NI39FBP_0101_1191790_1196530 with beam 40
WARNING (gmm-align-compiled[5.1.60~1-b2d5d]:AlignUtteranceWrapper():decoder-wrappers.cc:466) Retrying utterance NI39FBP_0101_1203980_1209240 with beam 40
WARNING (gmm-align-compiled[5.1.60~1-b2d5d]:AlignUtteranceWrapper():decoder-wrappers.cc:475) Did not successfully decode file NI39FBP_0101_1203980_1209240, len = 524
WARNING (gmm-align-compiled[5.1.60~1-b2d5d]:AlignUtteranceWrapper():decoder-wrappers.cc:466) Retrying utterance NI39FBP_0101_1209240_1218280 with beam 40
WARNING (gmm-align-compiled[5.1.60~1-b2d5d]:AlignUtteranceWrapper():decoder-wrappers.cc:466) Retrying utterance NI39FBP_0101_1218280_1225020 with beam 40
WARNING (gmm-align-compiled[5.1.60~1-b2d5d]:AlignUtteranceWrapper():decoder-wrappers.cc:475) Did not successfully decode file NI39FBP_0101_1218280_1225020, len = 672
WARNING (gmm-align-compiled[5.1.60~1-b2d5d]:AlignUtteranceWrapper():decoder-wrappers.cc:466) Retrying utterance NI39FBP_0101_1229470_1232790 with beam 40
WARNING (gmm-align-compiled[5.1.60~1-b2d5d]:AlignUtteranceWrapper():decoder-wrappers.cc:466) Retrying utterance NI39FBP_0101_1232790_1238850 with beam 40
WARNING (gmm-align-compiled[5.1.60~1-b2d5d]:AlignUtteranceWrapper():decoder-wrappers.cc:466) Retrying utterance NI39FBP_0101_1238860_1251800 with beam 40
WARNING (gmm-align-compiled[5.1.60~1-b2d5d]:AlignUtteranceWrapper():decoder-wrappers.cc:466) Retrying utterance NI39FBP_0101_1274620_1281030 with beam 40
WARNING (gmm-align-compiled[5.1.60~1-b2d5d]:AlignUtteranceWrapper():decoder-wrappers.cc:466) Retrying utterance NI39FBP_0101_1316640_1322010 with beam 40
WARNING (gmm-align-compiled[5.1.60~1-b2d5d]:AlignUtteranceWrapper():decoder-wrappers.cc:475) Did not successfully decode file NI39FBP_0101_1316640_1322010, len = 535
WARNING (gmm-align-compiled[5.1.60~1-b2d5d]:AlignUtteranceWrapper():decoder-wrappers.cc:466) Retrying utterance NI39FBP_0101_1409230_1414650 with beam 40
WARNING (gmm-align-compiled[5.1.60~1-b2d5d]:AlignUtteranceWrapper():decoder-wrappers.cc:475) Did not successfully decode file NI39FBP_0101_1409230_1414650, len = 540
WARNING (gmm-align-compiled[5.1.60~1-b2d5d]:AlignUtteranceWrapper():decoder-wrappers.cc:466) Retrying utterance NI39FBP_0101_1461300_1467960 with beam 40
WARNING (gmm-align-compiled[5.1.60~1-b2d5d]:AlignUtteranceWrapper():decoder-wrappers.cc:466) Retrying utterance NI39FBP_0101_1474980_1477880 with beam 40
WARNING (gmm-align-compiled[5.1.60~1-b2d5d]:AlignUtteranceWrapper():decoder-wrappers.cc:466) Retrying utterance NI39FBP_0101_1477880_1489360 with beam 40
WARNING (gmm-align-compiled[5.1.60~1-b2d5d]:AlignUtteranceWrapper():decoder-wrappers.cc:466) Retrying utterance NI39FBP_0101_1491140_1496030 with beam 40
WARNING (gmm-align-compiled[5.1.60~1-b2d5d]:AlignUtteranceWrapper():decoder-wrappers.cc:466) Retrying utterance NI39FBP_0101_1496030_1506150 with beam 40
WARNING (gmm-align-compiled[5.1.60~1-b2d5d]:AlignUtteranceWrapper():decoder-wrappers.cc:466) Retrying utterance NI39FBP_0101_1506150_1510800 with beam 40
WARNING (gmm-align-compiled[5.1.60~1-b2d5d]:AlignUtteranceWrapper():decoder-wrappers.cc:466) Retrying utterance NI39FBP_0101_1550400_1553670 with beam 40
WARNING (gmm-align-compiled[5.1.60~1-b2d5d]:AlignUtteranceWrapper():decoder-wrappers.cc:466) Retrying utterance NI39FBP_0101_1559690_1570570 with beam 40
WARNING (gmm-align-compiled[5.1.60~1-b2d5d]:AlignUtteranceWrapper():decoder-wrappers.cc:466) Retrying utterance NI39FBP_0101_1571730_1582720 with beam 40
WARNING (gmm-align-compiled[5.1.60~1-b2d5d]:AlignUtteranceWrapper():decoder-wrappers.cc:466) Retrying utterance NI39FBP_0101_1607560_1616380 with beam 40
WARNING (gmm-align-compiled[5.1.60~1-b2d5d]:AlignUtteranceWrapper():decoder-wrappers.cc:466) Retrying utterance NI39FBP_0101_1616560_1617990 with beam 40
WARNING (gmm-align-compiled[5.1.60~1-b2d5d]:AlignUtteranceWrapper():decoder-wrappers.cc:466) Retrying utterance NI39FBP_0101_1660980_1663590 with beam 40
WARNING (gmm-align-compiled[5.1.60~1-b2d5d]:AlignUtteranceWrapper():decoder-wrappers.cc:466) Retrying utterance NI39FBP_0101_1682460_1686000 with beam 40
WARNING (gmm-align-compiled[5.1.60~1-b2d5d]:AlignUtteranceWrapper():decoder-wrappers.cc:466) Retrying utterance NI39FBP_0101_1705970_1708410 with beam 40
WARNING (gmm-align-compiled[5.1.60~1-b2d5d]:AlignUtteranceWrapper():decoder-wrappers.cc:466) Retrying utterance NI39FBP_0101_1719320_1724570 with beam 40
WARNING (gmm-align-compiled[5.1.60~1-b2d5d]:AlignUtteranceWrapper():decoder-wrappers.cc:466) Retrying utterance NI39FBP_0101_1724570_1730810 with beam 40
WARNING (gmm-align-compiled[5.1.60~1-b2d5d]:AlignUtteranceWrapper():decoder-wrappers.cc:466) Retrying utterance NI39FBP_0101_1768280_1773720 with beam 40
WARNING (gmm-align-compiled[5.1.60~1-b2d5d]:AlignUtteranceWrapper():decoder-wrappers.cc:466) Retrying utterance NI39FBP_0101_1785460_1791340 with beam 40
WARNING (gmm-align-compiled[5.1.60~1-b2d5d]:AlignUtteranceWrapper():decoder-wrappers.cc:466) Retrying utterance NI39FBP_0101_1807900_1812030 with beam 40
WARNING (gmm-align-compiled[5.1.60~1-b2d5d]:AlignUtteranceWrapper():decoder-wrappers.cc:466) Retrying utterance NI39FBP_0101_1812350_1818410 with beam 40
WARNING (gmm-align-compiled[5.1.60~1-b2d5d]:AlignUtteranceWrapper():decoder-wrappers.cc:466) Retrying utterance NI39FBP_0101_1829330_1835110 with beam 40
WARNING (gmm-align-compiled[5.1.60~1-b2d5d]:AlignUtteranceWrapper():decoder-wrappers.cc:466) Retrying utterance NI39FBP_0101_1853980_1861580 with beam 40
WARNING (gmm-align-compiled[5.1.60~1-b2d5d]:AlignUtteranceWrapper():decoder-wrappers.cc:466) Retrying utterance NI39FBP_0101_1864620_1874930 with beam 40
WARNING (gmm-align-compiled[5.1.60~1-b2d5d]:AlignUtteranceWrapper():decoder-wrappers.cc:466) Retrying utterance NI39FBP_0101_1923010_1932300 with beam 40
WARNING (gmm-align-compiled[5.1.60~1-b2d5d]:AlignUtteranceWrapper():decoder-wrappers.cc:466) Retrying utterance NI39FBP_0101_1940040_1947040 with beam 40
WARNING (gmm-align-compiled[5.1.60~1-b2d5d]:AlignUtteranceWrapper():decoder-wrappers.cc:466) Retrying utterance NI39FBP_0101_1958170_1967970 with beam 40
WARNING (gmm-align-compiled[5.1.60~1-b2d5d]:AlignUtteranceWrapper():decoder-wrappers.cc:466) Retrying utterance NI39FBP_0101_1967970_1977430 with beam 40
WARNING (gmm-align-compiled[5.1.60~1-b2d5d]:AlignUtteranceWrapper():decoder-wrappers.cc:466) Retrying utterance NI39FBP_0101_2017840_2023300 with beam 40
WARNING (gmm-align-compiled[5.1.60~1-b2d5d]:AlignUtteranceWrapper():decoder-wrappers.cc:466) Retrying utterance NI39FBP_0101_2042070_2050310 with beam 40
WARNING (gmm-align-compiled[5.1.60~1-b2d5d]:AlignUtteranceWrapper():decoder-wrappers.cc:466) Retrying utterance NI39FBP_0101_2051030_2056800 with beam 40
WARNING (gmm-align-compiled[5.1.60~1-b2d5d]:AlignUtteranceWrapper():decoder-wrappers.cc:466) Retrying utterance NI39FBP_0101_2059390_2067220 with beam 40
WARNING (gmm-align-compiled[5.1.60~1-b2d5d]:AlignUtteranceWrapper():decoder-wrappers.cc:466) Retrying utterance NI39FBP_0101_2067370_2071420 with beam 40
WARNING (gmm-align-compiled[5.1.60~1-b2d5d]:AlignUtteranceWrapper():decoder-wrappers.cc:466) Retrying utterance NI39FBP_0101_2071470_2077470 with beam 40
WARNING (gmm-align-compiled[5.1.60~1-b2d5d]:AlignUtteranceWrapper():decoder-wrappers.cc:466) Retrying utterance NI39FBP_0101_2141500_2147640 with beam 40
WARNING (gmm-align-compiled[5.1.60~1-b2d5d]:AlignUtteranceWrapper():decoder-wrappers.cc:466) Retrying utterance NI39FBP_0101_2149380_2156770 with beam 40
WARNING (gmm-align-compiled[5.1.60~1-b2d5d]:AlignUtteranceWrapper():decoder-wrappers.cc:466) Retrying utterance NI39FBP_0101_2162350_2167390 with beam 40
WARNING (gmm-align-compiled[5.1.60~1-b2d5d]:AlignUtteranceWrapper():decoder-wrappers.cc:466) Retrying utterance NI39FBP_0101_2167390_2173370 with beam 40
WARNING (gmm-align-compiled[5.1.60~1-b2d5d]:AlignUtteranceWrapper():decoder-wrappers.cc:466) Retrying utterance NI39FBP_0101_2173480_2184400 with beam 40
WARNING (gmm-align-compiled[5.1.60~1-b2d5d]:AlignUtteranceWrapper():decoder-wrappers.cc:466) Retrying utterance NI39FBP_0101_2192793_2201323 with beam 40
WARNING (gmm-align-compiled[5.1.60~1-b2d5d]:AlignUtteranceWrapper():decoder-wrappers.cc:466) Retrying utterance NI39FBP_0101_2252493_2257883 with beam 40
WARNING (gmm-align-compiled[5.1.60~1-b2d5d]:AlignUtteranceWrapper():decoder-wrappers.cc:466) Retrying utterance NI39FBP_0101_2267363_2275623 with beam 40
WARNING (gmm-align-compiled[5.1.60~1-b2d5d]:AlignUtteranceWrapper():decoder-wrappers.cc:466) Retrying utterance NI39FBP_0101_2318583_2322803 with beam 40
WARNING (gmm-align-compiled[5.1.60~1-b2d5d]:AlignUtteranceWrapper():decoder-wrappers.cc:466) Retrying utterance NI39FBP_0101_2327553_2335843 with beam 40
WARNING (gmm-align-compiled[5.1.60~1-b2d5d]:AlignUtteranceWrapper():decoder-wrappers.cc:466) Retrying utterance NI39FBP_0101_2382843_2387933 with beam 40
WARNING (gmm-align-compiled[5.1.60~1-b2d5d]:AlignUtteranceWrapper():decoder-wrappers.cc:466) Retrying utterance NI39FBP_0101_2449183_2453573 with beam 40
WARNING (gmm-align-compiled[5.1.60~1-b2d5d]:AlignUtteranceWrapper():decoder-wrappers.cc:466) Retrying utterance NI39FBP_0101_2461203_2467683 with beam 40
WARNING (gmm-align-compiled[5.1.60~1-b2d5d]:AlignUtteranceWrapper():decoder-wrappers.cc:475) Did not successfully decode file NI39FBP_0101_2461203_2467683, len = 646
WARNING (gmm-align-compiled[5.1.60~1-b2d5d]:AlignUtteranceWrapper():decoder-wrappers.cc:466) Retrying utterance NI39FBP_0101_2473003_2479323 with beam 40
WARNING (gmm-align-compiled[5.1.60~1-b2d5d]:AlignUtteranceWrapper():decoder-wrappers.cc:466) Retrying utterance NI39FBP_0101_2487323_2491863 with beam 40
WARNING (gmm-align-compiled[5.1.60~1-b2d5d]:AlignUtteranceWrapper():decoder-wrappers.cc:466) Retrying utterance NI39FBP_0101_2500833_2506433 with beam 40
WARNING (gmm-align-compiled[5.1.60~1-b2d5d]:AlignUtteranceWrapper():decoder-wrappers.cc:466) Retrying utterance NI39FBP_0101_2594323_2597773 with beam 40
WARNING (gmm-align-compiled[5.1.60~1-b2d5d]:AlignUtteranceWrapper():decoder-wrappers.cc:466) Retrying utterance NI39FBP_0101_2657683_2662053 with beam 40
WARNING (gmm-align-compiled[5.1.60~1-b2d5d]:AlignUtteranceWrapper():decoder-wrappers.cc:466) Retrying utterance NI39FBP_0101_2711933_2717833 with beam 40
WARNING (gmm-align-compiled[5.1.60~1-b2d5d]:AlignUtteranceWrapper():decoder-wrappers.cc:466) Retrying utterance NI39FBP_0101_2762313_2766143 with beam 40
WARNING (gmm-align-compiled[5.1.60~1-b2d5d]:AlignUtteranceWrapper():decoder-wrappers.cc:466) Retrying utterance NI39FBP_0101_2766153_2773323 with beam 40
WARNING (gmm-align-compiled[5.1.60~1-b2d5d]:AlignUtteranceWrapper():decoder-wrappers.cc:466) Retrying utterance NI39FBP_0101_2804203_2812643 with beam 40
WARNING (gmm-align-compiled[5.1.60~1-b2d5d]:AlignUtteranceWrapper():decoder-wrappers.cc:466) Retrying utterance NI39FBP_0101_2822143_2824503 with beam 40
WARNING (gmm-align-compiled[5.1.60~1-b2d5d]:AlignUtteranceWrapper():decoder-wrappers.cc:466) Retrying utterance NI39FBP_0101_2847083_2850133 with beam 40
WARNING (gmm-align-compiled[5.1.60~1-b2d5d]:AlignUtteranceWrapper():decoder-wrappers.cc:466) Retrying utterance NI39FBP_0101_2875103_2879693 with beam 40
WARNING (gmm-align-compiled[5.1.60~1-b2d5d]:AlignUtteranceWrapper():decoder-wrappers.cc:466) Retrying utterance NI39FBP_0101_2887973_2890883 with beam 40
WARNING (gmm-align-compiled[5.1.60~1-b2d5d]:AlignUtteranceWrapper():decoder-wrappers.cc:466) Retrying utterance NI39FBP_0101_3000113_3003883 with beam 40
WARNING (gmm-align-compiled[5.1.60~1-b2d5d]:AlignUtteranceWrapper():decoder-wrappers.cc:466) Retrying utterance NI39FBP_0101_3003883_3010037 with beam 40
WARNING (gmm-align-compiled[5.1.60~1-b2d5d]:AlignUtteranceWrapper():decoder-wrappers.cc:466) Retrying utterance NI39FBP_0101_3010037_3023017 with beam 40
WARNING (gmm-align-compiled[5.1.60~1-b2d5d]:AlignUtteranceWrapper():decoder-wrappers.cc:466) Retrying utterance NI39FBP_0101_3023057_3026887 with beam 40
WARNING (gmm-align-compiled[5.1.60~1-b2d5d]:AlignUtteranceWrapper():decoder-wrappers.cc:466) Retrying utterance NI39FBP_0101_3036417_3048417 with beam 40
WARNING (gmm-align-compiled[5.1.60~1-b2d5d]:AlignUtteranceWrapper():decoder-wrappers.cc:466) Retrying utterance NI39FBP_0101_3065757_3068147 with beam 40
WARNING (gmm-align-compiled[5.1.60~1-b2d5d]:AlignUtteranceWrapper():decoder-wrappers.cc:466) Retrying utterance NI39FBP_0101_3103477_3109377 with beam 40
WARNING (gmm-align-compiled[5.1.60~1-b2d5d]:AlignUtteranceWrapper():decoder-wrappers.cc:466) Retrying utterance NI39FBP_0101_3124497_3134157 with beam 40
WARNING (gmm-align-compiled[5.1.60~1-b2d5d]:AlignUtteranceWrapper():decoder-wrappers.cc:466) Retrying utterance NI39FBP_0101_3134167_3139407 with beam 40
WARNING (gmm-align-compiled[5.1.60~1-b2d5d]:AlignUtteranceWrapper():decoder-wrappers.cc:466) Retrying utterance NI39FBP_0101_3167457_3175507 with beam 40
WARNING (gmm-align-compiled[5.1.60~1-b2d5d]:AlignUtteranceWrapper():decoder-wrappers.cc:466) Retrying utterance NI39FBP_0101_3185897_3188357 with beam 40
WARNING (gmm-align-compiled[5.1.60~1-b2d5d]:AlignUtteranceWrapper():decoder-wrappers.cc:466) Retrying utterance NI39FBP_0101_3306067_3312557 with beam 40
WARNING (gmm-align-compiled[5.1.60~1-b2d5d]:AlignUtteranceWrapper():decoder-wrappers.cc:466) Retrying utterance NI39FBP_0101_3338057_3347487 with beam 40
WARNING (gmm-align-compiled[5.1.60~1-b2d5d]:AlignUtteranceWrapper():decoder-wrappers.cc:466) Retrying utterance NI39FBP_0101_3362177_3374727 with beam 40
WARNING (gmm-align-compiled[5.1.60~1-b2d5d]:AlignUtteranceWrapper():decoder-wrappers.cc:466) Retrying utterance NI39FBP_0101_3454467_3460697 with beam 40
WARNING (gmm-align-compiled[5.1.60~1-b2d5d]:AlignUtteranceWrapper():decoder-wrappers.cc:466) Retrying utterance NI39FBP_0101_3468027_3474677 with beam 40
WARNING (gmm-align-compiled[5.1.60~1-b2d5d]:AlignUtteranceWrapper():decoder-wrappers.cc:466) Retrying utterance NI39FBP_0101_3484117_3490527 with beam 40
WARNING (gmm-align-compiled[5.1.60~1-b2d5d]:AlignUtteranceWrapper():decoder-wrappers.cc:466) Retrying utterance NI39FBP_0101_3493847_3497757 with beam 40
WARNING (gmm-align-compiled[5.1.60~1-b2d5d]:AlignUtteranceWrapper():decoder-wrappers.cc:466) Retrying utterance NI39FBP_0101_3656157_3661027 with beam 40
WARNING (gmm-align-compiled[5.1.60~1-b2d5d]:AlignUtteranceWrapper():decoder-wrappers.cc:466) Retrying utterance NI39FBP_0101_3677727_3687147 with beam 40
WARNING (gmm-align-compiled[5.1.60~1-b2d5d]:AlignUtteranceWrapper():decoder-wrappers.cc:466) Retrying utterance NI39FBP_0101_4026747_4038687 with beam 40
WARNING (gmm-align-compiled[5.1.60~1-b2d5d]:AlignUtteranceWrapper():decoder-wrappers.cc:466) Retrying utterance NI39FBP_0101_4115137_4121307 with beam 40
WARNING (gmm-align-compiled[5.1.60~1-b2d5d]:AlignUtteranceWrapper():decoder-wrappers.cc:466) Retrying utterance NI39FBP_0101_4121407_4131717 with beam 40
WARNING (gmm-align-compiled[5.1.60~1-b2d5d]:AlignUtteranceWrapper():decoder-wrappers.cc:466) Retrying utterance NI39FBP_0101_4263977_4268377 with beam 40
WARNING (gmm-align-compiled[5.1.60~1-b2d5d]:AlignUtteranceWrapper():decoder-wrappers.cc:466) Retrying utterance NI39FBP_0101_4553877_4560957 with beam 40
WARNING (gmm-align-compiled[5.1.60~1-b2d5d]:AlignUtteranceWrapper():decoder-wrappers.cc:466) Retrying utterance NI39FBP_0101_4561147_4573977 with beam 40
WARNING (gmm-align-compiled[5.1.60~1-b2d5d]:AlignUtteranceWrapper():decoder-wrappers.cc:466) Retrying utterance NI39FBP_0101_4640207_4650597 with beam 40
WARNING (gmm-align-compiled[5.1.60~1-b2d5d]:AlignUtteranceWrapper():decoder-wrappers.cc:466) Retrying utterance NI39FBP_0101_4703067_4716677 with beam 40
WARNING (gmm-align-compiled[5.1.60~1-b2d5d]:AlignUtteranceWrapper():decoder-wrappers.cc:466) Retrying utterance NI39FBP_0101_4759207_4775017 with beam 40
WARNING (gmm-align-compiled[5.1.60~1-b2d5d]:AlignUtteranceWrapper():decoder-wrappers.cc:466) Retrying utterance NI39FBP_0101_5040317_5046067 with beam 40
WARNING (gmm-align-compiled[5.1.60~1-b2d5d]:AlignUtteranceWrapper():decoder-wrappers.cc:466) Retrying utterance NI39FBP_0101_5183507_5196637 with beam 40
WARNING (gmm-align-compiled[5.1.60~1-b2d5d]:AlignUtteranceWrapper():decoder-wrappers.cc:466) Retrying utterance NI39FBP_0101_5279687_5284057 with beam 40
WARNING (gmm-align-compiled[5.1.60~1-b2d5d]:AlignUtteranceWrapper():decoder-wrappers.cc:466) Retrying utterance NI39FBP_0101_5386397_5396087 with beam 40
WARNING (gmm-align-compiled[5.1.60~1-b2d5d]:AlignUtteranceWrapper():decoder-wrappers.cc:466) Retrying utterance NI39FBP_0101_5428627_5437347 with beam 40
WARNING (gmm-align-compiled[5.1.60~1-b2d5d]:AlignUtteranceWrapper():decoder-wrappers.cc:466) Retrying utterance NI39FBP_0101_5505547_5518397 with beam 40
WARNING (gmm-align-compiled[5.1.60~1-b2d5d]:AlignUtteranceWrapper():decoder-wrappers.cc:466) Retrying utterance NI39FBP_0101_5535847_5541397 with beam 40
WARNING (gmm-align-compiled[5.1.60~1-b2d5d]:AlignUtteranceWrapper():decoder-wrappers.cc:466) Retrying utterance NI39FBP_0101_5570497_5577647 with beam 40
WARNING (gmm-align-compiled[5.1.60~1-b2d5d]:AlignUtteranceWrapper():decoder-wrappers.cc:466) Retrying utterance NI39FBP_0101_5654837_5661747 with beam 40
WARNING (gmm-align-compiled[5.1.60~1-b2d5d]:AlignUtteranceWrapper():decoder-wrappers.cc:466) Retrying utterance NI39FBP_0101_5668497_5677717 with beam 40
WARNING (gmm-align-compiled[5.1.60~1-b2d5d]:AlignUtteranceWrapper():decoder-wrappers.cc:466) Retrying utterance NI39FBP_0101_5829467_5836167 with beam 40
WARNING (gmm-align-compiled[5.1.60~1-b2d5d]:AlignUtteranceWrapper():decoder-wrappers.cc:466) Retrying utterance NI39FBP_0101_5874517_5878997 with beam 40
WARNING (gmm-align-compiled[5.1.60~1-b2d5d]:AlignUtteranceWrapper():decoder-wrappers.cc:466) Retrying utterance NI39FBP_0101_5959077_5966877 with beam 40
WARNING (gmm-align-compiled[5.1.60~1-b2d5d]:AlignUtteranceWrapper():decoder-wrappers.cc:466) Retrying utterance NI39FBP_0101_6049977_6054357 with beam 40
WARNING (gmm-align-compiled[5.1.60~1-b2d5d]:AlignUtteranceWrapper():decoder-wrappers.cc:466) Retrying utterance NI39FBP_0101_6070687_6077517 with beam 40
WARNING (gmm-align-compiled[5.1.60~1-b2d5d]:AlignUtteranceWrapper():decoder-wrappers.cc:466) Retrying utterance NI39FBP_0101_6154367_6163507 with beam 40
WARNING (gmm-align-compiled[5.1.60~1-b2d5d]:AlignUtteranceWrapper():decoder-wrappers.cc:466) Retrying utterance NI39FBP_0101_6245117_6255417 with beam 40
WARNING (gmm-align-compiled[5.1.60~1-b2d5d]:AlignUtteranceWrapper():decoder-wrappers.cc:466) Retrying utterance NI39FBP_0101_6315807_6325097 with beam 40
WARNING (gmm-align-compiled[5.1.60~1-b2d5d]:AlignUtteranceWrapper():decoder-wrappers.cc:466) Retrying utterance NI39FBP_0101_6549847_6561107 with beam 40
WARNING (gmm-align-compiled[5.1.60~1-b2d5d]:AlignUtteranceWrapper():decoder-wrappers.cc:466) Retrying utterance NI39FBP_0101_6574757_6579677 with beam 40
WARNING (gmm-align-compiled[5.1.60~1-b2d5d]:AlignUtteranceWrapper():decoder-wrappers.cc:475) Did not successfully decode file NI39FBP_0101_6574757_6579677, len = 490
WARNING (gmm-align-compiled[5.1.60~1-b2d5d]:AlignUtteranceWrapper():decoder-wrappers.cc:466) Retrying utterance NI39FBP_0101_6593657_6604697 with beam 40
WARNING (gmm-align-compiled[5.1.60~1-b2d5d]:AlignUtteranceWrapper():decoder-wrappers.cc:466) Retrying utterance NI39FBP_0101_6767357_6773097 with beam 40
WARNING (gmm-align-compiled[5.1.60~1-b2d5d]:AlignUtteranceWrapper():decoder-wrappers.cc:466) Retrying utterance NI39FBP_0101_6793787_6798907 with beam 40
WARNING (gmm-align-compiled[5.1.60~1-b2d5d]:AlignUtteranceWrapper():decoder-wrappers.cc:466) Retrying utterance NI39FBP_0101_6876797_6885407 with beam 40
WARNING (gmm-align-compiled[5.1.60~1-b2d5d]:AlignUtteranceWrapper():decoder-wrappers.cc:466) Retrying utterance NI39FBP_0101_6936727_6945037 with beam 40
WARNING (gmm-align-compiled[5.1.60~1-b2d5d]:AlignUtteranceWrapper():decoder-wrappers.cc:466) Retrying utterance NI40FBQ_0101_0210370_0217870 with beam 40
WARNING (gmm-align-compiled[5.1.60~1-b2d5d]:AlignUtteranceWrapper():decoder-wrappers.cc:466) Retrying utterance NI40FBQ_0101_0465890_0468140 with beam 40
WARNING (gmm-align-compiled[5.1.60~1-b2d5d]:AlignUtteranceWrapper():decoder-wrappers.cc:466) Retrying utterance NI40FBQ_0101_0510730_0512820 with beam 40
WARNING (gmm-align-compiled[5.1.60~1-b2d5d]:AlignUtteranceWrapper():decoder-wrappers.cc:466) Retrying utterance NI40FBQ_0101_0552570_0560330 with beam 40
WARNING (gmm-align-compiled[5.1.60~1-b2d5d]:AlignUtteranceWrapper():decoder-wrappers.cc:466) Retrying utterance NI40FBQ_0101_0665640_0670430 with beam 40
WARNING (gmm-align-compiled[5.1.60~1-b2d5d]:AlignUtteranceWrapper():decoder-wrappers.cc:466) Retrying utterance NI40FBQ_0101_0820010_0826500 with beam 40
WARNING (gmm-align-compiled[5.1.60~1-b2d5d]:AlignUtteranceWrapper():decoder-wrappers.cc:466) Retrying utterance NI40FBQ_0101_0892660_0901010 with beam 40
WARNING (gmm-align-compiled[5.1.60~1-b2d5d]:AlignUtteranceWrapper():decoder-wrappers.cc:466) Retrying utterance NI40FBQ_0101_1100210_1110650 with beam 40
WARNING (gmm-align-compiled[5.1.60~1-b2d5d]:AlignUtteranceWrapper():decoder-wrappers.cc:466) Retrying utterance NI40FBQ_0101_1110690_1112800 with beam 40
WARNING (gmm-align-compiled[5.1.60~1-b2d5d]:AlignUtteranceWrapper():decoder-wrappers.cc:466) Retrying utterance NI40FBQ_0101_1250010_1259110 with beam 40
WARNING (gmm-align-compiled[5.1.60~1-b2d5d]:AlignUtteranceWrapper():decoder-wrappers.cc:466) Retrying utterance NI40FBQ_0101_1263860_1273690 with beam 40
WARNING (gmm-align-compiled[5.1.60~1-b2d5d]:AlignUtteranceWrapper():decoder-wrappers.cc:466) Retrying utterance NI40FBQ_0101_1392170_1401240 with beam 40
WARNING (gmm-align-compiled[5.1.60~1-b2d5d]:AlignUtteranceWrapper():decoder-wrappers.cc:466) Retrying utterance NI40FBQ_0101_1408010_1415530 with beam 40
WARNING (gmm-align-compiled[5.1.60~1-b2d5d]:AlignUtteranceWrapper():decoder-wrappers.cc:466) Retrying utterance NI40FBQ_0101_1513120_1521690 with beam 40
WARNING (gmm-align-compiled[5.1.60~1-b2d5d]:AlignUtteranceWrapper():decoder-wrappers.cc:466) Retrying utterance NI40FBQ_0101_1521710_1524500 with beam 40
WARNING (gmm-align-compiled[5.1.60~1-b2d5d]:AlignUtteranceWrapper():decoder-wrappers.cc:466) Retrying utterance NI40FBQ_0101_1637501_1647271 with beam 40
WARNING (gmm-align-compiled[5.1.60~1-b2d5d]:AlignUtteranceWrapper():decoder-wrappers.cc:466) Retrying utterance NI40FBQ_0101_2061906_2065816 with beam 40
WARNING (gmm-align-compiled[5.1.60~1-b2d5d]:AlignUtteranceWrapper():decoder-wrappers.cc:466) Retrying utterance NI40FBQ_0101_2071546_2080396 with beam 40
WARNING (gmm-align-compiled[5.1.60~1-b2d5d]:AlignUtteranceWrapper():decoder-wrappers.cc:466) Retrying utterance NI40FBQ_0101_2194816_2199336 with beam 40
WARNING (gmm-align-compiled[5.1.60~1-b2d5d]:AlignUtteranceWrapper():decoder-wrappers.cc:466) Retrying utterance NI40FBQ_0101_2363076_2378516 with beam 40
WARNING (gmm-align-compiled[5.1.60~1-b2d5d]:AlignUtteranceWrapper():decoder-wrappers.cc:466) Retrying utterance NI40FBQ_0101_2389716_2394046 with beam 40
WARNING (gmm-align-compiled[5.1.60~1-b2d5d]:AlignUtteranceWrapper():decoder-wrappers.cc:466) Retrying utterance NI40FBQ_0101_2401686_2409746 with beam 40
WARNING (gmm-align-compiled[5.1.60~1-b2d5d]:AlignUtteranceWrapper():decoder-wrappers.cc:466) Retrying utterance NI40FBQ_0101_2456286_2463216 with beam 40
WARNING (gmm-align-compiled[5.1.60~1-b2d5d]:AlignUtteranceWrapper():decoder-wrappers.cc:466) Retrying utterance NI40FBQ_0101_2463216_2471206 with beam 40
WARNING (gmm-align-compiled[5.1.60~1-b2d5d]:AlignUtteranceWrapper():decoder-wrappers.cc:466) Retrying utterance NI40FBQ_0101_2532456_2538296 with beam 40
WARNING (gmm-align-compiled[5.1.60~1-b2d5d]:AlignUtteranceWrapper():decoder-wrappers.cc:466) Retrying utterance NI40FBQ_0101_2604116_2607096 with beam 40
WARNING (gmm-align-compiled[5.1.60~1-b2d5d]:AlignUtteranceWrapper():decoder-wrappers.cc:466) Retrying utterance NI40FBQ_0101_2656336_2666346 with beam 40
WARNING (gmm-align-compiled[5.1.60~1-b2d5d]:AlignUtteranceWrapper():decoder-wrappers.cc:466) Retrying utterance NI40FBQ_0101_2704116_2714476 with beam 40
WARNING (gmm-align-compiled[5.1.60~1-b2d5d]:AlignUtteranceWrapper():decoder-wrappers.cc:466) Retrying utterance NI41MBP_0101_0264900_0271300 with beam 40
WARNING (gmm-align-compiled[5.1.60~1-b2d5d]:AlignUtteranceWrapper():decoder-wrappers.cc:466) Retrying utterance NI41MBP_0101_0326230_0331340 with beam 40
WARNING (gmm-align-compiled[5.1.60~1-b2d5d]:AlignUtteranceWrapper():decoder-wrappers.cc:466) Retrying utterance NI41MBP_0101_0420520_0425580 with beam 40
WARNING (gmm-align-compiled[5.1.60~1-b2d5d]:AlignUtteranceWrapper():decoder-wrappers.cc:466) Retrying utterance NI41MBP_0101_0899300_0906840 with beam 40
WARNING (gmm-align-compiled[5.1.60~1-b2d5d]:AlignUtteranceWrapper():decoder-wrappers.cc:466) Retrying utterance NI41MBP_0101_0918560_0923840 with beam 40
WARNING (gmm-align-compiled[5.1.60~1-b2d5d]:AlignUtteranceWrapper():decoder-wrappers.cc:466) Retrying utterance NI41MBP_0101_1279680_1286110 with beam 40
WARNING (gmm-align-compiled[5.1.60~1-b2d5d]:AlignUtteranceWrapper():decoder-wrappers.cc:466) Retrying utterance NI41MBP_0101_1341220_1345040 with beam 40
WARNING (gmm-align-compiled[5.1.60~1-b2d5d]:AlignUtteranceWrapper():decoder-wrappers.cc:466) Retrying utterance NI41MBP_0101_1890850_1893800 with beam 40
WARNING (gmm-align-compiled[5.1.60~1-b2d5d]:AlignUtteranceWrapper():decoder-wrappers.cc:466) Retrying utterance NI41MBP_0101_2055490_2057650 with beam 40
WARNING (gmm-align-compiled[5.1.60~1-b2d5d]:AlignUtteranceWrapper():decoder-wrappers.cc:466) Retrying utterance NI41MBP_0101_2080630_2085970 with beam 40
WARNING (gmm-align-compiled[5.1.60~1-b2d5d]:AlignUtteranceWrapper():decoder-wrappers.cc:466) Retrying utterance NI41MBP_0101_2136190_2142360 with beam 40
WARNING (gmm-align-compiled[5.1.60~1-b2d5d]:AlignUtteranceWrapper():decoder-wrappers.cc:466) Retrying utterance NI41MBP_0101_2213860_2221020 with beam 40
WARNING (gmm-align-compiled[5.1.60~1-b2d5d]:AlignUtteranceWrapper():decoder-wrappers.cc:466) Retrying utterance NI41MBP_0101_2340680_2350060 with beam 40
WARNING (gmm-align-compiled[5.1.60~1-b2d5d]:AlignUtteranceWrapper():decoder-wrappers.cc:466) Retrying utterance NI41MBP_0101_2421150_2429420 with beam 40
WARNING (gmm-align-compiled[5.1.60~1-b2d5d]:AlignUtteranceWrapper():decoder-wrappers.cc:466) Retrying utterance NI41MBP_0101_2510290_2520150 with beam 40
WARNING (gmm-align-compiled[5.1.60~1-b2d5d]:AlignUtteranceWrapper():decoder-wrappers.cc:466) Retrying utterance NI41MBP_0101_2616040_2621030 with beam 40
WARNING (gmm-align-compiled[5.1.60~1-b2d5d]:AlignUtteranceWrapper():decoder-wrappers.cc:466) Retrying utterance NI41MBP_0101_2621180_2630950 with beam 40
WARNING (gmm-align-compiled[5.1.60~1-b2d5d]:AlignUtteranceWrapper():decoder-wrappers.cc:466) Retrying utterance NI41MBP_0101_2651660_2661930 with beam 40
WARNING (gmm-align-compiled[5.1.60~1-b2d5d]:AlignUtteranceWrapper():decoder-wrappers.cc:466) Retrying utterance NI41MBP_0101_2845700_2859300 with beam 40
LOG (apply-cmvn[5.1.60~1-b2d5d]:main():apply-cmvn.cc:146) Applied cepstral mean normalization to 2819 utterances, errors on 0
LOG (transform-feats[5.1.60~1-b2d5d]:main():transform-feats.cc:158) Overall average [pseudo-]logdet is -91.9256 over 1.59199e+06 frames.
LOG (transform-feats[5.1.60~1-b2d5d]:main():transform-feats.cc:161) Applied transform to 2819 utterances; 0 had errors.
LOG (gmm-align-compiled[5.1.60~1-b2d5d]:main():gmm-align-compiled.cc:129) Overall log-likelihood per frame is -48.1735 over 1580844 frames.
LOG (gmm-align-compiled[5.1.60~1-b2d5d]:main():gmm-align-compiled.cc:131) Retried 290 out of 2819 utterances.
LOG (gmm-align-compiled[5.1.60~1-b2d5d]:main():gmm-align-compiled.cc:133) Done 2801, errors on 18
# Accounting: time=163 threads=1
# Ended (code 0) at Sat Apr 22 03:52:33 UTC 2017, elapsed time 163 seconds
