# compile-train-graphs --read-disambig-syms=data/lang/phones/disambig.int exp/tri22/tree exp/tri22/1.mdl data/lang/L.fst "ark:utils/sym2int.pl --map-oov 1 -f 2- data/lang/words.txt < data/train/split16/9/text |" "ark:|gzip -c >exp/tri22/fsts.9.gz" 
# Started at Sat Apr 22 03:35:40 UTC 2017
#
compile-train-graphs --read-disambig-syms=data/lang/phones/disambig.int exp/tri22/tree exp/tri22/1.mdl data/lang/L.fst 'ark:utils/sym2int.pl --map-oov 1 -f 2- data/lang/words.txt < data/train/split16/9/text |' 'ark:|gzip -c >exp/tri22/fsts.9.gz' 
sym2int.pl: replacing TANJONG with 1
sym2int.pl: replacing KATONG with 1
sym2int.pl: replacing TEMASEK with 1
sym2int.pl: replacing 玩 with 1
sym2int.pl: replacing 签 with 1
sym2int.pl: replacing 薪 with 1
sym2int.pl: replacing 念 with 1
sym2int.pl: replacing 懂 with 1
sym2int.pl: replacing 羞 with 1
sym2int.pl: replacing 懂 with 1
sym2int.pl: replacing 懂 with 1
sym2int.pl: replacing ABIT with 1
sym2int.pl: replacing 搭 with 1
sym2int.pl: replacing 冷 with 1
sym2int.pl: replacing 热 with 1
sym2int.pl: replacing TEMASEK with 1
sym2int.pl: replacing TEMASEK with 1
sym2int.pl: replacing 星 with 1
sym2int.pl: replacing 期 with 1
sym2int.pl: replacing 赢 with 1
sym2int.pl: not warning for OOVs any more times
** Replaced 794 instances of OOVs with 1
LOG (compile-train-graphs[5.1.60~1-b2d5d]:main():compile-train-graphs.cc:147) compile-train-graphs: succeeded for 2821 graphs, failed for 0
# Accounting: time=42 threads=1
# Ended (code 0) at Sat Apr 22 03:36:22 UTC 2017, elapsed time 42 seconds
