# compile-train-graphs --read-disambig-syms=data/lang/phones/disambig.int exp/tri22/tree exp/tri22/1.mdl data/lang/L.fst "ark:utils/sym2int.pl --map-oov 1 -f 2- data/lang/words.txt < data/train/split16/1/text |" "ark:|gzip -c >exp/tri22/fsts.1.gz" 
# Started at Sat Apr 22 03:35:40 UTC 2017
#
compile-train-graphs --read-disambig-syms=data/lang/phones/disambig.int exp/tri22/tree exp/tri22/1.mdl data/lang/L.fst 'ark:utils/sym2int.pl --map-oov 1 -f 2- data/lang/words.txt < data/train/split16/1/text |' 'ark:|gzip -c >exp/tri22/fsts.1.gz' 
sym2int.pl: replacing 漫 with 1
sym2int.pl: replacing 孩 with 1
sym2int.pl: replacing 恋 with 1
sym2int.pl: replacing 星 with 1
sym2int.pl: replacing 综 with 1
sym2int.pl: replacing 艺 with 1
sym2int.pl: replacing 玩 with 1
sym2int.pl: replacing 仆 with 1
sym2int.pl: replacing 咯 with 1
sym2int.pl: replacing 仆 with 1
sym2int.pl: replacing 兴 with 1
sym2int.pl: replacing 视 with 1
sym2int.pl: replacing 嘛 with 1
sym2int.pl: replacing 视 with 1
sym2int.pl: replacing 视 with 1
sym2int.pl: replacing 视 with 1
sym2int.pl: replacing 糖 with 1
sym2int.pl: replacing 咯 with 1
sym2int.pl: replacing 涩 with 1
sym2int.pl: replacing 涩 with 1
sym2int.pl: not warning for OOVs any more times
** Replaced 910 instances of OOVs with 1
LOG (compile-train-graphs[5.1.60~1-b2d5d]:main():compile-train-graphs.cc:147) compile-train-graphs: succeeded for 1788 graphs, failed for 0
# Accounting: time=35 threads=1
# Ended (code 0) at Sat Apr 22 03:36:15 UTC 2017, elapsed time 35 seconds
