# compile-train-graphs --read-disambig-syms=data/lang/phones/disambig.int exp/tri22/tree exp/tri22/1.mdl data/lang/L.fst "ark:utils/sym2int.pl --map-oov 1 -f 2- data/lang/words.txt < data/train/split16/2/text |" "ark:|gzip -c >exp/tri22/fsts.2.gz" 
# Started at Sat Apr 22 03:35:40 UTC 2017
#
compile-train-graphs --read-disambig-syms=data/lang/phones/disambig.int exp/tri22/tree exp/tri22/1.mdl data/lang/L.fst 'ark:utils/sym2int.pl --map-oov 1 -f 2- data/lang/words.txt < data/train/split16/2/text |' 'ark:|gzip -c >exp/tri22/fsts.2.gz' 
sym2int.pl: replacing 吧 with 1
sym2int.pl: replacing TEMASEK with 1
sym2int.pl: replacing TEMASEK with 1
sym2int.pl: replacing KARANG-GUNI with 1
sym2int.pl: replacing 志 with 1
sym2int.pl: replacing 凯 with 1
sym2int.pl: replacing ERM with 1
sym2int.pl: replacing 志 with 1
sym2int.pl: replacing 凯 with 1
sym2int.pl: replacing KARANG-GUNI with 1
sym2int.pl: replacing 么 with 1
sym2int.pl: replacing 么 with 1
sym2int.pl: replacing 志 with 1
sym2int.pl: replacing 凯 with 1
sym2int.pl: replacing 志 with 1
sym2int.pl: replacing 凯 with 1
sym2int.pl: replacing LAH with 1
sym2int.pl: replacing JURONG with 1
sym2int.pl: replacing 懂 with 1
sym2int.pl: replacing ERM with 1
sym2int.pl: not warning for OOVs any more times
** Replaced 587 instances of OOVs with 1
LOG (compile-train-graphs[5.1.60~1-b2d5d]:main():compile-train-graphs.cc:147) compile-train-graphs: succeeded for 1943 graphs, failed for 0
# Accounting: time=29 threads=1
# Ended (code 0) at Sat Apr 22 03:36:09 UTC 2017, elapsed time 29 seconds
