# gmm-est --write-occs=exp/tri22/7.occs --mix-up=3000 --power=0.25 exp/tri22/6.mdl "gmm-sum-accs - exp/tri22/6.*.acc |" exp/tri22/7.mdl 
# Started at Sat Apr 22 03:39:06 UTC 2017
#
gmm-est --write-occs=exp/tri22/7.occs --mix-up=3000 --power=0.25 exp/tri22/6.mdl 'gmm-sum-accs - exp/tri22/6.*.acc |' exp/tri22/7.mdl 
gmm-sum-accs - exp/tri22/6.1.acc exp/tri22/6.10.acc exp/tri22/6.11.acc exp/tri22/6.12.acc exp/tri22/6.13.acc exp/tri22/6.14.acc exp/tri22/6.15.acc exp/tri22/6.16.acc exp/tri22/6.2.acc exp/tri22/6.3.acc exp/tri22/6.4.acc exp/tri22/6.5.acc exp/tri22/6.6.acc exp/tri22/6.7.acc exp/tri22/6.8.acc exp/tri22/6.9.acc 
LOG (gmm-sum-accs[5.1.60~1-b2d5d]:main():gmm-sum-accs.cc:63) Summed 16 stats, total count 1.77427e+07, avg like/frame -51.1584
LOG (gmm-sum-accs[5.1.60~1-b2d5d]:main():gmm-sum-accs.cc:66) Total count of stats is 1.77427e+07
LOG (gmm-sum-accs[5.1.60~1-b2d5d]:main():gmm-sum-accs.cc:67) Written stats to -
LOG (gmm-est[5.1.60~1-b2d5d]:MleUpdate():transition-model.cc:517) TransitionModel::Update, objf change is -3.56767e-12 per frame over 1.77427e+07 frames. 
LOG (gmm-est[5.1.60~1-b2d5d]:MleUpdate():transition-model.cc:520) 554 probabilities floored, 2578 out of 5102 transition-states skipped due to insuffient data (it is normal to have some skipped.)
LOG (gmm-est[5.1.60~1-b2d5d]:main():gmm-est.cc:102) Transition model update: Overall -3.56767e-12 log-like improvement per frame over 1.77427e+07 frames.
WARNING (gmm-est[5.1.60~1-b2d5d]:MleDiagGmmUpdate():mle-diag-gmm.cc:365) Gaussian has too little data but not removing it because it is the last Gaussian: i = 0, occ = 0, weight = 1
WARNING (gmm-est[5.1.60~1-b2d5d]:MleDiagGmmUpdate():mle-diag-gmm.cc:365) Gaussian has too little data but not removing it because it is the last Gaussian: i = 0, occ = 0, weight = 1
WARNING (gmm-est[5.1.60~1-b2d5d]:MleDiagGmmUpdate():mle-diag-gmm.cc:365) Gaussian has too little data but not removing it because it is the last Gaussian: i = 0, occ = 9, weight = 1
LOG (gmm-est[5.1.60~1-b2d5d]:MleAmDiagGmmUpdate():mle-am-diag-gmm.cc:225) 0 variance elements floored in 0 Gaussians, out of 2600
LOG (gmm-est[5.1.60~1-b2d5d]:MleAmDiagGmmUpdate():mle-am-diag-gmm.cc:229) Removed 0 Gaussians due to counts < --min-gaussian-occupancy=10 and --remove-low-count-gaussians=true
LOG (gmm-est[5.1.60~1-b2d5d]:main():gmm-est.cc:113) GMM update: Overall 0.428182 objective function improvement per frame over 1.77427e+07 frames
LOG (gmm-est[5.1.60~1-b2d5d]:main():gmm-est.cc:116) GMM update: Overall avg like per frame = -51.1584 over 1.77427e+07 frames.
LOG (gmm-est[5.1.60~1-b2d5d]:SplitByCount():am-diag-gmm.cc:116) Split 932 states with target = 3000, power = 0.25, perturb_factor = 0.01 and min_count = 20, split #Gauss from 2600 to 3000
LOG (gmm-est[5.1.60~1-b2d5d]:main():gmm-est.cc:146) Written model to exp/tri22/7.mdl
# Accounting: time=0 threads=1
# Ended (code 0) at Sat Apr 22 03:39:06 UTC 2017, elapsed time 0 seconds
